[ T-Deposit ]
    title = [t-deposit] in r-z mesh
     mesh =  r-z            # mesh type is r-z scoring mesh
       x0 =   0.000000      # center x-position of r-z mesh
       y0 =   0.000000      # center y-position of r-z mesh
   r-type =    2            # r-mesh is linear given by rmin, rmax and nr
     rmin =   0.000000      # minimum value of r-mesh points
     rmax =   3.000000      # maximum value of r-mesh points
#    rdel =   3.000000      # mesh width of r-mesh points
       nr =      1          # number of r-mesh points
#    data = ( r(i), i = 1, nr + 1 )
#           0.00000E+00  3.00000E+00
   z-type =    2            # z-mesh is linear given by zmin, zmax and nz
     zmin =  -15.00000      # minimum value of z-mesh points
     zmax =   35.00000      # maximum value of z-mesh points
#    zdel =  0.2222222      # mesh width of z-mesh points
       nz =    225          # number of z-mesh points
#    data = ( z(i), i = 1, nz + 1 )
#          -1.50000E+01 -1.47778E+01 -1.45556E+01 -1.43333E+01 -1.41111E+01
#          -1.38889E+01 -1.36667E+01 -1.34444E+01 -1.32222E+01 -1.30000E+01
#          -1.27778E+01 -1.25556E+01 -1.23333E+01 -1.21111E+01 -1.18889E+01
#          -1.16667E+01 -1.14444E+01 -1.12222E+01 -1.10000E+01 -1.07778E+01
#          -1.05556E+01 -1.03333E+01 -1.01111E+01 -9.88889E+00 -9.66667E+00
#          -9.44444E+00 -9.22222E+00 -9.00000E+00 -8.77778E+00 -8.55556E+00
#          -8.33333E+00 -8.11111E+00 -7.88889E+00 -7.66667E+00 -7.44444E+00
#          -7.22222E+00 -7.00000E+00 -6.77778E+00 -6.55556E+00 -6.33333E+00
#          -6.11111E+00 -5.88889E+00 -5.66667E+00 -5.44444E+00 -5.22222E+00
#          -5.00000E+00 -4.77778E+00 -4.55556E+00 -4.33333E+00 -4.11111E+00
#          -3.88889E+00 -3.66667E+00 -3.44444E+00 -3.22222E+00 -3.00000E+00
#          -2.77778E+00 -2.55556E+00 -2.33333E+00 -2.11111E+00 -1.88889E+00
#          -1.66667E+00 -1.44444E+00 -1.22222E+00 -1.00000E+00 -7.77778E-01
#          -5.55556E-01 -3.33333E-01 -1.11111E-01  1.11111E-01  3.33333E-01
#           5.55556E-01  7.77778E-01  1.00000E+00  1.22222E+00  1.44444E+00
#           1.66667E+00  1.88889E+00  2.11111E+00  2.33333E+00  2.55556E+00
#           2.77778E+00  3.00000E+00  3.22222E+00  3.44444E+00  3.66667E+00
#           3.88889E+00  4.11111E+00  4.33333E+00  4.55556E+00  4.77778E+00
#           5.00000E+00  5.22222E+00  5.44444E+00  5.66667E+00  5.88889E+00
#           6.11111E+00  6.33333E+00  6.55556E+00  6.77778E+00  7.00000E+00
#           7.22222E+00  7.44444E+00  7.66667E+00  7.88889E+00  8.11111E+00
#           8.33333E+00  8.55556E+00  8.77778E+00  9.00000E+00  9.22222E+00
#           9.44444E+00  9.66667E+00  9.88889E+00  1.01111E+01  1.03333E+01
#           1.05556E+01  1.07778E+01  1.10000E+01  1.12222E+01  1.14444E+01
#           1.16667E+01  1.18889E+01  1.21111E+01  1.23333E+01  1.25556E+01
#           1.27778E+01  1.30000E+01  1.32222E+01  1.34444E+01  1.36667E+01
#           1.38889E+01  1.41111E+01  1.43333E+01  1.45556E+01  1.47778E+01
#           1.50000E+01  1.52222E+01  1.54444E+01  1.56667E+01  1.58889E+01
#           1.61111E+01  1.63333E+01  1.65556E+01  1.67778E+01  1.70000E+01
#           1.72222E+01  1.74444E+01  1.76667E+01  1.78889E+01  1.81111E+01
#           1.83333E+01  1.85556E+01  1.87778E+01  1.90000E+01  1.92222E+01
#           1.94444E+01  1.96667E+01  1.98889E+01  2.01111E+01  2.03333E+01
#           2.05556E+01  2.07778E+01  2.10000E+01  2.12222E+01  2.14444E+01
#           2.16667E+01  2.18889E+01  2.21111E+01  2.23333E+01  2.25556E+01
#           2.27778E+01  2.30000E+01  2.32222E+01  2.34444E+01  2.36667E+01
#           2.38889E+01  2.41111E+01  2.43333E+01  2.45556E+01  2.47778E+01
#           2.50000E+01  2.52222E+01  2.54444E+01  2.56667E+01  2.58889E+01
#           2.61111E+01  2.63333E+01  2.65556E+01  2.67778E+01  2.70000E+01
#           2.72222E+01  2.74444E+01  2.76667E+01  2.78889E+01  2.81111E+01
#           2.83333E+01  2.85556E+01  2.87778E+01  2.90000E+01  2.92222E+01
#           2.94444E+01  2.96667E+01  2.98889E+01  3.01111E+01  3.03333E+01
#           3.05556E+01  3.07778E+01  3.10000E+01  3.12222E+01  3.14444E+01
#           3.16667E+01  3.18889E+01  3.21111E+01  3.23333E+01  3.25556E+01
#           3.27778E+01  3.30000E+01  3.32222E+01  3.34444E+01  3.36667E+01
#           3.38889E+01  3.41111E+01  3.43333E+01  3.45556E+01  3.47778E+01
#           3.50000E+01
     unit =    0            # unit is [Gy/source]
   letmat =    0            # (D=0) mat ID for LET, 0:real mat, <0: electron for H2O
  dedxfnc =    0            # (D=0) user defined multiplier, 0(no), 1, 2
 material =  all            # (D=all) number of specific material
   output =  dose           # total deposit energy
  deposit =    0            # (D=0) 0-> total deposit dist, 1-> each process
  2D-type =    3            # 1:Cont, 2:Clust, 3:Color, 4:xyz, 5:mat, 6:Clust+Cont, 7:Col+Cont
     axis =    rz           # axis of output
     file = deposit_r_all.out  # file name of output for the above axis
     part =  all        electron   photon     neutron  
# kf/name :  0          11         22         2112     
    gshow =    1            # 0: no 1:bnd, 2:bnd+mat, 3:bnd+reg 4:bnd+lat 5:bmp style
    resol =    1            # (D=1) resolution of gshow or rshow
    width = 0.5000000       # (D=0.5) width of lines for gshow or rshow
   epsout =    1            # (D=0) generate eps file by ANGEL
#    used :        main (  %)        temp (  %)       total (  %)
#  memory :         231 (  0)           0 (  0)         231 (  0)

#------------------------------------------------------------------------------
#newpage:
#   no. =  1   part. = all     

'no. =  1'
msuc: {\huge [t-deposit] in r-z mesh}
msdr: {\it plotted by \ANGEL \version}
msdl: {\it calculated by \PHITS  3.24}

x: z [cm]
y: r [cm]
set: c1[ 0.060] c2[ 3.674] c5[ 0.800] c6[ 0.374] c7[ 0.000] c8[ 6.267]
p: h2fs form[c1] xfac[c2] afac[c5] scal[c6] xorg[c7] yorg[c8] nosp
set: c3[1.0e-4] c4[1.0]
p: cmin[c3] cmax[c4]
p: dmin(1e-31)
p: zlog
p: xmin( -15.00000    ) xmax(  35.00000    )
p: ymin(  0.000000    ) ymax(  3.000000    )
#  nr =   1   nz = 225
# ( ( data(z,r), z = 1, nz ), r = nr, 1, -1 )

hc:  y =   1.500000     to   1.500000     by   3.000000     ; x =  -14.88889     to   34.88889     by  0.2222222     ;
  8.712E-03  1.175E-02  1.175E-02  1.192E-02  1.077E-02  1.058E-02  9.838E-03  1.067E-02  1.030E-02  1.129E-02
  1.207E-02  1.252E-02  1.131E-02  1.290E-02  1.238E-02  1.307E-02  1.260E-02  1.371E-02  4.654E-03  4.929E-03
  5.973E-03  5.674E-03  5.720E-03  5.639E-03  6.736E-03  5.961E-03  6.684E-03  6.683E-03  7.517E-03  7.312E-03
  6.775E-03  5.945E-03  7.214E-03  7.363E-03  7.203E-03  6.956E-03  7.568E-03  8.057E-03  6.903E-03  6.432E-03
  7.160E-03  7.380E-03  6.284E-03  6.838E-03  8.070E-03  8.207E-03  7.382E-03  7.968E-03  7.513E-03  4.151E-02
  7.047E-03  7.659E-03  6.692E-03  7.294E-03  7.469E-03  7.544E-03  7.879E-03  7.020E-03  7.025E-03  7.130E-03
  8.122E-03  7.853E-03  7.945E-03  6.825E-03  7.175E-03  8.007E-03  8.169E-03  8.325E-03  8.929E-03  8.493E-03
  8.354E-03  8.733E-03  7.266E-03  8.578E-03  8.548E-03  8.378E-03  8.714E-03  8.459E-03  9.539E-03  8.677E-03
  9.036E-03  8.758E-03  9.555E-03  9.841E-03  1.025E-02  1.100E-02  9.715E-03  9.662E-03  9.662E-03  9.869E-03
  1.154E-02  1.055E-02  1.043E-02  9.191E-03  1.286E-02  1.283E-02  1.109E-02  1.086E-02  9.936E-03  1.065E-02
  1.044E-02  1.209E-02  1.232E-02  1.090E-02  1.384E-02  1.128E-02  1.310E-02  1.348E-02  1.402E-02  1.329E-02
  1.453E-02  1.509E-02  1.519E-02  1.541E-02  1.459E-02  1.272E-02  1.267E-02  1.346E-02  1.549E-02  1.449E-02
  1.431E-02  1.663E-02  1.538E-02  1.489E-02  1.433E-02  1.713E-02  1.511E-02  1.366E-02  1.575E-02  1.587E-02
  1.450E-02  1.574E-02  1.493E-02  1.424E-02  1.499E-02  1.592E-02  1.689E-02  1.953E-02  1.496E-02  1.731E-02
  1.842E-02  1.545E-02  1.542E-02  1.829E-02  1.632E-02  1.909E-02  1.827E-02  1.773E-02  1.857E-02  1.958E-02
  1.776E-02  2.172E-02  1.785E-02  1.856E-02  1.995E-02  1.822E-02  1.834E-02  2.043E-02  2.009E-02  1.940E-02
  2.480E-02  1.806E-02  2.137E-02  2.165E-02  1.912E-02  2.131E-02  1.919E-02  2.277E-02  1.944E-02  2.202E-02
  1.879E-02  2.082E-02  2.030E-02  2.314E-02  1.937E-02  2.199E-02  2.094E-02  2.154E-02  2.087E-02  2.122E-02
  2.180E-02  2.378E-02  2.687E-02  2.186E-02  2.369E-02  2.282E-02  2.363E-02  2.463E-02  2.622E-02  2.086E-02
  2.275E-02  2.254E-02  2.211E-02  2.409E-02  2.106E-02  2.310E-02  2.257E-02  2.206E-02  2.286E-02  2.310E-02
  2.386E-02  2.530E-02  2.638E-02  0.000E+00  0.000E+00  0.000E+00  0.000E+00  0.000E+00  0.000E+00  0.000E+00
  0.000E+00  0.000E+00  0.000E+00  0.000E+00  0.000E+00  0.000E+00  0.000E+00  0.000E+00  0.000E+00  0.000E+00
  0.000E+00  0.000E+00  0.000E+00  0.000E+00  0.000E+00

#------------------------------------------------------------------------------
z: xorg(1.03)
p: xfac[c2*0.05] form[c1/0.05] notc noxt noyt dmin(1)
p: ymin(0) ymax(1) xmin(0) xmax(1) cmin(1) cmax(100) nosp
hc: y= 0.005 to 0.995 by 0.01 ; x= 0.5 to 0.5 by 1 ;
 1  2  3  4  5  6  7  8  9 10 11 12 13 14 15 16 17 18 19 20
21 22 23 24 25 26 27 28 29 30 31 32 33 34 35 36 37 38 39 40
41 42 43 44 45 46 47 48 49 50 51 52 53 54 55 56 57 58 59 60
61 62 63 64 65 66 67 68 69 70 71 72 73 74 75 76 77 78 79 80
81 82 83 84 85 86 87 88 89 90 91 92 93 94 95 96 97 98 99 100
z: xorg(0.0)
p: xfac[c2*0.05] form[c1/0.05] nosp afac[c5*0.625] ymin[c3] ymax[c4]
p: noxt noxn ytxt(-1) ynum(-1) xltd(-1) xstd(-1) itic(1) ylog
y: Relative Error
#------------------------------------------------------------------------------

wt: s(0.7)
\vspace{-3}
  part. &=& all     
e:

#------------------------------------------------------------------------------
z: xorg[-1.03/0.05]
p: form[c1] xfac[c2] afac[c5] nosp notf
p: xmin( -15.00000    ) xmax(  35.00000    )
p: ymin(  0.000000    ) ymax(  3.000000    )

#------------------------------------------------------------------------------
 newpage:
#   no. =  2   part. = electron

'no. =  2'
msuc: {\huge [t-deposit] in r-z mesh}
msdr: {\it plotted by \ANGEL \version}
msdl: {\it calculated by \PHITS  3.24}

x: z [cm]
y: r [cm]
set: c1[ 0.060] c2[ 3.674] c5[ 0.800] c6[ 0.374] c7[ 0.000] c8[ 6.267]
p: h2fs form[c1] xfac[c2] afac[c5] scal[c6] xorg[c7] yorg[c8] nosp
set: c3[1.0e-4] c4[1.0]
p: cmin[c3] cmax[c4]
p: dmin(1e-31)
p: zlog
p: xmin( -15.00000    ) xmax(  35.00000    )
p: ymin(  0.000000    ) ymax(  3.000000    )
#  nr =   1   nz = 225
# ( ( data(z,r), z = 1, nz ), r = nr, 1, -1 )

hc:  y =   1.500000     to   1.500000     by   3.000000     ; x =  -14.88889     to   34.88889     by  0.2222222     ;
  5.049E-02  6.460E-02  6.389E-02  6.300E-02  5.833E-02  5.732E-02  5.327E-02  5.550E-02  5.582E-02  5.589E-02
  5.803E-02  5.854E-02  5.453E-02  5.759E-02  5.706E-02  5.860E-02  5.521E-02  5.646E-02  4.974E-02  4.898E-02
  5.407E-02  5.120E-02  5.163E-02  5.135E-02  5.732E-02  5.139E-02  5.606E-02  5.284E-02  5.763E-02  5.454E-02
  5.271E-02  4.856E-02  5.199E-02  5.147E-02  4.911E-02  4.751E-02  4.946E-02  5.226E-02  4.898E-02  4.649E-02
  4.886E-02  5.282E-02  4.646E-02  4.798E-02  5.083E-02  4.855E-02  4.735E-02  4.955E-02  4.905E-02  4.800E-02
  4.682E-02  4.806E-02  4.398E-02  4.754E-02  4.749E-02  4.747E-02  4.913E-02  4.628E-02  4.541E-02  4.614E-02
  4.980E-02  4.808E-02  4.778E-02  4.516E-02  4.673E-02  4.958E-02  4.933E-02  5.006E-02  5.280E-02  5.045E-02
  5.148E-02  5.117E-02  4.570E-02  5.141E-02  5.040E-02  4.784E-02  4.954E-02  4.780E-02  5.126E-02  4.487E-02
  4.791E-02  4.507E-02  4.756E-02  4.778E-02  4.837E-02  5.116E-02  4.699E-02  4.560E-02  4.541E-02  4.629E-02
  4.955E-02  4.637E-02  4.565E-02  4.232E-02  5.479E-02  5.098E-02  4.545E-02  4.493E-02  4.081E-02  4.130E-02
  4.148E-02  4.574E-02  4.549E-02  4.263E-02  5.005E-02  4.243E-02  4.595E-02  4.635E-02  4.741E-02  4.534E-02
  4.734E-02  4.858E-02  4.765E-02  4.731E-02  4.537E-02  4.155E-02  4.154E-02  4.203E-02  4.619E-02  4.459E-02
  4.306E-02  4.694E-02  4.355E-02  4.194E-02  4.130E-02  4.727E-02  4.379E-02  3.959E-02  4.469E-02  4.462E-02
  4.214E-02  4.483E-02  4.261E-02  4.046E-02  4.216E-02  4.375E-02  4.587E-02  5.070E-02  4.059E-02  4.647E-02
  4.859E-02  4.219E-02  4.269E-02  4.783E-02  4.334E-02  4.788E-02  4.709E-02  4.571E-02  4.609E-02  4.843E-02
  4.421E-02  5.255E-02  4.552E-02  4.598E-02  4.809E-02  4.272E-02  4.409E-02  4.773E-02  4.714E-02  4.518E-02
  5.563E-02  4.306E-02  4.931E-02  4.957E-02  4.407E-02  4.657E-02  4.465E-02  5.184E-02  4.613E-02  4.873E-02
  4.324E-02  4.762E-02  4.540E-02  5.047E-02  4.389E-02  4.780E-02  4.575E-02  4.708E-02  4.692E-02  4.668E-02
  4.735E-02  5.203E-02  5.461E-02  4.843E-02  5.197E-02  5.021E-02  5.116E-02  5.282E-02  5.469E-02  4.681E-02
  5.053E-02  4.813E-02  4.785E-02  5.299E-02  4.579E-02  4.982E-02  4.941E-02  4.738E-02  4.713E-02  4.956E-02
  5.263E-02  5.290E-02  5.788E-02  0.000E+00  0.000E+00  0.000E+00  0.000E+00  0.000E+00  0.000E+00  0.000E+00
  0.000E+00  0.000E+00  0.000E+00  0.000E+00  0.000E+00  0.000E+00  0.000E+00  0.000E+00  0.000E+00  0.000E+00
  0.000E+00  0.000E+00  0.000E+00  0.000E+00  0.000E+00

#------------------------------------------------------------------------------
z: xorg(1.03)
p: xfac[c2*0.05] form[c1/0.05] notc noxt noyt dmin(1)
p: ymin(0) ymax(1) xmin(0) xmax(1) cmin(1) cmax(100) nosp
hc: y= 0.005 to 0.995 by 0.01 ; x= 0.5 to 0.5 by 1 ;
 1  2  3  4  5  6  7  8  9 10 11 12 13 14 15 16 17 18 19 20
21 22 23 24 25 26 27 28 29 30 31 32 33 34 35 36 37 38 39 40
41 42 43 44 45 46 47 48 49 50 51 52 53 54 55 56 57 58 59 60
61 62 63 64 65 66 67 68 69 70 71 72 73 74 75 76 77 78 79 80
81 82 83 84 85 86 87 88 89 90 91 92 93 94 95 96 97 98 99 100
z: xorg(0.0)
p: xfac[c2*0.05] form[c1/0.05] nosp afac[c5*0.625] ymin[c3] ymax[c4]
p: noxt noxn ytxt(-1) ynum(-1) xltd(-1) xstd(-1) itic(1) ylog
y: Relative Error
#------------------------------------------------------------------------------

wt: s(0.7)
\vspace{-3}
  part. &=& electron
e:

#------------------------------------------------------------------------------
z: xorg[-1.03/0.05]
p: form[c1] xfac[c2] afac[c5] nosp notf
p: xmin( -15.00000    ) xmax(  35.00000    )
p: ymin(  0.000000    ) ymax(  3.000000    )

#------------------------------------------------------------------------------
 newpage:
#   no. =  3   part. = photon  

'no. =  3'
msuc: {\huge [t-deposit] in r-z mesh}
msdr: {\it plotted by \ANGEL \version}
msdl: {\it calculated by \PHITS  3.24}

x: z [cm]
y: r [cm]
set: c1[ 0.060] c2[ 3.674] c5[ 0.800] c6[ 0.374] c7[ 0.000] c8[ 6.267]
p: h2fs form[c1] xfac[c2] afac[c5] scal[c6] xorg[c7] yorg[c8] nosp
set: c3[1.0e-4] c4[1.0]
p: cmin[c3] cmax[c4]
p: dmin(1e-31)
p: zlog
p: xmin( -15.00000    ) xmax(  35.00000    )
p: ymin(  0.000000    ) ymax(  3.000000    )
#  nr =   1   nz = 225
# ( ( data(z,r), z = 1, nz ), r = nr, 1, -1 )

hc:  y =   1.500000     to   1.500000     by   3.000000     ; x =  -14.88889     to   34.88889     by  0.2222222     ;
  0.000E+00  0.000E+00  0.000E+00  0.000E+00  0.000E+00  0.000E+00  0.000E+00  0.000E+00  0.000E+00  0.000E+00
  0.000E+00  0.000E+00  0.000E+00  0.000E+00  0.000E+00  0.000E+00  0.000E+00  0.000E+00  0.000E+00  0.000E+00
  0.000E+00  0.000E+00  0.000E+00  0.000E+00  0.000E+00  0.000E+00  0.000E+00  0.000E+00  0.000E+00  0.000E+00
  0.000E+00  0.000E+00  0.000E+00  0.000E+00  0.000E+00  0.000E+00  0.000E+00  0.000E+00  0.000E+00  0.000E+00
  0.000E+00  0.000E+00  0.000E+00  0.000E+00  0.000E+00  0.000E+00  0.000E+00  0.000E+00  0.000E+00  0.000E+00
  0.000E+00  0.000E+00  0.000E+00  0.000E+00  0.000E+00  0.000E+00  0.000E+00  0.000E+00  0.000E+00  0.000E+00
  0.000E+00  0.000E+00  0.000E+00  0.000E+00  0.000E+00  0.000E+00  0.000E+00  0.000E+00  0.000E+00  0.000E+00
  0.000E+00  0.000E+00  0.000E+00  0.000E+00  0.000E+00  0.000E+00  0.000E+00  0.000E+00  0.000E+00  0.000E+00
  0.000E+00  0.000E+00  0.000E+00  0.000E+00  0.000E+00  0.000E+00  0.000E+00  0.000E+00  0.000E+00  0.000E+00
  0.000E+00  0.000E+00  0.000E+00  0.000E+00  0.000E+00  0.000E+00  0.000E+00  0.000E+00  0.000E+00  0.000E+00
  0.000E+00  0.000E+00  0.000E+00  0.000E+00  0.000E+00  0.000E+00  0.000E+00  0.000E+00  0.000E+00  0.000E+00
  0.000E+00  0.000E+00  0.000E+00  0.000E+00  0.000E+00  0.000E+00  0.000E+00  1.000E+00  0.000E+00  0.000E+00
  0.000E+00  0.000E+00  1.000E+00  0.000E+00  0.000E+00  0.000E+00  0.000E+00  0.000E+00  0.000E+00  0.000E+00
  0.000E+00  0.000E+00  0.000E+00  0.000E+00  0.000E+00  0.000E+00  0.000E+00  0.000E+00  0.000E+00  0.000E+00
  0.000E+00  0.000E+00  0.000E+00  0.000E+00  0.000E+00  0.000E+00  0.000E+00  0.000E+00  0.000E+00  0.000E+00
  0.000E+00  0.000E+00  0.000E+00  0.000E+00  0.000E+00  0.000E+00  0.000E+00  0.000E+00  0.000E+00  0.000E+00
  0.000E+00  0.000E+00  0.000E+00  0.000E+00  0.000E+00  0.000E+00  0.000E+00  0.000E+00  0.000E+00  0.000E+00
  0.000E+00  0.000E+00  0.000E+00  0.000E+00  0.000E+00  0.000E+00  0.000E+00  0.000E+00  0.000E+00  0.000E+00
  0.000E+00  0.000E+00  0.000E+00  0.000E+00  0.000E+00  0.000E+00  0.000E+00  0.000E+00  0.000E+00  0.000E+00
  0.000E+00  0.000E+00  0.000E+00  0.000E+00  0.000E+00  0.000E+00  0.000E+00  0.000E+00  0.000E+00  0.000E+00
  0.000E+00  0.000E+00  0.000E+00  0.000E+00  0.000E+00  0.000E+00  0.000E+00  0.000E+00  0.000E+00  0.000E+00
  0.000E+00  0.000E+00  0.000E+00  0.000E+00  0.000E+00  0.000E+00  0.000E+00  0.000E+00  0.000E+00  0.000E+00
  0.000E+00  0.000E+00  0.000E+00  0.000E+00  0.000E+00

#------------------------------------------------------------------------------
z: xorg(1.03)
p: xfac[c2*0.05] form[c1/0.05] notc noxt noyt dmin(1)
p: ymin(0) ymax(1) xmin(0) xmax(1) cmin(1) cmax(100) nosp
hc: y= 0.005 to 0.995 by 0.01 ; x= 0.5 to 0.5 by 1 ;
 1  2  3  4  5  6  7  8  9 10 11 12 13 14 15 16 17 18 19 20
21 22 23 24 25 26 27 28 29 30 31 32 33 34 35 36 37 38 39 40
41 42 43 44 45 46 47 48 49 50 51 52 53 54 55 56 57 58 59 60
61 62 63 64 65 66 67 68 69 70 71 72 73 74 75 76 77 78 79 80
81 82 83 84 85 86 87 88 89 90 91 92 93 94 95 96 97 98 99 100
z: xorg(0.0)
p: xfac[c2*0.05] form[c1/0.05] nosp afac[c5*0.625] ymin[c3] ymax[c4]
p: noxt noxn ytxt(-1) ynum(-1) xltd(-1) xstd(-1) itic(1) ylog
y: Relative Error
#------------------------------------------------------------------------------

wt: s(0.7)
\vspace{-3}
  part. &=& photon  
e:

#------------------------------------------------------------------------------
z: xorg[-1.03/0.05]
p: form[c1] xfac[c2] afac[c5] nosp notf
p: xmin( -15.00000    ) xmax(  35.00000    )
p: ymin(  0.000000    ) ymax(  3.000000    )

#------------------------------------------------------------------------------
 newpage:
#   no. =  4   part. = neutron 

'no. =  4'
msuc: {\huge [t-deposit] in r-z mesh}
msdr: {\it plotted by \ANGEL \version}
msdl: {\it calculated by \PHITS  3.24}

x: z [cm]
y: r [cm]
set: c1[ 0.060] c2[ 3.674] c5[ 0.800] c6[ 0.374] c7[ 0.000] c8[ 6.267]
p: h2fs form[c1] xfac[c2] afac[c5] scal[c6] xorg[c7] yorg[c8] nosp
set: c3[1.0e-4] c4[1.0]
p: cmin[c3] cmax[c4]
p: dmin(1e-31)
p: zlog
p: xmin( -15.00000    ) xmax(  35.00000    )
p: ymin(  0.000000    ) ymax(  3.000000    )
#  nr =   1   nz = 225
# ( ( data(z,r), z = 1, nz ), r = nr, 1, -1 )

hc:  y =   1.500000     to   1.500000     by   3.000000     ; x =  -14.88889     to   34.88889     by  0.2222222     ;
  1.576E-03  1.590E-03  1.604E-03  1.615E-03  1.636E-03  1.657E-03  1.670E-03  1.687E-03  1.709E-03  1.729E-03
  1.748E-03  1.766E-03  1.791E-03  1.827E-03  1.866E-03  1.892E-03  1.926E-03  1.978E-03  9.887E-04  9.752E-04
  9.822E-04  1.001E-03  1.024E-03  1.051E-03  1.096E-03  1.122E-03  1.139E-03  1.163E-03  1.145E-03  1.164E-03
  1.165E-03  1.172E-03  1.184E-03  1.173E-03  1.166E-03  1.176E-03  1.165E-03  1.161E-03  1.160E-03  1.159E-03
  1.148E-03  1.169E-03  1.158E-03  1.155E-03  1.159E-03  1.180E-03  1.167E-03  1.168E-03  1.165E-03  1.157E-03
  1.158E-03  1.149E-03  1.181E-03  1.162E-03  1.163E-03  1.160E-03  1.158E-03  1.176E-03  1.175E-03  1.161E-03
  1.158E-03  1.161E-03  1.138E-03  1.133E-03  1.098E-03  1.092E-03  1.044E-03  9.764E-04  9.104E-04  8.639E-04
  8.256E-04  8.048E-04  7.819E-04  7.647E-04  7.515E-04  7.416E-04  7.340E-04  7.268E-04  7.214E-04  7.163E-04
  7.126E-04  7.099E-04  7.091E-04  7.088E-04  7.079E-04  7.080E-04  7.080E-04  7.092E-04  7.103E-04  7.130E-04
  7.150E-04  7.174E-04  7.215E-04  7.260E-04  7.299E-04  7.349E-04  7.397E-04  7.444E-04  7.496E-04  7.563E-04
  7.639E-04  7.720E-04  7.783E-04  7.858E-04  7.929E-04  8.014E-04  8.100E-04  8.175E-04  8.258E-04  8.348E-04
  8.433E-04  8.521E-04  8.611E-04  8.696E-04  8.799E-04  8.887E-04  8.986E-04  9.082E-04  9.206E-04  9.278E-04
  9.383E-04  9.462E-04  9.571E-04  9.656E-04  9.767E-04  9.852E-04  9.955E-04  1.005E-03  1.015E-03  1.026E-03
  1.036E-03  1.045E-03  1.055E-03  1.065E-03  1.077E-03  1.086E-03  1.096E-03  1.107E-03  1.117E-03  1.128E-03
  1.140E-03  1.150E-03  1.161E-03  1.169E-03  1.180E-03  1.190E-03  1.200E-03  1.212E-03  1.222E-03  1.233E-03
  1.246E-03  1.259E-03  1.266E-03  1.278E-03  1.291E-03  1.299E-03  1.310E-03  1.324E-03  1.333E-03  1.344E-03
  1.356E-03  1.370E-03  1.382E-03  1.390E-03  1.401E-03  1.414E-03  1.425E-03  1.437E-03  1.449E-03  1.460E-03
  1.473E-03  1.486E-03  1.494E-03  1.508E-03  1.521E-03  1.533E-03  1.545E-03  1.558E-03  1.570E-03  1.585E-03
  1.598E-03  1.611E-03  1.622E-03  1.634E-03  1.647E-03  1.662E-03  1.671E-03  1.683E-03  1.697E-03  1.710E-03
  1.720E-03  1.735E-03  1.747E-03  1.759E-03  1.773E-03  1.786E-03  1.800E-03  1.809E-03  1.823E-03  1.841E-03
  1.851E-03  1.864E-03  1.876E-03  0.000E+00  0.000E+00  0.000E+00  0.000E+00  0.000E+00  0.000E+00  0.000E+00
  0.000E+00  0.000E+00  0.000E+00  0.000E+00  0.000E+00  0.000E+00  0.000E+00  0.000E+00  0.000E+00  0.000E+00
  0.000E+00  0.000E+00  0.000E+00  0.000E+00  0.000E+00

#------------------------------------------------------------------------------
z: xorg(1.03)
p: xfac[c2*0.05] form[c1/0.05] notc noxt noyt dmin(1)
p: ymin(0) ymax(1) xmin(0) xmax(1) cmin(1) cmax(100) nosp
hc: y= 0.005 to 0.995 by 0.01 ; x= 0.5 to 0.5 by 1 ;
 1  2  3  4  5  6  7  8  9 10 11 12 13 14 15 16 17 18 19 20
21 22 23 24 25 26 27 28 29 30 31 32 33 34 35 36 37 38 39 40
41 42 43 44 45 46 47 48 49 50 51 52 53 54 55 56 57 58 59 60
61 62 63 64 65 66 67 68 69 70 71 72 73 74 75 76 77 78 79 80
81 82 83 84 85 86 87 88 89 90 91 92 93 94 95 96 97 98 99 100
z: xorg(0.0)
p: xfac[c2*0.05] form[c1/0.05] nosp afac[c5*0.625] ymin[c3] ymax[c4]
p: noxt noxn ytxt(-1) ynum(-1) xltd(-1) xstd(-1) itic(1) ylog
y: Relative Error
#------------------------------------------------------------------------------

wt: s(0.7)
\vspace{-3}
  part. &=& neutron 
e:

#------------------------------------------------------------------------------
z: xorg[-1.03/0.05]
p: form[c1] xfac[c2] afac[c5] nosp notf
p: xmin( -15.00000    ) xmax(  35.00000    )
p: ymin(  0.000000    ) ymax(  3.000000    )
 
# Information for Restart Calculation
# This calculation was newly started
# istdev =  2 # 1:Batch variance, 2:History variance
# resc2  = 1.00918122135744103E-04 # Total source weight or Total source weight / maxcas
# resc3  = 1.00000000000000000E+09 # Total history number or Total batch number
# maxcas =   100000000 # History / Batch, only used for istdev=1
# rijklst=   2.9185288031298021E-214 # Next initial random number
# bitrseed = 0001001110011001001001110000100100110111001111011100001000101100
