[ T-Deposit ]
    title = [t-deposit] in r-z mesh
     mesh =  r-z            # mesh type is r-z scoring mesh
       x0 =   0.000000      # center x-position of r-z mesh
       y0 =   0.000000      # center y-position of r-z mesh
   r-type =    2            # r-mesh is linear given by rmin, rmax and nr
     rmin =   0.000000      # minimum value of r-mesh points
     rmax =   3.000000      # maximum value of r-mesh points
#    rdel =   3.000000      # mesh width of r-mesh points
       nr =      1          # number of r-mesh points
#    data = ( r(i), i = 1, nr + 1 )
#           0.00000E+00  3.00000E+00
   z-type =    2            # z-mesh is linear given by zmin, zmax and nz
     zmin =  -15.00000      # minimum value of z-mesh points
     zmax =   35.00000      # maximum value of z-mesh points
#    zdel =  0.2222222      # mesh width of z-mesh points
       nz =    225          # number of z-mesh points
#    data = ( z(i), i = 1, nz + 1 )
#          -1.50000E+01 -1.47778E+01 -1.45556E+01 -1.43333E+01 -1.41111E+01
#          -1.38889E+01 -1.36667E+01 -1.34444E+01 -1.32222E+01 -1.30000E+01
#          -1.27778E+01 -1.25556E+01 -1.23333E+01 -1.21111E+01 -1.18889E+01
#          -1.16667E+01 -1.14444E+01 -1.12222E+01 -1.10000E+01 -1.07778E+01
#          -1.05556E+01 -1.03333E+01 -1.01111E+01 -9.88889E+00 -9.66667E+00
#          -9.44444E+00 -9.22222E+00 -9.00000E+00 -8.77778E+00 -8.55556E+00
#          -8.33333E+00 -8.11111E+00 -7.88889E+00 -7.66667E+00 -7.44444E+00
#          -7.22222E+00 -7.00000E+00 -6.77778E+00 -6.55556E+00 -6.33333E+00
#          -6.11111E+00 -5.88889E+00 -5.66667E+00 -5.44444E+00 -5.22222E+00
#          -5.00000E+00 -4.77778E+00 -4.55556E+00 -4.33333E+00 -4.11111E+00
#          -3.88889E+00 -3.66667E+00 -3.44444E+00 -3.22222E+00 -3.00000E+00
#          -2.77778E+00 -2.55556E+00 -2.33333E+00 -2.11111E+00 -1.88889E+00
#          -1.66667E+00 -1.44444E+00 -1.22222E+00 -1.00000E+00 -7.77778E-01
#          -5.55556E-01 -3.33333E-01 -1.11111E-01  1.11111E-01  3.33333E-01
#           5.55556E-01  7.77778E-01  1.00000E+00  1.22222E+00  1.44444E+00
#           1.66667E+00  1.88889E+00  2.11111E+00  2.33333E+00  2.55556E+00
#           2.77778E+00  3.00000E+00  3.22222E+00  3.44444E+00  3.66667E+00
#           3.88889E+00  4.11111E+00  4.33333E+00  4.55556E+00  4.77778E+00
#           5.00000E+00  5.22222E+00  5.44444E+00  5.66667E+00  5.88889E+00
#           6.11111E+00  6.33333E+00  6.55556E+00  6.77778E+00  7.00000E+00
#           7.22222E+00  7.44444E+00  7.66667E+00  7.88889E+00  8.11111E+00
#           8.33333E+00  8.55556E+00  8.77778E+00  9.00000E+00  9.22222E+00
#           9.44444E+00  9.66667E+00  9.88889E+00  1.01111E+01  1.03333E+01
#           1.05556E+01  1.07778E+01  1.10000E+01  1.12222E+01  1.14444E+01
#           1.16667E+01  1.18889E+01  1.21111E+01  1.23333E+01  1.25556E+01
#           1.27778E+01  1.30000E+01  1.32222E+01  1.34444E+01  1.36667E+01
#           1.38889E+01  1.41111E+01  1.43333E+01  1.45556E+01  1.47778E+01
#           1.50000E+01  1.52222E+01  1.54444E+01  1.56667E+01  1.58889E+01
#           1.61111E+01  1.63333E+01  1.65556E+01  1.67778E+01  1.70000E+01
#           1.72222E+01  1.74444E+01  1.76667E+01  1.78889E+01  1.81111E+01
#           1.83333E+01  1.85556E+01  1.87778E+01  1.90000E+01  1.92222E+01
#           1.94444E+01  1.96667E+01  1.98889E+01  2.01111E+01  2.03333E+01
#           2.05556E+01  2.07778E+01  2.10000E+01  2.12222E+01  2.14444E+01
#           2.16667E+01  2.18889E+01  2.21111E+01  2.23333E+01  2.25556E+01
#           2.27778E+01  2.30000E+01  2.32222E+01  2.34444E+01  2.36667E+01
#           2.38889E+01  2.41111E+01  2.43333E+01  2.45556E+01  2.47778E+01
#           2.50000E+01  2.52222E+01  2.54444E+01  2.56667E+01  2.58889E+01
#           2.61111E+01  2.63333E+01  2.65556E+01  2.67778E+01  2.70000E+01
#           2.72222E+01  2.74444E+01  2.76667E+01  2.78889E+01  2.81111E+01
#           2.83333E+01  2.85556E+01  2.87778E+01  2.90000E+01  2.92222E+01
#           2.94444E+01  2.96667E+01  2.98889E+01  3.01111E+01  3.03333E+01
#           3.05556E+01  3.07778E+01  3.10000E+01  3.12222E+01  3.14444E+01
#           3.16667E+01  3.18889E+01  3.21111E+01  3.23333E+01  3.25556E+01
#           3.27778E+01  3.30000E+01  3.32222E+01  3.34444E+01  3.36667E+01
#           3.38889E+01  3.41111E+01  3.43333E+01  3.45556E+01  3.47778E+01
#           3.50000E+01
     unit =    0            # unit is [Gy/source]
   letmat =    0            # (D=0) mat ID for LET, 0:real mat, <0: electron for H2O
  dedxfnc =    0            # (D=0) user defined multiplier, 0(no), 1, 2
 material =  all            # (D=all) number of specific material
   output =  dose           # total deposit energy
  deposit =    0            # (D=0) 0-> total deposit dist, 1-> each process
  2D-type =    3            # 1:Cont, 2:Clust, 3:Color, 4:xyz, 5:mat, 6:Clust+Cont, 7:Col+Cont
     axis =    rz           # axis of output
     file = deposit_r_all.out  # file name of output for the above axis
     part =  all        electron   photon     neutron  
# kf/name :  0          11         22         2112     
    gshow =    1            # 0: no 1:bnd, 2:bnd+mat, 3:bnd+reg 4:bnd+lat 5:bmp style
    resol =    1            # (D=1) resolution of gshow or rshow
    width = 0.5000000       # (D=0.5) width of lines for gshow or rshow
   epsout =    1            # (D=0) generate eps file by ANGEL
#    used :        main (  %)        temp (  %)       total (  %)
#  memory :         231 (  0)           0 (  0)         231 (  0)

#------------------------------------------------------------------------------
#newpage:
#   no. =  1   part. = all     

'no. =  1'
msuc: {\huge [t-deposit] in r-z mesh}
msdr: {\it plotted by \ANGEL \version}
msdl: {\it calculated by \PHITS  3.24}

x: z [cm]
y: r [cm]
set: c1[ 0.060] c2[ 3.674] c5[ 0.800] c6[ 0.374] c7[ 0.000] c8[ 6.267]
p: h2fs form[c1] xfac[c2] afac[c5] scal[c6] xorg[c7] yorg[c8] nosp
set: c3[1.0e-4] c4[1.0]
p: cmin[c3] cmax[c4]
p: dmin(1e-31)
p: zlog
p: xmin( -15.00000    ) xmax(  35.00000    )
p: ymin(  0.000000    ) ymax(  3.000000    )
#  nr =   1   nz = 225
# ( ( data(z,r), z = 1, nz ), r = nr, 1, -1 )

hc:  y =   1.500000     to   1.500000     by   3.000000     ; x =  -14.88889     to   34.88889     by  0.2222222     ;
  8.454E-02  9.322E-02  9.305E-02  9.785E-02  1.180E-01  2.448E-01  9.519E-02  9.442E-02  1.328E-01  9.231E-02
  9.189E-02  9.052E-02  8.609E-02  9.266E-02  1.505E-01  1.400E-01  9.491E-02  1.018E-01  6.416E-02  6.624E-02
  7.524E-02  1.758E-01  1.682E-01  9.230E-02  1.260E-01  8.134E-02  5.077E-02  4.592E-02  2.097E-01  9.340E-02
  2.584E-01  1.898E-01  1.928E-01  1.857E-01  1.692E-01  1.089E-01  9.496E-02  9.293E-02  1.001E-01  2.166E-01
  5.401E-02  4.988E-02  6.035E-02  6.019E-02  5.564E-02  1.969E-01  2.853E-01  1.685E-01  3.138E-01  2.177E-01
  1.254E-01  5.161E-02  4.539E-02  3.383E-02  3.508E-02  3.431E-02  5.567E-02  7.890E-02  5.247E-02  1.655E-01
  1.173E-01  5.739E-02  7.486E-02  8.711E-02  1.157E-01  7.666E-02  6.559E-02  8.982E-02  1.172E-01  1.123E-01
  1.204E-01  1.053E-01  1.170E-01  1.059E-01  1.150E-01  1.106E-01  1.112E-01  1.125E-01  1.187E-01  1.171E-01
  1.231E-01  1.182E-01  1.181E-01  1.169E-01  1.281E-01  1.236E-01  1.193E-01  1.210E-01  1.332E-01  1.271E-01
  1.264E-01  1.370E-01  1.329E-01  1.417E-01  1.381E-01  1.265E-01  1.394E-01  1.505E-01  1.425E-01  1.363E-01
  1.295E-01  1.411E-01  1.521E-01  1.480E-01  1.451E-01  1.673E-01  1.529E-01  1.748E-01  1.657E-01  1.596E-01
  1.767E-01  1.902E-01  2.010E-01  2.094E-01  1.832E-01  1.833E-01  1.800E-01  1.955E-01  1.925E-01  2.078E-01
  2.084E-01  1.711E-01  2.178E-01  2.208E-01  2.369E-01  2.273E-01  2.416E-01  2.764E-01  1.950E-01  2.814E-01
  2.191E-01  2.281E-01  2.611E-01  2.584E-01  2.635E-01  2.459E-01  2.593E-01  2.634E-01  2.397E-01  3.003E-01
  3.030E-01  2.673E-01  3.393E-01  2.839E-01  2.972E-01  3.293E-01  2.791E-01  3.620E-01  2.876E-01  2.803E-01
  3.424E-01  3.434E-01  3.542E-01  3.268E-01  2.911E-01  2.857E-01  3.449E-01  3.550E-01  3.928E-01  3.219E-01
  3.248E-01  3.222E-01  4.370E-01  3.865E-01  3.038E-01  3.329E-01  3.364E-01  3.102E-01  3.801E-01  4.510E-01
  3.744E-01  4.534E-01  4.591E-01  3.682E-01  4.519E-01  3.234E-01  4.748E-01  5.394E-01  3.652E-01  3.241E-01
  3.700E-01  4.978E-01  4.974E-01  5.753E-01  4.574E-01  3.971E-01  3.857E-01  4.769E-01  5.626E-01  5.341E-01
  3.629E-01  4.899E-01  4.399E-01  4.198E-01  5.893E-01  4.171E-01  4.708E-01  4.218E-01  3.997E-01  4.953E-01
  3.998E-01  4.119E-01  4.898E-01  0.000E+00  0.000E+00  0.000E+00  0.000E+00  0.000E+00  0.000E+00  0.000E+00
  0.000E+00  0.000E+00  0.000E+00  0.000E+00  0.000E+00  0.000E+00  0.000E+00  0.000E+00  0.000E+00  0.000E+00
  0.000E+00  0.000E+00  0.000E+00  0.000E+00  0.000E+00

#------------------------------------------------------------------------------
z: xorg(1.03)
p: xfac[c2*0.05] form[c1/0.05] notc noxt noyt dmin(1)
p: ymin(0) ymax(1) xmin(0) xmax(1) cmin(1) cmax(100) nosp
hc: y= 0.005 to 0.995 by 0.01 ; x= 0.5 to 0.5 by 1 ;
 1  2  3  4  5  6  7  8  9 10 11 12 13 14 15 16 17 18 19 20
21 22 23 24 25 26 27 28 29 30 31 32 33 34 35 36 37 38 39 40
41 42 43 44 45 46 47 48 49 50 51 52 53 54 55 56 57 58 59 60
61 62 63 64 65 66 67 68 69 70 71 72 73 74 75 76 77 78 79 80
81 82 83 84 85 86 87 88 89 90 91 92 93 94 95 96 97 98 99 100
z: xorg(0.0)
p: xfac[c2*0.05] form[c1/0.05] nosp afac[c5*0.625] ymin[c3] ymax[c4]
p: noxt noxn ytxt(-1) ynum(-1) xltd(-1) xstd(-1) itic(1) ylog
y: Relative Error
#------------------------------------------------------------------------------

wt: s(0.7)
\vspace{-3}
  part. &=& all     
e:

#------------------------------------------------------------------------------
z: xorg[-1.03/0.05]
p: form[c1] xfac[c2] afac[c5] nosp notf
p: xmin( -15.00000    ) xmax(  35.00000    )
p: ymin(  0.000000    ) ymax(  3.000000    )

#------------------------------------------------------------------------------
 newpage:
#   no. =  2   part. = electron

'no. =  2'
msuc: {\huge [t-deposit] in r-z mesh}
msdr: {\it plotted by \ANGEL \version}
msdl: {\it calculated by \PHITS  3.24}

x: z [cm]
y: r [cm]
set: c1[ 0.060] c2[ 3.674] c5[ 0.800] c6[ 0.374] c7[ 0.000] c8[ 6.267]
p: h2fs form[c1] xfac[c2] afac[c5] scal[c6] xorg[c7] yorg[c8] nosp
set: c3[1.0e-4] c4[1.0]
p: cmin[c3] cmax[c4]
p: dmin(1e-31)
p: zlog
p: xmin( -15.00000    ) xmax(  35.00000    )
p: ymin(  0.000000    ) ymax(  3.000000    )
#  nr =   1   nz = 225
# ( ( data(z,r), z = 1, nz ), r = nr, 1, -1 )

hc:  y =   1.500000     to   1.500000     by   3.000000     ; x =  -14.88889     to   34.88889     by  0.2222222     ;
  4.420E-01  4.165E-01  4.320E-01  3.952E-01  4.324E-01  6.346E-01  3.962E-01  3.944E-01  4.705E-01  3.953E-01
  3.963E-01  3.965E-01  3.943E-01  3.523E-01  4.934E-01  4.720E-01  3.824E-01  3.643E-01  3.555E-01  3.416E-01
  3.680E-01  5.288E-01  4.550E-01  3.781E-01  4.953E-01  4.006E-01  3.561E-01  3.586E-01  6.906E-01  4.958E-01
  5.362E-01  4.914E-01  5.348E-01  6.113E-01  6.624E-01  5.348E-01  4.776E-01  4.574E-01  4.653E-01  6.499E-01
  3.369E-01  3.116E-01  3.346E-01  3.483E-01  2.895E-01  5.368E-01  6.531E-01  5.097E-01  6.135E-01  5.511E-01
  5.587E-01  3.098E-01  2.903E-01  2.550E-01  2.462E-01  2.288E-01  2.716E-01  3.816E-01  2.387E-01  5.405E-01
  3.872E-01  2.502E-01  2.921E-01  3.228E-01  3.927E-01  3.250E-01  2.850E-01  2.463E-01  1.539E-01  1.452E-01
  1.441E-01  1.285E-01  1.311E-01  1.197E-01  1.309E-01  1.270E-01  1.226E-01  1.226E-01  1.318E-01  1.281E-01
  1.368E-01  1.284E-01  1.258E-01  1.247E-01  1.382E-01  1.324E-01  1.274E-01  1.280E-01  1.402E-01  1.349E-01
  1.337E-01  1.451E-01  1.413E-01  1.530E-01  1.459E-01  1.349E-01  1.469E-01  1.603E-01  1.530E-01  1.432E-01
  1.332E-01  1.465E-01  1.597E-01  1.548E-01  1.529E-01  1.749E-01  1.610E-01  1.871E-01  1.751E-01  1.674E-01
  1.821E-01  1.983E-01  2.099E-01  2.197E-01  1.905E-01  1.900E-01  1.852E-01  2.018E-01  1.984E-01  2.142E-01
  2.129E-01  1.768E-01  2.215E-01  2.218E-01  2.380E-01  2.298E-01  2.421E-01  2.770E-01  1.959E-01  2.887E-01
  2.248E-01  2.324E-01  2.698E-01  2.790E-01  2.821E-01  2.552E-01  2.699E-01  2.699E-01  2.415E-01  3.033E-01
  3.060E-01  2.706E-01  3.436E-01  2.880E-01  3.012E-01  3.397E-01  2.878E-01  3.796E-01  2.910E-01  2.850E-01
  3.481E-01  3.511E-01  3.646E-01  3.388E-01  2.963E-01  2.895E-01  3.503E-01  3.623E-01  4.019E-01  3.302E-01
  3.317E-01  3.373E-01  4.465E-01  3.998E-01  3.115E-01  3.403E-01  3.432E-01  3.150E-01  3.908E-01  4.592E-01
  3.811E-01  4.690E-01  4.934E-01  3.816E-01  4.645E-01  3.302E-01  4.908E-01  5.666E-01  3.761E-01  3.315E-01
  3.786E-01  5.076E-01  4.731E-01  5.630E-01  4.453E-01  3.978E-01  3.850E-01  4.804E-01  4.742E-01  5.449E-01
  3.743E-01  5.086E-01  4.789E-01  4.364E-01  6.410E-01  4.361E-01  4.937E-01  4.324E-01  4.131E-01  5.314E-01
  4.113E-01  4.280E-01  5.144E-01  0.000E+00  0.000E+00  0.000E+00  0.000E+00  0.000E+00  0.000E+00  0.000E+00
  0.000E+00  0.000E+00  0.000E+00  0.000E+00  0.000E+00  0.000E+00  0.000E+00  0.000E+00  0.000E+00  0.000E+00
  0.000E+00  0.000E+00  0.000E+00  0.000E+00  0.000E+00

#------------------------------------------------------------------------------
z: xorg(1.03)
p: xfac[c2*0.05] form[c1/0.05] notc noxt noyt dmin(1)
p: ymin(0) ymax(1) xmin(0) xmax(1) cmin(1) cmax(100) nosp
hc: y= 0.005 to 0.995 by 0.01 ; x= 0.5 to 0.5 by 1 ;
 1  2  3  4  5  6  7  8  9 10 11 12 13 14 15 16 17 18 19 20
21 22 23 24 25 26 27 28 29 30 31 32 33 34 35 36 37 38 39 40
41 42 43 44 45 46 47 48 49 50 51 52 53 54 55 56 57 58 59 60
61 62 63 64 65 66 67 68 69 70 71 72 73 74 75 76 77 78 79 80
81 82 83 84 85 86 87 88 89 90 91 92 93 94 95 96 97 98 99 100
z: xorg(0.0)
p: xfac[c2*0.05] form[c1/0.05] nosp afac[c5*0.625] ymin[c3] ymax[c4]
p: noxt noxn ytxt(-1) ynum(-1) xltd(-1) xstd(-1) itic(1) ylog
y: Relative Error
#------------------------------------------------------------------------------

wt: s(0.7)
\vspace{-3}
  part. &=& electron
e:

#------------------------------------------------------------------------------
z: xorg[-1.03/0.05]
p: form[c1] xfac[c2] afac[c5] nosp notf
p: xmin( -15.00000    ) xmax(  35.00000    )
p: ymin(  0.000000    ) ymax(  3.000000    )

#------------------------------------------------------------------------------
 newpage:
#   no. =  3   part. = photon  

'no. =  3'
msuc: {\huge [t-deposit] in r-z mesh}
msdr: {\it plotted by \ANGEL \version}
msdl: {\it calculated by \PHITS  3.24}

x: z [cm]
y: r [cm]
set: c1[ 0.060] c2[ 3.674] c5[ 0.800] c6[ 0.374] c7[ 0.000] c8[ 6.267]
p: h2fs form[c1] xfac[c2] afac[c5] scal[c6] xorg[c7] yorg[c8] nosp
set: c3[1.0e-4] c4[1.0]
p: cmin[c3] cmax[c4]
p: dmin(1e-31)
p: zlog
p: xmin( -15.00000    ) xmax(  35.00000    )
p: ymin(  0.000000    ) ymax(  3.000000    )
#  nr =   1   nz = 225
# ( ( data(z,r), z = 1, nz ), r = nr, 1, -1 )

hc:  y =   1.500000     to   1.500000     by   3.000000     ; x =  -14.88889     to   34.88889     by  0.2222222     ;
  0.000E+00  0.000E+00  0.000E+00  0.000E+00  0.000E+00  0.000E+00  0.000E+00  0.000E+00  0.000E+00  0.000E+00
  0.000E+00  0.000E+00  0.000E+00  0.000E+00  0.000E+00  0.000E+00  0.000E+00  0.000E+00  0.000E+00  0.000E+00
  0.000E+00  0.000E+00  0.000E+00  0.000E+00  0.000E+00  0.000E+00  0.000E+00  0.000E+00  0.000E+00  0.000E+00
  0.000E+00  0.000E+00  0.000E+00  0.000E+00  0.000E+00  0.000E+00  0.000E+00  0.000E+00  0.000E+00  0.000E+00
  0.000E+00  0.000E+00  0.000E+00  0.000E+00  0.000E+00  0.000E+00  0.000E+00  0.000E+00  0.000E+00  0.000E+00
  0.000E+00  0.000E+00  0.000E+00  0.000E+00  0.000E+00  0.000E+00  0.000E+00  0.000E+00  0.000E+00  0.000E+00
  0.000E+00  0.000E+00  0.000E+00  0.000E+00  0.000E+00  0.000E+00  0.000E+00  0.000E+00  0.000E+00  0.000E+00
  0.000E+00  0.000E+00  0.000E+00  0.000E+00  0.000E+00  0.000E+00  0.000E+00  0.000E+00  0.000E+00  1.000E+00
  0.000E+00  0.000E+00  0.000E+00  0.000E+00  0.000E+00  0.000E+00  0.000E+00  0.000E+00  0.000E+00  0.000E+00
  0.000E+00  0.000E+00  0.000E+00  0.000E+00  0.000E+00  0.000E+00  0.000E+00  0.000E+00  0.000E+00  0.000E+00
  0.000E+00  0.000E+00  0.000E+00  0.000E+00  0.000E+00  0.000E+00  0.000E+00  0.000E+00  0.000E+00  0.000E+00
  0.000E+00  0.000E+00  0.000E+00  0.000E+00  0.000E+00  0.000E+00  0.000E+00  0.000E+00  0.000E+00  0.000E+00
  0.000E+00  0.000E+00  0.000E+00  0.000E+00  0.000E+00  0.000E+00  0.000E+00  0.000E+00  0.000E+00  0.000E+00
  0.000E+00  0.000E+00  0.000E+00  0.000E+00  0.000E+00  0.000E+00  0.000E+00  0.000E+00  0.000E+00  0.000E+00
  0.000E+00  0.000E+00  0.000E+00  0.000E+00  0.000E+00  0.000E+00  0.000E+00  0.000E+00  0.000E+00  1.000E+00
  0.000E+00  0.000E+00  0.000E+00  0.000E+00  0.000E+00  0.000E+00  0.000E+00  0.000E+00  0.000E+00  0.000E+00
  0.000E+00  0.000E+00  0.000E+00  0.000E+00  0.000E+00  0.000E+00  0.000E+00  0.000E+00  0.000E+00  0.000E+00
  0.000E+00  0.000E+00  0.000E+00  0.000E+00  0.000E+00  0.000E+00  0.000E+00  0.000E+00  0.000E+00  0.000E+00
  0.000E+00  0.000E+00  0.000E+00  0.000E+00  0.000E+00  0.000E+00  0.000E+00  0.000E+00  0.000E+00  0.000E+00
  0.000E+00  0.000E+00  0.000E+00  0.000E+00  0.000E+00  0.000E+00  0.000E+00  0.000E+00  0.000E+00  0.000E+00
  0.000E+00  0.000E+00  0.000E+00  0.000E+00  0.000E+00  0.000E+00  0.000E+00  0.000E+00  0.000E+00  0.000E+00
  0.000E+00  0.000E+00  0.000E+00  0.000E+00  0.000E+00  0.000E+00  0.000E+00  0.000E+00  0.000E+00  0.000E+00
  0.000E+00  0.000E+00  0.000E+00  0.000E+00  0.000E+00

#------------------------------------------------------------------------------
z: xorg(1.03)
p: xfac[c2*0.05] form[c1/0.05] notc noxt noyt dmin(1)
p: ymin(0) ymax(1) xmin(0) xmax(1) cmin(1) cmax(100) nosp
hc: y= 0.005 to 0.995 by 0.01 ; x= 0.5 to 0.5 by 1 ;
 1  2  3  4  5  6  7  8  9 10 11 12 13 14 15 16 17 18 19 20
21 22 23 24 25 26 27 28 29 30 31 32 33 34 35 36 37 38 39 40
41 42 43 44 45 46 47 48 49 50 51 52 53 54 55 56 57 58 59 60
61 62 63 64 65 66 67 68 69 70 71 72 73 74 75 76 77 78 79 80
81 82 83 84 85 86 87 88 89 90 91 92 93 94 95 96 97 98 99 100
z: xorg(0.0)
p: xfac[c2*0.05] form[c1/0.05] nosp afac[c5*0.625] ymin[c3] ymax[c4]
p: noxt noxn ytxt(-1) ynum(-1) xltd(-1) xstd(-1) itic(1) ylog
y: Relative Error
#------------------------------------------------------------------------------

wt: s(0.7)
\vspace{-3}
  part. &=& photon  
e:

#------------------------------------------------------------------------------
z: xorg[-1.03/0.05]
p: form[c1] xfac[c2] afac[c5] nosp notf
p: xmin( -15.00000    ) xmax(  35.00000    )
p: ymin(  0.000000    ) ymax(  3.000000    )

#------------------------------------------------------------------------------
 newpage:
#   no. =  4   part. = neutron 

'no. =  4'
msuc: {\huge [t-deposit] in r-z mesh}
msdr: {\it plotted by \ANGEL \version}
msdl: {\it calculated by \PHITS  3.24}

x: z [cm]
y: r [cm]
set: c1[ 0.060] c2[ 3.674] c5[ 0.800] c6[ 0.374] c7[ 0.000] c8[ 6.267]
p: h2fs form[c1] xfac[c2] afac[c5] scal[c6] xorg[c7] yorg[c8] nosp
set: c3[1.0e-4] c4[1.0]
p: cmin[c3] cmax[c4]
p: dmin(1e-31)
p: zlog
p: xmin( -15.00000    ) xmax(  35.00000    )
p: ymin(  0.000000    ) ymax(  3.000000    )
#  nr =   1   nz = 225
# ( ( data(z,r), z = 1, nz ), r = nr, 1, -1 )

hc:  y =   1.500000     to   1.500000     by   3.000000     ; x =  -14.88889     to   34.88889     by  0.2222222     ;
  3.174E-02  3.185E-02  3.176E-02  3.170E-02  3.116E-02  3.188E-02  3.237E-02  4.825E-02  3.342E-02  3.473E-02
  3.417E-02  3.212E-02  3.504E-02  3.284E-02  3.200E-02  3.191E-02  3.182E-02  3.039E-02  2.345E-02  1.987E-02
  2.109E-02  3.102E-02  2.072E-02  2.486E-02  2.076E-02  2.200E-02  2.519E-02  2.360E-02  2.067E-02  2.254E-02
  2.120E-02  2.346E-02  2.378E-02  2.271E-02  2.166E-02  2.079E-02  2.105E-02  2.062E-02  2.167E-02  1.987E-02
  1.952E-02  1.913E-02  1.833E-02  1.890E-02  1.928E-02  1.768E-02  1.781E-02  1.896E-02  1.843E-02  1.839E-02
  1.785E-02  1.618E-02  1.794E-02  1.781E-02  1.807E-02  1.835E-02  1.807E-02  1.616E-02  1.611E-02  1.587E-02
  1.643E-02  1.660E-02  1.772E-02  1.682E-02  1.602E-02  1.597E-02  1.727E-02  2.101E-02  8.464E-02  9.302E-02
  7.988E-02  8.009E-02  8.087E-02  8.613E-02  1.038E-01  9.708E-02  1.483E-01  1.032E-01  1.080E-01  1.158E-01
  1.761E-01  1.214E-01  1.243E-01  1.303E-01  1.581E-01  1.653E-01  1.726E-01  1.624E-01  1.528E-01  1.555E-01
  1.612E-01  1.644E-01  3.079E-01  2.023E-01  1.959E-01  2.014E-01  2.022E-01  2.192E-01  2.508E-01  2.471E-01
  2.309E-01  2.342E-01  2.230E-01  2.321E-01  2.372E-01  2.571E-01  2.551E-01  2.687E-01  2.776E-01  2.975E-01
  3.013E-01  3.292E-01  3.194E-01  3.230E-01  3.465E-01  3.545E-01  3.963E-01  4.209E-01  4.153E-01  4.474E-01
  5.058E-01  6.330E-01  7.625E-01  7.662E-01  7.416E-01  6.930E-01  5.024E-01  5.275E-01  7.697E-01  7.636E-01
  7.350E-01  7.358E-01  7.385E-01  5.938E-01  5.966E-01  6.035E-01  7.257E-01  7.196E-01  9.564E-01  9.597E-01
  9.611E-01  9.690E-01  9.710E-01  9.746E-01  9.874E-01  9.943E-01  9.945E-01  9.210E-01  9.917E-01  9.920E-01
  9.942E-01  9.936E-01  9.944E-01  9.942E-01  9.948E-01  9.949E-01  9.950E-01  9.946E-01  9.951E-01  9.430E-01
  7.380E-01  8.721E-01  9.335E-01  9.893E-01  9.844E-01  9.848E-01  9.840E-01  9.846E-01  9.888E-01  9.906E-01
  9.953E-01  9.973E-01  9.978E-01  9.982E-01  9.985E-01  9.984E-01  9.975E-01  9.983E-01  9.995E-01  9.996E-01
  9.995E-01  9.993E-01  9.993E-01  9.995E-01  9.994E-01  9.999E-01  1.000E+00  1.000E+00  1.000E+00  1.000E+00
  1.000E+00  1.000E+00  1.000E+00  1.000E+00  1.000E+00  1.000E+00  1.000E+00  1.000E+00  1.000E+00  1.000E+00
  1.000E+00  1.000E+00  1.000E+00  0.000E+00  0.000E+00  0.000E+00  0.000E+00  0.000E+00  0.000E+00  0.000E+00
  0.000E+00  0.000E+00  0.000E+00  0.000E+00  0.000E+00  0.000E+00  0.000E+00  0.000E+00  0.000E+00  0.000E+00
  0.000E+00  0.000E+00  0.000E+00  0.000E+00  0.000E+00

#------------------------------------------------------------------------------
z: xorg(1.03)
p: xfac[c2*0.05] form[c1/0.05] notc noxt noyt dmin(1)
p: ymin(0) ymax(1) xmin(0) xmax(1) cmin(1) cmax(100) nosp
hc: y= 0.005 to 0.995 by 0.01 ; x= 0.5 to 0.5 by 1 ;
 1  2  3  4  5  6  7  8  9 10 11 12 13 14 15 16 17 18 19 20
21 22 23 24 25 26 27 28 29 30 31 32 33 34 35 36 37 38 39 40
41 42 43 44 45 46 47 48 49 50 51 52 53 54 55 56 57 58 59 60
61 62 63 64 65 66 67 68 69 70 71 72 73 74 75 76 77 78 79 80
81 82 83 84 85 86 87 88 89 90 91 92 93 94 95 96 97 98 99 100
z: xorg(0.0)
p: xfac[c2*0.05] form[c1/0.05] nosp afac[c5*0.625] ymin[c3] ymax[c4]
p: noxt noxn ytxt(-1) ynum(-1) xltd(-1) xstd(-1) itic(1) ylog
y: Relative Error
#------------------------------------------------------------------------------

wt: s(0.7)
\vspace{-3}
  part. &=& neutron 
e:

#------------------------------------------------------------------------------
z: xorg[-1.03/0.05]
p: form[c1] xfac[c2] afac[c5] nosp notf
p: xmin( -15.00000    ) xmax(  35.00000    )
p: ymin(  0.000000    ) ymax(  3.000000    )
 
# Information for Restart Calculation
# This calculation was newly started
# istdev =  2 # 1:Batch variance, 2:History variance
# resc2  = 1.00918122272110522E-07 # Total source weight or Total source weight / maxcas
# resc3  = 1.00000000000000000E+06 # Total history number or Total batch number
# maxcas =      100000 # History / Batch, only used for istdev=1
# rijklst=   6.4450803562389370E+125 # Next initial random number
# bitrseed = 0101101000001110011101111011110101001001010001111010111000101101
