[ T-Deposit ]
    title = [t-deposit] in r-z mesh
     mesh =  r-z            # mesh type is r-z scoring mesh
       x0 =   0.000000      # center x-position of r-z mesh
       y0 =   0.000000      # center y-position of r-z mesh
   r-type =    2            # r-mesh is linear given by rmin, rmax and nr
     rmin =   0.000000      # minimum value of r-mesh points
     rmax =   3.000000      # maximum value of r-mesh points
#    rdel =   3.000000      # mesh width of r-mesh points
       nr =      1          # number of r-mesh points
#    data = ( r(i), i = 1, nr + 1 )
#           0.00000E+00  3.00000E+00
   z-type =    2            # z-mesh is linear given by zmin, zmax and nz
     zmin =  -15.00000      # minimum value of z-mesh points
     zmax =   35.00000      # maximum value of z-mesh points
#    zdel =  0.2222222      # mesh width of z-mesh points
       nz =    225          # number of z-mesh points
#    data = ( z(i), i = 1, nz + 1 )
#          -1.50000E+01 -1.47778E+01 -1.45556E+01 -1.43333E+01 -1.41111E+01
#          -1.38889E+01 -1.36667E+01 -1.34444E+01 -1.32222E+01 -1.30000E+01
#          -1.27778E+01 -1.25556E+01 -1.23333E+01 -1.21111E+01 -1.18889E+01
#          -1.16667E+01 -1.14444E+01 -1.12222E+01 -1.10000E+01 -1.07778E+01
#          -1.05556E+01 -1.03333E+01 -1.01111E+01 -9.88889E+00 -9.66667E+00
#          -9.44444E+00 -9.22222E+00 -9.00000E+00 -8.77778E+00 -8.55556E+00
#          -8.33333E+00 -8.11111E+00 -7.88889E+00 -7.66667E+00 -7.44444E+00
#          -7.22222E+00 -7.00000E+00 -6.77778E+00 -6.55556E+00 -6.33333E+00
#          -6.11111E+00 -5.88889E+00 -5.66667E+00 -5.44444E+00 -5.22222E+00
#          -5.00000E+00 -4.77778E+00 -4.55556E+00 -4.33333E+00 -4.11111E+00
#          -3.88889E+00 -3.66667E+00 -3.44444E+00 -3.22222E+00 -3.00000E+00
#          -2.77778E+00 -2.55556E+00 -2.33333E+00 -2.11111E+00 -1.88889E+00
#          -1.66667E+00 -1.44444E+00 -1.22222E+00 -1.00000E+00 -7.77778E-01
#          -5.55556E-01 -3.33333E-01 -1.11111E-01  1.11111E-01  3.33333E-01
#           5.55556E-01  7.77778E-01  1.00000E+00  1.22222E+00  1.44444E+00
#           1.66667E+00  1.88889E+00  2.11111E+00  2.33333E+00  2.55556E+00
#           2.77778E+00  3.00000E+00  3.22222E+00  3.44444E+00  3.66667E+00
#           3.88889E+00  4.11111E+00  4.33333E+00  4.55556E+00  4.77778E+00
#           5.00000E+00  5.22222E+00  5.44444E+00  5.66667E+00  5.88889E+00
#           6.11111E+00  6.33333E+00  6.55556E+00  6.77778E+00  7.00000E+00
#           7.22222E+00  7.44444E+00  7.66667E+00  7.88889E+00  8.11111E+00
#           8.33333E+00  8.55556E+00  8.77778E+00  9.00000E+00  9.22222E+00
#           9.44444E+00  9.66667E+00  9.88889E+00  1.01111E+01  1.03333E+01
#           1.05556E+01  1.07778E+01  1.10000E+01  1.12222E+01  1.14444E+01
#           1.16667E+01  1.18889E+01  1.21111E+01  1.23333E+01  1.25556E+01
#           1.27778E+01  1.30000E+01  1.32222E+01  1.34444E+01  1.36667E+01
#           1.38889E+01  1.41111E+01  1.43333E+01  1.45556E+01  1.47778E+01
#           1.50000E+01  1.52222E+01  1.54444E+01  1.56667E+01  1.58889E+01
#           1.61111E+01  1.63333E+01  1.65556E+01  1.67778E+01  1.70000E+01
#           1.72222E+01  1.74444E+01  1.76667E+01  1.78889E+01  1.81111E+01
#           1.83333E+01  1.85556E+01  1.87778E+01  1.90000E+01  1.92222E+01
#           1.94444E+01  1.96667E+01  1.98889E+01  2.01111E+01  2.03333E+01
#           2.05556E+01  2.07778E+01  2.10000E+01  2.12222E+01  2.14444E+01
#           2.16667E+01  2.18889E+01  2.21111E+01  2.23333E+01  2.25556E+01
#           2.27778E+01  2.30000E+01  2.32222E+01  2.34444E+01  2.36667E+01
#           2.38889E+01  2.41111E+01  2.43333E+01  2.45556E+01  2.47778E+01
#           2.50000E+01  2.52222E+01  2.54444E+01  2.56667E+01  2.58889E+01
#           2.61111E+01  2.63333E+01  2.65556E+01  2.67778E+01  2.70000E+01
#           2.72222E+01  2.74444E+01  2.76667E+01  2.78889E+01  2.81111E+01
#           2.83333E+01  2.85556E+01  2.87778E+01  2.90000E+01  2.92222E+01
#           2.94444E+01  2.96667E+01  2.98889E+01  3.01111E+01  3.03333E+01
#           3.05556E+01  3.07778E+01  3.10000E+01  3.12222E+01  3.14444E+01
#           3.16667E+01  3.18889E+01  3.21111E+01  3.23333E+01  3.25556E+01
#           3.27778E+01  3.30000E+01  3.32222E+01  3.34444E+01  3.36667E+01
#           3.38889E+01  3.41111E+01  3.43333E+01  3.45556E+01  3.47778E+01
#           3.50000E+01
     unit =    0            # unit is [Gy/source]
   letmat =    0            # (D=0) mat ID for LET, 0:real mat, <0: electron for H2O
  dedxfnc =    0            # (D=0) user defined multiplier, 0(no), 1, 2
 material =  all            # (D=all) number of specific material
   output =  dose           # total deposit energy
  deposit =    0            # (D=0) 0-> total deposit dist, 1-> each process
  2D-type =    3            # 1:Cont, 2:Clust, 3:Color, 4:xyz, 5:mat, 6:Clust+Cont, 7:Col+Cont
     axis =    rz           # axis of output
     file = deposit_r_all.out  # file name of output for the above axis
     part =  all        electron   photon     neutron  
# kf/name :  0          11         22         2112     
    gshow =    1            # 0: no 1:bnd, 2:bnd+mat, 3:bnd+reg 4:bnd+lat 5:bmp style
    resol =    1            # (D=1) resolution of gshow or rshow
    width = 0.5000000       # (D=0.5) width of lines for gshow or rshow
   epsout =    1            # (D=0) generate eps file by ANGEL
#    used :        main (  %)        temp (  %)       total (  %)
#  memory :         231 (  0)           0 (  0)         231 (  0)

#------------------------------------------------------------------------------
#newpage:
#   no. =  1   part. = all     

'no. =  1'
msuc: {\huge [t-deposit] in r-z mesh}
msdr: {\it plotted by \ANGEL \version}
msdl: {\it calculated by \PHITS  3.24}

x: z [cm]
y: r [cm]
set: c1[ 0.060] c2[ 3.674] c5[ 0.800] c6[ 0.374] c7[ 0.000] c8[ 6.267]
p: h2fs form[c1] xfac[c2] afac[c5] scal[c6] xorg[c7] yorg[c8] nosp
set: c3[   1.822783E-08] c4[   1.879227E-02]
p: cmin[c3] cmax[c4]
p: dmin(1e-31)
p: zlog
p: xmin( -15.00000    ) xmax(  35.00000    )
p: ymin(  0.000000    ) ymax(  3.000000    )
#  nr =   1   nz = 225
# ( ( data(z,r), z = 1, nz ), r = nr, 1, -1 )

hc:  y =   1.500000     to   1.500000     by   3.000000     ; x =  -14.88889     to   34.88889     by  0.2222222     ;
  2.585E-03  2.770E-03  2.787E-03  2.911E-03  3.099E-03  3.797E-03  3.070E-03  3.163E-03  3.381E-03  3.138E-03
  3.182E-03  3.214E-03  3.340E-03  3.606E-03  3.883E-03  3.892E-03  3.666E-03  3.894E-03  6.171E-03  6.020E-03
  6.095E-03  7.527E-03  7.747E-03  6.679E-03  6.563E-03  6.194E-03  5.961E-03  5.863E-03  7.339E-03  6.429E-03
  1.026E-02  9.197E-03  9.010E-03  8.322E-03  7.907E-03  7.370E-03  7.464E-03  7.676E-03  8.005E-03  9.493E-03
  7.798E-03  8.047E-03  8.469E-03  8.723E-03  9.245E-03  1.212E-02  1.400E-02  1.216E-02  1.704E-02  1.428E-02
  1.133E-02  1.069E-02  1.123E-02  1.124E-02  1.175E-02  1.209E-02  1.365E-02  1.378E-02  1.424E-02  1.666E-02
  1.727E-02  1.589E-02  1.702E-02  1.790E-02  1.879E-02  1.806E-02  1.852E-02  1.311E-02  8.018E-03  8.119E-03
  1.032E-02  7.937E-03  1.236E-02  1.070E-02  1.018E-02  8.781E-03  1.255E-02  1.163E-02  9.847E-03  1.049E-02
  8.498E-03  8.767E-03  9.853E-03  1.015E-02  9.402E-03  9.334E-03  8.993E-03  9.136E-03  9.393E-03  7.565E-03
  7.644E-03  7.609E-03  7.585E-03  6.361E-03  7.127E-03  6.689E-03  6.822E-03  4.988E-03  4.915E-03  5.580E-03
  6.971E-03  6.697E-03  5.854E-03  6.229E-03  5.296E-03  5.176E-03  4.715E-03  3.288E-03  3.478E-03  3.583E-03
  4.691E-03  3.429E-03  2.779E-03  2.627E-03  2.879E-03  2.832E-03  3.034E-03  2.510E-03  2.685E-03  2.381E-03
  3.211E-03  2.352E-03  3.155E-03  2.661E-03  2.346E-03  1.720E-03  1.688E-03  1.603E-03  1.955E-03  2.083E-03
  2.091E-03  2.987E-03  1.676E-03  1.012E-03  1.258E-03  2.078E-03  2.026E-03  1.389E-03  1.778E-03  1.298E-03
  1.327E-03  1.036E-03  1.018E-03  8.567E-04  1.641E-03  1.202E-03  1.080E-03  8.900E-04  1.456E-03  1.146E-03
  1.180E-03  8.540E-04  6.415E-04  4.688E-04  1.055E-03  1.449E-03  1.276E-03  9.481E-04  8.435E-04  7.791E-04
  1.427E-03  8.646E-04  9.980E-04  5.540E-04  7.208E-04  8.614E-04  9.632E-04  1.250E-03  6.897E-04  1.117E-03
  1.104E-03  5.709E-04  2.426E-04  5.016E-04  7.114E-04  8.983E-04  5.900E-04  3.951E-04  6.320E-04  8.282E-04
  8.332E-04  1.024E-03  3.043E-04  3.943E-04  4.064E-04  6.755E-04  6.149E-04  6.118E-04  7.878E-04  4.632E-04
  5.917E-04  5.184E-04  2.095E-04  5.402E-04  2.541E-04  4.602E-04  4.479E-04  8.829E-04  6.422E-04  2.909E-04
  7.558E-04  5.469E-04  2.182E-04  0.000E+00  0.000E+00  0.000E+00  0.000E+00  0.000E+00  0.000E+00  0.000E+00
  0.000E+00  0.000E+00  0.000E+00  0.000E+00  0.000E+00  0.000E+00  0.000E+00  0.000E+00  0.000E+00  0.000E+00
  0.000E+00  0.000E+00  0.000E+00  0.000E+00  0.000E+00

#------------------------------------------------------------------------------
z: xorg(1.03)
p: xfac[c2*0.05] form[c1/0.05] notc noxt noyt dmin(1)
p: ymin(0) ymax(1) xmin(0) xmax(1) cmin(1) cmax(100) nosp
hc: y= 0.005 to 0.995 by 0.01 ; x= 0.5 to 0.5 by 1 ;
 1  2  3  4  5  6  7  8  9 10 11 12 13 14 15 16 17 18 19 20
21 22 23 24 25 26 27 28 29 30 31 32 33 34 35 36 37 38 39 40
41 42 43 44 45 46 47 48 49 50 51 52 53 54 55 56 57 58 59 60
61 62 63 64 65 66 67 68 69 70 71 72 73 74 75 76 77 78 79 80
81 82 83 84 85 86 87 88 89 90 91 92 93 94 95 96 97 98 99 100
z: xorg(0.0)
p: xfac[c2*0.05] form[c1/0.05] nosp afac[c5*0.625] ymin[c3] ymax[c4]
p: noxt noxn ytxt(-1) ynum(-1) xltd(-1) xstd(-1) itic(1) ylog
y: Dose [Gy/source]      
#------------------------------------------------------------------------------

wt: s(0.7)
\vspace{-3}
  part. &=& all     
e:

#------------------------------------------------------------------------------
z: xorg[-1.03/0.05]
p: form[c1] xfac[c2] afac[c5] nosp notf
p: xmin( -15.00000    ) xmax(  35.00000    )
p: ymin(  0.000000    ) ymax(  3.000000    )

#------------------------------------------------------------------------------
 newpage:
#   no. =  2   part. = electron

'no. =  2'
msuc: {\huge [t-deposit] in r-z mesh}
msdr: {\it plotted by \ANGEL \version}
msdl: {\it calculated by \PHITS  3.24}

x: z [cm]
y: r [cm]
set: c1[ 0.060] c2[ 3.674] c5[ 0.800] c6[ 0.374] c7[ 0.000] c8[ 6.267]
p: h2fs form[c1] xfac[c2] afac[c5] scal[c6] xorg[c7] yorg[c8] nosp
set: c3[   1.822783E-08] c4[   1.879227E-02]
p: cmin[c3] cmax[c4]
p: dmin(1e-31)
p: zlog
p: xmin( -15.00000    ) xmax(  35.00000    )
p: ymin(  0.000000    ) ymax(  3.000000    )
#  nr =   1   nz = 225
# ( ( data(z,r), z = 1, nz ), r = nr, 1, -1 )

hc:  y =   1.500000     to   1.500000     by   3.000000     ; x =  -14.88889     to   34.88889     by  0.2222222     ;
  4.704E-04  5.972E-04  5.780E-04  6.986E-04  8.297E-04  1.460E-03  7.121E-04  6.944E-04  9.385E-04  7.007E-04
  7.062E-04  7.050E-04  6.902E-04  9.146E-04  1.171E-03  1.139E-03  8.799E-04  1.063E-03  1.061E-03  1.132E-03
  1.214E-03  2.484E-03  2.855E-03  1.596E-03  1.656E-03  1.227E-03  7.663E-04  6.684E-04  2.223E-03  1.187E-03
  4.939E-03  3.542E-03  3.238E-03  2.519E-03  2.010E-03  1.483E-03  1.460E-03  1.535E-03  1.697E-03  3.157E-03
  1.190E-03  1.218E-03  1.479E-03  1.455E-03  1.704E-03  4.438E-03  6.113E-03  4.008E-03  8.713E-03  5.633E-03
  2.526E-03  1.719E-03  1.654E-03  1.320E-03  1.494E-03  1.604E-03  2.700E-03  2.806E-03  3.035E-03  5.092E-03
  5.206E-03  3.550E-03  4.292E-03  4.779E-03  5.510E-03  4.204E-03  4.169E-03  4.723E-03  5.999E-03  6.150E-03
  8.545E-03  6.434E-03  1.099E-02  9.415E-03  8.841E-03  7.592E-03  1.107E-02  1.048E-02  8.832E-03  9.542E-03
  7.548E-03  8.041E-03  9.226E-03  9.464E-03  8.666E-03  8.675E-03  8.378E-03  8.612E-03  8.909E-03  7.108E-03
  7.209E-03  7.167E-03  7.034E-03  5.849E-03  6.723E-03  6.193E-03  6.344E-03  4.664E-03  4.536E-03  5.176E-03
  6.579E-03  6.269E-03  5.552E-03  5.938E-03  4.998E-03  4.940E-03  4.446E-03  3.053E-03  3.274E-03  3.400E-03
  4.545E-03  3.271E-03  2.612E-03  2.496E-03  2.761E-03  2.724E-03  2.941E-03  2.426E-03  2.599E-03  2.304E-03
  3.139E-03  2.242E-03  3.095E-03  2.649E-03  2.310E-03  1.695E-03  1.684E-03  1.600E-03  1.946E-03  2.025E-03
  2.028E-03  2.924E-03  1.613E-03  9.135E-04  1.154E-03  1.992E-03  1.928E-03  1.352E-03  1.764E-03  1.284E-03
  1.313E-03  1.022E-03  1.004E-03  8.432E-04  1.617E-03  1.158E-03  1.036E-03  8.399E-04  1.435E-03  1.125E-03
  1.159E-03  8.331E-04  6.207E-04  4.479E-04  1.034E-03  1.428E-03  1.255E-03  9.272E-04  8.226E-04  7.571E-04
  1.395E-03  6.877E-04  9.757E-04  5.330E-04  6.997E-04  8.404E-04  9.421E-04  1.229E-03  6.687E-04  1.096E-03
  1.083E-03  5.502E-04  2.218E-04  4.808E-04  6.906E-04  8.775E-04  5.693E-04  3.743E-04  6.112E-04  8.075E-04
  8.124E-04  1.004E-03  2.836E-04  3.736E-04  3.856E-04  6.548E-04  5.942E-04  5.911E-04  6.229E-04  3.987E-04
  5.710E-04  4.977E-04  1.861E-04  5.169E-04  2.307E-04  4.369E-04  4.245E-04  8.596E-04  6.188E-04  2.675E-04
  7.324E-04  5.236E-04  2.065E-04  0.000E+00  0.000E+00  0.000E+00  0.000E+00  0.000E+00  0.000E+00  0.000E+00
  0.000E+00  0.000E+00  0.000E+00  0.000E+00  0.000E+00  0.000E+00  0.000E+00  0.000E+00  0.000E+00  0.000E+00
  0.000E+00  0.000E+00  0.000E+00  0.000E+00  0.000E+00

#------------------------------------------------------------------------------
z: xorg(1.03)
p: xfac[c2*0.05] form[c1/0.05] notc noxt noyt dmin(1)
p: ymin(0) ymax(1) xmin(0) xmax(1) cmin(1) cmax(100) nosp
hc: y= 0.005 to 0.995 by 0.01 ; x= 0.5 to 0.5 by 1 ;
 1  2  3  4  5  6  7  8  9 10 11 12 13 14 15 16 17 18 19 20
21 22 23 24 25 26 27 28 29 30 31 32 33 34 35 36 37 38 39 40
41 42 43 44 45 46 47 48 49 50 51 52 53 54 55 56 57 58 59 60
61 62 63 64 65 66 67 68 69 70 71 72 73 74 75 76 77 78 79 80
81 82 83 84 85 86 87 88 89 90 91 92 93 94 95 96 97 98 99 100
z: xorg(0.0)
p: xfac[c2*0.05] form[c1/0.05] nosp afac[c5*0.625] ymin[c3] ymax[c4]
p: noxt noxn ytxt(-1) ynum(-1) xltd(-1) xstd(-1) itic(1) ylog
y: Dose [Gy/source]      
#------------------------------------------------------------------------------

wt: s(0.7)
\vspace{-3}
  part. &=& electron
e:

#------------------------------------------------------------------------------
z: xorg[-1.03/0.05]
p: form[c1] xfac[c2] afac[c5] nosp notf
p: xmin( -15.00000    ) xmax(  35.00000    )
p: ymin(  0.000000    ) ymax(  3.000000    )

#------------------------------------------------------------------------------
 newpage:
#   no. =  3   part. = photon  

'no. =  3'
msuc: {\huge [t-deposit] in r-z mesh}
msdr: {\it plotted by \ANGEL \version}
msdl: {\it calculated by \PHITS  3.24}

x: z [cm]
y: r [cm]
set: c1[ 0.060] c2[ 3.674] c5[ 0.800] c6[ 0.374] c7[ 0.000] c8[ 6.267]
p: h2fs form[c1] xfac[c2] afac[c5] scal[c6] xorg[c7] yorg[c8] nosp
set: c3[   1.822783E-08] c4[   1.879227E-02]
p: cmin[c3] cmax[c4]
p: dmin(1e-31)
p: zlog
p: xmin( -15.00000    ) xmax(  35.00000    )
p: ymin(  0.000000    ) ymax(  3.000000    )
#  nr =   1   nz = 225
# ( ( data(z,r), z = 1, nz ), r = nr, 1, -1 )

hc:  y =   1.500000     to   1.500000     by   3.000000     ; x =  -14.88889     to   34.88889     by  0.2222222     ;
  0.000E+00  0.000E+00  0.000E+00  0.000E+00  0.000E+00  0.000E+00  0.000E+00  0.000E+00  0.000E+00  0.000E+00
  0.000E+00  0.000E+00  0.000E+00  0.000E+00  0.000E+00  0.000E+00  0.000E+00  0.000E+00  0.000E+00  0.000E+00
  0.000E+00  0.000E+00  0.000E+00  0.000E+00  0.000E+00  0.000E+00  0.000E+00  0.000E+00  0.000E+00  0.000E+00
  0.000E+00  0.000E+00  0.000E+00  0.000E+00  0.000E+00  0.000E+00  0.000E+00  0.000E+00  0.000E+00  0.000E+00
  0.000E+00  0.000E+00  0.000E+00  0.000E+00  0.000E+00  0.000E+00  0.000E+00  0.000E+00  0.000E+00  0.000E+00
  0.000E+00  0.000E+00  0.000E+00  0.000E+00  0.000E+00  0.000E+00  0.000E+00  0.000E+00  0.000E+00  0.000E+00
  0.000E+00  0.000E+00  0.000E+00  0.000E+00  0.000E+00  0.000E+00  0.000E+00  0.000E+00  0.000E+00  0.000E+00
  0.000E+00  0.000E+00  0.000E+00  0.000E+00  0.000E+00  0.000E+00  0.000E+00  0.000E+00  0.000E+00  1.823E-08
  0.000E+00  0.000E+00  0.000E+00  0.000E+00  0.000E+00  0.000E+00  0.000E+00  0.000E+00  0.000E+00  0.000E+00
  0.000E+00  0.000E+00  0.000E+00  0.000E+00  0.000E+00  0.000E+00  0.000E+00  0.000E+00  0.000E+00  0.000E+00
  0.000E+00  0.000E+00  0.000E+00  0.000E+00  0.000E+00  0.000E+00  0.000E+00  0.000E+00  0.000E+00  0.000E+00
  0.000E+00  0.000E+00  0.000E+00  0.000E+00  0.000E+00  0.000E+00  0.000E+00  0.000E+00  0.000E+00  0.000E+00
  0.000E+00  0.000E+00  0.000E+00  0.000E+00  0.000E+00  0.000E+00  0.000E+00  0.000E+00  0.000E+00  0.000E+00
  0.000E+00  0.000E+00  0.000E+00  0.000E+00  0.000E+00  0.000E+00  0.000E+00  0.000E+00  0.000E+00  0.000E+00
  0.000E+00  0.000E+00  0.000E+00  0.000E+00  0.000E+00  0.000E+00  0.000E+00  0.000E+00  0.000E+00  1.326E-07
  0.000E+00  0.000E+00  0.000E+00  0.000E+00  0.000E+00  0.000E+00  0.000E+00  0.000E+00  0.000E+00  0.000E+00
  0.000E+00  0.000E+00  0.000E+00  0.000E+00  0.000E+00  0.000E+00  0.000E+00  0.000E+00  0.000E+00  0.000E+00
  0.000E+00  0.000E+00  0.000E+00  0.000E+00  0.000E+00  0.000E+00  0.000E+00  0.000E+00  0.000E+00  0.000E+00
  0.000E+00  0.000E+00  0.000E+00  0.000E+00  0.000E+00  0.000E+00  0.000E+00  0.000E+00  0.000E+00  0.000E+00
  0.000E+00  0.000E+00  0.000E+00  0.000E+00  0.000E+00  0.000E+00  0.000E+00  0.000E+00  0.000E+00  0.000E+00
  0.000E+00  0.000E+00  0.000E+00  0.000E+00  0.000E+00  0.000E+00  0.000E+00  0.000E+00  0.000E+00  0.000E+00
  0.000E+00  0.000E+00  0.000E+00  0.000E+00  0.000E+00  0.000E+00  0.000E+00  0.000E+00  0.000E+00  0.000E+00
  0.000E+00  0.000E+00  0.000E+00  0.000E+00  0.000E+00

#------------------------------------------------------------------------------
z: xorg(1.03)
p: xfac[c2*0.05] form[c1/0.05] notc noxt noyt dmin(1)
p: ymin(0) ymax(1) xmin(0) xmax(1) cmin(1) cmax(100) nosp
hc: y= 0.005 to 0.995 by 0.01 ; x= 0.5 to 0.5 by 1 ;
 1  2  3  4  5  6  7  8  9 10 11 12 13 14 15 16 17 18 19 20
21 22 23 24 25 26 27 28 29 30 31 32 33 34 35 36 37 38 39 40
41 42 43 44 45 46 47 48 49 50 51 52 53 54 55 56 57 58 59 60
61 62 63 64 65 66 67 68 69 70 71 72 73 74 75 76 77 78 79 80
81 82 83 84 85 86 87 88 89 90 91 92 93 94 95 96 97 98 99 100
z: xorg(0.0)
p: xfac[c2*0.05] form[c1/0.05] nosp afac[c5*0.625] ymin[c3] ymax[c4]
p: noxt noxn ytxt(-1) ynum(-1) xltd(-1) xstd(-1) itic(1) ylog
y: Dose [Gy/source]      
#------------------------------------------------------------------------------

wt: s(0.7)
\vspace{-3}
  part. &=& photon  
e:

#------------------------------------------------------------------------------
z: xorg[-1.03/0.05]
p: form[c1] xfac[c2] afac[c5] nosp notf
p: xmin( -15.00000    ) xmax(  35.00000    )
p: ymin(  0.000000    ) ymax(  3.000000    )

#------------------------------------------------------------------------------
 newpage:
#   no. =  4   part. = neutron 

'no. =  4'
msuc: {\huge [t-deposit] in r-z mesh}
msdr: {\it plotted by \ANGEL \version}
msdl: {\it calculated by \PHITS  3.24}

x: z [cm]
y: r [cm]
set: c1[ 0.060] c2[ 3.674] c5[ 0.800] c6[ 0.374] c7[ 0.000] c8[ 6.267]
p: h2fs form[c1] xfac[c2] afac[c5] scal[c6] xorg[c7] yorg[c8] nosp
set: c3[   1.822783E-08] c4[   1.879227E-02]
p: cmin[c3] cmax[c4]
p: dmin(1e-31)
p: zlog
p: xmin( -15.00000    ) xmax(  35.00000    )
p: ymin(  0.000000    ) ymax(  3.000000    )
#  nr =   1   nz = 225
# ( ( data(z,r), z = 1, nz ), r = nr, 1, -1 )

hc:  y =   1.500000     to   1.500000     by   3.000000     ; x =  -14.88889     to   34.88889     by  0.2222222     ;
  2.114E-03  2.173E-03  2.209E-03  2.212E-03  2.269E-03  2.337E-03  2.358E-03  2.469E-03  2.443E-03  2.437E-03
  2.476E-03  2.509E-03  2.650E-03  2.692E-03  2.712E-03  2.753E-03  2.786E-03  2.831E-03  5.109E-03  4.888E-03
  4.881E-03  5.043E-03  4.893E-03  5.083E-03  4.907E-03  4.967E-03  5.195E-03  5.195E-03  5.116E-03  5.242E-03
  5.319E-03  5.655E-03  5.771E-03  5.804E-03  5.897E-03  5.887E-03  6.004E-03  6.142E-03  6.308E-03  6.335E-03
  6.608E-03  6.830E-03  6.990E-03  7.268E-03  7.541E-03  7.681E-03  7.891E-03  8.154E-03  8.327E-03  8.643E-03
  8.801E-03  8.976E-03  9.581E-03  9.924E-03  1.026E-02  1.048E-02  1.095E-02  1.098E-02  1.120E-02  1.157E-02
  1.206E-02  1.234E-02  1.273E-02  1.312E-02  1.328E-02  1.386E-02  1.435E-02  8.385E-03  2.019E-03  1.969E-03
  1.742E-03  1.503E-03  1.366E-03  1.281E-03  1.299E-03  1.182E-03  1.296E-03  1.028E-03  1.015E-03  9.295E-04
  9.500E-04  7.268E-04  6.270E-04  6.419E-04  6.956E-04  6.592E-04  6.150E-04  5.243E-04  4.836E-04  4.570E-04
  4.351E-04  4.418E-04  5.517E-04  5.113E-04  3.944E-04  3.909E-04  3.851E-04  3.244E-04  3.784E-04  3.395E-04
  2.484E-04  2.593E-04  3.021E-04  2.662E-04  2.677E-04  2.362E-04  2.468E-04  2.339E-04  2.035E-04  1.823E-04
  1.454E-04  1.260E-04  1.346E-04  1.308E-04  1.180E-04  1.084E-04  9.259E-05  8.471E-05  8.620E-05  7.683E-05
  7.183E-05  1.098E-04  4.418E-05  1.125E-05  8.939E-06  6.210E-06  3.665E-06  3.483E-06  9.153E-06  5.835E-05
  6.305E-05  6.298E-05  6.274E-05  9.865E-05  1.037E-04  8.624E-05  9.786E-05  3.701E-05  1.377E-05  1.372E-05
  1.370E-05  1.359E-05  1.356E-05  1.351E-05  2.370E-05  4.357E-05  4.357E-05  5.010E-05  2.090E-05  2.089E-05
  2.084E-05  2.086E-05  2.084E-05  2.085E-05  2.083E-05  2.083E-05  2.083E-05  2.084E-05  2.083E-05  2.201E-05
  3.173E-05  1.768E-04  2.225E-05  2.095E-05  2.105E-05  2.104E-05  2.106E-05  2.105E-05  2.096E-05  2.092E-05
  2.082E-05  2.078E-05  2.077E-05  2.076E-05  2.076E-05  2.076E-05  2.078E-05  2.076E-05  2.073E-05  2.073E-05
  2.073E-05  2.074E-05  2.074E-05  2.073E-05  2.074E-05  2.073E-05  2.072E-05  2.072E-05  2.072E-05  2.072E-05
  2.072E-05  2.072E-05  2.335E-05  2.336E-05  2.336E-05  2.336E-05  2.336E-05  2.336E-05  2.336E-05  2.336E-05
  2.336E-05  2.336E-05  1.168E-05  0.000E+00  0.000E+00  0.000E+00  0.000E+00  0.000E+00  0.000E+00  0.000E+00
  0.000E+00  0.000E+00  0.000E+00  0.000E+00  0.000E+00  0.000E+00  0.000E+00  0.000E+00  0.000E+00  0.000E+00
  0.000E+00  0.000E+00  0.000E+00  0.000E+00  0.000E+00

#------------------------------------------------------------------------------
z: xorg(1.03)
p: xfac[c2*0.05] form[c1/0.05] notc noxt noyt dmin(1)
p: ymin(0) ymax(1) xmin(0) xmax(1) cmin(1) cmax(100) nosp
hc: y= 0.005 to 0.995 by 0.01 ; x= 0.5 to 0.5 by 1 ;
 1  2  3  4  5  6  7  8  9 10 11 12 13 14 15 16 17 18 19 20
21 22 23 24 25 26 27 28 29 30 31 32 33 34 35 36 37 38 39 40
41 42 43 44 45 46 47 48 49 50 51 52 53 54 55 56 57 58 59 60
61 62 63 64 65 66 67 68 69 70 71 72 73 74 75 76 77 78 79 80
81 82 83 84 85 86 87 88 89 90 91 92 93 94 95 96 97 98 99 100
z: xorg(0.0)
p: xfac[c2*0.05] form[c1/0.05] nosp afac[c5*0.625] ymin[c3] ymax[c4]
p: noxt noxn ytxt(-1) ynum(-1) xltd(-1) xstd(-1) itic(1) ylog
y: Dose [Gy/source]      
#------------------------------------------------------------------------------

wt: s(0.7)
\vspace{-3}
  part. &=& neutron 
e:

#------------------------------------------------------------------------------
z: xorg[-1.03/0.05]
p: form[c1] xfac[c2] afac[c5] nosp notf
p: xmin( -15.00000    ) xmax(  35.00000    )
p: ymin(  0.000000    ) ymax(  3.000000    )
 
# Information for Restart Calculation
# This calculation was newly started
# istdev =  2 # 1:Batch variance, 2:History variance
# resc2  = 1.00918122272110522E-07 # Total source weight or Total source weight / maxcas
# resc3  = 1.00000000000000000E+06 # Total history number or Total batch number
# maxcas =      100000 # History / Batch, only used for istdev=1
# rijklst=   6.4450803562389370E+125 # Next initial random number
# bitrseed = 0101101000001110011101111011110101001001010001111010111000101101
