[ T-Deposit ]
    title = [t-deposit] in r-z mesh
     mesh =  r-z            # mesh type is r-z scoring mesh
       x0 =   0.000000      # center x-position of r-z mesh
       y0 =   0.000000      # center y-position of r-z mesh
   r-type =    2            # r-mesh is linear given by rmin, rmax and nr
     rmin =   0.000000      # minimum value of r-mesh points
     rmax =   3.000000      # maximum value of r-mesh points
#    rdel =   3.000000      # mesh width of r-mesh points
       nr =      1          # number of r-mesh points
#    data = ( r(i), i = 1, nr + 1 )
#           0.00000E+00  3.00000E+00
   z-type =    2            # z-mesh is linear given by zmin, zmax and nz
     zmin =  -15.00000      # minimum value of z-mesh points
     zmax =   35.00000      # maximum value of z-mesh points
#    zdel =  0.2222222      # mesh width of z-mesh points
       nz =    225          # number of z-mesh points
#    data = ( z(i), i = 1, nz + 1 )
#          -1.50000E+01 -1.47778E+01 -1.45556E+01 -1.43333E+01 -1.41111E+01
#          -1.38889E+01 -1.36667E+01 -1.34444E+01 -1.32222E+01 -1.30000E+01
#          -1.27778E+01 -1.25556E+01 -1.23333E+01 -1.21111E+01 -1.18889E+01
#          -1.16667E+01 -1.14444E+01 -1.12222E+01 -1.10000E+01 -1.07778E+01
#          -1.05556E+01 -1.03333E+01 -1.01111E+01 -9.88889E+00 -9.66667E+00
#          -9.44444E+00 -9.22222E+00 -9.00000E+00 -8.77778E+00 -8.55556E+00
#          -8.33333E+00 -8.11111E+00 -7.88889E+00 -7.66667E+00 -7.44444E+00
#          -7.22222E+00 -7.00000E+00 -6.77778E+00 -6.55556E+00 -6.33333E+00
#          -6.11111E+00 -5.88889E+00 -5.66667E+00 -5.44444E+00 -5.22222E+00
#          -5.00000E+00 -4.77778E+00 -4.55556E+00 -4.33333E+00 -4.11111E+00
#          -3.88889E+00 -3.66667E+00 -3.44444E+00 -3.22222E+00 -3.00000E+00
#          -2.77778E+00 -2.55556E+00 -2.33333E+00 -2.11111E+00 -1.88889E+00
#          -1.66667E+00 -1.44444E+00 -1.22222E+00 -1.00000E+00 -7.77778E-01
#          -5.55556E-01 -3.33333E-01 -1.11111E-01  1.11111E-01  3.33333E-01
#           5.55556E-01  7.77778E-01  1.00000E+00  1.22222E+00  1.44444E+00
#           1.66667E+00  1.88889E+00  2.11111E+00  2.33333E+00  2.55556E+00
#           2.77778E+00  3.00000E+00  3.22222E+00  3.44444E+00  3.66667E+00
#           3.88889E+00  4.11111E+00  4.33333E+00  4.55556E+00  4.77778E+00
#           5.00000E+00  5.22222E+00  5.44444E+00  5.66667E+00  5.88889E+00
#           6.11111E+00  6.33333E+00  6.55556E+00  6.77778E+00  7.00000E+00
#           7.22222E+00  7.44444E+00  7.66667E+00  7.88889E+00  8.11111E+00
#           8.33333E+00  8.55556E+00  8.77778E+00  9.00000E+00  9.22222E+00
#           9.44444E+00  9.66667E+00  9.88889E+00  1.01111E+01  1.03333E+01
#           1.05556E+01  1.07778E+01  1.10000E+01  1.12222E+01  1.14444E+01
#           1.16667E+01  1.18889E+01  1.21111E+01  1.23333E+01  1.25556E+01
#           1.27778E+01  1.30000E+01  1.32222E+01  1.34444E+01  1.36667E+01
#           1.38889E+01  1.41111E+01  1.43333E+01  1.45556E+01  1.47778E+01
#           1.50000E+01  1.52222E+01  1.54444E+01  1.56667E+01  1.58889E+01
#           1.61111E+01  1.63333E+01  1.65556E+01  1.67778E+01  1.70000E+01
#           1.72222E+01  1.74444E+01  1.76667E+01  1.78889E+01  1.81111E+01
#           1.83333E+01  1.85556E+01  1.87778E+01  1.90000E+01  1.92222E+01
#           1.94444E+01  1.96667E+01  1.98889E+01  2.01111E+01  2.03333E+01
#           2.05556E+01  2.07778E+01  2.10000E+01  2.12222E+01  2.14444E+01
#           2.16667E+01  2.18889E+01  2.21111E+01  2.23333E+01  2.25556E+01
#           2.27778E+01  2.30000E+01  2.32222E+01  2.34444E+01  2.36667E+01
#           2.38889E+01  2.41111E+01  2.43333E+01  2.45556E+01  2.47778E+01
#           2.50000E+01  2.52222E+01  2.54444E+01  2.56667E+01  2.58889E+01
#           2.61111E+01  2.63333E+01  2.65556E+01  2.67778E+01  2.70000E+01
#           2.72222E+01  2.74444E+01  2.76667E+01  2.78889E+01  2.81111E+01
#           2.83333E+01  2.85556E+01  2.87778E+01  2.90000E+01  2.92222E+01
#           2.94444E+01  2.96667E+01  2.98889E+01  3.01111E+01  3.03333E+01
#           3.05556E+01  3.07778E+01  3.10000E+01  3.12222E+01  3.14444E+01
#           3.16667E+01  3.18889E+01  3.21111E+01  3.23333E+01  3.25556E+01
#           3.27778E+01  3.30000E+01  3.32222E+01  3.34444E+01  3.36667E+01
#           3.38889E+01  3.41111E+01  3.43333E+01  3.45556E+01  3.47778E+01
#           3.50000E+01
     unit =    0            # unit is [Gy/source]
   letmat =    0            # (D=0) mat ID for LET, 0:real mat, <0: electron for H2O
  dedxfnc =    0            # (D=0) user defined multiplier, 0(no), 1, 2
 material =  all            # (D=all) number of specific material
   output =  dose           # total deposit energy
  deposit =    0            # (D=0) 0-> total deposit dist, 1-> each process
  2D-type =    3            # 1:Cont, 2:Clust, 3:Color, 4:xyz, 5:mat, 6:Clust+Cont, 7:Col+Cont
     axis =    rz           # axis of output
     file = deposit_r_all.out  # file name of output for the above axis
     part =  all        electron   photon     neutron  
# kf/name :  0          11         22         2112     
    gshow =    1            # 0: no 1:bnd, 2:bnd+mat, 3:bnd+reg 4:bnd+lat 5:bmp style
    resol =    1            # (D=1) resolution of gshow or rshow
    width = 0.5000000       # (D=0.5) width of lines for gshow or rshow
   epsout =    1            # (D=0) generate eps file by ANGEL
#    used :        main (  %)        temp (  %)       total (  %)
#  memory :         231 (  0)           0 (  0)         231 (  0)

#------------------------------------------------------------------------------
#newpage:
#   no. =  1   part. = all     

'no. =  1'
msuc: {\huge [t-deposit] in r-z mesh}
msdr: {\it plotted by \ANGEL \version}
msdl: {\it calculated by \PHITS  3.24}

x: z [cm]
y: r [cm]
set: c1[ 0.060] c2[ 3.674] c5[ 0.800] c6[ 0.374] c7[ 0.000] c8[ 6.267]
p: h2fs form[c1] xfac[c2] afac[c5] scal[c6] xorg[c7] yorg[c8] nosp
set: c3[   1.400286E-04] c4[   3.682114E-03]
p: cmin[c3] cmax[c4]
p: dmin(1e-31)
p: zlog
p: xmin( -15.00000    ) xmax(  35.00000    )
p: ymin(  0.000000    ) ymax(  3.000000    )
#  nr =   1   nz = 225
# ( ( data(z,r), z = 1, nz ), r = nr, 1, -1 )

hc:  y =   1.500000     to   1.500000     by   3.000000     ; x =  -14.88889     to   34.88889     by  0.2222222     ;
  1.281E-03  1.371E-03  1.340E-03  1.336E-03  1.322E-03  1.328E-03  1.354E-03  1.385E-03  1.329E-03  1.375E-03
  1.397E-03  1.391E-03  1.324E-03  1.357E-03  1.406E-03  1.404E-03  1.449E-03  1.416E-03  3.682E-03  3.387E-03
  3.340E-03  3.276E-03  3.220E-03  3.167E-03  3.114E-03  3.216E-03  3.193E-03  3.223E-03  3.174E-03  3.135E-03
  3.097E-03  3.114E-03  3.311E-03  3.240E-03  3.147E-03  3.149E-03  3.112E-03  3.144E-03  3.066E-03  3.093E-03
  3.154E-03  3.097E-03  3.206E-03  3.189E-03  3.117E-03  3.237E-03  3.350E-03  3.319E-03  3.215E-03  3.108E-03
  3.115E-03  3.081E-03  3.039E-03  3.008E-03  3.064E-03  3.109E-03  3.060E-03  3.132E-03  3.055E-03  3.028E-03
  3.070E-03  3.000E-03  3.038E-03  2.990E-03  3.025E-03  2.838E-03  2.829E-03  2.822E-03  2.781E-03  2.720E-03
  2.670E-03  2.597E-03  2.573E-03  2.640E-03  2.547E-03  2.439E-03  2.498E-03  2.488E-03  2.422E-03  2.361E-03
  2.208E-03  2.155E-03  2.175E-03  2.147E-03  2.164E-03  2.057E-03  2.127E-03  2.056E-03  2.082E-03  1.891E-03
  1.950E-03  1.939E-03  1.981E-03  1.834E-03  1.787E-03  1.800E-03  1.685E-03  1.668E-03  1.612E-03  1.705E-03
  1.510E-03  1.553E-03  1.483E-03  1.460E-03  1.450E-03  1.461E-03  1.440E-03  1.385E-03  1.419E-03  1.396E-03
  1.392E-03  1.389E-03  1.375E-03  1.364E-03  1.323E-03  1.255E-03  1.182E-03  1.200E-03  1.262E-03  1.199E-03
  1.273E-03  1.227E-03  1.247E-03  1.262E-03  1.304E-03  1.205E-03  1.104E-03  1.089E-03  1.104E-03  1.087E-03
  1.092E-03  1.067E-03  9.869E-04  9.868E-04  1.018E-03  9.710E-04  9.853E-04  1.007E-03  9.687E-04  8.996E-04
  9.282E-04  8.766E-04  9.170E-04  9.544E-04  9.240E-04  9.111E-04  8.289E-04  8.752E-04  8.252E-04  8.218E-04
  8.080E-04  7.907E-04  7.577E-04  7.932E-04  8.853E-04  8.703E-04  7.971E-04  7.467E-04  7.584E-04  7.483E-04
  8.672E-04  7.732E-04  7.610E-04  7.794E-04  7.770E-04  8.369E-04  7.226E-04  7.198E-04  7.359E-04  7.413E-04
  7.676E-04  6.893E-04  7.530E-04  6.708E-04  6.443E-04  7.180E-04  7.228E-04  6.971E-04  6.729E-04  7.042E-04
  6.727E-04  6.892E-04  6.756E-04  6.616E-04  5.693E-04  5.886E-04  6.615E-04  6.581E-04  6.900E-04  5.788E-04
  6.844E-04  6.116E-04  6.827E-04  6.637E-04  6.119E-04  5.787E-04  5.923E-04  5.830E-04  6.028E-04  5.330E-04
  5.540E-04  5.694E-04  2.854E-04  0.000E+00  0.000E+00  0.000E+00  0.000E+00  0.000E+00  0.000E+00  0.000E+00
  0.000E+00  0.000E+00  0.000E+00  0.000E+00  0.000E+00  0.000E+00  0.000E+00  0.000E+00  0.000E+00  0.000E+00
  0.000E+00  0.000E+00  0.000E+00  0.000E+00  0.000E+00

#------------------------------------------------------------------------------
z: xorg(1.03)
p: xfac[c2*0.05] form[c1/0.05] notc noxt noyt dmin(1)
p: ymin(0) ymax(1) xmin(0) xmax(1) cmin(1) cmax(100) nosp
hc: y= 0.005 to 0.995 by 0.01 ; x= 0.5 to 0.5 by 1 ;
 1  2  3  4  5  6  7  8  9 10 11 12 13 14 15 16 17 18 19 20
21 22 23 24 25 26 27 28 29 30 31 32 33 34 35 36 37 38 39 40
41 42 43 44 45 46 47 48 49 50 51 52 53 54 55 56 57 58 59 60
61 62 63 64 65 66 67 68 69 70 71 72 73 74 75 76 77 78 79 80
81 82 83 84 85 86 87 88 89 90 91 92 93 94 95 96 97 98 99 100
z: xorg(0.0)
p: xfac[c2*0.05] form[c1/0.05] nosp afac[c5*0.625] ymin[c3] ymax[c4]
p: noxt noxn ytxt(-1) ynum(-1) xltd(-1) xstd(-1) itic(1) ylog
y: Dose [Gy/source]      
#------------------------------------------------------------------------------

wt: s(0.7)
\vspace{-3}
  part. &=& all     
e:

#------------------------------------------------------------------------------
z: xorg[-1.03/0.05]
p: form[c1] xfac[c2] afac[c5] nosp notf
p: xmin( -15.00000    ) xmax(  35.00000    )
p: ymin(  0.000000    ) ymax(  3.000000    )

#------------------------------------------------------------------------------
 newpage:
#   no. =  2   part. = electron

'no. =  2'
msuc: {\huge [t-deposit] in r-z mesh}
msdr: {\it plotted by \ANGEL \version}
msdl: {\it calculated by \PHITS  3.24}

x: z [cm]
y: r [cm]
set: c1[ 0.060] c2[ 3.674] c5[ 0.800] c6[ 0.374] c7[ 0.000] c8[ 6.267]
p: h2fs form[c1] xfac[c2] afac[c5] scal[c6] xorg[c7] yorg[c8] nosp
set: c3[   1.400286E-04] c4[   3.682114E-03]
p: cmin[c3] cmax[c4]
p: dmin(1e-31)
p: zlog
p: xmin( -15.00000    ) xmax(  35.00000    )
p: ymin(  0.000000    ) ymax(  3.000000    )
#  nr =   1   nz = 225
# ( ( data(z,r), z = 1, nz ), r = nr, 1, -1 )

hc:  y =   1.500000     to   1.500000     by   3.000000     ; x =  -14.88889     to   34.88889     by  0.2222222     ;
  2.024E-04  2.862E-04  2.493E-04  2.442E-04  2.269E-04  2.311E-04  2.495E-04  2.771E-04  2.184E-04  2.609E-04
  2.832E-04  2.859E-04  2.263E-04  2.641E-04  3.058E-04  3.005E-04  3.504E-04  3.153E-04  3.587E-04  3.044E-04
  3.604E-04  3.587E-04  3.452E-04  3.056E-04  2.668E-04  3.789E-04  3.710E-04  4.333E-04  4.142E-04  3.805E-04
  3.509E-04  3.650E-04  5.572E-04  4.998E-04  4.002E-04  4.059E-04  3.762E-04  4.061E-04  3.145E-04  3.437E-04
  4.115E-04  3.454E-04  4.373E-04  4.406E-04  3.659E-04  4.894E-04  5.963E-04  5.600E-04  4.678E-04  3.723E-04
  3.942E-04  3.933E-04  3.535E-04  3.415E-04  4.086E-04  4.691E-04  4.304E-04  5.276E-04  4.665E-04  4.576E-04
  5.106E-04  4.650E-04  5.327E-04  5.066E-04  5.716E-04  4.296E-04  4.447E-04  4.702E-04  4.651E-04  4.460E-04
  4.341E-04  3.974E-04  4.113E-04  5.170E-04  4.670E-04  3.998E-04  4.924E-04  5.186E-04  4.932E-04  4.746E-04
  3.604E-04  3.453E-04  4.033E-04  4.134E-04  4.673E-04  3.912E-04  4.987E-04  4.629E-04  5.299E-04  3.724E-04
  4.632E-04  4.831E-04  5.556E-04  4.397E-04  4.216E-04  4.644E-04  3.772E-04  3.885E-04  3.601E-04  4.787E-04
  3.091E-04  3.769E-04  3.314E-04  3.330E-04  3.453E-04  3.788E-04  3.785E-04  3.443E-04  3.983E-04  3.944E-04
  4.100E-04  4.243E-04  4.275E-04  4.345E-04  4.097E-04  3.583E-04  3.008E-04  3.339E-04  4.106E-04  3.619E-04
  4.497E-04  4.173E-04  4.511E-04  4.784E-04  5.328E-04  4.463E-04  3.562E-04  3.531E-04  3.787E-04  3.733E-04
  3.892E-04  3.752E-04  3.058E-04  3.158E-04  3.565E-04  3.190E-04  3.429E-04  3.743E-04  3.452E-04  2.862E-04
  3.236E-04  2.794E-04  3.286E-04  3.745E-04  3.518E-04  3.467E-04  2.718E-04  3.252E-04  2.828E-04  2.867E-04
  2.803E-04  2.698E-04  2.439E-04  2.863E-04  3.846E-04  3.341E-04  2.972E-04  2.582E-04  2.836E-04  2.799E-04
  4.051E-04  3.170E-04  3.108E-04  3.353E-04  3.389E-04  4.042E-04  2.953E-04  2.981E-04  3.199E-04  3.306E-04
  3.623E-04  2.891E-04  3.581E-04  2.809E-04  2.590E-04  3.375E-04  3.469E-04  3.256E-04  3.056E-04  3.406E-04
  3.138E-04  3.351E-04  3.256E-04  3.156E-04  2.272E-04  2.504E-04  3.275E-04  3.261E-04  3.615E-04  2.542E-04
  3.633E-04  2.937E-04  3.683E-04  3.526E-04  3.045E-04  2.746E-04  2.913E-04  2.851E-04  3.076E-04  2.413E-04
  2.660E-04  2.842E-04  1.439E-04  0.000E+00  0.000E+00  0.000E+00  0.000E+00  0.000E+00  0.000E+00  0.000E+00
  0.000E+00  0.000E+00  0.000E+00  0.000E+00  0.000E+00  0.000E+00  0.000E+00  0.000E+00  0.000E+00  0.000E+00
  0.000E+00  0.000E+00  0.000E+00  0.000E+00  0.000E+00

#------------------------------------------------------------------------------
z: xorg(1.03)
p: xfac[c2*0.05] form[c1/0.05] notc noxt noyt dmin(1)
p: ymin(0) ymax(1) xmin(0) xmax(1) cmin(1) cmax(100) nosp
hc: y= 0.005 to 0.995 by 0.01 ; x= 0.5 to 0.5 by 1 ;
 1  2  3  4  5  6  7  8  9 10 11 12 13 14 15 16 17 18 19 20
21 22 23 24 25 26 27 28 29 30 31 32 33 34 35 36 37 38 39 40
41 42 43 44 45 46 47 48 49 50 51 52 53 54 55 56 57 58 59 60
61 62 63 64 65 66 67 68 69 70 71 72 73 74 75 76 77 78 79 80
81 82 83 84 85 86 87 88 89 90 91 92 93 94 95 96 97 98 99 100
z: xorg(0.0)
p: xfac[c2*0.05] form[c1/0.05] nosp afac[c5*0.625] ymin[c3] ymax[c4]
p: noxt noxn ytxt(-1) ynum(-1) xltd(-1) xstd(-1) itic(1) ylog
y: Dose [Gy/source]      
#------------------------------------------------------------------------------

wt: s(0.7)
\vspace{-3}
  part. &=& electron
e:

#------------------------------------------------------------------------------
z: xorg[-1.03/0.05]
p: form[c1] xfac[c2] afac[c5] nosp notf
p: xmin( -15.00000    ) xmax(  35.00000    )
p: ymin(  0.000000    ) ymax(  3.000000    )

#------------------------------------------------------------------------------
 newpage:
#   no. =  3   part. = photon  

'no. =  3'
msuc: {\huge [t-deposit] in r-z mesh}
msdr: {\it plotted by \ANGEL \version}
msdl: {\it calculated by \PHITS  3.24}

x: z [cm]
y: r [cm]
set: c1[ 0.060] c2[ 3.674] c5[ 0.800] c6[ 0.374] c7[ 0.000] c8[ 6.267]
p: h2fs form[c1] xfac[c2] afac[c5] scal[c6] xorg[c7] yorg[c8] nosp
set: c3[   1.400286E-04] c4[   3.682114E-03]
p: cmin[c3] cmax[c4]
p: dmin(1e-31)
p: zlog
p: xmin( -15.00000    ) xmax(  35.00000    )
p: ymin(  0.000000    ) ymax(  3.000000    )
#  nr =   1   nz = 225
# ( ( data(z,r), z = 1, nz ), r = nr, 1, -1 )

hc:  y =   1.500000     to   1.500000     by   3.000000     ; x =  -14.88889     to   34.88889     by  0.2222222     ;
  0.000E+00  0.000E+00  0.000E+00  0.000E+00  0.000E+00  0.000E+00  0.000E+00  0.000E+00  0.000E+00  0.000E+00
  0.000E+00  0.000E+00  0.000E+00  0.000E+00  0.000E+00  0.000E+00  0.000E+00  0.000E+00  0.000E+00  0.000E+00
  0.000E+00  0.000E+00  0.000E+00  0.000E+00  0.000E+00  0.000E+00  0.000E+00  0.000E+00  0.000E+00  0.000E+00
  0.000E+00  0.000E+00  0.000E+00  0.000E+00  0.000E+00  0.000E+00  0.000E+00  0.000E+00  0.000E+00  0.000E+00
  0.000E+00  0.000E+00  0.000E+00  0.000E+00  0.000E+00  0.000E+00  0.000E+00  0.000E+00  0.000E+00  0.000E+00
  0.000E+00  0.000E+00  0.000E+00  0.000E+00  0.000E+00  0.000E+00  0.000E+00  0.000E+00  0.000E+00  0.000E+00
  0.000E+00  0.000E+00  0.000E+00  0.000E+00  0.000E+00  0.000E+00  0.000E+00  0.000E+00  0.000E+00  0.000E+00
  0.000E+00  0.000E+00  0.000E+00  0.000E+00  0.000E+00  0.000E+00  0.000E+00  0.000E+00  0.000E+00  0.000E+00
  0.000E+00  0.000E+00  0.000E+00  0.000E+00  0.000E+00  0.000E+00  0.000E+00  0.000E+00  0.000E+00  0.000E+00
  0.000E+00  0.000E+00  0.000E+00  0.000E+00  0.000E+00  0.000E+00  0.000E+00  0.000E+00  0.000E+00  0.000E+00
  0.000E+00  0.000E+00  0.000E+00  0.000E+00  0.000E+00  0.000E+00  0.000E+00  0.000E+00  0.000E+00  0.000E+00
  0.000E+00  0.000E+00  0.000E+00  0.000E+00  0.000E+00  0.000E+00  0.000E+00  0.000E+00  0.000E+00  0.000E+00
  0.000E+00  0.000E+00  0.000E+00  0.000E+00  0.000E+00  0.000E+00  0.000E+00  0.000E+00  0.000E+00  0.000E+00
  0.000E+00  0.000E+00  0.000E+00  0.000E+00  0.000E+00  0.000E+00  0.000E+00  0.000E+00  0.000E+00  0.000E+00
  0.000E+00  0.000E+00  0.000E+00  0.000E+00  0.000E+00  0.000E+00  0.000E+00  0.000E+00  0.000E+00  0.000E+00
  0.000E+00  0.000E+00  0.000E+00  0.000E+00  0.000E+00  0.000E+00  0.000E+00  0.000E+00  0.000E+00  0.000E+00
  0.000E+00  0.000E+00  0.000E+00  0.000E+00  0.000E+00  0.000E+00  0.000E+00  0.000E+00  0.000E+00  0.000E+00
  0.000E+00  0.000E+00  0.000E+00  0.000E+00  0.000E+00  0.000E+00  0.000E+00  0.000E+00  0.000E+00  0.000E+00
  0.000E+00  0.000E+00  0.000E+00  0.000E+00  0.000E+00  0.000E+00  0.000E+00  0.000E+00  0.000E+00  0.000E+00
  0.000E+00  0.000E+00  0.000E+00  0.000E+00  0.000E+00  0.000E+00  0.000E+00  0.000E+00  0.000E+00  0.000E+00
  0.000E+00  0.000E+00  0.000E+00  0.000E+00  0.000E+00  0.000E+00  0.000E+00  0.000E+00  0.000E+00  0.000E+00
  0.000E+00  0.000E+00  0.000E+00  0.000E+00  0.000E+00  0.000E+00  0.000E+00  0.000E+00  0.000E+00  0.000E+00
  0.000E+00  0.000E+00  0.000E+00  0.000E+00  0.000E+00

#------------------------------------------------------------------------------
z: xorg(1.03)
p: xfac[c2*0.05] form[c1/0.05] notc noxt noyt dmin(1)
p: ymin(0) ymax(1) xmin(0) xmax(1) cmin(1) cmax(100) nosp
hc: y= 0.005 to 0.995 by 0.01 ; x= 0.5 to 0.5 by 1 ;
 1  2  3  4  5  6  7  8  9 10 11 12 13 14 15 16 17 18 19 20
21 22 23 24 25 26 27 28 29 30 31 32 33 34 35 36 37 38 39 40
41 42 43 44 45 46 47 48 49 50 51 52 53 54 55 56 57 58 59 60
61 62 63 64 65 66 67 68 69 70 71 72 73 74 75 76 77 78 79 80
81 82 83 84 85 86 87 88 89 90 91 92 93 94 95 96 97 98 99 100
z: xorg(0.0)
p: xfac[c2*0.05] form[c1/0.05] nosp afac[c5*0.625] ymin[c3] ymax[c4]
p: noxt noxn ytxt(-1) ynum(-1) xltd(-1) xstd(-1) itic(1) ylog
y: Dose [Gy/source]      
#------------------------------------------------------------------------------

wt: s(0.7)
\vspace{-3}
  part. &=& photon  
e:

#------------------------------------------------------------------------------
z: xorg[-1.03/0.05]
p: form[c1] xfac[c2] afac[c5] nosp notf
p: xmin( -15.00000    ) xmax(  35.00000    )
p: ymin(  0.000000    ) ymax(  3.000000    )

#------------------------------------------------------------------------------
 newpage:
#   no. =  4   part. = neutron 

'no. =  4'
msuc: {\huge [t-deposit] in r-z mesh}
msdr: {\it plotted by \ANGEL \version}
msdl: {\it calculated by \PHITS  3.24}

x: z [cm]
y: r [cm]
set: c1[ 0.060] c2[ 3.674] c5[ 0.800] c6[ 0.374] c7[ 0.000] c8[ 6.267]
p: h2fs form[c1] xfac[c2] afac[c5] scal[c6] xorg[c7] yorg[c8] nosp
set: c3[   1.400286E-04] c4[   3.682114E-03]
p: cmin[c3] cmax[c4]
p: dmin(1e-31)
p: zlog
p: xmin( -15.00000    ) xmax(  35.00000    )
p: ymin(  0.000000    ) ymax(  3.000000    )
#  nr =   1   nz = 225
# ( ( data(z,r), z = 1, nz ), r = nr, 1, -1 )

hc:  y =   1.500000     to   1.500000     by   3.000000     ; x =  -14.88889     to   34.88889     by  0.2222222     ;
  1.079E-03  1.085E-03  1.090E-03  1.092E-03  1.095E-03  1.097E-03  1.102E-03  1.106E-03  1.109E-03  1.112E-03
  1.112E-03  1.104E-03  1.098E-03  1.093E-03  1.100E-03  1.103E-03  1.098E-03  1.100E-03  3.323E-03  3.082E-03
  2.978E-03  2.915E-03  2.872E-03  2.859E-03  2.847E-03  2.837E-03  2.822E-03  2.790E-03  2.760E-03  2.755E-03
  2.746E-03  2.749E-03  2.754E-03  2.741E-03  2.747E-03  2.743E-03  2.736E-03  2.738E-03  2.751E-03  2.750E-03
  2.743E-03  2.749E-03  2.754E-03  2.747E-03  2.747E-03  2.744E-03  2.752E-03  2.757E-03  2.746E-03  2.734E-03
  2.719E-03  2.686E-03  2.684E-03  2.665E-03  2.656E-03  2.640E-03  2.629E-03  2.604E-03  2.588E-03  2.570E-03
  2.557E-03  2.533E-03  2.503E-03  2.481E-03  2.451E-03  2.406E-03  2.382E-03  2.350E-03  2.316E-03  2.274E-03
  2.236E-03  2.200E-03  2.162E-03  2.123E-03  2.080E-03  2.039E-03  2.004E-03  1.968E-03  1.927E-03  1.885E-03
  1.845E-03  1.805E-03  1.766E-03  1.728E-03  1.692E-03  1.657E-03  1.620E-03  1.586E-03  1.551E-03  1.518E-03
  1.486E-03  1.455E-03  1.424E-03  1.394E-03  1.365E-03  1.336E-03  1.308E-03  1.280E-03  1.252E-03  1.226E-03
  1.201E-03  1.176E-03  1.152E-03  1.127E-03  1.104E-03  1.083E-03  1.061E-03  1.041E-03  1.020E-03  1.001E-03
  9.816E-04  9.640E-04  9.462E-04  9.291E-04  9.123E-04  8.958E-04  8.804E-04  8.651E-04  8.505E-04  8.364E-04
  8.226E-04  8.086E-04  7.955E-04  7.827E-04  7.702E-04  7.583E-04  7.467E-04  7.351E-04  7.244E-04  7.130E-04
  7.022E-04  6.911E-04  6.803E-04  6.702E-04  6.606E-04  6.512E-04  6.416E-04  6.321E-04  6.233E-04  6.134E-04
  6.046E-04  5.972E-04  5.884E-04  5.799E-04  5.722E-04  5.644E-04  5.571E-04  5.500E-04  5.424E-04  5.352E-04
  5.277E-04  5.209E-04  5.137E-04  5.069E-04  5.007E-04  4.935E-04  4.868E-04  4.807E-04  4.748E-04  4.684E-04
  4.621E-04  4.562E-04  4.501E-04  4.441E-04  4.381E-04  4.327E-04  4.273E-04  4.218E-04  4.160E-04  4.107E-04
  4.053E-04  4.002E-04  3.948E-04  3.899E-04  3.853E-04  3.805E-04  3.759E-04  3.711E-04  3.664E-04  3.619E-04
  3.572E-04  3.525E-04  3.484E-04  3.444E-04  3.404E-04  3.366E-04  3.324E-04  3.287E-04  3.250E-04  3.211E-04
  3.177E-04  3.144E-04  3.110E-04  3.077E-04  3.040E-04  3.007E-04  2.977E-04  2.946E-04  2.917E-04  2.887E-04
  2.854E-04  2.824E-04  1.400E-04  0.000E+00  0.000E+00  0.000E+00  0.000E+00  0.000E+00  0.000E+00  0.000E+00
  0.000E+00  0.000E+00  0.000E+00  0.000E+00  0.000E+00  0.000E+00  0.000E+00  0.000E+00  0.000E+00  0.000E+00
  0.000E+00  0.000E+00  0.000E+00  0.000E+00  0.000E+00

#------------------------------------------------------------------------------
z: xorg(1.03)
p: xfac[c2*0.05] form[c1/0.05] notc noxt noyt dmin(1)
p: ymin(0) ymax(1) xmin(0) xmax(1) cmin(1) cmax(100) nosp
hc: y= 0.005 to 0.995 by 0.01 ; x= 0.5 to 0.5 by 1 ;
 1  2  3  4  5  6  7  8  9 10 11 12 13 14 15 16 17 18 19 20
21 22 23 24 25 26 27 28 29 30 31 32 33 34 35 36 37 38 39 40
41 42 43 44 45 46 47 48 49 50 51 52 53 54 55 56 57 58 59 60
61 62 63 64 65 66 67 68 69 70 71 72 73 74 75 76 77 78 79 80
81 82 83 84 85 86 87 88 89 90 91 92 93 94 95 96 97 98 99 100
z: xorg(0.0)
p: xfac[c2*0.05] form[c1/0.05] nosp afac[c5*0.625] ymin[c3] ymax[c4]
p: noxt noxn ytxt(-1) ynum(-1) xltd(-1) xstd(-1) itic(1) ylog
y: Dose [Gy/source]      
#------------------------------------------------------------------------------

wt: s(0.7)
\vspace{-3}
  part. &=& neutron 
e:

#------------------------------------------------------------------------------
z: xorg[-1.03/0.05]
p: form[c1] xfac[c2] afac[c5] nosp notf
p: xmin( -15.00000    ) xmax(  35.00000    )
p: ymin(  0.000000    ) ymax(  3.000000    )
 
# Information for Restart Calculation
# This calculation was newly started
# istdev =  2 # 1:Batch variance, 2:History variance
# resc2  = 1.00918122299596806E-05 # Total source weight or Total source weight / maxcas
# resc3  = 1.00000000000000000E+08 # Total history number or Total batch number
# maxcas =    10000000 # History / Batch, only used for istdev=1
# rijklst=  -2.2723022018578912E+152 # Next initial random number
# bitrseed = 1101111110010001010110101011011001110100110101001100011110000101
