[ T-Deposit ]
    title = [t-deposit] in r-z mesh
     mesh =  r-z            # mesh type is r-z scoring mesh
       x0 =   0.000000      # center x-position of r-z mesh
       y0 =   0.000000      # center y-position of r-z mesh
   r-type =    2            # r-mesh is linear given by rmin, rmax and nr
     rmin =   0.000000      # minimum value of r-mesh points
     rmax =   3.000000      # maximum value of r-mesh points
#    rdel =   3.000000      # mesh width of r-mesh points
       nr =      1          # number of r-mesh points
#    data = ( r(i), i = 1, nr + 1 )
#           0.00000E+00  3.00000E+00
   z-type =    2            # z-mesh is linear given by zmin, zmax and nz
     zmin =  -15.00000      # minimum value of z-mesh points
     zmax =   35.00000      # maximum value of z-mesh points
#    zdel =  0.2222222      # mesh width of z-mesh points
       nz =    225          # number of z-mesh points
#    data = ( z(i), i = 1, nz + 1 )
#          -1.50000E+01 -1.47778E+01 -1.45556E+01 -1.43333E+01 -1.41111E+01
#          -1.38889E+01 -1.36667E+01 -1.34444E+01 -1.32222E+01 -1.30000E+01
#          -1.27778E+01 -1.25556E+01 -1.23333E+01 -1.21111E+01 -1.18889E+01
#          -1.16667E+01 -1.14444E+01 -1.12222E+01 -1.10000E+01 -1.07778E+01
#          -1.05556E+01 -1.03333E+01 -1.01111E+01 -9.88889E+00 -9.66667E+00
#          -9.44444E+00 -9.22222E+00 -9.00000E+00 -8.77778E+00 -8.55556E+00
#          -8.33333E+00 -8.11111E+00 -7.88889E+00 -7.66667E+00 -7.44444E+00
#          -7.22222E+00 -7.00000E+00 -6.77778E+00 -6.55556E+00 -6.33333E+00
#          -6.11111E+00 -5.88889E+00 -5.66667E+00 -5.44444E+00 -5.22222E+00
#          -5.00000E+00 -4.77778E+00 -4.55556E+00 -4.33333E+00 -4.11111E+00
#          -3.88889E+00 -3.66667E+00 -3.44444E+00 -3.22222E+00 -3.00000E+00
#          -2.77778E+00 -2.55556E+00 -2.33333E+00 -2.11111E+00 -1.88889E+00
#          -1.66667E+00 -1.44444E+00 -1.22222E+00 -1.00000E+00 -7.77778E-01
#          -5.55556E-01 -3.33333E-01 -1.11111E-01  1.11111E-01  3.33333E-01
#           5.55556E-01  7.77778E-01  1.00000E+00  1.22222E+00  1.44444E+00
#           1.66667E+00  1.88889E+00  2.11111E+00  2.33333E+00  2.55556E+00
#           2.77778E+00  3.00000E+00  3.22222E+00  3.44444E+00  3.66667E+00
#           3.88889E+00  4.11111E+00  4.33333E+00  4.55556E+00  4.77778E+00
#           5.00000E+00  5.22222E+00  5.44444E+00  5.66667E+00  5.88889E+00
#           6.11111E+00  6.33333E+00  6.55556E+00  6.77778E+00  7.00000E+00
#           7.22222E+00  7.44444E+00  7.66667E+00  7.88889E+00  8.11111E+00
#           8.33333E+00  8.55556E+00  8.77778E+00  9.00000E+00  9.22222E+00
#           9.44444E+00  9.66667E+00  9.88889E+00  1.01111E+01  1.03333E+01
#           1.05556E+01  1.07778E+01  1.10000E+01  1.12222E+01  1.14444E+01
#           1.16667E+01  1.18889E+01  1.21111E+01  1.23333E+01  1.25556E+01
#           1.27778E+01  1.30000E+01  1.32222E+01  1.34444E+01  1.36667E+01
#           1.38889E+01  1.41111E+01  1.43333E+01  1.45556E+01  1.47778E+01
#           1.50000E+01  1.52222E+01  1.54444E+01  1.56667E+01  1.58889E+01
#           1.61111E+01  1.63333E+01  1.65556E+01  1.67778E+01  1.70000E+01
#           1.72222E+01  1.74444E+01  1.76667E+01  1.78889E+01  1.81111E+01
#           1.83333E+01  1.85556E+01  1.87778E+01  1.90000E+01  1.92222E+01
#           1.94444E+01  1.96667E+01  1.98889E+01  2.01111E+01  2.03333E+01
#           2.05556E+01  2.07778E+01  2.10000E+01  2.12222E+01  2.14444E+01
#           2.16667E+01  2.18889E+01  2.21111E+01  2.23333E+01  2.25556E+01
#           2.27778E+01  2.30000E+01  2.32222E+01  2.34444E+01  2.36667E+01
#           2.38889E+01  2.41111E+01  2.43333E+01  2.45556E+01  2.47778E+01
#           2.50000E+01  2.52222E+01  2.54444E+01  2.56667E+01  2.58889E+01
#           2.61111E+01  2.63333E+01  2.65556E+01  2.67778E+01  2.70000E+01
#           2.72222E+01  2.74444E+01  2.76667E+01  2.78889E+01  2.81111E+01
#           2.83333E+01  2.85556E+01  2.87778E+01  2.90000E+01  2.92222E+01
#           2.94444E+01  2.96667E+01  2.98889E+01  3.01111E+01  3.03333E+01
#           3.05556E+01  3.07778E+01  3.10000E+01  3.12222E+01  3.14444E+01
#           3.16667E+01  3.18889E+01  3.21111E+01  3.23333E+01  3.25556E+01
#           3.27778E+01  3.30000E+01  3.32222E+01  3.34444E+01  3.36667E+01
#           3.38889E+01  3.41111E+01  3.43333E+01  3.45556E+01  3.47778E+01
#           3.50000E+01
     unit =    0            # unit is [Gy/source]
   letmat =    0            # (D=0) mat ID for LET, 0:real mat, <0: electron for H2O
  dedxfnc =    0            # (D=0) user defined multiplier, 0(no), 1, 2
 material =  all            # (D=all) number of specific material
   output =  dose           # total deposit energy
  deposit =    0            # (D=0) 0-> total deposit dist, 1-> each process
  2D-type =    3            # 1:Cont, 2:Clust, 3:Color, 4:xyz, 5:mat, 6:Clust+Cont, 7:Col+Cont
     axis =    rz           # axis of output
     file = deposit_r_all.out  # file name of output for the above axis
     part =  all        electron   photon     neutron  
# kf/name :  0          11         22         2112     
    gshow =    1            # 0: no 1:bnd, 2:bnd+mat, 3:bnd+reg 4:bnd+lat 5:bmp style
    resol =    1            # (D=1) resolution of gshow or rshow
    width = 0.5000000       # (D=0.5) width of lines for gshow or rshow
   epsout =    1            # (D=0) generate eps file by ANGEL
#    used :        main (  %)        temp (  %)       total (  %)
#  memory :         231 (  0)           0 (  0)         231 (  0)

#------------------------------------------------------------------------------
#newpage:
#   no. =  1   part. = all     

'no. =  1'
msuc: {\huge [t-deposit] in r-z mesh}
msdr: {\it plotted by \ANGEL \version}
msdl: {\it calculated by \PHITS  3.24}

x: z [cm]
y: r [cm]
set: c1[ 0.060] c2[ 3.674] c5[ 0.800] c6[ 0.374] c7[ 0.000] c8[ 6.267]
p: h2fs form[c1] xfac[c2] afac[c5] scal[c6] xorg[c7] yorg[c8] nosp
set: c3[1.0e-4] c4[1.0]
p: cmin[c3] cmax[c4]
p: dmin(1e-31)
p: zlog
p: xmin( -15.00000    ) xmax(  35.00000    )
p: ymin(  0.000000    ) ymax(  3.000000    )
#  nr =   1   nz = 225
# ( ( data(z,r), z = 1, nz ), r = nr, 1, -1 )

hc:  y =   1.500000     to   1.500000     by   3.000000     ; x =  -14.88889     to   34.88889     by  0.2222222     ;
  2.073E-02  3.771E-02  3.193E-02  3.037E-02  2.485E-02  2.246E-02  2.594E-02  4.071E-02  2.496E-02  2.737E-02
  3.303E-02  3.122E-02  2.042E-02  2.968E-02  3.611E-02  3.312E-02  3.856E-02  3.202E-02  1.619E-02  1.540E-02
  1.833E-02  1.732E-02  1.784E-02  1.394E-02  1.243E-02  1.758E-02  1.988E-02  2.475E-02  2.680E-02  2.136E-02
  1.707E-02  1.642E-02  2.886E-02  2.375E-02  1.958E-02  2.132E-02  1.983E-02  2.339E-02  1.687E-02  1.681E-02
  1.967E-02  1.562E-02  1.862E-02  1.850E-02  1.384E-02  2.233E-02  2.502E-02  2.402E-02  2.793E-02  1.962E-02
  1.972E-02  1.911E-02  1.406E-02  1.424E-02  1.792E-02  2.008E-02  1.775E-02  2.650E-02  1.922E-02  1.822E-02
  2.170E-02  2.308E-02  2.621E-02  2.375E-02  3.033E-02  2.041E-02  2.014E-02  2.414E-02  2.523E-02  2.823E-02
  2.848E-02  2.164E-02  2.304E-02  3.478E-02  2.914E-02  2.960E-02  3.146E-02  3.775E-02  3.926E-02  3.004E-02
  2.582E-02  1.776E-02  1.987E-02  2.201E-02  3.114E-02  2.351E-02  3.656E-02  3.197E-02  3.968E-02  2.291E-02
  3.471E-02  4.611E-02  4.373E-02  3.112E-02  3.123E-02  3.792E-02  3.206E-02  3.468E-02  2.494E-02  4.506E-02
  2.521E-02  3.637E-02  2.737E-02  3.045E-02  2.873E-02  3.336E-02  4.166E-02  3.238E-02  4.144E-02  4.270E-02
  5.141E-02  4.752E-02  4.417E-02  4.368E-02  4.311E-02  3.398E-02  3.113E-02  3.233E-02  5.247E-02  3.322E-02
  5.073E-02  3.942E-02  4.596E-02  5.470E-02  5.965E-02  5.926E-02  5.453E-02  3.714E-02  5.032E-02  3.846E-02
  5.836E-02  5.372E-02  3.058E-02  3.565E-02  4.764E-02  4.154E-02  6.540E-02  5.676E-02  4.372E-02  3.489E-02
  5.470E-02  3.455E-02  4.934E-02  6.182E-02  4.679E-02  5.948E-02  3.762E-02  6.144E-02  4.642E-02  4.693E-02
  4.258E-02  4.175E-02  3.039E-02  4.815E-02  8.864E-02  8.520E-02  5.426E-02  4.988E-02  5.417E-02  4.315E-02
  8.618E-02  5.714E-02  5.859E-02  7.396E-02  6.620E-02  8.020E-02  6.108E-02  5.644E-02  7.299E-02  6.236E-02
  6.645E-02  5.764E-02  6.429E-02  4.142E-02  4.367E-02  6.768E-02  8.540E-02  6.210E-02  5.634E-02  7.392E-02
  6.419E-02  8.950E-02  8.353E-02  7.665E-02  3.317E-02  4.539E-02  6.285E-02  6.780E-02  8.305E-02  4.210E-02
  7.321E-02  5.544E-02  7.894E-02  1.020E-01  6.357E-02  6.506E-02  7.698E-02  6.644E-02  7.451E-02  4.771E-02
  7.272E-02  8.929E-02  8.900E-02  0.000E+00  0.000E+00  0.000E+00  0.000E+00  0.000E+00  0.000E+00  0.000E+00
  0.000E+00  0.000E+00  0.000E+00  0.000E+00  0.000E+00  0.000E+00  0.000E+00  0.000E+00  0.000E+00  0.000E+00
  0.000E+00  0.000E+00  0.000E+00  0.000E+00  0.000E+00

#------------------------------------------------------------------------------
z: xorg(1.03)
p: xfac[c2*0.05] form[c1/0.05] notc noxt noyt dmin(1)
p: ymin(0) ymax(1) xmin(0) xmax(1) cmin(1) cmax(100) nosp
hc: y= 0.005 to 0.995 by 0.01 ; x= 0.5 to 0.5 by 1 ;
 1  2  3  4  5  6  7  8  9 10 11 12 13 14 15 16 17 18 19 20
21 22 23 24 25 26 27 28 29 30 31 32 33 34 35 36 37 38 39 40
41 42 43 44 45 46 47 48 49 50 51 52 53 54 55 56 57 58 59 60
61 62 63 64 65 66 67 68 69 70 71 72 73 74 75 76 77 78 79 80
81 82 83 84 85 86 87 88 89 90 91 92 93 94 95 96 97 98 99 100
z: xorg(0.0)
p: xfac[c2*0.05] form[c1/0.05] nosp afac[c5*0.625] ymin[c3] ymax[c4]
p: noxt noxn ytxt(-1) ynum(-1) xltd(-1) xstd(-1) itic(1) ylog
y: Relative Error
#------------------------------------------------------------------------------

wt: s(0.7)
\vspace{-3}
  part. &=& all     
e:

#------------------------------------------------------------------------------
z: xorg[-1.03/0.05]
p: form[c1] xfac[c2] afac[c5] nosp notf
p: xmin( -15.00000    ) xmax(  35.00000    )
p: ymin(  0.000000    ) ymax(  3.000000    )

#------------------------------------------------------------------------------
 newpage:
#   no. =  2   part. = electron

'no. =  2'
msuc: {\huge [t-deposit] in r-z mesh}
msdr: {\it plotted by \ANGEL \version}
msdl: {\it calculated by \PHITS  3.24}

x: z [cm]
y: r [cm]
set: c1[ 0.060] c2[ 3.674] c5[ 0.800] c6[ 0.374] c7[ 0.000] c8[ 6.267]
p: h2fs form[c1] xfac[c2] afac[c5] scal[c6] xorg[c7] yorg[c8] nosp
set: c3[1.0e-4] c4[1.0]
p: cmin[c3] cmax[c4]
p: dmin(1e-31)
p: zlog
p: xmin( -15.00000    ) xmax(  35.00000    )
p: ymin(  0.000000    ) ymax(  3.000000    )
#  nr =   1   nz = 225
# ( ( data(z,r), z = 1, nz ), r = nr, 1, -1 )

hc:  y =   1.500000     to   1.500000     by   3.000000     ; x =  -14.88889     to   34.88889     by  0.2222222     ;
  1.285E-01  1.796E-01  1.701E-01  1.646E-01  1.426E-01  1.267E-01  1.386E-01  2.022E-01  1.491E-01  1.421E-01
  1.613E-01  1.503E-01  1.163E-01  1.507E-01  1.646E-01  1.531E-01  1.583E-01  1.421E-01  1.636E-01  1.682E-01
  1.677E-01  1.558E-01  1.641E-01  1.398E-01  1.400E-01  1.468E-01  1.688E-01  1.826E-01  2.040E-01  1.740E-01
  1.480E-01  1.371E-01  1.705E-01  1.527E-01  1.518E-01  1.635E-01  1.618E-01  1.794E-01  1.612E-01  1.484E-01
  1.488E-01  1.367E-01  1.303E-01  1.320E-01  1.144E-01  1.462E-01  1.395E-01  1.412E-01  1.907E-01  1.616E-01
  1.537E-01  1.477E-01  1.176E-01  1.221E-01  1.323E-01  1.314E-01  1.242E-01  1.562E-01  1.240E-01  1.188E-01
  1.292E-01  1.475E-01  1.485E-01  1.391E-01  1.597E-01  1.333E-01  1.268E-01  1.440E-01  1.502E-01  1.716E-01
  1.747E-01  1.407E-01  1.436E-01  1.773E-01  1.586E-01  1.802E-01  1.593E-01  1.809E-01  1.926E-01  1.491E-01
  1.577E-01  1.099E-01  1.061E-01  1.127E-01  1.437E-01  1.214E-01  1.552E-01  1.387E-01  1.558E-01  1.160E-01
  1.459E-01  1.849E-01  1.558E-01  1.296E-01  1.322E-01  1.468E-01  1.430E-01  1.487E-01  1.113E-01  1.604E-01
  1.228E-01  1.497E-01  1.222E-01  1.333E-01  1.203E-01  1.285E-01  1.583E-01  1.301E-01  1.475E-01  1.509E-01
  1.745E-01  1.555E-01  1.418E-01  1.370E-01  1.390E-01  1.188E-01  1.220E-01  1.159E-01  1.611E-01  1.099E-01
  1.435E-01  1.157E-01  1.270E-01  1.442E-01  1.459E-01  1.600E-01  1.688E-01  1.143E-01  1.465E-01  1.118E-01
  1.637E-01  1.527E-01  9.838E-02  1.112E-01  1.358E-01  1.259E-01  1.878E-01  1.526E-01  1.225E-01  1.094E-01
  1.568E-01  1.081E-01  1.375E-01  1.574E-01  1.227E-01  1.562E-01  1.145E-01  1.652E-01  1.353E-01  1.344E-01
  1.225E-01  1.221E-01  9.403E-02  1.332E-01  2.040E-01  1.623E-01  1.354E-01  1.339E-01  1.447E-01  1.152E-01
  1.844E-01  1.393E-01  1.433E-01  1.718E-01  1.517E-01  1.660E-01  1.493E-01  1.361E-01  1.678E-01  1.397E-01
  1.407E-01  1.373E-01  1.351E-01  9.867E-02  1.084E-01  1.439E-01  1.778E-01  1.328E-01  1.239E-01  1.527E-01
  1.374E-01  1.840E-01  1.732E-01  1.605E-01  8.257E-02  1.064E-01  1.268E-01  1.366E-01  1.584E-01  9.538E-02
  1.378E-01  1.151E-01  1.462E-01  1.918E-01  1.275E-01  1.368E-01  1.563E-01  1.356E-01  1.458E-01  1.050E-01
  1.512E-01  1.787E-01  1.763E-01  0.000E+00  0.000E+00  0.000E+00  0.000E+00  0.000E+00  0.000E+00  0.000E+00
  0.000E+00  0.000E+00  0.000E+00  0.000E+00  0.000E+00  0.000E+00  0.000E+00  0.000E+00  0.000E+00  0.000E+00
  0.000E+00  0.000E+00  0.000E+00  0.000E+00  0.000E+00

#------------------------------------------------------------------------------
z: xorg(1.03)
p: xfac[c2*0.05] form[c1/0.05] notc noxt noyt dmin(1)
p: ymin(0) ymax(1) xmin(0) xmax(1) cmin(1) cmax(100) nosp
hc: y= 0.005 to 0.995 by 0.01 ; x= 0.5 to 0.5 by 1 ;
 1  2  3  4  5  6  7  8  9 10 11 12 13 14 15 16 17 18 19 20
21 22 23 24 25 26 27 28 29 30 31 32 33 34 35 36 37 38 39 40
41 42 43 44 45 46 47 48 49 50 51 52 53 54 55 56 57 58 59 60
61 62 63 64 65 66 67 68 69 70 71 72 73 74 75 76 77 78 79 80
81 82 83 84 85 86 87 88 89 90 91 92 93 94 95 96 97 98 99 100
z: xorg(0.0)
p: xfac[c2*0.05] form[c1/0.05] nosp afac[c5*0.625] ymin[c3] ymax[c4]
p: noxt noxn ytxt(-1) ynum(-1) xltd(-1) xstd(-1) itic(1) ylog
y: Relative Error
#------------------------------------------------------------------------------

wt: s(0.7)
\vspace{-3}
  part. &=& electron
e:

#------------------------------------------------------------------------------
z: xorg[-1.03/0.05]
p: form[c1] xfac[c2] afac[c5] nosp notf
p: xmin( -15.00000    ) xmax(  35.00000    )
p: ymin(  0.000000    ) ymax(  3.000000    )

#------------------------------------------------------------------------------
 newpage:
#   no. =  3   part. = photon  

'no. =  3'
msuc: {\huge [t-deposit] in r-z mesh}
msdr: {\it plotted by \ANGEL \version}
msdl: {\it calculated by \PHITS  3.24}

x: z [cm]
y: r [cm]
set: c1[ 0.060] c2[ 3.674] c5[ 0.800] c6[ 0.374] c7[ 0.000] c8[ 6.267]
p: h2fs form[c1] xfac[c2] afac[c5] scal[c6] xorg[c7] yorg[c8] nosp
set: c3[1.0e-4] c4[1.0]
p: cmin[c3] cmax[c4]
p: dmin(1e-31)
p: zlog
p: xmin( -15.00000    ) xmax(  35.00000    )
p: ymin(  0.000000    ) ymax(  3.000000    )
#  nr =   1   nz = 225
# ( ( data(z,r), z = 1, nz ), r = nr, 1, -1 )

hc:  y =   1.500000     to   1.500000     by   3.000000     ; x =  -14.88889     to   34.88889     by  0.2222222     ;
  0.000E+00  0.000E+00  0.000E+00  0.000E+00  0.000E+00  0.000E+00  0.000E+00  0.000E+00  0.000E+00  0.000E+00
  0.000E+00  0.000E+00  0.000E+00  0.000E+00  0.000E+00  0.000E+00  0.000E+00  0.000E+00  0.000E+00  0.000E+00
  0.000E+00  0.000E+00  0.000E+00  0.000E+00  0.000E+00  0.000E+00  0.000E+00  0.000E+00  0.000E+00  0.000E+00
  0.000E+00  0.000E+00  0.000E+00  0.000E+00  0.000E+00  0.000E+00  0.000E+00  0.000E+00  0.000E+00  0.000E+00
  0.000E+00  0.000E+00  0.000E+00  0.000E+00  0.000E+00  0.000E+00  0.000E+00  0.000E+00  0.000E+00  0.000E+00
  0.000E+00  0.000E+00  0.000E+00  0.000E+00  0.000E+00  0.000E+00  0.000E+00  0.000E+00  0.000E+00  0.000E+00
  0.000E+00  0.000E+00  0.000E+00  0.000E+00  0.000E+00  0.000E+00  0.000E+00  0.000E+00  0.000E+00  0.000E+00
  0.000E+00  0.000E+00  0.000E+00  0.000E+00  0.000E+00  0.000E+00  0.000E+00  0.000E+00  0.000E+00  0.000E+00
  0.000E+00  0.000E+00  0.000E+00  0.000E+00  0.000E+00  0.000E+00  0.000E+00  0.000E+00  0.000E+00  0.000E+00
  0.000E+00  0.000E+00  0.000E+00  0.000E+00  0.000E+00  0.000E+00  0.000E+00  0.000E+00  0.000E+00  0.000E+00
  0.000E+00  0.000E+00  0.000E+00  0.000E+00  0.000E+00  0.000E+00  0.000E+00  0.000E+00  0.000E+00  0.000E+00
  0.000E+00  0.000E+00  0.000E+00  0.000E+00  0.000E+00  0.000E+00  0.000E+00  0.000E+00  0.000E+00  0.000E+00
  0.000E+00  0.000E+00  0.000E+00  0.000E+00  0.000E+00  0.000E+00  0.000E+00  0.000E+00  0.000E+00  0.000E+00
  0.000E+00  0.000E+00  0.000E+00  0.000E+00  0.000E+00  0.000E+00  0.000E+00  0.000E+00  0.000E+00  0.000E+00
  0.000E+00  0.000E+00  0.000E+00  0.000E+00  0.000E+00  0.000E+00  0.000E+00  0.000E+00  0.000E+00  0.000E+00
  0.000E+00  0.000E+00  0.000E+00  0.000E+00  0.000E+00  0.000E+00  0.000E+00  0.000E+00  0.000E+00  0.000E+00
  0.000E+00  0.000E+00  0.000E+00  0.000E+00  0.000E+00  0.000E+00  0.000E+00  0.000E+00  0.000E+00  0.000E+00
  0.000E+00  0.000E+00  0.000E+00  0.000E+00  0.000E+00  0.000E+00  0.000E+00  0.000E+00  0.000E+00  0.000E+00
  0.000E+00  0.000E+00  0.000E+00  0.000E+00  0.000E+00  0.000E+00  0.000E+00  0.000E+00  0.000E+00  0.000E+00
  0.000E+00  0.000E+00  0.000E+00  0.000E+00  0.000E+00  0.000E+00  0.000E+00  0.000E+00  0.000E+00  0.000E+00
  0.000E+00  0.000E+00  0.000E+00  0.000E+00  0.000E+00  0.000E+00  0.000E+00  0.000E+00  0.000E+00  0.000E+00
  0.000E+00  0.000E+00  0.000E+00  0.000E+00  0.000E+00  0.000E+00  0.000E+00  0.000E+00  0.000E+00  0.000E+00
  0.000E+00  0.000E+00  0.000E+00  0.000E+00  0.000E+00

#------------------------------------------------------------------------------
z: xorg(1.03)
p: xfac[c2*0.05] form[c1/0.05] notc noxt noyt dmin(1)
p: ymin(0) ymax(1) xmin(0) xmax(1) cmin(1) cmax(100) nosp
hc: y= 0.005 to 0.995 by 0.01 ; x= 0.5 to 0.5 by 1 ;
 1  2  3  4  5  6  7  8  9 10 11 12 13 14 15 16 17 18 19 20
21 22 23 24 25 26 27 28 29 30 31 32 33 34 35 36 37 38 39 40
41 42 43 44 45 46 47 48 49 50 51 52 53 54 55 56 57 58 59 60
61 62 63 64 65 66 67 68 69 70 71 72 73 74 75 76 77 78 79 80
81 82 83 84 85 86 87 88 89 90 91 92 93 94 95 96 97 98 99 100
z: xorg(0.0)
p: xfac[c2*0.05] form[c1/0.05] nosp afac[c5*0.625] ymin[c3] ymax[c4]
p: noxt noxn ytxt(-1) ynum(-1) xltd(-1) xstd(-1) itic(1) ylog
y: Relative Error
#------------------------------------------------------------------------------

wt: s(0.7)
\vspace{-3}
  part. &=& photon  
e:

#------------------------------------------------------------------------------
z: xorg[-1.03/0.05]
p: form[c1] xfac[c2] afac[c5] nosp notf
p: xmin( -15.00000    ) xmax(  35.00000    )
p: ymin(  0.000000    ) ymax(  3.000000    )

#------------------------------------------------------------------------------
 newpage:
#   no. =  4   part. = neutron 

'no. =  4'
msuc: {\huge [t-deposit] in r-z mesh}
msdr: {\it plotted by \ANGEL \version}
msdl: {\it calculated by \PHITS  3.24}

x: z [cm]
y: r [cm]
set: c1[ 0.060] c2[ 3.674] c5[ 0.800] c6[ 0.374] c7[ 0.000] c8[ 6.267]
p: h2fs form[c1] xfac[c2] afac[c5] scal[c6] xorg[c7] yorg[c8] nosp
set: c3[1.0e-4] c4[1.0]
p: cmin[c3] cmax[c4]
p: dmin(1e-31)
p: zlog
p: xmin( -15.00000    ) xmax(  35.00000    )
p: ymin(  0.000000    ) ymax(  3.000000    )
#  nr =   1   nz = 225
# ( ( data(z,r), z = 1, nz ), r = nr, 1, -1 )

hc:  y =   1.500000     to   1.500000     by   3.000000     ; x =  -14.88889     to   34.88889     by  0.2222222     ;
  4.990E-03  5.023E-03  5.114E-03  5.140E-03  5.184E-03  5.212E-03  5.266E-03  5.403E-03  5.446E-03  5.470E-03
  5.553E-03  5.563E-03  5.615E-03  5.690E-03  5.900E-03  6.022E-03  6.035E-03  6.203E-03  3.191E-03  3.216E-03
  3.213E-03  3.169E-03  3.179E-03  3.358E-03  3.537E-03  3.592E-03  3.678E-03  3.672E-03  3.573E-03  3.672E-03
  3.626E-03  3.790E-03  3.752E-03  3.629E-03  3.686E-03  3.652E-03  3.671E-03  3.595E-03  3.753E-03  3.660E-03
  3.631E-03  3.699E-03  3.706E-03  3.666E-03  3.677E-03  3.637E-03  3.683E-03  3.678E-03  3.695E-03  3.585E-03
  3.618E-03  3.540E-03  3.638E-03  3.672E-03  3.636E-03  3.717E-03  3.670E-03  3.671E-03  3.842E-03  3.623E-03
  3.610E-03  3.711E-03  3.576E-03  3.463E-03  3.494E-03  3.287E-03  3.198E-03  3.033E-03  2.893E-03  2.680E-03
  2.598E-03  2.545E-03  2.479E-03  2.423E-03  2.385E-03  2.372E-03  2.360E-03  2.342E-03  2.306E-03  2.295E-03
  2.279E-03  2.272E-03  2.258E-03  2.262E-03  2.262E-03  2.274E-03  2.256E-03  2.245E-03  2.250E-03  2.266E-03
  2.275E-03  2.287E-03  2.299E-03  2.317E-03  2.335E-03  2.350E-03  2.376E-03  2.385E-03  2.381E-03  2.402E-03
  2.420E-03  2.441E-03  2.463E-03  2.480E-03  2.504E-03  2.532E-03  2.557E-03  2.586E-03  2.609E-03  2.635E-03
  2.657E-03  2.688E-03  2.715E-03  2.737E-03  2.764E-03  2.787E-03  2.824E-03  2.851E-03  2.872E-03  2.903E-03
  2.931E-03  2.962E-03  2.994E-03  3.027E-03  3.055E-03  3.086E-03  3.116E-03  3.160E-03  3.204E-03  3.218E-03
  3.240E-03  3.264E-03  3.293E-03  3.328E-03  3.357E-03  3.387E-03  3.413E-03  3.445E-03  3.502E-03  3.501E-03
  3.533E-03  3.624E-03  3.599E-03  3.631E-03  3.670E-03  3.704E-03  3.735E-03  3.775E-03  3.810E-03  3.845E-03
  3.880E-03  3.933E-03  3.960E-03  3.987E-03  4.040E-03  4.061E-03  4.101E-03  4.148E-03  4.186E-03  4.223E-03
  4.259E-03  4.291E-03  4.336E-03  4.374E-03  4.402E-03  4.442E-03  4.492E-03  4.536E-03  4.570E-03  4.607E-03
  4.667E-03  4.750E-03  4.712E-03  4.749E-03  4.787E-03  4.827E-03  4.878E-03  4.918E-03  4.952E-03  4.981E-03
  5.020E-03  5.054E-03  5.096E-03  5.141E-03  5.193E-03  5.237E-03  5.266E-03  5.307E-03  5.359E-03  5.401E-03
  5.452E-03  5.498E-03  5.541E-03  5.585E-03  5.623E-03  5.667E-03  5.716E-03  5.765E-03  5.832E-03  5.893E-03
  5.937E-03  5.974E-03  6.012E-03  0.000E+00  0.000E+00  0.000E+00  0.000E+00  0.000E+00  0.000E+00  0.000E+00
  0.000E+00  0.000E+00  0.000E+00  0.000E+00  0.000E+00  0.000E+00  0.000E+00  0.000E+00  0.000E+00  0.000E+00
  0.000E+00  0.000E+00  0.000E+00  0.000E+00  0.000E+00

#------------------------------------------------------------------------------
z: xorg(1.03)
p: xfac[c2*0.05] form[c1/0.05] notc noxt noyt dmin(1)
p: ymin(0) ymax(1) xmin(0) xmax(1) cmin(1) cmax(100) nosp
hc: y= 0.005 to 0.995 by 0.01 ; x= 0.5 to 0.5 by 1 ;
 1  2  3  4  5  6  7  8  9 10 11 12 13 14 15 16 17 18 19 20
21 22 23 24 25 26 27 28 29 30 31 32 33 34 35 36 37 38 39 40
41 42 43 44 45 46 47 48 49 50 51 52 53 54 55 56 57 58 59 60
61 62 63 64 65 66 67 68 69 70 71 72 73 74 75 76 77 78 79 80
81 82 83 84 85 86 87 88 89 90 91 92 93 94 95 96 97 98 99 100
z: xorg(0.0)
p: xfac[c2*0.05] form[c1/0.05] nosp afac[c5*0.625] ymin[c3] ymax[c4]
p: noxt noxn ytxt(-1) ynum(-1) xltd(-1) xstd(-1) itic(1) ylog
y: Relative Error
#------------------------------------------------------------------------------

wt: s(0.7)
\vspace{-3}
  part. &=& neutron 
e:

#------------------------------------------------------------------------------
z: xorg[-1.03/0.05]
p: form[c1] xfac[c2] afac[c5] nosp notf
p: xmin( -15.00000    ) xmax(  35.00000    )
p: ymin(  0.000000    ) ymax(  3.000000    )
 
# Information for Restart Calculation
# This calculation was newly started
# istdev =  2 # 1:Batch variance, 2:History variance
# resc2  = 1.00918122299596806E-05 # Total source weight or Total source weight / maxcas
# resc3  = 1.00000000000000000E+08 # Total history number or Total batch number
# maxcas =    10000000 # History / Batch, only used for istdev=1
# rijklst=  -2.2723022018578912E+152 # Next initial random number
# bitrseed = 1101111110010001010110101011011001110100110101001100011110000101
