[ T-Deposit ]
    title = [t-deposit] in r-z mesh
     mesh =  r-z            # mesh type is r-z scoring mesh
       x0 =   0.000000      # center x-position of r-z mesh
       y0 =   0.000000      # center y-position of r-z mesh
   r-type =    2            # r-mesh is linear given by rmin, rmax and nr
     rmin =   0.000000      # minimum value of r-mesh points
     rmax =   3.000000      # maximum value of r-mesh points
#    rdel =   3.000000      # mesh width of r-mesh points
       nr =      1          # number of r-mesh points
#    data = ( r(i), i = 1, nr + 1 )
#           0.00000E+00  3.00000E+00
   z-type =    2            # z-mesh is linear given by zmin, zmax and nz
     zmin =  -15.00000      # minimum value of z-mesh points
     zmax =   35.00000      # maximum value of z-mesh points
#    zdel =  0.2222222      # mesh width of z-mesh points
       nz =    225          # number of z-mesh points
#    data = ( z(i), i = 1, nz + 1 )
#          -1.50000E+01 -1.47778E+01 -1.45556E+01 -1.43333E+01 -1.41111E+01
#          -1.38889E+01 -1.36667E+01 -1.34444E+01 -1.32222E+01 -1.30000E+01
#          -1.27778E+01 -1.25556E+01 -1.23333E+01 -1.21111E+01 -1.18889E+01
#          -1.16667E+01 -1.14444E+01 -1.12222E+01 -1.10000E+01 -1.07778E+01
#          -1.05556E+01 -1.03333E+01 -1.01111E+01 -9.88889E+00 -9.66667E+00
#          -9.44444E+00 -9.22222E+00 -9.00000E+00 -8.77778E+00 -8.55556E+00
#          -8.33333E+00 -8.11111E+00 -7.88889E+00 -7.66667E+00 -7.44444E+00
#          -7.22222E+00 -7.00000E+00 -6.77778E+00 -6.55556E+00 -6.33333E+00
#          -6.11111E+00 -5.88889E+00 -5.66667E+00 -5.44444E+00 -5.22222E+00
#          -5.00000E+00 -4.77778E+00 -4.55556E+00 -4.33333E+00 -4.11111E+00
#          -3.88889E+00 -3.66667E+00 -3.44444E+00 -3.22222E+00 -3.00000E+00
#          -2.77778E+00 -2.55556E+00 -2.33333E+00 -2.11111E+00 -1.88889E+00
#          -1.66667E+00 -1.44444E+00 -1.22222E+00 -1.00000E+00 -7.77778E-01
#          -5.55556E-01 -3.33333E-01 -1.11111E-01  1.11111E-01  3.33333E-01
#           5.55556E-01  7.77778E-01  1.00000E+00  1.22222E+00  1.44444E+00
#           1.66667E+00  1.88889E+00  2.11111E+00  2.33333E+00  2.55556E+00
#           2.77778E+00  3.00000E+00  3.22222E+00  3.44444E+00  3.66667E+00
#           3.88889E+00  4.11111E+00  4.33333E+00  4.55556E+00  4.77778E+00
#           5.00000E+00  5.22222E+00  5.44444E+00  5.66667E+00  5.88889E+00
#           6.11111E+00  6.33333E+00  6.55556E+00  6.77778E+00  7.00000E+00
#           7.22222E+00  7.44444E+00  7.66667E+00  7.88889E+00  8.11111E+00
#           8.33333E+00  8.55556E+00  8.77778E+00  9.00000E+00  9.22222E+00
#           9.44444E+00  9.66667E+00  9.88889E+00  1.01111E+01  1.03333E+01
#           1.05556E+01  1.07778E+01  1.10000E+01  1.12222E+01  1.14444E+01
#           1.16667E+01  1.18889E+01  1.21111E+01  1.23333E+01  1.25556E+01
#           1.27778E+01  1.30000E+01  1.32222E+01  1.34444E+01  1.36667E+01
#           1.38889E+01  1.41111E+01  1.43333E+01  1.45556E+01  1.47778E+01
#           1.50000E+01  1.52222E+01  1.54444E+01  1.56667E+01  1.58889E+01
#           1.61111E+01  1.63333E+01  1.65556E+01  1.67778E+01  1.70000E+01
#           1.72222E+01  1.74444E+01  1.76667E+01  1.78889E+01  1.81111E+01
#           1.83333E+01  1.85556E+01  1.87778E+01  1.90000E+01  1.92222E+01
#           1.94444E+01  1.96667E+01  1.98889E+01  2.01111E+01  2.03333E+01
#           2.05556E+01  2.07778E+01  2.10000E+01  2.12222E+01  2.14444E+01
#           2.16667E+01  2.18889E+01  2.21111E+01  2.23333E+01  2.25556E+01
#           2.27778E+01  2.30000E+01  2.32222E+01  2.34444E+01  2.36667E+01
#           2.38889E+01  2.41111E+01  2.43333E+01  2.45556E+01  2.47778E+01
#           2.50000E+01  2.52222E+01  2.54444E+01  2.56667E+01  2.58889E+01
#           2.61111E+01  2.63333E+01  2.65556E+01  2.67778E+01  2.70000E+01
#           2.72222E+01  2.74444E+01  2.76667E+01  2.78889E+01  2.81111E+01
#           2.83333E+01  2.85556E+01  2.87778E+01  2.90000E+01  2.92222E+01
#           2.94444E+01  2.96667E+01  2.98889E+01  3.01111E+01  3.03333E+01
#           3.05556E+01  3.07778E+01  3.10000E+01  3.12222E+01  3.14444E+01
#           3.16667E+01  3.18889E+01  3.21111E+01  3.23333E+01  3.25556E+01
#           3.27778E+01  3.30000E+01  3.32222E+01  3.34444E+01  3.36667E+01
#           3.38889E+01  3.41111E+01  3.43333E+01  3.45556E+01  3.47778E+01
#           3.50000E+01
     unit =    0            # unit is [Gy/source]
   letmat =    0            # (D=0) mat ID for LET, 0:real mat, <0: electron for H2O
  dedxfnc =    0            # (D=0) user defined multiplier, 0(no), 1, 2
 material =  all            # (D=all) number of specific material
   output =  dose           # total deposit energy
  deposit =    0            # (D=0) 0-> total deposit dist, 1-> each process
  2D-type =    3            # 1:Cont, 2:Clust, 3:Color, 4:xyz, 5:mat, 6:Clust+Cont, 7:Col+Cont
     axis =    rz           # axis of output
     file = deposit_r_all.out  # file name of output for the above axis
     part =  all        electron   photon     neutron  
# kf/name :  0          11         22         2112     
    gshow =    1            # 0: no 1:bnd, 2:bnd+mat, 3:bnd+reg 4:bnd+lat 5:bmp style
    resol =    1            # (D=1) resolution of gshow or rshow
    width = 0.5000000       # (D=0.5) width of lines for gshow or rshow
   epsout =    1            # (D=0) generate eps file by ANGEL
#    used :        main (  %)        temp (  %)       total (  %)
#  memory :         231 (  0)           0 (  0)         231 (  0)

#------------------------------------------------------------------------------
#newpage:
#   no. =  1   part. = all     

'no. =  1'
msuc: {\huge [t-deposit] in r-z mesh}
msdr: {\it plotted by \ANGEL \version}
msdl: {\it calculated by \PHITS  3.24}

x: z [cm]
y: r [cm]
set: c1[ 0.060] c2[ 3.674] c5[ 0.800] c6[ 0.374] c7[ 0.000] c8[ 6.267]
p: h2fs form[c1] xfac[c2] afac[c5] scal[c6] xorg[c7] yorg[c8] nosp
set: c3[   1.672332E-09] c4[   2.827570E-02]
p: cmin[c3] cmax[c4]
p: dmin(1e-31)
p: zlog
p: xmin( -15.00000    ) xmax(  35.00000    )
p: ymin(  0.000000    ) ymax(  3.000000    )
#  nr =   1   nz = 225
# ( ( data(z,r), z = 1, nz ), r = nr, 1, -1 )

hc:  y =   1.500000     to   1.500000     by   3.000000     ; x =  -14.88889     to   34.88889     by  0.2222222     ;
  2.693E-03  2.982E-03  3.055E-03  3.816E-03  3.888E-03  3.812E-03  3.758E-03  3.607E-03  3.682E-03  3.685E-03
  3.744E-03  3.724E-03  3.638E-03  3.812E-03  3.775E-03  5.577E-03  4.272E-03  5.102E-03  7.158E-03  6.965E-03
  7.788E-03  7.604E-03  1.135E-02  6.317E-03  5.746E-03  5.906E-03  5.212E-03  5.057E-03  4.912E-03  4.941E-03
  4.979E-03  5.115E-03  5.412E-03  5.283E-03  5.683E-03  5.743E-03  5.503E-03  5.647E-03  5.803E-03  6.140E-03
  6.414E-03  6.955E-03  7.610E-03  7.968E-03  8.541E-03  1.959E-02  2.828E-02  1.362E-02  1.784E-02  1.397E-02
  1.657E-02  1.212E-02  1.229E-02  1.164E-02  1.193E-02  1.266E-02  1.631E-02  1.301E-02  1.300E-02  1.343E-02
  1.504E-02  1.394E-02  1.351E-02  1.345E-02  2.229E-02  1.959E-02  1.677E-02  1.535E-02  8.040E-03  6.282E-03
  9.021E-03  7.517E-03  1.353E-02  1.198E-02  8.612E-03  5.958E-03  1.122E-02  1.009E-02  1.112E-02  9.969E-03
  4.888E-03  6.755E-03  5.970E-03  1.080E-02  1.099E-02  7.123E-03  6.527E-03  8.932E-03  1.074E-02  7.707E-03
  1.015E-02  9.038E-03  7.640E-03  5.193E-03  7.091E-03  7.227E-03  6.779E-03  4.769E-03  4.389E-03  6.122E-03
  7.963E-03  6.387E-03  6.211E-03  3.765E-03  5.068E-03  2.727E-03  5.182E-03  3.668E-03  3.986E-03  3.967E-03
  5.641E-03  2.985E-03  3.047E-03  2.583E-03  3.123E-03  3.420E-03  3.884E-03  3.814E-03  2.175E-03  2.245E-03
  1.553E-03  1.953E-03  5.887E-03  2.443E-03  2.563E-03  9.691E-04  1.070E-03  6.974E-04  1.962E-03  2.698E-03
  2.419E-03  1.932E-03  6.793E-04  9.375E-04  5.167E-04  2.227E-03  9.444E-04  1.295E-03  1.306E-03  1.091E-03
  6.647E-04  5.381E-04  8.482E-04  1.384E-03  3.639E-03  2.062E-03  1.039E-03  1.391E-04  1.310E-03  7.829E-04
  7.469E-04  6.120E-04  1.197E-03  1.099E-03  1.976E-04  2.130E-03  2.571E-03  5.802E-04  1.443E-03  8.622E-04
  1.144E-03  5.798E-04  8.196E-04  5.201E-05  6.325E-04  1.033E-03  7.431E-04  8.765E-04  1.697E-04  2.416E-06
  6.389E-04  2.208E-04  2.771E-04  5.203E-04  8.648E-05  5.290E-04  6.452E-04  2.886E-06  4.000E-04  8.381E-04
  1.602E-03  1.435E-05  1.776E-04  1.636E-04  3.062E-04  3.511E-04  9.253E-04  3.049E-04  6.321E-05  3.631E-05
  1.330E-04  4.522E-04  2.281E-04  8.887E-04  4.256E-05  1.942E-04  5.143E-04  1.539E-03  1.595E-03  7.320E-04
  1.321E-03  1.328E-06  5.448E-05  0.000E+00  0.000E+00  0.000E+00  0.000E+00  0.000E+00  0.000E+00  0.000E+00
  0.000E+00  0.000E+00  0.000E+00  0.000E+00  0.000E+00  0.000E+00  0.000E+00  0.000E+00  0.000E+00  0.000E+00
  0.000E+00  0.000E+00  0.000E+00  0.000E+00  0.000E+00

#------------------------------------------------------------------------------
z: xorg(1.03)
p: xfac[c2*0.05] form[c1/0.05] notc noxt noyt dmin(1)
p: ymin(0) ymax(1) xmin(0) xmax(1) cmin(1) cmax(100) nosp
hc: y= 0.005 to 0.995 by 0.01 ; x= 0.5 to 0.5 by 1 ;
 1  2  3  4  5  6  7  8  9 10 11 12 13 14 15 16 17 18 19 20
21 22 23 24 25 26 27 28 29 30 31 32 33 34 35 36 37 38 39 40
41 42 43 44 45 46 47 48 49 50 51 52 53 54 55 56 57 58 59 60
61 62 63 64 65 66 67 68 69 70 71 72 73 74 75 76 77 78 79 80
81 82 83 84 85 86 87 88 89 90 91 92 93 94 95 96 97 98 99 100
z: xorg(0.0)
p: xfac[c2*0.05] form[c1/0.05] nosp afac[c5*0.625] ymin[c3] ymax[c4]
p: noxt noxn ytxt(-1) ynum(-1) xltd(-1) xstd(-1) itic(1) ylog
y: Dose [Gy/source]      
#------------------------------------------------------------------------------

wt: s(0.7)
\vspace{-3}
  part. &=& all     
e:

#------------------------------------------------------------------------------
z: xorg[-1.03/0.05]
p: form[c1] xfac[c2] afac[c5] nosp notf
p: xmin( -15.00000    ) xmax(  35.00000    )
p: ymin(  0.000000    ) ymax(  3.000000    )

#------------------------------------------------------------------------------
 newpage:
#   no. =  2   part. = electron

'no. =  2'
msuc: {\huge [t-deposit] in r-z mesh}
msdr: {\it plotted by \ANGEL \version}
msdl: {\it calculated by \PHITS  3.24}

x: z [cm]
y: r [cm]
set: c1[ 0.060] c2[ 3.674] c5[ 0.800] c6[ 0.374] c7[ 0.000] c8[ 6.267]
p: h2fs form[c1] xfac[c2] afac[c5] scal[c6] xorg[c7] yorg[c8] nosp
set: c3[   1.672332E-09] c4[   2.827570E-02]
p: cmin[c3] cmax[c4]
p: dmin(1e-31)
p: zlog
p: xmin( -15.00000    ) xmax(  35.00000    )
p: ymin(  0.000000    ) ymax(  3.000000    )
#  nr =   1   nz = 225
# ( ( data(z,r), z = 1, nz ), r = nr, 1, -1 )

hc:  y =   1.500000     to   1.500000     by   3.000000     ; x =  -14.88889     to   34.88889     by  0.2222222     ;
  5.951E-04  7.213E-04  7.119E-04  1.435E-03  1.410E-03  1.417E-03  1.431E-03  1.430E-03  1.456E-03  1.433E-03
  1.431E-03  1.409E-03  1.411E-03  1.392E-03  1.223E-03  3.067E-03  1.769E-03  2.581E-03  2.469E-03  2.475E-03
  3.167E-03  2.944E-03  6.690E-03  1.637E-03  1.073E-03  1.075E-03  1.294E-04  0.000E+00  0.000E+00  0.000E+00
  0.000E+00  0.000E+00  0.000E+00  0.000E+00  0.000E+00  0.000E+00  0.000E+00  0.000E+00  0.000E+00  2.940E-04
  3.973E-04  6.927E-04  1.147E-03  1.234E-03  1.263E-03  1.261E-02  2.095E-02  6.207E-03  1.019E-02  6.165E-03
  8.223E-03  3.703E-03  3.217E-03  2.026E-03  2.033E-03  2.192E-03  5.382E-03  2.249E-03  1.866E-03  1.865E-03
  3.044E-03  1.882E-03  1.645E-03  1.137E-03  9.863E-03  6.412E-03  3.388E-03  7.560E-03  5.807E-03  3.901E-03
  7.518E-03  6.222E-03  1.235E-02  1.082E-02  7.115E-03  4.926E-03  9.801E-03  9.177E-03  1.025E-02  9.252E-03
  4.250E-03  6.225E-03  5.439E-03  1.012E-02  1.038E-02  6.736E-03  6.228E-03  8.670E-03  1.045E-02  7.427E-03
  9.888E-03  8.791E-03  7.395E-03  4.927E-03  6.840E-03  6.929E-03  6.446E-03  4.451E-03  3.776E-03  5.626E-03
  7.774E-03  6.173E-03  5.924E-03  3.409E-03  4.651E-03  2.514E-03  4.988E-03  3.552E-03  3.870E-03  3.852E-03
  5.526E-03  2.871E-03  2.941E-03  2.477E-03  3.018E-03  3.314E-03  3.779E-03  3.709E-03  2.069E-03  2.140E-03
  1.397E-03  1.720E-03  5.721E-03  2.441E-03  2.547E-03  8.712E-04  1.069E-03  6.956E-04  1.961E-03  2.697E-03
  2.418E-03  1.931E-03  6.783E-04  9.367E-04  5.160E-04  2.227E-03  9.439E-04  1.294E-03  1.306E-03  1.091E-03
  6.644E-04  5.379E-04  8.479E-04  1.384E-03  3.639E-03  2.062E-03  1.039E-03  1.390E-04  1.309E-03  7.821E-04
  7.468E-04  6.118E-04  1.197E-03  1.099E-03  1.974E-04  2.130E-03  2.571E-03  5.801E-04  1.443E-03  8.620E-04
  1.143E-03  5.796E-04  8.194E-04  5.187E-05  6.324E-04  1.033E-03  7.430E-04  8.764E-04  1.696E-04  2.397E-06
  6.389E-04  2.208E-04  2.771E-04  5.203E-04  8.647E-05  5.290E-04  6.451E-04  2.847E-06  3.999E-04  8.381E-04
  1.602E-03  1.434E-05  1.776E-04  1.636E-04  3.062E-04  3.511E-04  9.253E-04  3.049E-04  6.321E-05  3.631E-05
  1.330E-04  4.522E-04  2.281E-04  8.887E-04  4.256E-05  1.942E-04  5.143E-04  1.539E-03  1.595E-03  7.320E-04
  1.321E-03  1.328E-06  5.448E-05  0.000E+00  0.000E+00  0.000E+00  0.000E+00  0.000E+00  0.000E+00  0.000E+00
  0.000E+00  0.000E+00  0.000E+00  0.000E+00  0.000E+00  0.000E+00  0.000E+00  0.000E+00  0.000E+00  0.000E+00
  0.000E+00  0.000E+00  0.000E+00  0.000E+00  0.000E+00

#------------------------------------------------------------------------------
z: xorg(1.03)
p: xfac[c2*0.05] form[c1/0.05] notc noxt noyt dmin(1)
p: ymin(0) ymax(1) xmin(0) xmax(1) cmin(1) cmax(100) nosp
hc: y= 0.005 to 0.995 by 0.01 ; x= 0.5 to 0.5 by 1 ;
 1  2  3  4  5  6  7  8  9 10 11 12 13 14 15 16 17 18 19 20
21 22 23 24 25 26 27 28 29 30 31 32 33 34 35 36 37 38 39 40
41 42 43 44 45 46 47 48 49 50 51 52 53 54 55 56 57 58 59 60
61 62 63 64 65 66 67 68 69 70 71 72 73 74 75 76 77 78 79 80
81 82 83 84 85 86 87 88 89 90 91 92 93 94 95 96 97 98 99 100
z: xorg(0.0)
p: xfac[c2*0.05] form[c1/0.05] nosp afac[c5*0.625] ymin[c3] ymax[c4]
p: noxt noxn ytxt(-1) ynum(-1) xltd(-1) xstd(-1) itic(1) ylog
y: Dose [Gy/source]      
#------------------------------------------------------------------------------

wt: s(0.7)
\vspace{-3}
  part. &=& electron
e:

#------------------------------------------------------------------------------
z: xorg[-1.03/0.05]
p: form[c1] xfac[c2] afac[c5] nosp notf
p: xmin( -15.00000    ) xmax(  35.00000    )
p: ymin(  0.000000    ) ymax(  3.000000    )

#------------------------------------------------------------------------------
 newpage:
#   no. =  3   part. = photon  

'no. =  3'
msuc: {\huge [t-deposit] in r-z mesh}
msdr: {\it plotted by \ANGEL \version}
msdl: {\it calculated by \PHITS  3.24}

x: z [cm]
y: r [cm]
set: c1[ 0.060] c2[ 3.674] c5[ 0.800] c6[ 0.374] c7[ 0.000] c8[ 6.267]
p: h2fs form[c1] xfac[c2] afac[c5] scal[c6] xorg[c7] yorg[c8] nosp
set: c3[   1.672332E-09] c4[   2.827570E-02]
p: cmin[c3] cmax[c4]
p: dmin(1e-31)
p: zlog
p: xmin( -15.00000    ) xmax(  35.00000    )
p: ymin(  0.000000    ) ymax(  3.000000    )
#  nr =   1   nz = 225
# ( ( data(z,r), z = 1, nz ), r = nr, 1, -1 )

hc:  y =   1.500000     to   1.500000     by   3.000000     ; x =  -14.88889     to   34.88889     by  0.2222222     ;
  0.000E+00  0.000E+00  0.000E+00  0.000E+00  0.000E+00  0.000E+00  0.000E+00  0.000E+00  0.000E+00  0.000E+00
  0.000E+00  0.000E+00  0.000E+00  0.000E+00  0.000E+00  0.000E+00  0.000E+00  0.000E+00  0.000E+00  0.000E+00
  0.000E+00  0.000E+00  0.000E+00  0.000E+00  0.000E+00  0.000E+00  0.000E+00  0.000E+00  0.000E+00  0.000E+00
  0.000E+00  0.000E+00  0.000E+00  0.000E+00  0.000E+00  0.000E+00  0.000E+00  0.000E+00  0.000E+00  0.000E+00
  0.000E+00  0.000E+00  0.000E+00  0.000E+00  0.000E+00  0.000E+00  0.000E+00  0.000E+00  0.000E+00  0.000E+00
  0.000E+00  0.000E+00  0.000E+00  0.000E+00  0.000E+00  0.000E+00  0.000E+00  0.000E+00  0.000E+00  0.000E+00
  0.000E+00  0.000E+00  0.000E+00  0.000E+00  0.000E+00  0.000E+00  0.000E+00  0.000E+00  0.000E+00  0.000E+00
  0.000E+00  0.000E+00  0.000E+00  0.000E+00  0.000E+00  0.000E+00  0.000E+00  0.000E+00  0.000E+00  0.000E+00
  0.000E+00  0.000E+00  0.000E+00  0.000E+00  0.000E+00  0.000E+00  0.000E+00  0.000E+00  0.000E+00  0.000E+00
  0.000E+00  0.000E+00  0.000E+00  0.000E+00  0.000E+00  0.000E+00  0.000E+00  0.000E+00  0.000E+00  0.000E+00
  0.000E+00  0.000E+00  0.000E+00  0.000E+00  0.000E+00  0.000E+00  0.000E+00  0.000E+00  0.000E+00  0.000E+00
  0.000E+00  0.000E+00  0.000E+00  0.000E+00  0.000E+00  0.000E+00  0.000E+00  0.000E+00  0.000E+00  0.000E+00
  0.000E+00  0.000E+00  0.000E+00  0.000E+00  0.000E+00  0.000E+00  0.000E+00  0.000E+00  0.000E+00  0.000E+00
  0.000E+00  0.000E+00  0.000E+00  0.000E+00  0.000E+00  0.000E+00  0.000E+00  0.000E+00  0.000E+00  0.000E+00
  0.000E+00  0.000E+00  0.000E+00  0.000E+00  0.000E+00  0.000E+00  0.000E+00  0.000E+00  0.000E+00  6.632E-07
  0.000E+00  0.000E+00  0.000E+00  0.000E+00  0.000E+00  0.000E+00  0.000E+00  0.000E+00  0.000E+00  0.000E+00
  0.000E+00  0.000E+00  0.000E+00  0.000E+00  0.000E+00  0.000E+00  0.000E+00  0.000E+00  0.000E+00  0.000E+00
  0.000E+00  0.000E+00  0.000E+00  0.000E+00  0.000E+00  0.000E+00  0.000E+00  0.000E+00  0.000E+00  0.000E+00
  0.000E+00  0.000E+00  0.000E+00  0.000E+00  0.000E+00  0.000E+00  0.000E+00  0.000E+00  0.000E+00  0.000E+00
  0.000E+00  0.000E+00  0.000E+00  0.000E+00  0.000E+00  0.000E+00  0.000E+00  0.000E+00  0.000E+00  0.000E+00
  0.000E+00  0.000E+00  0.000E+00  0.000E+00  0.000E+00  0.000E+00  0.000E+00  0.000E+00  0.000E+00  0.000E+00
  0.000E+00  0.000E+00  0.000E+00  0.000E+00  0.000E+00  0.000E+00  0.000E+00  0.000E+00  0.000E+00  0.000E+00
  0.000E+00  0.000E+00  0.000E+00  0.000E+00  0.000E+00

#------------------------------------------------------------------------------
z: xorg(1.03)
p: xfac[c2*0.05] form[c1/0.05] notc noxt noyt dmin(1)
p: ymin(0) ymax(1) xmin(0) xmax(1) cmin(1) cmax(100) nosp
hc: y= 0.005 to 0.995 by 0.01 ; x= 0.5 to 0.5 by 1 ;
 1  2  3  4  5  6  7  8  9 10 11 12 13 14 15 16 17 18 19 20
21 22 23 24 25 26 27 28 29 30 31 32 33 34 35 36 37 38 39 40
41 42 43 44 45 46 47 48 49 50 51 52 53 54 55 56 57 58 59 60
61 62 63 64 65 66 67 68 69 70 71 72 73 74 75 76 77 78 79 80
81 82 83 84 85 86 87 88 89 90 91 92 93 94 95 96 97 98 99 100
z: xorg(0.0)
p: xfac[c2*0.05] form[c1/0.05] nosp afac[c5*0.625] ymin[c3] ymax[c4]
p: noxt noxn ytxt(-1) ynum(-1) xltd(-1) xstd(-1) itic(1) ylog
y: Dose [Gy/source]      
#------------------------------------------------------------------------------

wt: s(0.7)
\vspace{-3}
  part. &=& photon  
e:

#------------------------------------------------------------------------------
z: xorg[-1.03/0.05]
p: form[c1] xfac[c2] afac[c5] nosp notf
p: xmin( -15.00000    ) xmax(  35.00000    )
p: ymin(  0.000000    ) ymax(  3.000000    )

#------------------------------------------------------------------------------
 newpage:
#   no. =  4   part. = neutron 

'no. =  4'
msuc: {\huge [t-deposit] in r-z mesh}
msdr: {\it plotted by \ANGEL \version}
msdl: {\it calculated by \PHITS  3.24}

x: z [cm]
y: r [cm]
set: c1[ 0.060] c2[ 3.674] c5[ 0.800] c6[ 0.374] c7[ 0.000] c8[ 6.267]
p: h2fs form[c1] xfac[c2] afac[c5] scal[c6] xorg[c7] yorg[c8] nosp
set: c3[   1.672332E-09] c4[   2.827570E-02]
p: cmin[c3] cmax[c4]
p: dmin(1e-31)
p: zlog
p: xmin( -15.00000    ) xmax(  35.00000    )
p: ymin(  0.000000    ) ymax(  3.000000    )
#  nr =   1   nz = 225
# ( ( data(z,r), z = 1, nz ), r = nr, 1, -1 )

hc:  y =   1.500000     to   1.500000     by   3.000000     ; x =  -14.88889     to   34.88889     by  0.2222222     ;
  2.098E-03  2.261E-03  2.343E-03  2.382E-03  2.478E-03  2.395E-03  2.327E-03  2.177E-03  2.226E-03  2.253E-03
  2.313E-03  2.315E-03  2.227E-03  2.421E-03  2.553E-03  2.510E-03  2.503E-03  2.521E-03  4.689E-03  4.491E-03
  4.622E-03  4.660E-03  4.662E-03  4.681E-03  4.672E-03  4.832E-03  5.083E-03  5.057E-03  4.912E-03  4.941E-03
  4.979E-03  5.115E-03  5.412E-03  5.283E-03  5.683E-03  5.743E-03  5.503E-03  5.647E-03  5.803E-03  5.846E-03
  6.017E-03  6.262E-03  6.463E-03  6.734E-03  7.278E-03  6.975E-03  7.326E-03  7.413E-03  7.656E-03  7.805E-03
  8.349E-03  8.416E-03  9.070E-03  9.610E-03  9.894E-03  1.047E-02  1.093E-02  1.076E-02  1.114E-02  1.157E-02
  1.199E-02  1.205E-02  1.187E-02  1.231E-02  1.243E-02  1.317E-02  1.338E-02  7.789E-03  2.233E-03  2.381E-03
  1.503E-03  1.295E-03  1.174E-03  1.165E-03  1.497E-03  1.032E-03  1.051E-03  9.128E-04  8.709E-04  7.166E-04
  6.385E-04  5.297E-04  5.303E-04  4.531E-04  4.022E-04  3.867E-04  2.988E-04  2.616E-04  2.930E-04  2.805E-04
  2.652E-04  2.469E-04  2.451E-04  2.656E-04  2.516E-04  2.975E-04  3.337E-04  3.176E-04  6.126E-04  4.961E-04
  1.677E-04  2.135E-04  2.877E-04  2.321E-04  2.687E-04  2.126E-04  1.943E-04  1.166E-04  1.160E-04  1.154E-04
  1.143E-04  1.133E-04  1.060E-04  1.059E-04  1.055E-04  1.054E-04  1.048E-04  1.050E-04  1.056E-04  1.053E-04
  1.561E-04  2.327E-04  1.657E-04  2.512E-06  1.881E-06  1.857E-06  1.764E-06  1.843E-06  1.478E-06  1.216E-06
  1.270E-06  1.132E-06  9.663E-07  7.868E-07  6.477E-07  6.383E-07  4.483E-07  5.495E-07  4.298E-07  4.158E-07
  2.993E-07  2.695E-07  2.360E-07  2.042E-07  1.821E-07  1.840E-07  1.337E-07  1.349E-07  1.559E-07  1.616E-07
  1.375E-07  1.700E-07  1.974E-07  1.549E-07  1.669E-07  1.490E-07  7.801E-08  8.452E-08  7.825E-08  1.306E-07
  1.908E-07  1.522E-07  1.589E-07  1.317E-07  1.263E-07  5.892E-08  8.942E-08  7.628E-08  9.990E-08  1.978E-08
  2.903E-08  4.281E-09  0.000E+00  1.672E-09  7.327E-09  6.005E-09  7.547E-08  3.856E-08  3.742E-08  6.310E-09
  1.592E-08  1.400E-08  4.655E-09  1.003E-08  2.209E-09  0.000E+00  0.000E+00  0.000E+00  0.000E+00  0.000E+00
  0.000E+00  0.000E+00  0.000E+00  0.000E+00  0.000E+00  0.000E+00  0.000E+00  0.000E+00  0.000E+00  0.000E+00
  0.000E+00  0.000E+00  0.000E+00  0.000E+00  0.000E+00  0.000E+00  0.000E+00  0.000E+00  0.000E+00  0.000E+00
  0.000E+00  0.000E+00  0.000E+00  0.000E+00  0.000E+00  0.000E+00  0.000E+00  0.000E+00  0.000E+00  0.000E+00
  0.000E+00  0.000E+00  0.000E+00  0.000E+00  0.000E+00

#------------------------------------------------------------------------------
z: xorg(1.03)
p: xfac[c2*0.05] form[c1/0.05] notc noxt noyt dmin(1)
p: ymin(0) ymax(1) xmin(0) xmax(1) cmin(1) cmax(100) nosp
hc: y= 0.005 to 0.995 by 0.01 ; x= 0.5 to 0.5 by 1 ;
 1  2  3  4  5  6  7  8  9 10 11 12 13 14 15 16 17 18 19 20
21 22 23 24 25 26 27 28 29 30 31 32 33 34 35 36 37 38 39 40
41 42 43 44 45 46 47 48 49 50 51 52 53 54 55 56 57 58 59 60
61 62 63 64 65 66 67 68 69 70 71 72 73 74 75 76 77 78 79 80
81 82 83 84 85 86 87 88 89 90 91 92 93 94 95 96 97 98 99 100
z: xorg(0.0)
p: xfac[c2*0.05] form[c1/0.05] nosp afac[c5*0.625] ymin[c3] ymax[c4]
p: noxt noxn ytxt(-1) ynum(-1) xltd(-1) xstd(-1) itic(1) ylog
y: Dose [Gy/source]      
#------------------------------------------------------------------------------

wt: s(0.7)
\vspace{-3}
  part. &=& neutron 
e:

#------------------------------------------------------------------------------
z: xorg[-1.03/0.05]
p: form[c1] xfac[c2] afac[c5] nosp notf
p: xmin( -15.00000    ) xmax(  35.00000    )
p: ymin(  0.000000    ) ymax(  3.000000    )
 
# Information for Restart Calculation
# This calculation was newly started
# istdev =  2 # 1:Batch variance, 2:History variance
# resc2  = 2.01836244544406141E-08 # Total source weight or Total source weight / maxcas
# resc3  = 2.00000000000000000E+05 # Total history number or Total batch number
# maxcas =       10000 # History / Batch, only used for istdev=1
# rijklst=   3.5430395944448835E+294 # Next initial random number
# bitrseed = 0111110100010110001100001010110110100011111100000101000000001001
