[ T-Deposit ]
    title = [t-deposit] in r-z mesh
     mesh =  r-z            # mesh type is r-z scoring mesh
       x0 =   0.000000      # center x-position of r-z mesh
       y0 =   0.000000      # center y-position of r-z mesh
   r-type =    2            # r-mesh is linear given by rmin, rmax and nr
     rmin =   0.000000      # minimum value of r-mesh points
     rmax =   3.000000      # maximum value of r-mesh points
#    rdel =   3.000000      # mesh width of r-mesh points
       nr =      1          # number of r-mesh points
#    data = ( r(i), i = 1, nr + 1 )
#           0.00000E+00  3.00000E+00
   z-type =    2            # z-mesh is linear given by zmin, zmax and nz
     zmin =  -15.00000      # minimum value of z-mesh points
     zmax =   35.00000      # maximum value of z-mesh points
#    zdel =  0.2222222      # mesh width of z-mesh points
       nz =    225          # number of z-mesh points
#    data = ( z(i), i = 1, nz + 1 )
#          -1.50000E+01 -1.47778E+01 -1.45556E+01 -1.43333E+01 -1.41111E+01
#          -1.38889E+01 -1.36667E+01 -1.34444E+01 -1.32222E+01 -1.30000E+01
#          -1.27778E+01 -1.25556E+01 -1.23333E+01 -1.21111E+01 -1.18889E+01
#          -1.16667E+01 -1.14444E+01 -1.12222E+01 -1.10000E+01 -1.07778E+01
#          -1.05556E+01 -1.03333E+01 -1.01111E+01 -9.88889E+00 -9.66667E+00
#          -9.44444E+00 -9.22222E+00 -9.00000E+00 -8.77778E+00 -8.55556E+00
#          -8.33333E+00 -8.11111E+00 -7.88889E+00 -7.66667E+00 -7.44444E+00
#          -7.22222E+00 -7.00000E+00 -6.77778E+00 -6.55556E+00 -6.33333E+00
#          -6.11111E+00 -5.88889E+00 -5.66667E+00 -5.44444E+00 -5.22222E+00
#          -5.00000E+00 -4.77778E+00 -4.55556E+00 -4.33333E+00 -4.11111E+00
#          -3.88889E+00 -3.66667E+00 -3.44444E+00 -3.22222E+00 -3.00000E+00
#          -2.77778E+00 -2.55556E+00 -2.33333E+00 -2.11111E+00 -1.88889E+00
#          -1.66667E+00 -1.44444E+00 -1.22222E+00 -1.00000E+00 -7.77778E-01
#          -5.55556E-01 -3.33333E-01 -1.11111E-01  1.11111E-01  3.33333E-01
#           5.55556E-01  7.77778E-01  1.00000E+00  1.22222E+00  1.44444E+00
#           1.66667E+00  1.88889E+00  2.11111E+00  2.33333E+00  2.55556E+00
#           2.77778E+00  3.00000E+00  3.22222E+00  3.44444E+00  3.66667E+00
#           3.88889E+00  4.11111E+00  4.33333E+00  4.55556E+00  4.77778E+00
#           5.00000E+00  5.22222E+00  5.44444E+00  5.66667E+00  5.88889E+00
#           6.11111E+00  6.33333E+00  6.55556E+00  6.77778E+00  7.00000E+00
#           7.22222E+00  7.44444E+00  7.66667E+00  7.88889E+00  8.11111E+00
#           8.33333E+00  8.55556E+00  8.77778E+00  9.00000E+00  9.22222E+00
#           9.44444E+00  9.66667E+00  9.88889E+00  1.01111E+01  1.03333E+01
#           1.05556E+01  1.07778E+01  1.10000E+01  1.12222E+01  1.14444E+01
#           1.16667E+01  1.18889E+01  1.21111E+01  1.23333E+01  1.25556E+01
#           1.27778E+01  1.30000E+01  1.32222E+01  1.34444E+01  1.36667E+01
#           1.38889E+01  1.41111E+01  1.43333E+01  1.45556E+01  1.47778E+01
#           1.50000E+01  1.52222E+01  1.54444E+01  1.56667E+01  1.58889E+01
#           1.61111E+01  1.63333E+01  1.65556E+01  1.67778E+01  1.70000E+01
#           1.72222E+01  1.74444E+01  1.76667E+01  1.78889E+01  1.81111E+01
#           1.83333E+01  1.85556E+01  1.87778E+01  1.90000E+01  1.92222E+01
#           1.94444E+01  1.96667E+01  1.98889E+01  2.01111E+01  2.03333E+01
#           2.05556E+01  2.07778E+01  2.10000E+01  2.12222E+01  2.14444E+01
#           2.16667E+01  2.18889E+01  2.21111E+01  2.23333E+01  2.25556E+01
#           2.27778E+01  2.30000E+01  2.32222E+01  2.34444E+01  2.36667E+01
#           2.38889E+01  2.41111E+01  2.43333E+01  2.45556E+01  2.47778E+01
#           2.50000E+01  2.52222E+01  2.54444E+01  2.56667E+01  2.58889E+01
#           2.61111E+01  2.63333E+01  2.65556E+01  2.67778E+01  2.70000E+01
#           2.72222E+01  2.74444E+01  2.76667E+01  2.78889E+01  2.81111E+01
#           2.83333E+01  2.85556E+01  2.87778E+01  2.90000E+01  2.92222E+01
#           2.94444E+01  2.96667E+01  2.98889E+01  3.01111E+01  3.03333E+01
#           3.05556E+01  3.07778E+01  3.10000E+01  3.12222E+01  3.14444E+01
#           3.16667E+01  3.18889E+01  3.21111E+01  3.23333E+01  3.25556E+01
#           3.27778E+01  3.30000E+01  3.32222E+01  3.34444E+01  3.36667E+01
#           3.38889E+01  3.41111E+01  3.43333E+01  3.45556E+01  3.47778E+01
#           3.50000E+01
     unit =    0            # unit is [Gy/source]
   letmat =    0            # (D=0) mat ID for LET, 0:real mat, <0: electron for H2O
  dedxfnc =    0            # (D=0) user defined multiplier, 0(no), 1, 2
 material =  all            # (D=all) number of specific material
   output =  dose           # total deposit energy
  deposit =    0            # (D=0) 0-> total deposit dist, 1-> each process
  2D-type =    3            # 1:Cont, 2:Clust, 3:Color, 4:xyz, 5:mat, 6:Clust+Cont, 7:Col+Cont
     axis =    rz           # axis of output
     file = deposit_r_all.out  # file name of output for the above axis
     part =  all        electron   photon     neutron  
# kf/name :  0          11         22         2112     
    gshow =    1            # 0: no 1:bnd, 2:bnd+mat, 3:bnd+reg 4:bnd+lat 5:bmp style
    resol =    1            # (D=1) resolution of gshow or rshow
    width = 0.5000000       # (D=0.5) width of lines for gshow or rshow
   epsout =    1            # (D=0) generate eps file by ANGEL
#    used :        main (  %)        temp (  %)       total (  %)
#  memory :         231 (  0)           0 (  0)         231 (  0)

#------------------------------------------------------------------------------
#newpage:
#   no. =  1   part. = all     

'no. =  1'
msuc: {\huge [t-deposit] in r-z mesh}
msdr: {\it plotted by \ANGEL \version}
msdl: {\it calculated by \PHITS  3.24}

x: z [cm]
y: r [cm]
set: c1[ 0.060] c2[ 3.674] c5[ 0.800] c6[ 0.374] c7[ 0.000] c8[ 6.267]
p: h2fs form[c1] xfac[c2] afac[c5] scal[c6] xorg[c7] yorg[c8] nosp
set: c3[   7.339136E-08] c4[   3.658326E-03]
p: cmin[c3] cmax[c4]
p: dmin(1e-31)
p: zlog
p: xmin( -15.00000    ) xmax(  35.00000    )
p: ymin(  0.000000    ) ymax(  3.000000    )
#  nr =   1   nz = 225
# ( ( data(z,r), z = 1, nz ), r = nr, 1, -1 )

hc:  y =   1.500000     to   1.500000     by   3.000000     ; x =  -14.88889     to   34.88889     by  0.2222222     ;
  1.296E-03  1.317E-03  1.325E-03  1.338E-03  1.333E-03  1.337E-03  1.341E-03  1.354E-03  1.343E-03  1.376E-03
  1.389E-03  1.398E-03  1.389E-03  1.422E-03  1.408E-03  1.418E-03  1.428E-03  1.455E-03  3.658E-03  3.413E-03
  3.348E-03  3.280E-03  3.230E-03  3.202E-03  3.222E-03  3.202E-03  3.188E-03  3.190E-03  3.184E-03  3.183E-03
  3.152E-03  3.124E-03  3.185E-03  3.198E-03  3.208E-03  3.205E-03  3.230E-03  3.234E-03  3.182E-03  3.171E-03
  3.199E-03  3.179E-03  3.159E-03  3.178E-03  3.237E-03  3.279E-03  3.227E-03  3.247E-03  3.208E-03  3.330E-03
  3.176E-03  3.194E-03  3.154E-03  3.146E-03  3.150E-03  3.137E-03  3.125E-03  3.076E-03  3.063E-03  3.039E-03
  3.042E-03  3.012E-03  2.991E-03  2.904E-03  2.878E-03  2.867E-03  2.841E-03  2.803E-03  2.771E-03  2.725E-03
  2.662E-03  2.645E-03  2.561E-03  2.539E-03  2.499E-03  2.468E-03  2.424E-03  2.380E-03  2.358E-03  2.330E-03
  2.269E-03  2.237E-03  2.207E-03  2.174E-03  2.143E-03  2.106E-03  2.040E-03  2.008E-03  1.967E-03  1.926E-03
  1.932E-03  1.878E-03  1.841E-03  1.776E-03  1.778E-03  1.780E-03  1.724E-03  1.683E-03  1.652E-03  1.633E-03
  1.602E-03  1.596E-03  1.578E-03  1.514E-03  1.528E-03  1.475E-03  1.485E-03  1.468E-03  1.450E-03  1.417E-03
  1.417E-03  1.398E-03  1.388E-03  1.378E-03  1.345E-03  1.292E-03  1.267E-03  1.274E-03  1.281E-03  1.240E-03
  1.233E-03  1.254E-03  1.232E-03  1.215E-03  1.181E-03  1.192E-03  1.142E-03  1.124E-03  1.120E-03  1.109E-03
  1.073E-03  1.068E-03  1.051E-03  1.038E-03  1.029E-03  1.027E-03  1.019E-03  1.033E-03  9.911E-04  9.830E-04
  9.798E-04  9.468E-04  9.265E-04  9.448E-04  9.230E-04  9.438E-04  9.145E-04  9.026E-04  9.128E-04  9.026E-04
  8.867E-04  8.927E-04  8.494E-04  8.543E-04  8.594E-04  8.371E-04  8.367E-04  8.438E-04  8.308E-04  8.245E-04
  8.377E-04  7.889E-04  7.980E-04  7.927E-04  7.786E-04  8.031E-04  7.534E-04  7.564E-04  7.235E-04  7.541E-04
  7.214E-04  7.153E-04  7.191E-04  7.254E-04  6.941E-04  7.094E-04  6.976E-04  6.887E-04  6.647E-04  6.687E-04
  6.671E-04  6.559E-04  6.802E-04  6.332E-04  6.311E-04  6.222E-04  6.233E-04  6.212E-04  6.279E-04  5.831E-04
  5.812E-04  5.777E-04  5.726E-04  5.672E-04  5.660E-04  5.638E-04  5.503E-04  5.525E-04  5.603E-04  5.415E-04
  5.229E-04  5.416E-04  2.576E-04  0.000E+00  0.000E+00  0.000E+00  0.000E+00  0.000E+00  0.000E+00  0.000E+00
  0.000E+00  0.000E+00  0.000E+00  0.000E+00  0.000E+00  0.000E+00  0.000E+00  0.000E+00  0.000E+00  0.000E+00
  0.000E+00  0.000E+00  0.000E+00  0.000E+00  0.000E+00

#------------------------------------------------------------------------------
z: xorg(1.03)
p: xfac[c2*0.05] form[c1/0.05] notc noxt noyt dmin(1)
p: ymin(0) ymax(1) xmin(0) xmax(1) cmin(1) cmax(100) nosp
hc: y= 0.005 to 0.995 by 0.01 ; x= 0.5 to 0.5 by 1 ;
 1  2  3  4  5  6  7  8  9 10 11 12 13 14 15 16 17 18 19 20
21 22 23 24 25 26 27 28 29 30 31 32 33 34 35 36 37 38 39 40
41 42 43 44 45 46 47 48 49 50 51 52 53 54 55 56 57 58 59 60
61 62 63 64 65 66 67 68 69 70 71 72 73 74 75 76 77 78 79 80
81 82 83 84 85 86 87 88 89 90 91 92 93 94 95 96 97 98 99 100
z: xorg(0.0)
p: xfac[c2*0.05] form[c1/0.05] nosp afac[c5*0.625] ymin[c3] ymax[c4]
p: noxt noxn ytxt(-1) ynum(-1) xltd(-1) xstd(-1) itic(1) ylog
y: Dose [Gy/source]      
#------------------------------------------------------------------------------

wt: s(0.7)
\vspace{-3}
  part. &=& all     
e:

#------------------------------------------------------------------------------
z: xorg[-1.03/0.05]
p: form[c1] xfac[c2] afac[c5] nosp notf
p: xmin( -15.00000    ) xmax(  35.00000    )
p: ymin(  0.000000    ) ymax(  3.000000    )

#------------------------------------------------------------------------------
 newpage:
#   no. =  2   part. = electron

'no. =  2'
msuc: {\huge [t-deposit] in r-z mesh}
msdr: {\it plotted by \ANGEL \version}
msdl: {\it calculated by \PHITS  3.24}

x: z [cm]
y: r [cm]
set: c1[ 0.060] c2[ 3.674] c5[ 0.800] c6[ 0.374] c7[ 0.000] c8[ 6.267]
p: h2fs form[c1] xfac[c2] afac[c5] scal[c6] xorg[c7] yorg[c8] nosp
set: c3[   7.339136E-08] c4[   3.658326E-03]
p: cmin[c3] cmax[c4]
p: dmin(1e-31)
p: zlog
p: xmin( -15.00000    ) xmax(  35.00000    )
p: ymin(  0.000000    ) ymax(  3.000000    )
#  nr =   1   nz = 225
# ( ( data(z,r), z = 1, nz ), r = nr, 1, -1 )

hc:  y =   1.500000     to   1.500000     by   3.000000     ; x =  -14.88889     to   34.88889     by  0.2222222     ;
  2.199E-04  2.379E-04  2.420E-04  2.513E-04  2.427E-04  2.428E-04  2.447E-04  2.580E-04  2.452E-04  2.757E-04
  2.868E-04  2.971E-04  2.855E-04  3.159E-04  3.029E-04  3.141E-04  3.233E-04  3.506E-04  3.354E-04  3.375E-04
  3.648E-04  3.584E-04  3.531E-04  3.465E-04  3.747E-04  3.662E-04  3.758E-04  3.987E-04  4.105E-04  4.225E-04
  4.004E-04  3.766E-04  4.375E-04  4.531E-04  4.652E-04  4.642E-04  4.888E-04  4.946E-04  4.431E-04  4.328E-04
  4.639E-04  4.399E-04  4.198E-04  4.480E-04  5.098E-04  5.496E-04  4.981E-04  5.176E-04  4.869E-04  4.814E-04
  4.730E-04  5.049E-04  4.743E-04  4.780E-04  4.910E-04  4.942E-04  4.973E-04  4.616E-04  4.684E-04  4.644E-04
  4.923E-04  4.861E-04  4.937E-04  4.336E-04  4.376E-04  4.597E-04  4.676E-04  4.637E-04  4.668E-04  4.570E-04
  4.305E-04  4.501E-04  4.054E-04  4.224E-04  4.224E-04  4.310E-04  4.251E-04  4.200E-04  4.380E-04  4.493E-04
  4.269E-04  4.336E-04  4.425E-04  4.468E-04  4.533E-04  4.519E-04  4.206E-04  4.234E-04  4.178E-04  4.098E-04
  4.493E-04  4.264E-04  4.193E-04  3.846E-04  4.169E-04  4.476E-04  4.202E-04  4.062E-04  4.003E-04  4.056E-04
  4.017E-04  4.214E-04  4.269E-04  3.864E-04  4.221E-04  3.918E-04  4.232E-04  4.268E-04  4.284E-04  4.146E-04
  4.348E-04  4.336E-04  4.421E-04  4.485E-04  4.319E-04  3.949E-04  3.858E-04  4.074E-04  4.293E-04  4.025E-04
  4.095E-04  4.441E-04  4.349E-04  4.310E-04  4.089E-04  4.315E-04  3.934E-04  3.870E-04  3.941E-04  3.940E-04
  3.687E-04  3.744E-04  3.677E-04  3.648E-04  3.653E-04  3.731E-04  3.748E-04  3.976E-04  3.648E-04  3.657E-04
  3.711E-04  3.463E-04  3.343E-04  3.609E-04  3.472E-04  3.759E-04  3.544E-04  3.497E-04  3.674E-04  3.645E-04
  3.558E-04  3.688E-04  3.327E-04  3.445E-04  3.562E-04  3.365E-04  3.458E-04  3.597E-04  3.538E-04  3.538E-04
  3.733E-04  3.304E-04  3.456E-04  3.459E-04  3.371E-04  3.663E-04  3.234E-04  3.320E-04  3.046E-04  3.404E-04
  3.131E-04  3.123E-04  3.211E-04  3.324E-04  3.059E-04  3.261E-04  3.190E-04  3.148E-04  2.953E-04  3.036E-04
  3.067E-04  2.995E-04  3.257E-04  2.854E-04  2.874E-04  2.825E-04  2.877E-04  2.894E-04  3.000E-04  2.590E-04
  2.609E-04  2.594E-04  2.577E-04  2.575E-04  2.597E-04  2.609E-04  2.507E-04  2.562E-04  2.657E-04  2.519E-04
  2.367E-04  2.587E-04  1.173E-04  0.000E+00  0.000E+00  0.000E+00  0.000E+00  0.000E+00  0.000E+00  0.000E+00
  0.000E+00  0.000E+00  0.000E+00  0.000E+00  0.000E+00  0.000E+00  0.000E+00  0.000E+00  0.000E+00  0.000E+00
  0.000E+00  0.000E+00  0.000E+00  0.000E+00  0.000E+00

#------------------------------------------------------------------------------
z: xorg(1.03)
p: xfac[c2*0.05] form[c1/0.05] notc noxt noyt dmin(1)
p: ymin(0) ymax(1) xmin(0) xmax(1) cmin(1) cmax(100) nosp
hc: y= 0.005 to 0.995 by 0.01 ; x= 0.5 to 0.5 by 1 ;
 1  2  3  4  5  6  7  8  9 10 11 12 13 14 15 16 17 18 19 20
21 22 23 24 25 26 27 28 29 30 31 32 33 34 35 36 37 38 39 40
41 42 43 44 45 46 47 48 49 50 51 52 53 54 55 56 57 58 59 60
61 62 63 64 65 66 67 68 69 70 71 72 73 74 75 76 77 78 79 80
81 82 83 84 85 86 87 88 89 90 91 92 93 94 95 96 97 98 99 100
z: xorg(0.0)
p: xfac[c2*0.05] form[c1/0.05] nosp afac[c5*0.625] ymin[c3] ymax[c4]
p: noxt noxn ytxt(-1) ynum(-1) xltd(-1) xstd(-1) itic(1) ylog
y: Dose [Gy/source]      
#------------------------------------------------------------------------------

wt: s(0.7)
\vspace{-3}
  part. &=& electron
e:

#------------------------------------------------------------------------------
z: xorg[-1.03/0.05]
p: form[c1] xfac[c2] afac[c5] nosp notf
p: xmin( -15.00000    ) xmax(  35.00000    )
p: ymin(  0.000000    ) ymax(  3.000000    )

#------------------------------------------------------------------------------
 newpage:
#   no. =  3   part. = photon  

'no. =  3'
msuc: {\huge [t-deposit] in r-z mesh}
msdr: {\it plotted by \ANGEL \version}
msdl: {\it calculated by \PHITS  3.24}

x: z [cm]
y: r [cm]
set: c1[ 0.060] c2[ 3.674] c5[ 0.800] c6[ 0.374] c7[ 0.000] c8[ 6.267]
p: h2fs form[c1] xfac[c2] afac[c5] scal[c6] xorg[c7] yorg[c8] nosp
set: c3[   7.339136E-08] c4[   3.658326E-03]
p: cmin[c3] cmax[c4]
p: dmin(1e-31)
p: zlog
p: xmin( -15.00000    ) xmax(  35.00000    )
p: ymin(  0.000000    ) ymax(  3.000000    )
#  nr =   1   nz = 225
# ( ( data(z,r), z = 1, nz ), r = nr, 1, -1 )

hc:  y =   1.500000     to   1.500000     by   3.000000     ; x =  -14.88889     to   34.88889     by  0.2222222     ;
  0.000E+00  0.000E+00  0.000E+00  0.000E+00  0.000E+00  0.000E+00  0.000E+00  0.000E+00  0.000E+00  0.000E+00
  0.000E+00  0.000E+00  0.000E+00  0.000E+00  0.000E+00  0.000E+00  0.000E+00  0.000E+00  0.000E+00  0.000E+00
  0.000E+00  0.000E+00  0.000E+00  0.000E+00  0.000E+00  0.000E+00  0.000E+00  0.000E+00  0.000E+00  0.000E+00
  0.000E+00  0.000E+00  0.000E+00  0.000E+00  0.000E+00  0.000E+00  0.000E+00  0.000E+00  0.000E+00  0.000E+00
  0.000E+00  0.000E+00  0.000E+00  0.000E+00  0.000E+00  0.000E+00  0.000E+00  0.000E+00  0.000E+00  0.000E+00
  0.000E+00  0.000E+00  0.000E+00  0.000E+00  0.000E+00  0.000E+00  0.000E+00  0.000E+00  0.000E+00  0.000E+00
  0.000E+00  0.000E+00  0.000E+00  0.000E+00  0.000E+00  0.000E+00  0.000E+00  0.000E+00  0.000E+00  0.000E+00
  0.000E+00  0.000E+00  0.000E+00  0.000E+00  0.000E+00  0.000E+00  0.000E+00  0.000E+00  0.000E+00  0.000E+00
  0.000E+00  0.000E+00  0.000E+00  0.000E+00  0.000E+00  0.000E+00  0.000E+00  0.000E+00  0.000E+00  0.000E+00
  0.000E+00  0.000E+00  0.000E+00  0.000E+00  0.000E+00  0.000E+00  0.000E+00  0.000E+00  0.000E+00  0.000E+00
  0.000E+00  0.000E+00  0.000E+00  0.000E+00  0.000E+00  0.000E+00  0.000E+00  0.000E+00  0.000E+00  0.000E+00
  0.000E+00  0.000E+00  0.000E+00  0.000E+00  0.000E+00  0.000E+00  0.000E+00  8.253E-08  0.000E+00  0.000E+00
  0.000E+00  0.000E+00  7.339E-08  0.000E+00  0.000E+00  0.000E+00  0.000E+00  0.000E+00  0.000E+00  0.000E+00
  0.000E+00  0.000E+00  0.000E+00  0.000E+00  0.000E+00  0.000E+00  0.000E+00  0.000E+00  0.000E+00  0.000E+00
  0.000E+00  0.000E+00  0.000E+00  0.000E+00  0.000E+00  0.000E+00  0.000E+00  0.000E+00  0.000E+00  0.000E+00
  0.000E+00  0.000E+00  0.000E+00  0.000E+00  0.000E+00  0.000E+00  0.000E+00  0.000E+00  0.000E+00  0.000E+00
  0.000E+00  0.000E+00  0.000E+00  0.000E+00  0.000E+00  0.000E+00  0.000E+00  0.000E+00  0.000E+00  0.000E+00
  0.000E+00  0.000E+00  0.000E+00  0.000E+00  0.000E+00  0.000E+00  0.000E+00  0.000E+00  0.000E+00  0.000E+00
  0.000E+00  0.000E+00  0.000E+00  0.000E+00  0.000E+00  0.000E+00  0.000E+00  0.000E+00  0.000E+00  0.000E+00
  0.000E+00  0.000E+00  0.000E+00  0.000E+00  0.000E+00  0.000E+00  0.000E+00  0.000E+00  0.000E+00  0.000E+00
  0.000E+00  0.000E+00  0.000E+00  0.000E+00  0.000E+00  0.000E+00  0.000E+00  0.000E+00  0.000E+00  0.000E+00
  0.000E+00  0.000E+00  0.000E+00  0.000E+00  0.000E+00  0.000E+00  0.000E+00  0.000E+00  0.000E+00  0.000E+00
  0.000E+00  0.000E+00  0.000E+00  0.000E+00  0.000E+00

#------------------------------------------------------------------------------
z: xorg(1.03)
p: xfac[c2*0.05] form[c1/0.05] notc noxt noyt dmin(1)
p: ymin(0) ymax(1) xmin(0) xmax(1) cmin(1) cmax(100) nosp
hc: y= 0.005 to 0.995 by 0.01 ; x= 0.5 to 0.5 by 1 ;
 1  2  3  4  5  6  7  8  9 10 11 12 13 14 15 16 17 18 19 20
21 22 23 24 25 26 27 28 29 30 31 32 33 34 35 36 37 38 39 40
41 42 43 44 45 46 47 48 49 50 51 52 53 54 55 56 57 58 59 60
61 62 63 64 65 66 67 68 69 70 71 72 73 74 75 76 77 78 79 80
81 82 83 84 85 86 87 88 89 90 91 92 93 94 95 96 97 98 99 100
z: xorg(0.0)
p: xfac[c2*0.05] form[c1/0.05] nosp afac[c5*0.625] ymin[c3] ymax[c4]
p: noxt noxn ytxt(-1) ynum(-1) xltd(-1) xstd(-1) itic(1) ylog
y: Dose [Gy/source]      
#------------------------------------------------------------------------------

wt: s(0.7)
\vspace{-3}
  part. &=& photon  
e:

#------------------------------------------------------------------------------
z: xorg[-1.03/0.05]
p: form[c1] xfac[c2] afac[c5] nosp notf
p: xmin( -15.00000    ) xmax(  35.00000    )
p: ymin(  0.000000    ) ymax(  3.000000    )

#------------------------------------------------------------------------------
 newpage:
#   no. =  4   part. = neutron 

'no. =  4'
msuc: {\huge [t-deposit] in r-z mesh}
msdr: {\it plotted by \ANGEL \version}
msdl: {\it calculated by \PHITS  3.24}

x: z [cm]
y: r [cm]
set: c1[ 0.060] c2[ 3.674] c5[ 0.800] c6[ 0.374] c7[ 0.000] c8[ 6.267]
p: h2fs form[c1] xfac[c2] afac[c5] scal[c6] xorg[c7] yorg[c8] nosp
set: c3[   7.339136E-08] c4[   3.658326E-03]
p: cmin[c3] cmax[c4]
p: dmin(1e-31)
p: zlog
p: xmin( -15.00000    ) xmax(  35.00000    )
p: ymin(  0.000000    ) ymax(  3.000000    )
#  nr =   1   nz = 225
# ( ( data(z,r), z = 1, nz ), r = nr, 1, -1 )

hc:  y =   1.500000     to   1.500000     by   3.000000     ; x =  -14.88889     to   34.88889     by  0.2222222     ;
  1.074E-03  1.078E-03  1.082E-03  1.085E-03  1.088E-03  1.092E-03  1.094E-03  1.095E-03  1.096E-03  1.099E-03
  1.101E-03  1.100E-03  1.102E-03  1.104E-03  1.104E-03  1.103E-03  1.102E-03  1.102E-03  3.321E-03  3.074E-03
  2.981E-03  2.920E-03  2.876E-03  2.855E-03  2.846E-03  2.835E-03  2.811E-03  2.791E-03  2.772E-03  2.760E-03
  2.751E-03  2.747E-03  2.747E-03  2.744E-03  2.741E-03  2.740E-03  2.739E-03  2.738E-03  2.737E-03  2.737E-03
  2.734E-03  2.738E-03  2.736E-03  2.729E-03  2.725E-03  2.727E-03  2.727E-03  2.727E-03  2.720E-03  2.711E-03
  2.702E-03  2.688E-03  2.679E-03  2.667E-03  2.658E-03  2.641E-03  2.627E-03  2.614E-03  2.593E-03  2.572E-03
  2.548E-03  2.523E-03  2.496E-03  2.469E-03  2.439E-03  2.406E-03  2.372E-03  2.338E-03  2.303E-03  2.267E-03
  2.231E-03  2.194E-03  2.155E-03  2.116E-03  2.076E-03  2.036E-03  1.998E-03  1.959E-03  1.919E-03  1.880E-03
  1.841E-03  1.802E-03  1.764E-03  1.726E-03  1.689E-03  1.653E-03  1.618E-03  1.583E-03  1.548E-03  1.515E-03
  1.482E-03  1.450E-03  1.420E-03  1.390E-03  1.360E-03  1.331E-03  1.303E-03  1.276E-03  1.249E-03  1.224E-03
  1.199E-03  1.174E-03  1.150E-03  1.127E-03  1.105E-03  1.083E-03  1.062E-03  1.041E-03  1.021E-03  1.001E-03
  9.818E-04  9.635E-04  9.457E-04  9.288E-04  9.125E-04  8.964E-04  8.809E-04  8.658E-04  8.512E-04  8.371E-04
  8.232E-04  8.095E-04  7.966E-04  7.837E-04  7.712E-04  7.592E-04  7.475E-04  7.360E-04  7.247E-04  7.139E-04
  7.031E-04  6.926E-04  6.821E-04  6.722E-04  6.625E-04  6.529E-04  6.436E-04  6.344E-04  6.255E-04  6.165E-04
  6.080E-04  5.995E-04  5.913E-04  5.830E-04  5.749E-04  5.670E-04  5.593E-04  5.518E-04  5.444E-04  5.370E-04
  5.299E-04  5.229E-04  5.158E-04  5.090E-04  5.023E-04  4.956E-04  4.890E-04  4.827E-04  4.763E-04  4.700E-04
  4.638E-04  4.578E-04  4.518E-04  4.460E-04  4.403E-04  4.349E-04  4.293E-04  4.237E-04  4.183E-04  4.130E-04
  4.077E-04  4.025E-04  3.973E-04  3.924E-04  3.875E-04  3.827E-04  3.780E-04  3.733E-04  3.687E-04  3.642E-04
  3.597E-04  3.554E-04  3.510E-04  3.468E-04  3.427E-04  3.388E-04  3.348E-04  3.308E-04  3.270E-04  3.232E-04
  3.194E-04  3.156E-04  3.121E-04  3.086E-04  3.051E-04  3.017E-04  2.983E-04  2.948E-04  2.917E-04  2.885E-04
  2.853E-04  2.822E-04  1.400E-04  0.000E+00  0.000E+00  0.000E+00  0.000E+00  0.000E+00  0.000E+00  0.000E+00
  0.000E+00  0.000E+00  0.000E+00  0.000E+00  0.000E+00  0.000E+00  0.000E+00  0.000E+00  0.000E+00  0.000E+00
  0.000E+00  0.000E+00  0.000E+00  0.000E+00  0.000E+00

#------------------------------------------------------------------------------
z: xorg(1.03)
p: xfac[c2*0.05] form[c1/0.05] notc noxt noyt dmin(1)
p: ymin(0) ymax(1) xmin(0) xmax(1) cmin(1) cmax(100) nosp
hc: y= 0.005 to 0.995 by 0.01 ; x= 0.5 to 0.5 by 1 ;
 1  2  3  4  5  6  7  8  9 10 11 12 13 14 15 16 17 18 19 20
21 22 23 24 25 26 27 28 29 30 31 32 33 34 35 36 37 38 39 40
41 42 43 44 45 46 47 48 49 50 51 52 53 54 55 56 57 58 59 60
61 62 63 64 65 66 67 68 69 70 71 72 73 74 75 76 77 78 79 80
81 82 83 84 85 86 87 88 89 90 91 92 93 94 95 96 97 98 99 100
z: xorg(0.0)
p: xfac[c2*0.05] form[c1/0.05] nosp afac[c5*0.625] ymin[c3] ymax[c4]
p: noxt noxn ytxt(-1) ynum(-1) xltd(-1) xstd(-1) itic(1) ylog
y: Dose [Gy/source]      
#------------------------------------------------------------------------------

wt: s(0.7)
\vspace{-3}
  part. &=& neutron 
e:

#------------------------------------------------------------------------------
z: xorg[-1.03/0.05]
p: form[c1] xfac[c2] afac[c5] nosp notf
p: xmin( -15.00000    ) xmax(  35.00000    )
p: ymin(  0.000000    ) ymax(  3.000000    )
 
# Information for Restart Calculation
# This calculation was newly started
# istdev =  2 # 1:Batch variance, 2:History variance
# resc2  = 1.00918122135744103E-04 # Total source weight or Total source weight / maxcas
# resc3  = 1.00000000000000000E+09 # Total history number or Total batch number
# maxcas =   100000000 # History / Batch, only used for istdev=1
# rijklst=   2.9185288031298021E-214 # Next initial random number
# bitrseed = 0001001110011001001001110000100100110111001111011100001000101100
