[ T-Deposit ]
    title = [t-deposit] in r-z mesh
     mesh =  r-z            # mesh type is r-z scoring mesh
       x0 =   0.000000      # center x-position of r-z mesh
       y0 =   0.000000      # center y-position of r-z mesh
   r-type =    2            # r-mesh is linear given by rmin, rmax and nr
     rmin =   0.000000      # minimum value of r-mesh points
     rmax =   3.000000      # maximum value of r-mesh points
#    rdel =   3.000000      # mesh width of r-mesh points
       nr =      1          # number of r-mesh points
#    data = ( r(i), i = 1, nr + 1 )
#           0.00000E+00  3.00000E+00
   z-type =    2            # z-mesh is linear given by zmin, zmax and nz
     zmin =  -15.00000      # minimum value of z-mesh points
     zmax =   35.00000      # maximum value of z-mesh points
#    zdel =  0.2222222      # mesh width of z-mesh points
       nz =    225          # number of z-mesh points
#    data = ( z(i), i = 1, nz + 1 )
#          -1.50000E+01 -1.47778E+01 -1.45556E+01 -1.43333E+01 -1.41111E+01
#          -1.38889E+01 -1.36667E+01 -1.34444E+01 -1.32222E+01 -1.30000E+01
#          -1.27778E+01 -1.25556E+01 -1.23333E+01 -1.21111E+01 -1.18889E+01
#          -1.16667E+01 -1.14444E+01 -1.12222E+01 -1.10000E+01 -1.07778E+01
#          -1.05556E+01 -1.03333E+01 -1.01111E+01 -9.88889E+00 -9.66667E+00
#          -9.44444E+00 -9.22222E+00 -9.00000E+00 -8.77778E+00 -8.55556E+00
#          -8.33333E+00 -8.11111E+00 -7.88889E+00 -7.66667E+00 -7.44444E+00
#          -7.22222E+00 -7.00000E+00 -6.77778E+00 -6.55556E+00 -6.33333E+00
#          -6.11111E+00 -5.88889E+00 -5.66667E+00 -5.44444E+00 -5.22222E+00
#          -5.00000E+00 -4.77778E+00 -4.55556E+00 -4.33333E+00 -4.11111E+00
#          -3.88889E+00 -3.66667E+00 -3.44444E+00 -3.22222E+00 -3.00000E+00
#          -2.77778E+00 -2.55556E+00 -2.33333E+00 -2.11111E+00 -1.88889E+00
#          -1.66667E+00 -1.44444E+00 -1.22222E+00 -1.00000E+00 -7.77778E-01
#          -5.55556E-01 -3.33333E-01 -1.11111E-01  1.11111E-01  3.33333E-01
#           5.55556E-01  7.77778E-01  1.00000E+00  1.22222E+00  1.44444E+00
#           1.66667E+00  1.88889E+00  2.11111E+00  2.33333E+00  2.55556E+00
#           2.77778E+00  3.00000E+00  3.22222E+00  3.44444E+00  3.66667E+00
#           3.88889E+00  4.11111E+00  4.33333E+00  4.55556E+00  4.77778E+00
#           5.00000E+00  5.22222E+00  5.44444E+00  5.66667E+00  5.88889E+00
#           6.11111E+00  6.33333E+00  6.55556E+00  6.77778E+00  7.00000E+00
#           7.22222E+00  7.44444E+00  7.66667E+00  7.88889E+00  8.11111E+00
#           8.33333E+00  8.55556E+00  8.77778E+00  9.00000E+00  9.22222E+00
#           9.44444E+00  9.66667E+00  9.88889E+00  1.01111E+01  1.03333E+01
#           1.05556E+01  1.07778E+01  1.10000E+01  1.12222E+01  1.14444E+01
#           1.16667E+01  1.18889E+01  1.21111E+01  1.23333E+01  1.25556E+01
#           1.27778E+01  1.30000E+01  1.32222E+01  1.34444E+01  1.36667E+01
#           1.38889E+01  1.41111E+01  1.43333E+01  1.45556E+01  1.47778E+01
#           1.50000E+01  1.52222E+01  1.54444E+01  1.56667E+01  1.58889E+01
#           1.61111E+01  1.63333E+01  1.65556E+01  1.67778E+01  1.70000E+01
#           1.72222E+01  1.74444E+01  1.76667E+01  1.78889E+01  1.81111E+01
#           1.83333E+01  1.85556E+01  1.87778E+01  1.90000E+01  1.92222E+01
#           1.94444E+01  1.96667E+01  1.98889E+01  2.01111E+01  2.03333E+01
#           2.05556E+01  2.07778E+01  2.10000E+01  2.12222E+01  2.14444E+01
#           2.16667E+01  2.18889E+01  2.21111E+01  2.23333E+01  2.25556E+01
#           2.27778E+01  2.30000E+01  2.32222E+01  2.34444E+01  2.36667E+01
#           2.38889E+01  2.41111E+01  2.43333E+01  2.45556E+01  2.47778E+01
#           2.50000E+01  2.52222E+01  2.54444E+01  2.56667E+01  2.58889E+01
#           2.61111E+01  2.63333E+01  2.65556E+01  2.67778E+01  2.70000E+01
#           2.72222E+01  2.74444E+01  2.76667E+01  2.78889E+01  2.81111E+01
#           2.83333E+01  2.85556E+01  2.87778E+01  2.90000E+01  2.92222E+01
#           2.94444E+01  2.96667E+01  2.98889E+01  3.01111E+01  3.03333E+01
#           3.05556E+01  3.07778E+01  3.10000E+01  3.12222E+01  3.14444E+01
#           3.16667E+01  3.18889E+01  3.21111E+01  3.23333E+01  3.25556E+01
#           3.27778E+01  3.30000E+01  3.32222E+01  3.34444E+01  3.36667E+01
#           3.38889E+01  3.41111E+01  3.43333E+01  3.45556E+01  3.47778E+01
#           3.50000E+01
     unit =    0            # unit is [Gy/source]
   letmat =    0            # (D=0) mat ID for LET, 0:real mat, <0: electron for H2O
  dedxfnc =    0            # (D=0) user defined multiplier, 0(no), 1, 2
 material =  all            # (D=all) number of specific material
   output =  dose           # total deposit energy
  deposit =    0            # (D=0) 0-> total deposit dist, 1-> each process
  2D-type =    3            # 1:Cont, 2:Clust, 3:Color, 4:xyz, 5:mat, 6:Clust+Cont, 7:Col+Cont
     axis =    rz           # axis of output
     file = deposit_r_all.out  # file name of output for the above axis
     part =  all        electron   photon     neutron  
# kf/name :  0          11         22         2112     
    gshow =    1            # 0: no 1:bnd, 2:bnd+mat, 3:bnd+reg 4:bnd+lat 5:bmp style
    resol =    1            # (D=1) resolution of gshow or rshow
    width = 0.5000000       # (D=0.5) width of lines for gshow or rshow
   epsout =    1            # (D=0) generate eps file by ANGEL
#    used :        main (  %)        temp (  %)       total (  %)
#  memory :         231 (  0)           0 (  0)         231 (  0)

#------------------------------------------------------------------------------
#newpage:
#   no. =  1   part. = all     

'no. =  1'
msuc: {\huge [t-deposit] in r-z mesh}
msdr: {\it plotted by \ANGEL \version}
msdl: {\it calculated by \PHITS  3.24}

x: z [cm]
y: r [cm]
set: c1[ 0.060] c2[ 3.674] c5[ 0.800] c6[ 0.374] c7[ 0.000] c8[ 6.267]
p: h2fs form[c1] xfac[c2] afac[c5] scal[c6] xorg[c7] yorg[c8] nosp
set: c3[1.0e-4] c4[1.0]
p: cmin[c3] cmax[c4]
p: dmin(1e-31)
p: zlog
p: xmin( -15.00000    ) xmax(  35.00000    )
p: ymin(  0.000000    ) ymax(  3.000000    )
#  nr =   1   nz = 225
# ( ( data(z,r), z = 1, nz ), r = nr, 1, -1 )

hc:  y =   1.500000     to   1.500000     by   3.000000     ; x =  -14.88889     to   34.88889     by  0.2222222     ;
  5.691E-03  7.034E-03  7.028E-03  6.898E-03  6.917E-03  6.576E-03  6.972E-03  7.077E-03  6.969E-03  7.058E-03
  6.796E-03  7.113E-03  7.076E-03  6.847E-03  6.630E-03  6.578E-03  6.477E-03  6.203E-03  3.975E-03  4.403E-03
  4.959E-03  4.554E-03  4.783E-03  4.754E-03  4.952E-03  5.078E-03  4.988E-03  5.008E-03  5.010E-03  5.134E-03
  4.880E-03  4.161E-03  4.600E-03  4.718E-03  4.442E-03  4.261E-03  4.500E-03  4.237E-03  4.099E-03  3.799E-03
  4.210E-03  4.131E-03  3.679E-03  3.843E-03  3.785E-03  3.671E-03  3.765E-03  3.991E-03  3.655E-03  1.319E-02
  3.301E-03  3.436E-03  3.359E-03  3.449E-03  3.331E-03  3.188E-03  3.283E-03  3.142E-03  2.921E-03  2.930E-03
  3.056E-03  2.933E-03  2.703E-03  2.854E-03  2.635E-03  2.712E-03  2.687E-03  2.821E-03  3.956E-03  3.879E-03
  3.837E-03  3.819E-03  3.801E-03  3.776E-03  3.765E-03  3.768E-03  3.771E-03  3.766E-03  3.778E-03  3.788E-03
  3.797E-03  3.821E-03  3.834E-03  3.872E-03  3.904E-03  3.935E-03  3.968E-03  4.017E-03  4.052E-03  4.093E-03
  4.139E-03  4.198E-03  4.236E-03  4.303E-03  4.377E-03  4.435E-03  4.511E-03  4.567E-03  4.650E-03  4.691E-03
  4.775E-03  4.840E-03  4.931E-03  5.028E-03  5.121E-03  5.186E-03  5.268E-03  5.390E-03  5.409E-03  5.555E-03
  5.649E-03  5.739E-03  5.847E-03  5.929E-03  6.061E-03  6.155E-03  6.249E-03  6.336E-03  6.446E-03  6.513E-03
  6.640E-03  6.759E-03  6.859E-03  6.976E-03  7.128E-03  7.220E-03  7.339E-03  7.453E-03  7.510E-03  7.670E-03
  7.788E-03  7.949E-03  8.030E-03  8.156E-03  8.280E-03  8.363E-03  8.482E-03  8.583E-03  8.684E-03  8.864E-03
  8.966E-03  9.123E-03  9.265E-03  9.310E-03  9.457E-03  9.645E-03  9.716E-03  9.910E-03  9.995E-03  1.016E-02
  1.022E-02  1.039E-02  1.049E-02  1.068E-02  1.089E-02  1.102E-02  1.113E-02  1.117E-02  1.126E-02  1.142E-02
  1.163E-02  1.170E-02  1.192E-02  1.198E-02  1.211E-02  1.246E-02  1.243E-02  1.257E-02  1.268E-02  1.286E-02
  1.287E-02  1.312E-02  1.321E-02  1.343E-02  1.337E-02  1.355E-02  1.384E-02  1.401E-02  1.401E-02  1.436E-02
  1.438E-02  1.453E-02  1.465E-02  1.475E-02  1.503E-02  1.510E-02  1.543E-02  1.571E-02  1.579E-02  1.589E-02
  1.602E-02  1.605E-02  1.645E-02  1.640E-02  1.665E-02  1.669E-02  1.723E-02  1.734E-02  1.762E-02  1.776E-02
  1.780E-02  1.816E-02  2.184E-02  0.000E+00  0.000E+00  0.000E+00  0.000E+00  0.000E+00  0.000E+00  0.000E+00
  0.000E+00  0.000E+00  0.000E+00  0.000E+00  0.000E+00  0.000E+00  0.000E+00  0.000E+00  0.000E+00  0.000E+00
  0.000E+00  0.000E+00  0.000E+00  0.000E+00  0.000E+00

#------------------------------------------------------------------------------
z: xorg(1.03)
p: xfac[c2*0.05] form[c1/0.05] notc noxt noyt dmin(1)
p: ymin(0) ymax(1) xmin(0) xmax(1) cmin(1) cmax(100) nosp
hc: y= 0.005 to 0.995 by 0.01 ; x= 0.5 to 0.5 by 1 ;
 1  2  3  4  5  6  7  8  9 10 11 12 13 14 15 16 17 18 19 20
21 22 23 24 25 26 27 28 29 30 31 32 33 34 35 36 37 38 39 40
41 42 43 44 45 46 47 48 49 50 51 52 53 54 55 56 57 58 59 60
61 62 63 64 65 66 67 68 69 70 71 72 73 74 75 76 77 78 79 80
81 82 83 84 85 86 87 88 89 90 91 92 93 94 95 96 97 98 99 100
z: xorg(0.0)
p: xfac[c2*0.05] form[c1/0.05] nosp afac[c5*0.625] ymin[c3] ymax[c4]
p: noxt noxn ytxt(-1) ynum(-1) xltd(-1) xstd(-1) itic(1) ylog
y: Relative Error
#------------------------------------------------------------------------------

wt: s(0.7)
\vspace{-3}
  part. &=& all     
e:

#------------------------------------------------------------------------------
z: xorg[-1.03/0.05]
p: form[c1] xfac[c2] afac[c5] nosp notf
p: xmin( -15.00000    ) xmax(  35.00000    )
p: ymin(  0.000000    ) ymax(  3.000000    )

#------------------------------------------------------------------------------
 newpage:
#   no. =  2   part. = electron

'no. =  2'
msuc: {\huge [t-deposit] in r-z mesh}
msdr: {\it plotted by \ANGEL \version}
msdl: {\it calculated by \PHITS  3.24}

x: z [cm]
y: r [cm]
set: c1[ 0.060] c2[ 3.674] c5[ 0.800] c6[ 0.374] c7[ 0.000] c8[ 6.267]
p: h2fs form[c1] xfac[c2] afac[c5] scal[c6] xorg[c7] yorg[c8] nosp
set: c3[1.0e-4] c4[1.0]
p: cmin[c3] cmax[c4]
p: dmin(1e-31)
p: zlog
p: xmin( -15.00000    ) xmax(  35.00000    )
p: ymin(  0.000000    ) ymax(  3.000000    )
#  nr =   1   nz = 225
# ( ( data(z,r), z = 1, nz ), r = nr, 1, -1 )

hc:  y =   1.500000     to   1.500000     by   3.000000     ; x =  -14.88889     to   34.88889     by  0.2222222     ;
  2.666E-02  3.108E-02  3.111E-02  3.019E-02  2.966E-02  2.826E-02  2.919E-02  2.939E-02  2.914E-02  2.901E-02
  2.794E-02  2.893E-02  2.887E-02  2.806E-02  2.782E-02  2.743E-02  2.657E-02  2.536E-02  2.551E-02  2.594E-02
  2.757E-02  2.561E-02  2.660E-02  2.633E-02  2.647E-02  2.734E-02  2.665E-02  2.592E-02  2.631E-02  2.611E-02
  2.516E-02  2.215E-02  2.370E-02  2.407E-02  2.249E-02  2.203E-02  2.285E-02  2.169E-02  2.141E-02  2.030E-02
  2.181E-02  2.175E-02  1.945E-02  2.003E-02  2.004E-02  1.923E-02  1.972E-02  2.034E-02  1.892E-02  1.794E-02
  1.760E-02  1.772E-02  1.759E-02  1.803E-02  1.759E-02  1.692E-02  1.744E-02  1.678E-02  1.588E-02  1.613E-02
  1.654E-02  1.597E-02  1.517E-02  1.579E-02  1.464E-02  1.501E-02  1.481E-02  8.594E-03  5.081E-03  4.796E-03
  4.624E-03  4.515E-03  4.431E-03  4.340E-03  4.276E-03  4.242E-03  4.211E-03  4.175E-03  4.163E-03  4.153E-03
  4.143E-03  4.152E-03  4.152E-03  4.178E-03  4.203E-03  4.227E-03  4.252E-03  4.297E-03  4.324E-03  4.359E-03
  4.400E-03  4.462E-03  4.496E-03  4.561E-03  4.635E-03  4.692E-03  4.770E-03  4.826E-03  4.910E-03  4.949E-03
  5.030E-03  5.100E-03  5.194E-03  5.294E-03  5.390E-03  5.455E-03  5.539E-03  5.668E-03  5.680E-03  5.831E-03
  5.930E-03  6.020E-03  6.131E-03  6.216E-03  6.352E-03  6.449E-03  6.545E-03  6.628E-03  6.744E-03  6.810E-03
  6.945E-03  7.064E-03  7.164E-03  7.286E-03  7.443E-03  7.538E-03  7.661E-03  7.780E-03  7.831E-03  7.997E-03
  8.113E-03  8.285E-03  8.371E-03  8.492E-03  8.600E-03  8.704E-03  8.820E-03  8.914E-03  9.014E-03  9.196E-03
  9.305E-03  9.468E-03  9.613E-03  9.646E-03  9.792E-03  9.979E-03  1.006E-02  1.025E-02  1.034E-02  1.049E-02
  1.055E-02  1.070E-02  1.082E-02  1.101E-02  1.121E-02  1.137E-02  1.145E-02  1.149E-02  1.160E-02  1.176E-02
  1.198E-02  1.203E-02  1.223E-02  1.231E-02  1.245E-02  1.281E-02  1.276E-02  1.290E-02  1.301E-02  1.318E-02
  1.319E-02  1.344E-02  1.352E-02  1.377E-02  1.370E-02  1.388E-02  1.417E-02  1.431E-02  1.434E-02  1.469E-02
  1.471E-02  1.484E-02  1.494E-02  1.506E-02  1.535E-02  1.537E-02  1.573E-02  1.603E-02  1.612E-02  1.619E-02
  1.633E-02  1.636E-02  1.676E-02  1.672E-02  1.699E-02  1.700E-02  1.754E-02  1.763E-02  1.793E-02  1.805E-02
  1.812E-02  1.846E-02  2.223E-02  0.000E+00  0.000E+00  0.000E+00  0.000E+00  0.000E+00  0.000E+00  0.000E+00
  0.000E+00  0.000E+00  0.000E+00  0.000E+00  0.000E+00  0.000E+00  0.000E+00  0.000E+00  0.000E+00  0.000E+00
  0.000E+00  0.000E+00  0.000E+00  0.000E+00  0.000E+00

#------------------------------------------------------------------------------
z: xorg(1.03)
p: xfac[c2*0.05] form[c1/0.05] notc noxt noyt dmin(1)
p: ymin(0) ymax(1) xmin(0) xmax(1) cmin(1) cmax(100) nosp
hc: y= 0.005 to 0.995 by 0.01 ; x= 0.5 to 0.5 by 1 ;
 1  2  3  4  5  6  7  8  9 10 11 12 13 14 15 16 17 18 19 20
21 22 23 24 25 26 27 28 29 30 31 32 33 34 35 36 37 38 39 40
41 42 43 44 45 46 47 48 49 50 51 52 53 54 55 56 57 58 59 60
61 62 63 64 65 66 67 68 69 70 71 72 73 74 75 76 77 78 79 80
81 82 83 84 85 86 87 88 89 90 91 92 93 94 95 96 97 98 99 100
z: xorg(0.0)
p: xfac[c2*0.05] form[c1/0.05] nosp afac[c5*0.625] ymin[c3] ymax[c4]
p: noxt noxn ytxt(-1) ynum(-1) xltd(-1) xstd(-1) itic(1) ylog
y: Relative Error
#------------------------------------------------------------------------------

wt: s(0.7)
\vspace{-3}
  part. &=& electron
e:

#------------------------------------------------------------------------------
z: xorg[-1.03/0.05]
p: form[c1] xfac[c2] afac[c5] nosp notf
p: xmin( -15.00000    ) xmax(  35.00000    )
p: ymin(  0.000000    ) ymax(  3.000000    )

#------------------------------------------------------------------------------
 newpage:
#   no. =  3   part. = photon  

'no. =  3'
msuc: {\huge [t-deposit] in r-z mesh}
msdr: {\it plotted by \ANGEL \version}
msdl: {\it calculated by \PHITS  3.24}

x: z [cm]
y: r [cm]
set: c1[ 0.060] c2[ 3.674] c5[ 0.800] c6[ 0.374] c7[ 0.000] c8[ 6.267]
p: h2fs form[c1] xfac[c2] afac[c5] scal[c6] xorg[c7] yorg[c8] nosp
set: c3[1.0e-4] c4[1.0]
p: cmin[c3] cmax[c4]
p: dmin(1e-31)
p: zlog
p: xmin( -15.00000    ) xmax(  35.00000    )
p: ymin(  0.000000    ) ymax(  3.000000    )
#  nr =   1   nz = 225
# ( ( data(z,r), z = 1, nz ), r = nr, 1, -1 )

hc:  y =   1.500000     to   1.500000     by   3.000000     ; x =  -14.88889     to   34.88889     by  0.2222222     ;
  0.000E+00  0.000E+00  0.000E+00  0.000E+00  0.000E+00  0.000E+00  0.000E+00  0.000E+00  0.000E+00  0.000E+00
  0.000E+00  0.000E+00  0.000E+00  0.000E+00  0.000E+00  0.000E+00  0.000E+00  0.000E+00  0.000E+00  0.000E+00
  0.000E+00  0.000E+00  0.000E+00  0.000E+00  0.000E+00  0.000E+00  0.000E+00  0.000E+00  0.000E+00  0.000E+00
  0.000E+00  0.000E+00  0.000E+00  0.000E+00  0.000E+00  0.000E+00  0.000E+00  0.000E+00  0.000E+00  0.000E+00
  1.000E+00  0.000E+00  0.000E+00  0.000E+00  0.000E+00  0.000E+00  0.000E+00  0.000E+00  0.000E+00  0.000E+00
  0.000E+00  0.000E+00  0.000E+00  0.000E+00  0.000E+00  0.000E+00  0.000E+00  0.000E+00  0.000E+00  0.000E+00
  0.000E+00  0.000E+00  0.000E+00  0.000E+00  0.000E+00  0.000E+00  0.000E+00  3.237E-01  2.043E-01  1.979E-01
  2.241E-01  1.895E-01  1.951E-01  1.970E-01  1.780E-01  1.740E-01  1.753E-01  1.625E-01  1.673E-01  1.544E-01
  2.073E-01  1.793E-01  1.762E-01  1.702E-01  1.710E-01  1.766E-01  1.636E-01  1.952E-01  1.698E-01  2.102E-01
  2.062E-01  1.780E-01  1.985E-01  1.892E-01  1.802E-01  2.093E-01  1.935E-01  1.863E-01  1.932E-01  1.904E-01
  1.798E-01  1.846E-01  2.068E-01  1.982E-01  2.558E-01  2.153E-01  2.240E-01  2.447E-01  2.369E-01  2.163E-01
  2.232E-01  2.453E-01  2.333E-01  2.393E-01  2.309E-01  2.223E-01  2.767E-01  2.701E-01  2.092E-01  2.542E-01
  2.612E-01  3.484E-01  2.057E-01  2.925E-01  2.927E-01  2.493E-01  2.796E-01  2.828E-01  3.169E-01  2.566E-01
  2.707E-01  2.193E-01  2.738E-01  3.265E-01  2.447E-01  3.097E-01  2.987E-01  2.893E-01  2.741E-01  3.098E-01
  2.802E-01  2.959E-01  3.345E-01  2.641E-01  3.693E-01  3.083E-01  3.641E-01  3.343E-01  2.783E-01  2.688E-01
  2.733E-01  4.027E-01  3.273E-01  2.801E-01  3.223E-01  3.939E-01  4.551E-01  3.163E-01  2.945E-01  3.862E-01
  2.932E-01  4.259E-01  5.833E-01  4.561E-01  3.862E-01  3.529E-01  3.330E-01  3.964E-01  4.834E-01  2.930E-01
  4.277E-01  3.556E-01  4.813E-01  4.393E-01  3.650E-01  4.684E-01  4.514E-01  3.926E-01  3.676E-01  4.115E-01
  3.471E-01  5.982E-01  7.568E-01  5.021E-01  8.321E-01  4.075E-01  7.071E-01  4.109E-01  4.345E-01  4.925E-01
  0.000E+00  4.361E-01  6.395E-01  8.667E-01  7.079E-01  5.781E-01  6.416E-01  5.012E-01  7.297E-01  8.777E-01
  7.073E-01  5.479E-01  1.000E+00  0.000E+00  0.000E+00  0.000E+00  0.000E+00  0.000E+00  0.000E+00  0.000E+00
  0.000E+00  0.000E+00  0.000E+00  0.000E+00  0.000E+00  0.000E+00  0.000E+00  0.000E+00  0.000E+00  0.000E+00
  0.000E+00  0.000E+00  0.000E+00  0.000E+00  0.000E+00

#------------------------------------------------------------------------------
z: xorg(1.03)
p: xfac[c2*0.05] form[c1/0.05] notc noxt noyt dmin(1)
p: ymin(0) ymax(1) xmin(0) xmax(1) cmin(1) cmax(100) nosp
hc: y= 0.005 to 0.995 by 0.01 ; x= 0.5 to 0.5 by 1 ;
 1  2  3  4  5  6  7  8  9 10 11 12 13 14 15 16 17 18 19 20
21 22 23 24 25 26 27 28 29 30 31 32 33 34 35 36 37 38 39 40
41 42 43 44 45 46 47 48 49 50 51 52 53 54 55 56 57 58 59 60
61 62 63 64 65 66 67 68 69 70 71 72 73 74 75 76 77 78 79 80
81 82 83 84 85 86 87 88 89 90 91 92 93 94 95 96 97 98 99 100
z: xorg(0.0)
p: xfac[c2*0.05] form[c1/0.05] nosp afac[c5*0.625] ymin[c3] ymax[c4]
p: noxt noxn ytxt(-1) ynum(-1) xltd(-1) xstd(-1) itic(1) ylog
y: Relative Error
#------------------------------------------------------------------------------

wt: s(0.7)
\vspace{-3}
  part. &=& photon  
e:

#------------------------------------------------------------------------------
z: xorg[-1.03/0.05]
p: form[c1] xfac[c2] afac[c5] nosp notf
p: xmin( -15.00000    ) xmax(  35.00000    )
p: ymin(  0.000000    ) ymax(  3.000000    )

#------------------------------------------------------------------------------
 newpage:
#   no. =  4   part. = neutron 

'no. =  4'
msuc: {\huge [t-deposit] in r-z mesh}
msdr: {\it plotted by \ANGEL \version}
msdl: {\it calculated by \PHITS  3.24}

x: z [cm]
y: r [cm]
set: c1[ 0.060] c2[ 3.674] c5[ 0.800] c6[ 0.374] c7[ 0.000] c8[ 6.267]
p: h2fs form[c1] xfac[c2] afac[c5] scal[c6] xorg[c7] yorg[c8] nosp
set: c3[1.0e-4] c4[1.0]
p: cmin[c3] cmax[c4]
p: dmin(1e-31)
p: zlog
p: xmin( -15.00000    ) xmax(  35.00000    )
p: ymin(  0.000000    ) ymax(  3.000000    )
#  nr =   1   nz = 225
# ( ( data(z,r), z = 1, nz ), r = nr, 1, -1 )

hc:  y =   1.500000     to   1.500000     by   3.000000     ; x =  -14.88889     to   34.88889     by  0.2222222     ;
  9.995E-04  9.985E-04  9.955E-04  9.922E-04  9.919E-04  9.921E-04  9.881E-04  9.852E-04  9.842E-04  9.823E-04
  9.807E-04  9.769E-04  9.763E-04  9.776E-04  9.794E-04  9.763E-04  9.763E-04  9.804E-04  7.308E-04  7.138E-04
  7.111E-04  7.139E-04  7.191E-04  7.305E-04  7.429E-04  7.491E-04  7.484E-04  7.514E-04  7.367E-04  7.385E-04
  7.334E-04  7.226E-04  7.211E-04  7.087E-04  6.979E-04  6.984E-04  6.836E-04  6.736E-04  6.673E-04  6.578E-04
  6.446E-04  6.422E-04  6.321E-04  6.221E-04  6.168E-04  6.115E-04  6.013E-04  5.955E-04  5.837E-04  5.743E-04
  5.710E-04  5.581E-04  5.591E-04  5.480E-04  5.420E-04  5.384E-04  5.313E-04  5.298E-04  5.277E-04  5.208E-04
  5.215E-04  5.209E-04  5.209E-04  5.239E-04  5.311E-04  5.442E-04  5.606E-04  6.353E-04  2.464E-03  2.559E-03
  2.734E-03  2.805E-03  3.004E-03  3.138E-03  3.276E-03  3.382E-03  3.556E-03  3.788E-03  3.922E-03  4.103E-03
  4.181E-03  4.400E-03  4.597E-03  4.787E-03  4.906E-03  5.085E-03  5.201E-03  5.445E-03  5.658E-03  5.955E-03
  6.117E-03  6.246E-03  6.484E-03  6.638E-03  6.911E-03  7.116E-03  7.186E-03  7.568E-03  7.740E-03  7.985E-03
  8.300E-03  8.346E-03  8.692E-03  8.814E-03  9.259E-03  9.413E-03  9.635E-03  9.884E-03  1.030E-02  1.056E-02
  1.074E-02  1.090E-02  1.113E-02  1.145E-02  1.164E-02  1.208E-02  1.229E-02  1.273E-02  1.294E-02  1.311E-02
  1.403E-02  1.397E-02  1.454E-02  1.472E-02  1.550E-02  1.530E-02  1.523E-02  1.610E-02  1.568E-02  1.627E-02
  1.679E-02  1.630E-02  1.703E-02  1.728E-02  1.775E-02  1.897E-02  1.978E-02  1.925E-02  1.946E-02  2.004E-02
  2.008E-02  2.080E-02  2.033E-02  2.162E-02  2.178E-02  2.274E-02  2.390E-02  2.372E-02  2.396E-02  2.401E-02
  2.475E-02  2.698E-02  2.791E-02  2.552E-02  2.696E-02  2.714E-02  2.680E-02  2.719E-02  2.863E-02  2.954E-02
  3.033E-02  3.072E-02  2.973E-02  3.009E-02  3.109E-02  3.227E-02  3.611E-02  3.450E-02  3.577E-02  3.911E-02
  3.648E-02  3.570E-02  3.942E-02  3.546E-02  3.644E-02  4.119E-02  4.457E-02  3.981E-02  4.243E-02  4.079E-02
  4.020E-02  4.005E-02  4.309E-02  4.841E-02  4.794E-02  5.251E-02  4.305E-02  4.428E-02  4.454E-02  4.499E-02
  5.186E-02  4.776E-02  4.779E-02  5.129E-02  4.927E-02  5.088E-02  5.156E-02  5.103E-02  5.574E-02  6.101E-02
  5.730E-02  7.106E-02  7.716E-02  0.000E+00  0.000E+00  0.000E+00  0.000E+00  0.000E+00  0.000E+00  0.000E+00
  0.000E+00  0.000E+00  0.000E+00  0.000E+00  0.000E+00  0.000E+00  0.000E+00  0.000E+00  0.000E+00  0.000E+00
  0.000E+00  0.000E+00  0.000E+00  0.000E+00  0.000E+00

#------------------------------------------------------------------------------
z: xorg(1.03)
p: xfac[c2*0.05] form[c1/0.05] notc noxt noyt dmin(1)
p: ymin(0) ymax(1) xmin(0) xmax(1) cmin(1) cmax(100) nosp
hc: y= 0.005 to 0.995 by 0.01 ; x= 0.5 to 0.5 by 1 ;
 1  2  3  4  5  6  7  8  9 10 11 12 13 14 15 16 17 18 19 20
21 22 23 24 25 26 27 28 29 30 31 32 33 34 35 36 37 38 39 40
41 42 43 44 45 46 47 48 49 50 51 52 53 54 55 56 57 58 59 60
61 62 63 64 65 66 67 68 69 70 71 72 73 74 75 76 77 78 79 80
81 82 83 84 85 86 87 88 89 90 91 92 93 94 95 96 97 98 99 100
z: xorg(0.0)
p: xfac[c2*0.05] form[c1/0.05] nosp afac[c5*0.625] ymin[c3] ymax[c4]
p: noxt noxn ytxt(-1) ynum(-1) xltd(-1) xstd(-1) itic(1) ylog
y: Relative Error
#------------------------------------------------------------------------------

wt: s(0.7)
\vspace{-3}
  part. &=& neutron 
e:

#------------------------------------------------------------------------------
z: xorg[-1.03/0.05]
p: form[c1] xfac[c2] afac[c5] nosp notf
p: xmin( -15.00000    ) xmax(  35.00000    )
p: ymin(  0.000000    ) ymax(  3.000000    )
 
# Information for Restart Calculation
# This calculation was newly started
# istdev =  2 # 1:Batch variance, 2:History variance
# resc2  = 1.00918122140393325E-04 # Total source weight or Total source weight / maxcas
# resc3  = 1.00000000000000000E+09 # Total history number or Total batch number
# maxcas =    10000000 # History / Batch, only used for istdev=1
# rijklst=   2.9185288031298021E-214 # Next initial random number
# bitrseed = 0001001110011001001001110000100100110111001111011100001000101100
