[ T-Deposit ]
    title = [t-deposit] in r-z mesh
     mesh =  r-z            # mesh type is r-z scoring mesh
       x0 =   0.000000      # center x-position of r-z mesh
       y0 =   0.000000      # center y-position of r-z mesh
   r-type =    2            # r-mesh is linear given by rmin, rmax and nr
     rmin =   0.000000      # minimum value of r-mesh points
     rmax =   3.000000      # maximum value of r-mesh points
#    rdel =   3.000000      # mesh width of r-mesh points
       nr =      1          # number of r-mesh points
#    data = ( r(i), i = 1, nr + 1 )
#           0.00000E+00  3.00000E+00
   z-type =    2            # z-mesh is linear given by zmin, zmax and nz
     zmin =  -15.00000      # minimum value of z-mesh points
     zmax =   35.00000      # maximum value of z-mesh points
#    zdel =  0.2222222      # mesh width of z-mesh points
       nz =    225          # number of z-mesh points
#    data = ( z(i), i = 1, nz + 1 )
#          -1.50000E+01 -1.47778E+01 -1.45556E+01 -1.43333E+01 -1.41111E+01
#          -1.38889E+01 -1.36667E+01 -1.34444E+01 -1.32222E+01 -1.30000E+01
#          -1.27778E+01 -1.25556E+01 -1.23333E+01 -1.21111E+01 -1.18889E+01
#          -1.16667E+01 -1.14444E+01 -1.12222E+01 -1.10000E+01 -1.07778E+01
#          -1.05556E+01 -1.03333E+01 -1.01111E+01 -9.88889E+00 -9.66667E+00
#          -9.44444E+00 -9.22222E+00 -9.00000E+00 -8.77778E+00 -8.55556E+00
#          -8.33333E+00 -8.11111E+00 -7.88889E+00 -7.66667E+00 -7.44444E+00
#          -7.22222E+00 -7.00000E+00 -6.77778E+00 -6.55556E+00 -6.33333E+00
#          -6.11111E+00 -5.88889E+00 -5.66667E+00 -5.44444E+00 -5.22222E+00
#          -5.00000E+00 -4.77778E+00 -4.55556E+00 -4.33333E+00 -4.11111E+00
#          -3.88889E+00 -3.66667E+00 -3.44444E+00 -3.22222E+00 -3.00000E+00
#          -2.77778E+00 -2.55556E+00 -2.33333E+00 -2.11111E+00 -1.88889E+00
#          -1.66667E+00 -1.44444E+00 -1.22222E+00 -1.00000E+00 -7.77778E-01
#          -5.55556E-01 -3.33333E-01 -1.11111E-01  1.11111E-01  3.33333E-01
#           5.55556E-01  7.77778E-01  1.00000E+00  1.22222E+00  1.44444E+00
#           1.66667E+00  1.88889E+00  2.11111E+00  2.33333E+00  2.55556E+00
#           2.77778E+00  3.00000E+00  3.22222E+00  3.44444E+00  3.66667E+00
#           3.88889E+00  4.11111E+00  4.33333E+00  4.55556E+00  4.77778E+00
#           5.00000E+00  5.22222E+00  5.44444E+00  5.66667E+00  5.88889E+00
#           6.11111E+00  6.33333E+00  6.55556E+00  6.77778E+00  7.00000E+00
#           7.22222E+00  7.44444E+00  7.66667E+00  7.88889E+00  8.11111E+00
#           8.33333E+00  8.55556E+00  8.77778E+00  9.00000E+00  9.22222E+00
#           9.44444E+00  9.66667E+00  9.88889E+00  1.01111E+01  1.03333E+01
#           1.05556E+01  1.07778E+01  1.10000E+01  1.12222E+01  1.14444E+01
#           1.16667E+01  1.18889E+01  1.21111E+01  1.23333E+01  1.25556E+01
#           1.27778E+01  1.30000E+01  1.32222E+01  1.34444E+01  1.36667E+01
#           1.38889E+01  1.41111E+01  1.43333E+01  1.45556E+01  1.47778E+01
#           1.50000E+01  1.52222E+01  1.54444E+01  1.56667E+01  1.58889E+01
#           1.61111E+01  1.63333E+01  1.65556E+01  1.67778E+01  1.70000E+01
#           1.72222E+01  1.74444E+01  1.76667E+01  1.78889E+01  1.81111E+01
#           1.83333E+01  1.85556E+01  1.87778E+01  1.90000E+01  1.92222E+01
#           1.94444E+01  1.96667E+01  1.98889E+01  2.01111E+01  2.03333E+01
#           2.05556E+01  2.07778E+01  2.10000E+01  2.12222E+01  2.14444E+01
#           2.16667E+01  2.18889E+01  2.21111E+01  2.23333E+01  2.25556E+01
#           2.27778E+01  2.30000E+01  2.32222E+01  2.34444E+01  2.36667E+01
#           2.38889E+01  2.41111E+01  2.43333E+01  2.45556E+01  2.47778E+01
#           2.50000E+01  2.52222E+01  2.54444E+01  2.56667E+01  2.58889E+01
#           2.61111E+01  2.63333E+01  2.65556E+01  2.67778E+01  2.70000E+01
#           2.72222E+01  2.74444E+01  2.76667E+01  2.78889E+01  2.81111E+01
#           2.83333E+01  2.85556E+01  2.87778E+01  2.90000E+01  2.92222E+01
#           2.94444E+01  2.96667E+01  2.98889E+01  3.01111E+01  3.03333E+01
#           3.05556E+01  3.07778E+01  3.10000E+01  3.12222E+01  3.14444E+01
#           3.16667E+01  3.18889E+01  3.21111E+01  3.23333E+01  3.25556E+01
#           3.27778E+01  3.30000E+01  3.32222E+01  3.34444E+01  3.36667E+01
#           3.38889E+01  3.41111E+01  3.43333E+01  3.45556E+01  3.47778E+01
#           3.50000E+01
     unit =    0            # unit is [Gy/source]
   letmat =    0            # (D=0) mat ID for LET, 0:real mat, <0: electron for H2O
  dedxfnc =    0            # (D=0) user defined multiplier, 0(no), 1, 2
 material =  all            # (D=all) number of specific material
   output =  dose           # total deposit energy
  deposit =    0            # (D=0) 0-> total deposit dist, 1-> each process
  2D-type =    3            # 1:Cont, 2:Clust, 3:Color, 4:xyz, 5:mat, 6:Clust+Cont, 7:Col+Cont
     axis =    rz           # axis of output
     file = deposit_r_all.out  # file name of output for the above axis
     part =  all        electron   photon     neutron  
# kf/name :  0          11         22         2112     
    gshow =    1            # 0: no 1:bnd, 2:bnd+mat, 3:bnd+reg 4:bnd+lat 5:bmp style
    resol =    1            # (D=1) resolution of gshow or rshow
    width = 0.5000000       # (D=0.5) width of lines for gshow or rshow
   epsout =    1            # (D=0) generate eps file by ANGEL
#    used :        main (  %)        temp (  %)       total (  %)
#  memory :         231 (  0)           0 (  0)         231 (  0)

#------------------------------------------------------------------------------
#newpage:
#   no. =  1   part. = all     

'no. =  1'
msuc: {\huge [t-deposit] in r-z mesh}
msdr: {\it plotted by \ANGEL \version}
msdl: {\it calculated by \PHITS  3.24}

x: z [cm]
y: r [cm]
set: c1[ 0.060] c2[ 3.674] c5[ 0.800] c6[ 0.374] c7[ 0.000] c8[ 6.267]
p: h2fs form[c1] xfac[c2] afac[c5] scal[c6] xorg[c7] yorg[c8] nosp
set: c3[1.0e-4] c4[1.0]
p: cmin[c3] cmax[c4]
p: dmin(1e-31)
p: zlog
p: xmin( -15.00000    ) xmax(  35.00000    )
p: ymin(  0.000000    ) ymax(  3.000000    )
#  nr =   1   nz = 225
# ( ( data(z,r), z = 1, nz ), r = nr, 1, -1 )

hc:  y =   1.500000     to   1.500000     by   3.000000     ; x =  -14.88889     to   34.88889     by  0.2222222     ;
  5.864E-03  7.494E-03  7.378E-03  7.299E-03  7.341E-03  6.943E-03  7.261E-03  7.521E-03  7.372E-03  7.511E-03
  7.299E-03  7.541E-03  7.461E-03  7.268E-03  7.034E-03  6.924E-03  6.821E-03  6.609E-03  4.228E-03  4.598E-03
  5.247E-03  4.890E-03  4.989E-03  5.057E-03  5.212E-03  5.262E-03  5.274E-03  5.296E-03  5.308E-03  5.397E-03
  5.164E-03  4.368E-03  4.643E-03  4.995E-03  4.634E-03  4.423E-03  4.782E-03  4.370E-03  4.289E-03  4.008E-03
  4.414E-03  4.377E-03  3.805E-03  4.022E-03  3.995E-03  3.828E-03  4.037E-03  4.179E-03  3.848E-03  1.460E-02
  3.504E-03  3.581E-03  3.529E-03  3.500E-03  3.524E-03  3.435E-03  3.498E-03  3.331E-03  3.034E-03  3.112E-03
  3.213E-03  3.029E-03  2.851E-03  3.022E-03  2.785E-03  2.893E-03  2.845E-03  3.009E-03  4.166E-03  4.093E-03
  4.046E-03  4.026E-03  4.009E-03  3.976E-03  3.970E-03  3.973E-03  3.977E-03  3.969E-03  3.982E-03  3.994E-03
  4.005E-03  4.027E-03  4.042E-03  4.077E-03  4.114E-03  4.146E-03  4.185E-03  4.238E-03  4.270E-03  4.311E-03
  4.361E-03  4.421E-03  4.468E-03  4.534E-03  4.613E-03  4.678E-03  4.755E-03  4.816E-03  4.898E-03  4.946E-03
  5.034E-03  5.094E-03  5.198E-03  5.305E-03  5.396E-03  5.467E-03  5.555E-03  5.678E-03  5.700E-03  5.857E-03
  5.955E-03  6.050E-03  6.170E-03  6.242E-03  6.388E-03  6.486E-03  6.575E-03  6.678E-03  6.801E-03  6.867E-03
  6.986E-03  7.126E-03  7.239E-03  7.364E-03  7.512E-03  7.607E-03  7.749E-03  7.854E-03  7.927E-03  8.105E-03
  8.222E-03  8.392E-03  8.464E-03  8.614E-03  8.749E-03  8.849E-03  8.951E-03  9.067E-03  9.148E-03  9.364E-03
  9.479E-03  9.613E-03  9.760E-03  9.815E-03  9.962E-03  1.018E-02  1.024E-02  1.046E-02  1.053E-02  1.071E-02
  1.077E-02  1.096E-02  1.104E-02  1.128E-02  1.149E-02  1.164E-02  1.173E-02  1.177E-02  1.189E-02  1.204E-02
  1.224E-02  1.229E-02  1.256E-02  1.267E-02  1.279E-02  1.317E-02  1.309E-02  1.325E-02  1.334E-02  1.357E-02
  1.358E-02  1.381E-02  1.389E-02  1.422E-02  1.412E-02  1.428E-02  1.457E-02  1.476E-02  1.478E-02  1.515E-02
  1.516E-02  1.530E-02  1.545E-02  1.557E-02  1.582E-02  1.593E-02  1.626E-02  1.650E-02  1.662E-02  1.674E-02
  1.684E-02  1.691E-02  1.725E-02  1.721E-02  1.754E-02  1.752E-02  1.815E-02  1.830E-02  1.859E-02  1.873E-02
  1.875E-02  1.920E-02  2.301E-02  0.000E+00  0.000E+00  0.000E+00  0.000E+00  0.000E+00  0.000E+00  0.000E+00
  0.000E+00  0.000E+00  0.000E+00  0.000E+00  0.000E+00  0.000E+00  0.000E+00  0.000E+00  0.000E+00  0.000E+00
  0.000E+00  0.000E+00  0.000E+00  0.000E+00  0.000E+00

#------------------------------------------------------------------------------
z: xorg(1.03)
p: xfac[c2*0.05] form[c1/0.05] notc noxt noyt dmin(1)
p: ymin(0) ymax(1) xmin(0) xmax(1) cmin(1) cmax(100) nosp
hc: y= 0.005 to 0.995 by 0.01 ; x= 0.5 to 0.5 by 1 ;
 1  2  3  4  5  6  7  8  9 10 11 12 13 14 15 16 17 18 19 20
21 22 23 24 25 26 27 28 29 30 31 32 33 34 35 36 37 38 39 40
41 42 43 44 45 46 47 48 49 50 51 52 53 54 55 56 57 58 59 60
61 62 63 64 65 66 67 68 69 70 71 72 73 74 75 76 77 78 79 80
81 82 83 84 85 86 87 88 89 90 91 92 93 94 95 96 97 98 99 100
z: xorg(0.0)
p: xfac[c2*0.05] form[c1/0.05] nosp afac[c5*0.625] ymin[c3] ymax[c4]
p: noxt noxn ytxt(-1) ynum(-1) xltd(-1) xstd(-1) itic(1) ylog
y: Relative Error
#------------------------------------------------------------------------------

wt: s(0.7)
\vspace{-3}
  part. &=& all     
e:

#------------------------------------------------------------------------------
z: xorg[-1.03/0.05]
p: form[c1] xfac[c2] afac[c5] nosp notf
p: xmin( -15.00000    ) xmax(  35.00000    )
p: ymin(  0.000000    ) ymax(  3.000000    )

#------------------------------------------------------------------------------
 newpage:
#   no. =  2   part. = electron

'no. =  2'
msuc: {\huge [t-deposit] in r-z mesh}
msdr: {\it plotted by \ANGEL \version}
msdl: {\it calculated by \PHITS  3.24}

x: z [cm]
y: r [cm]
set: c1[ 0.060] c2[ 3.674] c5[ 0.800] c6[ 0.374] c7[ 0.000] c8[ 6.267]
p: h2fs form[c1] xfac[c2] afac[c5] scal[c6] xorg[c7] yorg[c8] nosp
set: c3[1.0e-4] c4[1.0]
p: cmin[c3] cmax[c4]
p: dmin(1e-31)
p: zlog
p: xmin( -15.00000    ) xmax(  35.00000    )
p: ymin(  0.000000    ) ymax(  3.000000    )
#  nr =   1   nz = 225
# ( ( data(z,r), z = 1, nz ), r = nr, 1, -1 )

hc:  y =   1.500000     to   1.500000     by   3.000000     ; x =  -14.88889     to   34.88889     by  0.2222222     ;
  2.755E-02  3.319E-02  3.275E-02  3.198E-02  3.152E-02  2.977E-02  3.050E-02  3.116E-02  3.069E-02  3.073E-02
  2.977E-02  3.057E-02  3.059E-02  2.974E-02  2.941E-02  2.875E-02  2.789E-02  2.685E-02  2.688E-02  2.700E-02
  2.911E-02  2.711E-02  2.771E-02  2.769E-02  2.790E-02  2.843E-02  2.813E-02  2.724E-02  2.793E-02  2.729E-02
  2.662E-02  2.337E-02  2.423E-02  2.535E-02  2.354E-02  2.293E-02  2.420E-02  2.253E-02  2.253E-02  2.140E-02
  2.287E-02  2.295E-02  2.017E-02  2.095E-02  2.107E-02  2.014E-02  2.106E-02  2.140E-02  2.002E-02  1.891E-02
  1.868E-02  1.863E-02  1.849E-02  1.839E-02  1.850E-02  1.799E-02  1.848E-02  1.778E-02  1.661E-02  1.714E-02
  1.750E-02  1.661E-02  1.608E-02  1.669E-02  1.544E-02  1.592E-02  1.560E-02  9.153E-03  5.354E-03  5.061E-03
  4.875E-03  4.760E-03  4.674E-03  4.570E-03  4.509E-03  4.473E-03  4.442E-03  4.401E-03  4.386E-03  4.380E-03
  4.371E-03  4.375E-03  4.376E-03  4.398E-03  4.429E-03  4.452E-03  4.485E-03  4.533E-03  4.557E-03  4.591E-03
  4.636E-03  4.698E-03  4.742E-03  4.805E-03  4.885E-03  4.950E-03  5.028E-03  5.089E-03  5.171E-03  5.218E-03
  5.304E-03  5.369E-03  5.475E-03  5.587E-03  5.681E-03  5.752E-03  5.842E-03  5.973E-03  5.988E-03  6.152E-03
  6.253E-03  6.347E-03  6.470E-03  6.545E-03  6.695E-03  6.794E-03  6.885E-03  6.984E-03  7.116E-03  7.179E-03
  7.306E-03  7.447E-03  7.557E-03  7.689E-03  7.843E-03  7.938E-03  8.088E-03  8.198E-03  8.266E-03  8.447E-03
  8.561E-03  8.745E-03  8.819E-03  8.966E-03  9.082E-03  9.205E-03  9.303E-03  9.412E-03  9.491E-03  9.711E-03
  9.831E-03  9.969E-03  1.012E-02  1.016E-02  1.031E-02  1.053E-02  1.060E-02  1.081E-02  1.088E-02  1.106E-02
  1.111E-02  1.128E-02  1.138E-02  1.163E-02  1.182E-02  1.200E-02  1.206E-02  1.211E-02  1.225E-02  1.240E-02
  1.260E-02  1.264E-02  1.289E-02  1.303E-02  1.315E-02  1.355E-02  1.344E-02  1.360E-02  1.369E-02  1.390E-02
  1.392E-02  1.413E-02  1.421E-02  1.457E-02  1.446E-02  1.462E-02  1.491E-02  1.506E-02  1.513E-02  1.551E-02
  1.552E-02  1.563E-02  1.576E-02  1.590E-02  1.616E-02  1.625E-02  1.656E-02  1.683E-02  1.696E-02  1.705E-02
  1.716E-02  1.724E-02  1.756E-02  1.755E-02  1.789E-02  1.785E-02  1.847E-02  1.861E-02  1.892E-02  1.904E-02
  1.910E-02  1.951E-02  2.342E-02  0.000E+00  0.000E+00  0.000E+00  0.000E+00  0.000E+00  0.000E+00  0.000E+00
  0.000E+00  0.000E+00  0.000E+00  0.000E+00  0.000E+00  0.000E+00  0.000E+00  0.000E+00  0.000E+00  0.000E+00
  0.000E+00  0.000E+00  0.000E+00  0.000E+00  0.000E+00

#------------------------------------------------------------------------------
z: xorg(1.03)
p: xfac[c2*0.05] form[c1/0.05] notc noxt noyt dmin(1)
p: ymin(0) ymax(1) xmin(0) xmax(1) cmin(1) cmax(100) nosp
hc: y= 0.005 to 0.995 by 0.01 ; x= 0.5 to 0.5 by 1 ;
 1  2  3  4  5  6  7  8  9 10 11 12 13 14 15 16 17 18 19 20
21 22 23 24 25 26 27 28 29 30 31 32 33 34 35 36 37 38 39 40
41 42 43 44 45 46 47 48 49 50 51 52 53 54 55 56 57 58 59 60
61 62 63 64 65 66 67 68 69 70 71 72 73 74 75 76 77 78 79 80
81 82 83 84 85 86 87 88 89 90 91 92 93 94 95 96 97 98 99 100
z: xorg(0.0)
p: xfac[c2*0.05] form[c1/0.05] nosp afac[c5*0.625] ymin[c3] ymax[c4]
p: noxt noxn ytxt(-1) ynum(-1) xltd(-1) xstd(-1) itic(1) ylog
y: Relative Error
#------------------------------------------------------------------------------

wt: s(0.7)
\vspace{-3}
  part. &=& electron
e:

#------------------------------------------------------------------------------
z: xorg[-1.03/0.05]
p: form[c1] xfac[c2] afac[c5] nosp notf
p: xmin( -15.00000    ) xmax(  35.00000    )
p: ymin(  0.000000    ) ymax(  3.000000    )

#------------------------------------------------------------------------------
 newpage:
#   no. =  3   part. = photon  

'no. =  3'
msuc: {\huge [t-deposit] in r-z mesh}
msdr: {\it plotted by \ANGEL \version}
msdl: {\it calculated by \PHITS  3.24}

x: z [cm]
y: r [cm]
set: c1[ 0.060] c2[ 3.674] c5[ 0.800] c6[ 0.374] c7[ 0.000] c8[ 6.267]
p: h2fs form[c1] xfac[c2] afac[c5] scal[c6] xorg[c7] yorg[c8] nosp
set: c3[1.0e-4] c4[1.0]
p: cmin[c3] cmax[c4]
p: dmin(1e-31)
p: zlog
p: xmin( -15.00000    ) xmax(  35.00000    )
p: ymin(  0.000000    ) ymax(  3.000000    )
#  nr =   1   nz = 225
# ( ( data(z,r), z = 1, nz ), r = nr, 1, -1 )

hc:  y =   1.500000     to   1.500000     by   3.000000     ; x =  -14.88889     to   34.88889     by  0.2222222     ;
  0.000E+00  0.000E+00  0.000E+00  0.000E+00  0.000E+00  0.000E+00  0.000E+00  0.000E+00  0.000E+00  0.000E+00
  0.000E+00  0.000E+00  0.000E+00  0.000E+00  0.000E+00  0.000E+00  0.000E+00  0.000E+00  0.000E+00  0.000E+00
  0.000E+00  0.000E+00  0.000E+00  0.000E+00  0.000E+00  0.000E+00  0.000E+00  0.000E+00  0.000E+00  0.000E+00
  0.000E+00  0.000E+00  0.000E+00  0.000E+00  0.000E+00  0.000E+00  0.000E+00  0.000E+00  0.000E+00  0.000E+00
  1.000E+00  0.000E+00  0.000E+00  0.000E+00  0.000E+00  0.000E+00  0.000E+00  0.000E+00  0.000E+00  0.000E+00
  0.000E+00  0.000E+00  0.000E+00  0.000E+00  0.000E+00  0.000E+00  0.000E+00  0.000E+00  0.000E+00  0.000E+00
  0.000E+00  0.000E+00  0.000E+00  0.000E+00  0.000E+00  0.000E+00  0.000E+00  3.635E-01  2.081E-01  2.172E-01
  2.464E-01  2.016E-01  2.028E-01  2.140E-01  1.808E-01  1.785E-01  1.895E-01  1.688E-01  1.766E-01  1.619E-01
  2.073E-01  2.025E-01  1.871E-01  1.702E-01  1.760E-01  1.991E-01  1.758E-01  2.068E-01  1.761E-01  2.185E-01
  2.131E-01  1.858E-01  2.095E-01  1.957E-01  1.845E-01  2.190E-01  2.059E-01  1.942E-01  2.103E-01  2.046E-01
  1.840E-01  1.916E-01  2.134E-01  2.169E-01  2.558E-01  2.274E-01  2.393E-01  2.572E-01  2.550E-01  2.272E-01
  2.485E-01  2.549E-01  2.423E-01  2.589E-01  2.488E-01  2.385E-01  3.104E-01  2.805E-01  2.323E-01  2.571E-01
  2.842E-01  3.964E-01  2.238E-01  2.925E-01  3.061E-01  2.562E-01  3.207E-01  2.943E-01  3.538E-01  2.774E-01
  2.843E-01  2.240E-01  2.738E-01  3.265E-01  2.597E-01  3.252E-01  3.195E-01  3.100E-01  3.148E-01  3.249E-01
  2.982E-01  3.089E-01  3.462E-01  2.641E-01  3.693E-01  3.344E-01  3.890E-01  3.685E-01  2.783E-01  2.821E-01
  3.052E-01  4.027E-01  3.273E-01  3.045E-01  3.496E-01  3.939E-01  4.551E-01  3.328E-01  3.131E-01  4.116E-01
  3.183E-01  5.609E-01  5.833E-01  4.561E-01  3.983E-01  3.704E-01  3.330E-01  4.326E-01  5.520E-01  2.930E-01
  4.277E-01  3.798E-01  5.845E-01  4.393E-01  3.650E-01  4.684E-01  4.902E-01  4.687E-01  4.200E-01  4.115E-01
  3.471E-01  5.982E-01  7.568E-01  5.021E-01  8.321E-01  4.075E-01  7.071E-01  4.109E-01  4.823E-01  4.925E-01
  0.000E+00  4.361E-01  6.395E-01  1.000E+00  1.000E+00  5.781E-01  6.416E-01  5.012E-01  7.297E-01  8.777E-01
  7.073E-01  5.479E-01  1.000E+00  0.000E+00  0.000E+00  0.000E+00  0.000E+00  0.000E+00  0.000E+00  0.000E+00
  0.000E+00  0.000E+00  0.000E+00  0.000E+00  0.000E+00  0.000E+00  0.000E+00  0.000E+00  0.000E+00  0.000E+00
  0.000E+00  0.000E+00  0.000E+00  0.000E+00  0.000E+00

#------------------------------------------------------------------------------
z: xorg(1.03)
p: xfac[c2*0.05] form[c1/0.05] notc noxt noyt dmin(1)
p: ymin(0) ymax(1) xmin(0) xmax(1) cmin(1) cmax(100) nosp
hc: y= 0.005 to 0.995 by 0.01 ; x= 0.5 to 0.5 by 1 ;
 1  2  3  4  5  6  7  8  9 10 11 12 13 14 15 16 17 18 19 20
21 22 23 24 25 26 27 28 29 30 31 32 33 34 35 36 37 38 39 40
41 42 43 44 45 46 47 48 49 50 51 52 53 54 55 56 57 58 59 60
61 62 63 64 65 66 67 68 69 70 71 72 73 74 75 76 77 78 79 80
81 82 83 84 85 86 87 88 89 90 91 92 93 94 95 96 97 98 99 100
z: xorg(0.0)
p: xfac[c2*0.05] form[c1/0.05] nosp afac[c5*0.625] ymin[c3] ymax[c4]
p: noxt noxn ytxt(-1) ynum(-1) xltd(-1) xstd(-1) itic(1) ylog
y: Relative Error
#------------------------------------------------------------------------------

wt: s(0.7)
\vspace{-3}
  part. &=& photon  
e:

#------------------------------------------------------------------------------
z: xorg[-1.03/0.05]
p: form[c1] xfac[c2] afac[c5] nosp notf
p: xmin( -15.00000    ) xmax(  35.00000    )
p: ymin(  0.000000    ) ymax(  3.000000    )

#------------------------------------------------------------------------------
 newpage:
#   no. =  4   part. = neutron 

'no. =  4'
msuc: {\huge [t-deposit] in r-z mesh}
msdr: {\it plotted by \ANGEL \version}
msdl: {\it calculated by \PHITS  3.24}

x: z [cm]
y: r [cm]
set: c1[ 0.060] c2[ 3.674] c5[ 0.800] c6[ 0.374] c7[ 0.000] c8[ 6.267]
p: h2fs form[c1] xfac[c2] afac[c5] scal[c6] xorg[c7] yorg[c8] nosp
set: c3[1.0e-4] c4[1.0]
p: cmin[c3] cmax[c4]
p: dmin(1e-31)
p: zlog
p: xmin( -15.00000    ) xmax(  35.00000    )
p: ymin(  0.000000    ) ymax(  3.000000    )
#  nr =   1   nz = 225
# ( ( data(z,r), z = 1, nz ), r = nr, 1, -1 )

hc:  y =   1.500000     to   1.500000     by   3.000000     ; x =  -14.88889     to   34.88889     by  0.2222222     ;
  1.054E-03  1.053E-03  1.050E-03  1.046E-03  1.045E-03  1.044E-03  1.040E-03  1.038E-03  1.037E-03  1.036E-03
  1.034E-03  1.030E-03  1.029E-03  1.029E-03  1.032E-03  1.030E-03  1.030E-03  1.033E-03  7.677E-04  7.535E-04
  7.499E-04  7.524E-04  7.579E-04  7.706E-04  7.830E-04  7.904E-04  7.901E-04  7.916E-04  7.765E-04  7.775E-04
  7.738E-04  7.619E-04  7.602E-04  7.473E-04  7.358E-04  7.374E-04  7.203E-04  7.094E-04  7.031E-04  6.933E-04
  6.804E-04  6.772E-04  6.672E-04  6.565E-04  6.500E-04  6.440E-04  6.340E-04  6.282E-04  6.154E-04  6.055E-04
  6.019E-04  5.882E-04  5.901E-04  5.773E-04  5.715E-04  5.677E-04  5.602E-04  5.585E-04  5.562E-04  5.493E-04
  5.498E-04  5.491E-04  5.489E-04  5.520E-04  5.597E-04  5.740E-04  5.903E-04  6.693E-04  2.606E-03  2.700E-03
  2.879E-03  2.959E-03  3.168E-03  3.308E-03  3.452E-03  3.563E-03  3.748E-03  3.984E-03  4.135E-03  4.337E-03
  4.423E-03  4.637E-03  4.853E-03  5.046E-03  5.182E-03  5.342E-03  5.496E-03  5.732E-03  5.916E-03  6.280E-03
  6.401E-03  6.566E-03  6.866E-03  7.005E-03  7.282E-03  7.475E-03  7.578E-03  7.968E-03  8.147E-03  8.434E-03
  8.727E-03  8.809E-03  9.158E-03  9.283E-03  9.677E-03  9.822E-03  1.016E-02  1.041E-02  1.082E-02  1.099E-02
  1.123E-02  1.150E-02  1.178E-02  1.212E-02  1.225E-02  1.281E-02  1.293E-02  1.338E-02  1.344E-02  1.389E-02
  1.471E-02  1.443E-02  1.538E-02  1.540E-02  1.646E-02  1.622E-02  1.609E-02  1.720E-02  1.654E-02  1.731E-02
  1.774E-02  1.725E-02  1.806E-02  1.839E-02  1.890E-02  2.023E-02  2.111E-02  2.059E-02  2.077E-02  2.134E-02
  2.149E-02  2.218E-02  2.130E-02  2.279E-02  2.307E-02  2.420E-02  2.487E-02  2.539E-02  2.553E-02  2.560E-02
  2.629E-02  2.889E-02  2.963E-02  2.706E-02  2.879E-02  2.898E-02  2.856E-02  2.884E-02  2.970E-02  3.081E-02
  3.228E-02  3.273E-02  3.154E-02  3.187E-02  3.290E-02  3.410E-02  3.560E-02  3.624E-02  3.818E-02  4.209E-02
  3.838E-02  3.796E-02  4.185E-02  3.739E-02  3.787E-02  4.315E-02  4.776E-02  4.198E-02  4.524E-02  4.300E-02
  4.255E-02  4.221E-02  4.359E-02  5.189E-02  5.109E-02  5.584E-02  4.553E-02  4.696E-02  4.658E-02  4.751E-02
  5.531E-02  5.049E-02  5.058E-02  5.378E-02  5.228E-02  5.412E-02  5.323E-02  5.383E-02  5.920E-02  6.494E-02
  6.070E-02  7.650E-02  8.350E-02  0.000E+00  0.000E+00  0.000E+00  0.000E+00  0.000E+00  0.000E+00  0.000E+00
  0.000E+00  0.000E+00  0.000E+00  0.000E+00  0.000E+00  0.000E+00  0.000E+00  0.000E+00  0.000E+00  0.000E+00
  0.000E+00  0.000E+00  0.000E+00  0.000E+00  0.000E+00

#------------------------------------------------------------------------------
z: xorg(1.03)
p: xfac[c2*0.05] form[c1/0.05] notc noxt noyt dmin(1)
p: ymin(0) ymax(1) xmin(0) xmax(1) cmin(1) cmax(100) nosp
hc: y= 0.005 to 0.995 by 0.01 ; x= 0.5 to 0.5 by 1 ;
 1  2  3  4  5  6  7  8  9 10 11 12 13 14 15 16 17 18 19 20
21 22 23 24 25 26 27 28 29 30 31 32 33 34 35 36 37 38 39 40
41 42 43 44 45 46 47 48 49 50 51 52 53 54 55 56 57 58 59 60
61 62 63 64 65 66 67 68 69 70 71 72 73 74 75 76 77 78 79 80
81 82 83 84 85 86 87 88 89 90 91 92 93 94 95 96 97 98 99 100
z: xorg(0.0)
p: xfac[c2*0.05] form[c1/0.05] nosp afac[c5*0.625] ymin[c3] ymax[c4]
p: noxt noxn ytxt(-1) ynum(-1) xltd(-1) xstd(-1) itic(1) ylog
y: Relative Error
#------------------------------------------------------------------------------

wt: s(0.7)
\vspace{-3}
  part. &=& neutron 
e:

#------------------------------------------------------------------------------
z: xorg[-1.03/0.05]
p: form[c1] xfac[c2] afac[c5] nosp notf
p: xmin( -15.00000    ) xmax(  35.00000    )
p: ymin(  0.000000    ) ymax(  3.000000    )
 
# Information for Restart Calculation
# This calculation was newly started
# istdev =  2 # 1:Batch variance, 2:History variance
# resc2  = 9.08263099295251330E-05 # Total source weight or Total source weight / maxcas
# resc3  = 9.00000000000000000E+08 # Total history number or Total batch number
# maxcas =    10000000 # History / Batch, only used for istdev=1
# rijklst=   1.4539411243053338E-023 # Next initial random number
# bitrseed = 0011101100110001100100111011101011010110001110100100000001110110
