[ T-Deposit ]
    title = [t-deposit] in r-z mesh
     mesh =  r-z            # mesh type is r-z scoring mesh
       x0 =   0.000000      # center x-position of r-z mesh
       y0 =   0.000000      # center y-position of r-z mesh
   r-type =    2            # r-mesh is linear given by rmin, rmax and nr
     rmin =   0.000000      # minimum value of r-mesh points
     rmax =   3.000000      # maximum value of r-mesh points
#    rdel =   3.000000      # mesh width of r-mesh points
       nr =      1          # number of r-mesh points
#    data = ( r(i), i = 1, nr + 1 )
#           0.00000E+00  3.00000E+00
   z-type =    2            # z-mesh is linear given by zmin, zmax and nz
     zmin =  -15.00000      # minimum value of z-mesh points
     zmax =   35.00000      # maximum value of z-mesh points
#    zdel =  0.2222222      # mesh width of z-mesh points
       nz =    225          # number of z-mesh points
#    data = ( z(i), i = 1, nz + 1 )
#          -1.50000E+01 -1.47778E+01 -1.45556E+01 -1.43333E+01 -1.41111E+01
#          -1.38889E+01 -1.36667E+01 -1.34444E+01 -1.32222E+01 -1.30000E+01
#          -1.27778E+01 -1.25556E+01 -1.23333E+01 -1.21111E+01 -1.18889E+01
#          -1.16667E+01 -1.14444E+01 -1.12222E+01 -1.10000E+01 -1.07778E+01
#          -1.05556E+01 -1.03333E+01 -1.01111E+01 -9.88889E+00 -9.66667E+00
#          -9.44444E+00 -9.22222E+00 -9.00000E+00 -8.77778E+00 -8.55556E+00
#          -8.33333E+00 -8.11111E+00 -7.88889E+00 -7.66667E+00 -7.44444E+00
#          -7.22222E+00 -7.00000E+00 -6.77778E+00 -6.55556E+00 -6.33333E+00
#          -6.11111E+00 -5.88889E+00 -5.66667E+00 -5.44444E+00 -5.22222E+00
#          -5.00000E+00 -4.77778E+00 -4.55556E+00 -4.33333E+00 -4.11111E+00
#          -3.88889E+00 -3.66667E+00 -3.44444E+00 -3.22222E+00 -3.00000E+00
#          -2.77778E+00 -2.55556E+00 -2.33333E+00 -2.11111E+00 -1.88889E+00
#          -1.66667E+00 -1.44444E+00 -1.22222E+00 -1.00000E+00 -7.77778E-01
#          -5.55556E-01 -3.33333E-01 -1.11111E-01  1.11111E-01  3.33333E-01
#           5.55556E-01  7.77778E-01  1.00000E+00  1.22222E+00  1.44444E+00
#           1.66667E+00  1.88889E+00  2.11111E+00  2.33333E+00  2.55556E+00
#           2.77778E+00  3.00000E+00  3.22222E+00  3.44444E+00  3.66667E+00
#           3.88889E+00  4.11111E+00  4.33333E+00  4.55556E+00  4.77778E+00
#           5.00000E+00  5.22222E+00  5.44444E+00  5.66667E+00  5.88889E+00
#           6.11111E+00  6.33333E+00  6.55556E+00  6.77778E+00  7.00000E+00
#           7.22222E+00  7.44444E+00  7.66667E+00  7.88889E+00  8.11111E+00
#           8.33333E+00  8.55556E+00  8.77778E+00  9.00000E+00  9.22222E+00
#           9.44444E+00  9.66667E+00  9.88889E+00  1.01111E+01  1.03333E+01
#           1.05556E+01  1.07778E+01  1.10000E+01  1.12222E+01  1.14444E+01
#           1.16667E+01  1.18889E+01  1.21111E+01  1.23333E+01  1.25556E+01
#           1.27778E+01  1.30000E+01  1.32222E+01  1.34444E+01  1.36667E+01
#           1.38889E+01  1.41111E+01  1.43333E+01  1.45556E+01  1.47778E+01
#           1.50000E+01  1.52222E+01  1.54444E+01  1.56667E+01  1.58889E+01
#           1.61111E+01  1.63333E+01  1.65556E+01  1.67778E+01  1.70000E+01
#           1.72222E+01  1.74444E+01  1.76667E+01  1.78889E+01  1.81111E+01
#           1.83333E+01  1.85556E+01  1.87778E+01  1.90000E+01  1.92222E+01
#           1.94444E+01  1.96667E+01  1.98889E+01  2.01111E+01  2.03333E+01
#           2.05556E+01  2.07778E+01  2.10000E+01  2.12222E+01  2.14444E+01
#           2.16667E+01  2.18889E+01  2.21111E+01  2.23333E+01  2.25556E+01
#           2.27778E+01  2.30000E+01  2.32222E+01  2.34444E+01  2.36667E+01
#           2.38889E+01  2.41111E+01  2.43333E+01  2.45556E+01  2.47778E+01
#           2.50000E+01  2.52222E+01  2.54444E+01  2.56667E+01  2.58889E+01
#           2.61111E+01  2.63333E+01  2.65556E+01  2.67778E+01  2.70000E+01
#           2.72222E+01  2.74444E+01  2.76667E+01  2.78889E+01  2.81111E+01
#           2.83333E+01  2.85556E+01  2.87778E+01  2.90000E+01  2.92222E+01
#           2.94444E+01  2.96667E+01  2.98889E+01  3.01111E+01  3.03333E+01
#           3.05556E+01  3.07778E+01  3.10000E+01  3.12222E+01  3.14444E+01
#           3.16667E+01  3.18889E+01  3.21111E+01  3.23333E+01  3.25556E+01
#           3.27778E+01  3.30000E+01  3.32222E+01  3.34444E+01  3.36667E+01
#           3.38889E+01  3.41111E+01  3.43333E+01  3.45556E+01  3.47778E+01
#           3.50000E+01
     unit =    0            # unit is [Gy/source]
   letmat =    0            # (D=0) mat ID for LET, 0:real mat, <0: electron for H2O
  dedxfnc =    0            # (D=0) user defined multiplier, 0(no), 1, 2
 material =  all            # (D=all) number of specific material
   output =  dose           # total deposit energy
  deposit =    0            # (D=0) 0-> total deposit dist, 1-> each process
  2D-type =    3            # 1:Cont, 2:Clust, 3:Color, 4:xyz, 5:mat, 6:Clust+Cont, 7:Col+Cont
     axis =    rz           # axis of output
     file = deposit_r_all.out  # file name of output for the above axis
     part =  all        electron   photon     neutron  
# kf/name :  0          11         22         2112     
    gshow =    1            # 0: no 1:bnd, 2:bnd+mat, 3:bnd+reg 4:bnd+lat 5:bmp style
    resol =    1            # (D=1) resolution of gshow or rshow
    width = 0.5000000       # (D=0.5) width of lines for gshow or rshow
   epsout =    1            # (D=0) generate eps file by ANGEL
#    used :        main (  %)        temp (  %)       total (  %)
#  memory :         231 (  0)           0 (  0)         231 (  0)

#------------------------------------------------------------------------------
#newpage:
#   no. =  1   part. = all     

'no. =  1'
msuc: {\huge [t-deposit] in r-z mesh}
msdr: {\it plotted by \ANGEL \version}
msdl: {\it calculated by \PHITS  3.24}

x: z [cm]
y: r [cm]
set: c1[ 0.060] c2[ 3.674] c5[ 0.800] c6[ 0.374] c7[ 0.000] c8[ 6.267]
p: h2fs form[c1] xfac[c2] afac[c5] scal[c6] xorg[c7] yorg[c8] nosp
set: c3[   6.721581E-08] c4[   1.049672E-02]
p: cmin[c3] cmax[c4]
p: dmin(1e-31)
p: zlog
p: xmin( -15.00000    ) xmax(  35.00000    )
p: ymin(  0.000000    ) ymax(  3.000000    )
#  nr =   1   nz = 225
# ( ( data(z,r), z = 1, nz ), r = nr, 1, -1 )

hc:  y =   1.500000     to   1.500000     by   3.000000     ; x =  -14.88889     to   34.88889     by  0.2222222     ;
  2.855E-03  2.903E-03  2.932E-03  2.969E-03  3.029E-03  3.082E-03  3.089E-03  3.177E-03  3.230E-03  3.267E-03
  3.309E-03  3.367E-03  3.442E-03  3.452E-03  3.490E-03  3.560E-03  3.581E-03  3.660E-03  7.708E-03  7.259E-03
  7.023E-03  7.034E-03  3.549E-03  0.000E+00  0.000E+00  0.000E+00  0.000E+00  0.000E+00  0.000E+00  0.000E+00
  0.000E+00  0.000E+00  0.000E+00  0.000E+00  0.000E+00  0.000E+00  0.000E+00  0.000E+00  0.000E+00  0.000E+00
  0.000E+00  0.000E+00  0.000E+00  0.000E+00  0.000E+00  0.000E+00  0.000E+00  0.000E+00  0.000E+00  0.000E+00
  0.000E+00  0.000E+00  0.000E+00  0.000E+00  0.000E+00  0.000E+00  0.000E+00  0.000E+00  0.000E+00  0.000E+00
  0.000E+00  0.000E+00  0.000E+00  0.000E+00  0.000E+00  0.000E+00  0.000E+00  4.061E-03  8.511E-03  9.069E-03
  9.498E-03  9.483E-03  9.672E-03  9.901E-03  1.002E-02  1.021E-02  1.050E-02  1.018E-02  1.022E-02  1.000E-02
  9.649E-03  9.980E-03  9.939E-03  9.472E-03  9.323E-03  8.976E-03  8.676E-03  8.340E-03  8.091E-03  7.847E-03
  7.649E-03  7.426E-03  7.223E-03  6.826E-03  6.625E-03  6.351E-03  6.100E-03  5.840E-03  5.698E-03  5.602E-03
  5.445E-03  5.256E-03  4.934E-03  4.807E-03  4.657E-03  4.454E-03  4.322E-03  4.138E-03  3.955E-03  3.768E-03
  3.618E-03  3.463E-03  3.407E-03  3.298E-03  3.185E-03  3.104E-03  2.937E-03  2.861E-03  2.731E-03  2.652E-03
  2.580E-03  2.473E-03  2.334E-03  2.269E-03  2.207E-03  2.145E-03  2.164E-03  2.104E-03  2.017E-03  1.956E-03
  1.928E-03  1.863E-03  1.799E-03  1.747E-03  1.677E-03  1.614E-03  1.588E-03  1.497E-03  1.453E-03  1.423E-03
  1.382E-03  1.346E-03  1.306E-03  1.298E-03  1.253E-03  1.240E-03  1.217E-03  1.173E-03  1.139E-03  1.120E-03
  1.111E-03  1.073E-03  1.047E-03  1.024E-03  9.946E-04  9.844E-04  9.619E-04  9.532E-04  9.416E-04  9.150E-04
  8.884E-04  9.181E-04  8.476E-04  8.397E-04  8.288E-04  8.054E-04  7.907E-04  7.614E-04  7.306E-04  7.268E-04
  7.096E-04  6.915E-04  6.829E-04  6.757E-04  6.474E-04  6.455E-04  6.456E-04  6.340E-04  6.237E-04  6.122E-04
  5.920E-04  5.848E-04  5.833E-04  5.599E-04  5.443E-04  5.451E-04  5.298E-04  5.140E-04  5.125E-04  4.938E-04
  4.913E-04  4.944E-04  4.782E-04  4.674E-04  4.518E-04  4.385E-04  4.361E-04  4.271E-04  4.163E-04  4.284E-04
  4.281E-04  3.977E-04  3.565E-04  3.328E-04  3.316E-04  3.277E-04  3.249E-04  3.208E-04  3.168E-04  3.136E-04
  3.092E-04  3.030E-04  3.018E-04  2.993E-04  2.959E-04  2.919E-04  2.900E-04  2.905E-04  2.874E-04  2.847E-04
  2.774E-04  2.755E-04  2.773E-04  2.712E-04  2.669E-04

#------------------------------------------------------------------------------
z: xorg(1.03)
p: xfac[c2*0.05] form[c1/0.05] notc noxt noyt dmin(1)
p: ymin(0) ymax(1) xmin(0) xmax(1) cmin(1) cmax(100) nosp
hc: y= 0.005 to 0.995 by 0.01 ; x= 0.5 to 0.5 by 1 ;
 1  2  3  4  5  6  7  8  9 10 11 12 13 14 15 16 17 18 19 20
21 22 23 24 25 26 27 28 29 30 31 32 33 34 35 36 37 38 39 40
41 42 43 44 45 46 47 48 49 50 51 52 53 54 55 56 57 58 59 60
61 62 63 64 65 66 67 68 69 70 71 72 73 74 75 76 77 78 79 80
81 82 83 84 85 86 87 88 89 90 91 92 93 94 95 96 97 98 99 100
z: xorg(0.0)
p: xfac[c2*0.05] form[c1/0.05] nosp afac[c5*0.625] ymin[c3] ymax[c4]
p: noxt noxn ytxt(-1) ynum(-1) xltd(-1) xstd(-1) itic(1) ylog
y: Dose [Gy/source]      
#------------------------------------------------------------------------------

wt: s(0.7)
\vspace{-3}
  part. &=& all     
e:

#------------------------------------------------------------------------------
z: xorg[-1.03/0.05]
p: form[c1] xfac[c2] afac[c5] nosp notf
p: xmin( -15.00000    ) xmax(  35.00000    )
p: ymin(  0.000000    ) ymax(  3.000000    )

#------------------------------------------------------------------------------
 newpage:
#   no. =  2   part. = electron

'no. =  2'
msuc: {\huge [t-deposit] in r-z mesh}
msdr: {\it plotted by \ANGEL \version}
msdl: {\it calculated by \PHITS  3.24}

x: z [cm]
y: r [cm]
set: c1[ 0.060] c2[ 3.674] c5[ 0.800] c6[ 0.374] c7[ 0.000] c8[ 6.267]
p: h2fs form[c1] xfac[c2] afac[c5] scal[c6] xorg[c7] yorg[c8] nosp
set: c3[   6.721581E-08] c4[   1.049672E-02]
p: cmin[c3] cmax[c4]
p: dmin(1e-31)
p: zlog
p: xmin( -15.00000    ) xmax(  35.00000    )
p: ymin(  0.000000    ) ymax(  3.000000    )
#  nr =   1   nz = 225
# ( ( data(z,r), z = 1, nz ), r = nr, 1, -1 )

hc:  y =   1.500000     to   1.500000     by   3.000000     ; x =  -14.88889     to   34.88889     by  0.2222222     ;
  0.000E+00  0.000E+00  0.000E+00  0.000E+00  0.000E+00  0.000E+00  0.000E+00  0.000E+00  0.000E+00  0.000E+00
  0.000E+00  0.000E+00  0.000E+00  0.000E+00  0.000E+00  0.000E+00  0.000E+00  0.000E+00  0.000E+00  0.000E+00
  0.000E+00  0.000E+00  0.000E+00  0.000E+00  0.000E+00  0.000E+00  0.000E+00  0.000E+00  0.000E+00  0.000E+00
  0.000E+00  0.000E+00  0.000E+00  0.000E+00  0.000E+00  0.000E+00  0.000E+00  0.000E+00  0.000E+00  0.000E+00
  0.000E+00  0.000E+00  0.000E+00  0.000E+00  0.000E+00  0.000E+00  0.000E+00  0.000E+00  0.000E+00  0.000E+00
  0.000E+00  0.000E+00  0.000E+00  0.000E+00  0.000E+00  0.000E+00  0.000E+00  0.000E+00  0.000E+00  0.000E+00
  0.000E+00  0.000E+00  0.000E+00  0.000E+00  0.000E+00  0.000E+00  0.000E+00  0.000E+00  0.000E+00  0.000E+00
  0.000E+00  0.000E+00  0.000E+00  0.000E+00  0.000E+00  0.000E+00  0.000E+00  0.000E+00  0.000E+00  0.000E+00
  0.000E+00  0.000E+00  0.000E+00  0.000E+00  0.000E+00  0.000E+00  0.000E+00  0.000E+00  0.000E+00  0.000E+00
  0.000E+00  0.000E+00  0.000E+00  0.000E+00  0.000E+00  0.000E+00  0.000E+00  0.000E+00  0.000E+00  0.000E+00
  0.000E+00  0.000E+00  0.000E+00  0.000E+00  0.000E+00  0.000E+00  0.000E+00  0.000E+00  0.000E+00  0.000E+00
  0.000E+00  0.000E+00  0.000E+00  0.000E+00  0.000E+00  0.000E+00  0.000E+00  0.000E+00  0.000E+00  0.000E+00
  0.000E+00  0.000E+00  0.000E+00  0.000E+00  0.000E+00  0.000E+00  0.000E+00  0.000E+00  0.000E+00  0.000E+00
  0.000E+00  0.000E+00  0.000E+00  0.000E+00  0.000E+00  0.000E+00  0.000E+00  0.000E+00  0.000E+00  0.000E+00
  0.000E+00  0.000E+00  0.000E+00  0.000E+00  0.000E+00  0.000E+00  0.000E+00  0.000E+00  0.000E+00  0.000E+00
  0.000E+00  0.000E+00  0.000E+00  0.000E+00  0.000E+00  0.000E+00  0.000E+00  0.000E+00  0.000E+00  0.000E+00
  0.000E+00  0.000E+00  0.000E+00  0.000E+00  0.000E+00  0.000E+00  0.000E+00  0.000E+00  0.000E+00  0.000E+00
  0.000E+00  0.000E+00  0.000E+00  0.000E+00  0.000E+00  0.000E+00  0.000E+00  0.000E+00  0.000E+00  0.000E+00
  0.000E+00  0.000E+00  0.000E+00  0.000E+00  0.000E+00  0.000E+00  0.000E+00  0.000E+00  0.000E+00  0.000E+00
  0.000E+00  0.000E+00  0.000E+00  0.000E+00  0.000E+00  0.000E+00  0.000E+00  0.000E+00  0.000E+00  0.000E+00
  0.000E+00  0.000E+00  0.000E+00  0.000E+00  0.000E+00  0.000E+00  0.000E+00  0.000E+00  0.000E+00  0.000E+00
  0.000E+00  0.000E+00  0.000E+00  0.000E+00  0.000E+00  0.000E+00  0.000E+00  0.000E+00  0.000E+00  0.000E+00
  0.000E+00  0.000E+00  0.000E+00  0.000E+00  0.000E+00

#------------------------------------------------------------------------------
z: xorg(1.03)
p: xfac[c2*0.05] form[c1/0.05] notc noxt noyt dmin(1)
p: ymin(0) ymax(1) xmin(0) xmax(1) cmin(1) cmax(100) nosp
hc: y= 0.005 to 0.995 by 0.01 ; x= 0.5 to 0.5 by 1 ;
 1  2  3  4  5  6  7  8  9 10 11 12 13 14 15 16 17 18 19 20
21 22 23 24 25 26 27 28 29 30 31 32 33 34 35 36 37 38 39 40
41 42 43 44 45 46 47 48 49 50 51 52 53 54 55 56 57 58 59 60
61 62 63 64 65 66 67 68 69 70 71 72 73 74 75 76 77 78 79 80
81 82 83 84 85 86 87 88 89 90 91 92 93 94 95 96 97 98 99 100
z: xorg(0.0)
p: xfac[c2*0.05] form[c1/0.05] nosp afac[c5*0.625] ymin[c3] ymax[c4]
p: noxt noxn ytxt(-1) ynum(-1) xltd(-1) xstd(-1) itic(1) ylog
y: Dose [Gy/source]      
#------------------------------------------------------------------------------

wt: s(0.7)
\vspace{-3}
  part. &=& electron
e:

#------------------------------------------------------------------------------
z: xorg[-1.03/0.05]
p: form[c1] xfac[c2] afac[c5] nosp notf
p: xmin( -15.00000    ) xmax(  35.00000    )
p: ymin(  0.000000    ) ymax(  3.000000    )

#------------------------------------------------------------------------------
 newpage:
#   no. =  3   part. = photon  

'no. =  3'
msuc: {\huge [t-deposit] in r-z mesh}
msdr: {\it plotted by \ANGEL \version}
msdl: {\it calculated by \PHITS  3.24}

x: z [cm]
y: r [cm]
set: c1[ 0.060] c2[ 3.674] c5[ 0.800] c6[ 0.374] c7[ 0.000] c8[ 6.267]
p: h2fs form[c1] xfac[c2] afac[c5] scal[c6] xorg[c7] yorg[c8] nosp
set: c3[   6.721581E-08] c4[   1.049672E-02]
p: cmin[c3] cmax[c4]
p: dmin(1e-31)
p: zlog
p: xmin( -15.00000    ) xmax(  35.00000    )
p: ymin(  0.000000    ) ymax(  3.000000    )
#  nr =   1   nz = 225
# ( ( data(z,r), z = 1, nz ), r = nr, 1, -1 )

hc:  y =   1.500000     to   1.500000     by   3.000000     ; x =  -14.88889     to   34.88889     by  0.2222222     ;
  5.792E-04  5.780E-04  5.774E-04  5.819E-04  6.029E-04  5.975E-04  5.935E-04  6.140E-04  6.237E-04  6.580E-04
  6.603E-04  6.863E-04  6.973E-04  6.949E-04  7.114E-04  7.313E-04  7.193E-04  7.316E-04  2.569E-03  2.304E-03
  2.131E-03  2.073E-03  1.077E-03  0.000E+00  0.000E+00  0.000E+00  0.000E+00  0.000E+00  0.000E+00  0.000E+00
  0.000E+00  0.000E+00  0.000E+00  0.000E+00  0.000E+00  0.000E+00  0.000E+00  0.000E+00  0.000E+00  0.000E+00
  0.000E+00  0.000E+00  0.000E+00  0.000E+00  0.000E+00  0.000E+00  0.000E+00  0.000E+00  0.000E+00  0.000E+00
  0.000E+00  0.000E+00  0.000E+00  0.000E+00  0.000E+00  0.000E+00  0.000E+00  0.000E+00  0.000E+00  0.000E+00
  0.000E+00  0.000E+00  0.000E+00  0.000E+00  0.000E+00  0.000E+00  0.000E+00  3.102E-03  6.738E-03  7.353E-03
  7.927E-03  8.038E-03  8.391E-03  8.741E-03  8.860E-03  9.099E-03  9.419E-03  9.218E-03  9.255E-03  9.109E-03
  8.818E-03  9.198E-03  9.253E-03  8.835E-03  8.704E-03  8.330E-03  8.050E-03  7.784E-03  7.559E-03  7.350E-03
  7.175E-03  6.981E-03  6.719E-03  6.394E-03  6.262E-03  6.004E-03  5.763E-03  5.525E-03  5.385E-03  5.297E-03
  5.121E-03  4.930E-03  4.626E-03  4.526E-03  4.392E-03  4.192E-03  4.046E-03  3.882E-03  3.734E-03  3.546E-03
  3.398E-03  3.258E-03  3.184E-03  3.072E-03  2.932E-03  2.899E-03  2.763E-03  2.691E-03  2.575E-03  2.503E-03
  2.404E-03  2.291E-03  2.185E-03  2.140E-03  2.095E-03  2.042E-03  1.985E-03  1.937E-03  1.874E-03  1.824E-03
  1.797E-03  1.744E-03  1.694E-03  1.623E-03  1.567E-03  1.525E-03  1.501E-03  1.432E-03  1.405E-03  1.383E-03
  1.344E-03  1.309E-03  1.273E-03  1.268E-03  1.209E-03  1.192E-03  1.169E-03  1.123E-03  1.098E-03  1.076E-03
  1.066E-03  1.028E-03  1.003E-03  9.816E-04  9.612E-04  9.554E-04  9.328E-04  9.268E-04  9.173E-04  8.965E-04
  8.577E-04  8.388E-04  8.169E-04  8.095E-04  7.984E-04  7.722E-04  7.577E-04  7.285E-04  7.117E-04  7.080E-04
  6.985E-04  6.805E-04  6.720E-04  6.648E-04  6.365E-04  6.347E-04  6.347E-04  6.232E-04  6.129E-04  6.014E-04
  5.812E-04  5.741E-04  5.726E-04  5.491E-04  5.335E-04  5.343E-04  5.190E-04  5.032E-04  5.017E-04  4.830E-04
  4.805E-04  4.837E-04  4.666E-04  4.559E-04  4.402E-04  4.269E-04  4.245E-04  4.156E-04  4.040E-04  4.072E-04
  4.026E-04  3.860E-04  3.506E-04  3.303E-04  3.289E-04  3.236E-04  3.203E-04  3.157E-04  3.120E-04  3.089E-04
  3.045E-04  2.983E-04  2.982E-04  2.971E-04  2.943E-04  2.905E-04  2.899E-04  2.904E-04  2.874E-04  2.846E-04
  2.773E-04  2.753E-04  2.772E-04  2.710E-04  2.667E-04

#------------------------------------------------------------------------------
z: xorg(1.03)
p: xfac[c2*0.05] form[c1/0.05] notc noxt noyt dmin(1)
p: ymin(0) ymax(1) xmin(0) xmax(1) cmin(1) cmax(100) nosp
hc: y= 0.005 to 0.995 by 0.01 ; x= 0.5 to 0.5 by 1 ;
 1  2  3  4  5  6  7  8  9 10 11 12 13 14 15 16 17 18 19 20
21 22 23 24 25 26 27 28 29 30 31 32 33 34 35 36 37 38 39 40
41 42 43 44 45 46 47 48 49 50 51 52 53 54 55 56 57 58 59 60
61 62 63 64 65 66 67 68 69 70 71 72 73 74 75 76 77 78 79 80
81 82 83 84 85 86 87 88 89 90 91 92 93 94 95 96 97 98 99 100
z: xorg(0.0)
p: xfac[c2*0.05] form[c1/0.05] nosp afac[c5*0.625] ymin[c3] ymax[c4]
p: noxt noxn ytxt(-1) ynum(-1) xltd(-1) xstd(-1) itic(1) ylog
y: Dose [Gy/source]      
#------------------------------------------------------------------------------

wt: s(0.7)
\vspace{-3}
  part. &=& photon  
e:

#------------------------------------------------------------------------------
z: xorg[-1.03/0.05]
p: form[c1] xfac[c2] afac[c5] nosp notf
p: xmin( -15.00000    ) xmax(  35.00000    )
p: ymin(  0.000000    ) ymax(  3.000000    )

#------------------------------------------------------------------------------
 newpage:
#   no. =  4   part. = neutron 

'no. =  4'
msuc: {\huge [t-deposit] in r-z mesh}
msdr: {\it plotted by \ANGEL \version}
msdl: {\it calculated by \PHITS  3.24}

x: z [cm]
y: r [cm]
set: c1[ 0.060] c2[ 3.674] c5[ 0.800] c6[ 0.374] c7[ 0.000] c8[ 6.267]
p: h2fs form[c1] xfac[c2] afac[c5] scal[c6] xorg[c7] yorg[c8] nosp
set: c3[   6.721581E-08] c4[   1.049672E-02]
p: cmin[c3] cmax[c4]
p: dmin(1e-31)
p: zlog
p: xmin( -15.00000    ) xmax(  35.00000    )
p: ymin(  0.000000    ) ymax(  3.000000    )
#  nr =   1   nz = 225
# ( ( data(z,r), z = 1, nz ), r = nr, 1, -1 )

hc:  y =   1.500000     to   1.500000     by   3.000000     ; x =  -14.88889     to   34.88889     by  0.2222222     ;
  2.276E-03  2.325E-03  2.354E-03  2.387E-03  2.426E-03  2.484E-03  2.496E-03  2.563E-03  2.606E-03  2.609E-03
  2.649E-03  2.681E-03  2.744E-03  2.757E-03  2.779E-03  2.829E-03  2.861E-03  2.928E-03  5.138E-03  4.955E-03
  4.892E-03  4.960E-03  2.472E-03  0.000E+00  0.000E+00  0.000E+00  0.000E+00  0.000E+00  0.000E+00  0.000E+00
  0.000E+00  0.000E+00  0.000E+00  0.000E+00  0.000E+00  0.000E+00  0.000E+00  0.000E+00  0.000E+00  0.000E+00
  0.000E+00  0.000E+00  0.000E+00  0.000E+00  0.000E+00  0.000E+00  0.000E+00  0.000E+00  0.000E+00  0.000E+00
  0.000E+00  0.000E+00  0.000E+00  0.000E+00  0.000E+00  0.000E+00  0.000E+00  0.000E+00  0.000E+00  0.000E+00
  0.000E+00  0.000E+00  0.000E+00  0.000E+00  0.000E+00  0.000E+00  0.000E+00  9.587E-04  1.773E-03  1.716E-03
  1.572E-03  1.446E-03  1.281E-03  1.160E-03  1.157E-03  1.113E-03  1.077E-03  9.584E-04  9.655E-04  8.919E-04
  8.315E-04  7.828E-04  6.865E-04  6.368E-04  6.192E-04  6.461E-04  6.261E-04  5.565E-04  5.317E-04  4.962E-04
  4.746E-04  4.455E-04  5.039E-04  4.317E-04  3.632E-04  3.468E-04  3.369E-04  3.155E-04  3.130E-04  3.050E-04
  3.237E-04  3.259E-04  3.086E-04  2.810E-04  2.657E-04  2.620E-04  2.757E-04  2.557E-04  2.212E-04  2.223E-04
  2.200E-04  2.053E-04  2.223E-04  2.261E-04  2.531E-04  2.053E-04  1.734E-04  1.707E-04  1.563E-04  1.490E-04
  1.756E-04  1.818E-04  1.489E-04  1.289E-04  1.114E-04  1.035E-04  1.789E-04  1.675E-04  1.432E-04  1.313E-04
  1.309E-04  1.192E-04  1.047E-04  1.239E-04  1.095E-04  8.852E-05  8.640E-05  6.600E-05  4.764E-05  4.087E-05
  3.788E-05  3.695E-05  3.363E-05  2.991E-05  4.435E-05  4.792E-05  4.842E-05  5.047E-05  4.084E-05  4.343E-05
  4.426E-05  4.515E-05  4.432E-05  4.232E-05  3.343E-05  2.893E-05  2.910E-05  2.637E-05  2.429E-05  1.847E-05
  3.067E-05  7.939E-05  3.066E-05  3.024E-05  3.039E-05  3.318E-05  3.304E-05  3.292E-05  1.884E-05  1.883E-05
  1.109E-05  1.098E-05  1.097E-05  1.096E-05  1.094E-05  1.088E-05  1.088E-05  1.082E-05  1.080E-05  1.078E-05
  1.078E-05  1.078E-05  1.078E-05  1.078E-05  1.078E-05  1.078E-05  1.078E-05  1.077E-05  1.076E-05  1.076E-05
  1.076E-05  1.075E-05  1.159E-05  1.159E-05  1.159E-05  1.159E-05  1.159E-05  1.159E-05  1.227E-05  2.117E-05
  2.552E-05  1.170E-05  5.873E-06  2.582E-06  2.798E-06  4.085E-06  4.600E-06  5.122E-06  4.798E-06  4.690E-06
  4.690E-06  4.690E-06  3.595E-06  2.201E-06  1.658E-06  1.472E-06  6.722E-08  6.722E-08  6.722E-08  6.722E-08
  9.048E-08  1.796E-07  1.796E-07  1.796E-07  1.796E-07

#------------------------------------------------------------------------------
z: xorg(1.03)
p: xfac[c2*0.05] form[c1/0.05] notc noxt noyt dmin(1)
p: ymin(0) ymax(1) xmin(0) xmax(1) cmin(1) cmax(100) nosp
hc: y= 0.005 to 0.995 by 0.01 ; x= 0.5 to 0.5 by 1 ;
 1  2  3  4  5  6  7  8  9 10 11 12 13 14 15 16 17 18 19 20
21 22 23 24 25 26 27 28 29 30 31 32 33 34 35 36 37 38 39 40
41 42 43 44 45 46 47 48 49 50 51 52 53 54 55 56 57 58 59 60
61 62 63 64 65 66 67 68 69 70 71 72 73 74 75 76 77 78 79 80
81 82 83 84 85 86 87 88 89 90 91 92 93 94 95 96 97 98 99 100
z: xorg(0.0)
p: xfac[c2*0.05] form[c1/0.05] nosp afac[c5*0.625] ymin[c3] ymax[c4]
p: noxt noxn ytxt(-1) ynum(-1) xltd(-1) xstd(-1) itic(1) ylog
y: Dose [Gy/source]      
#------------------------------------------------------------------------------

wt: s(0.7)
\vspace{-3}
  part. &=& neutron 
e:

#------------------------------------------------------------------------------
z: xorg[-1.03/0.05]
p: form[c1] xfac[c2] afac[c5] nosp notf
p: xmin( -15.00000    ) xmax(  35.00000    )
p: ymin(  0.000000    ) ymax(  3.000000    )
 
# Information for Restart Calculation
# This calculation was restarted using deposit_r_all.out
# istdev =  1 # 1:Batch variance, 2:History variance
# resc2  = 3.20011466643488997E-10 # Total source weight or Total source weight / maxcas
# resc3  = 3.17100000000000000E+03 # Total history number or Total batch number
# maxcas =        1000 # History / Batch, only used for istdev=1
# rijklst=   8.1960142477768624E-109 # Next initial random number
# bitrseed = 0010100101111110110011000100001101000110101011101100000010010111
