[ T-Deposit ]
    title = [t-deposit] in r-z mesh
     mesh =  r-z            # mesh type is r-z scoring mesh
       x0 =   0.000000      # center x-position of r-z mesh
       y0 =   0.000000      # center y-position of r-z mesh
   r-type =    2            # r-mesh is linear given by rmin, rmax and nr
     rmin =   0.000000      # minimum value of r-mesh points
     rmax =   3.000000      # maximum value of r-mesh points
#    rdel =   3.000000      # mesh width of r-mesh points
       nr =      1          # number of r-mesh points
#    data = ( r(i), i = 1, nr + 1 )
#           0.00000E+00  3.00000E+00
   z-type =    2            # z-mesh is linear given by zmin, zmax and nz
     zmin =  -15.00000      # minimum value of z-mesh points
     zmax =   35.00000      # maximum value of z-mesh points
#    zdel =  0.2222222      # mesh width of z-mesh points
       nz =    225          # number of z-mesh points
#    data = ( z(i), i = 1, nz + 1 )
#          -1.50000E+01 -1.47778E+01 -1.45556E+01 -1.43333E+01 -1.41111E+01
#          -1.38889E+01 -1.36667E+01 -1.34444E+01 -1.32222E+01 -1.30000E+01
#          -1.27778E+01 -1.25556E+01 -1.23333E+01 -1.21111E+01 -1.18889E+01
#          -1.16667E+01 -1.14444E+01 -1.12222E+01 -1.10000E+01 -1.07778E+01
#          -1.05556E+01 -1.03333E+01 -1.01111E+01 -9.88889E+00 -9.66667E+00
#          -9.44444E+00 -9.22222E+00 -9.00000E+00 -8.77778E+00 -8.55556E+00
#          -8.33333E+00 -8.11111E+00 -7.88889E+00 -7.66667E+00 -7.44444E+00
#          -7.22222E+00 -7.00000E+00 -6.77778E+00 -6.55556E+00 -6.33333E+00
#          -6.11111E+00 -5.88889E+00 -5.66667E+00 -5.44444E+00 -5.22222E+00
#          -5.00000E+00 -4.77778E+00 -4.55556E+00 -4.33333E+00 -4.11111E+00
#          -3.88889E+00 -3.66667E+00 -3.44444E+00 -3.22222E+00 -3.00000E+00
#          -2.77778E+00 -2.55556E+00 -2.33333E+00 -2.11111E+00 -1.88889E+00
#          -1.66667E+00 -1.44444E+00 -1.22222E+00 -1.00000E+00 -7.77778E-01
#          -5.55556E-01 -3.33333E-01 -1.11111E-01  1.11111E-01  3.33333E-01
#           5.55556E-01  7.77778E-01  1.00000E+00  1.22222E+00  1.44444E+00
#           1.66667E+00  1.88889E+00  2.11111E+00  2.33333E+00  2.55556E+00
#           2.77778E+00  3.00000E+00  3.22222E+00  3.44444E+00  3.66667E+00
#           3.88889E+00  4.11111E+00  4.33333E+00  4.55556E+00  4.77778E+00
#           5.00000E+00  5.22222E+00  5.44444E+00  5.66667E+00  5.88889E+00
#           6.11111E+00  6.33333E+00  6.55556E+00  6.77778E+00  7.00000E+00
#           7.22222E+00  7.44444E+00  7.66667E+00  7.88889E+00  8.11111E+00
#           8.33333E+00  8.55556E+00  8.77778E+00  9.00000E+00  9.22222E+00
#           9.44444E+00  9.66667E+00  9.88889E+00  1.01111E+01  1.03333E+01
#           1.05556E+01  1.07778E+01  1.10000E+01  1.12222E+01  1.14444E+01
#           1.16667E+01  1.18889E+01  1.21111E+01  1.23333E+01  1.25556E+01
#           1.27778E+01  1.30000E+01  1.32222E+01  1.34444E+01  1.36667E+01
#           1.38889E+01  1.41111E+01  1.43333E+01  1.45556E+01  1.47778E+01
#           1.50000E+01  1.52222E+01  1.54444E+01  1.56667E+01  1.58889E+01
#           1.61111E+01  1.63333E+01  1.65556E+01  1.67778E+01  1.70000E+01
#           1.72222E+01  1.74444E+01  1.76667E+01  1.78889E+01  1.81111E+01
#           1.83333E+01  1.85556E+01  1.87778E+01  1.90000E+01  1.92222E+01
#           1.94444E+01  1.96667E+01  1.98889E+01  2.01111E+01  2.03333E+01
#           2.05556E+01  2.07778E+01  2.10000E+01  2.12222E+01  2.14444E+01
#           2.16667E+01  2.18889E+01  2.21111E+01  2.23333E+01  2.25556E+01
#           2.27778E+01  2.30000E+01  2.32222E+01  2.34444E+01  2.36667E+01
#           2.38889E+01  2.41111E+01  2.43333E+01  2.45556E+01  2.47778E+01
#           2.50000E+01  2.52222E+01  2.54444E+01  2.56667E+01  2.58889E+01
#           2.61111E+01  2.63333E+01  2.65556E+01  2.67778E+01  2.70000E+01
#           2.72222E+01  2.74444E+01  2.76667E+01  2.78889E+01  2.81111E+01
#           2.83333E+01  2.85556E+01  2.87778E+01  2.90000E+01  2.92222E+01
#           2.94444E+01  2.96667E+01  2.98889E+01  3.01111E+01  3.03333E+01
#           3.05556E+01  3.07778E+01  3.10000E+01  3.12222E+01  3.14444E+01
#           3.16667E+01  3.18889E+01  3.21111E+01  3.23333E+01  3.25556E+01
#           3.27778E+01  3.30000E+01  3.32222E+01  3.34444E+01  3.36667E+01
#           3.38889E+01  3.41111E+01  3.43333E+01  3.45556E+01  3.47778E+01
#           3.50000E+01
     unit =    0            # unit is [Gy/source]
   letmat =    0            # (D=0) mat ID for LET, 0:real mat, <0: electron for H2O
  dedxfnc =    0            # (D=0) user defined multiplier, 0(no), 1, 2
 material =  all            # (D=all) number of specific material
   output =  dose           # total deposit energy
  deposit =    0            # (D=0) 0-> total deposit dist, 1-> each process
  2D-type =    3            # 1:Cont, 2:Clust, 3:Color, 4:xyz, 5:mat, 6:Clust+Cont, 7:Col+Cont
     axis =    rz           # axis of output
     file = deposit_r_all.out  # file name of output for the above axis
     part =  all        electron   photon     neutron  
# kf/name :  0          11         22         2112     
    gshow =    1            # 0: no 1:bnd, 2:bnd+mat, 3:bnd+reg 4:bnd+lat 5:bmp style
    resol =    1            # (D=1) resolution of gshow or rshow
    width = 0.5000000       # (D=0.5) width of lines for gshow or rshow
   epsout =    1            # (D=0) generate eps file by ANGEL
#    used :        main (  %)        temp (  %)       total (  %)
#  memory :         231 (  0)           0 (  0)         231 (  0)

#------------------------------------------------------------------------------
#newpage:
#   no. =  1   part. = all     

'no. =  1'
msuc: {\huge [t-deposit] in r-z mesh}
msdr: {\it plotted by \ANGEL \version}
msdl: {\it calculated by \PHITS  3.24}

x: z [cm]
y: r [cm]
set: c1[ 0.060] c2[ 3.674] c5[ 0.800] c6[ 0.374] c7[ 0.000] c8[ 6.267]
p: h2fs form[c1] xfac[c2] afac[c5] scal[c6] xorg[c7] yorg[c8] nosp
set: c3[   1.779020E-09] c4[   1.730717E-02]
p: cmin[c3] cmax[c4]
p: dmin(1e-31)
p: zlog
p: xmin( -15.00000    ) xmax(  35.00000    )
p: ymin(  0.000000    ) ymax(  3.000000    )
#  nr =   1   nz = 225
# ( ( data(z,r), z = 1, nz ), r = nr, 1, -1 )

hc:  y =   1.500000     to   1.500000     by   3.000000     ; x =  -14.88889     to   34.88889     by  0.2222222     ;
  2.996E-03  3.013E-03  2.981E-03  3.388E-03  3.222E-03  3.419E-03  3.415E-03  3.770E-03  3.467E-03  3.426E-03
  3.672E-03  3.522E-03  3.531E-03  3.672E-03  3.797E-03  3.704E-03  3.879E-03  4.013E-03  6.297E-03  6.047E-03
  6.078E-03  6.186E-03  6.440E-03  6.540E-03  6.521E-03  6.625E-03  6.571E-03  7.042E-03  7.207E-03  7.846E-03
  7.514E-03  7.751E-03  7.905E-03  8.162E-03  7.845E-03  7.902E-03  8.148E-03  7.942E-03  8.739E-03  1.004E-02
  9.110E-03  8.658E-03  8.909E-03  9.402E-03  9.612E-03  9.732E-03  9.956E-03  1.016E-02  1.070E-02  1.105E-02
  1.148E-02  1.126E-02  1.149E-02  1.252E-02  1.231E-02  1.248E-02  1.274E-02  1.336E-02  1.388E-02  1.482E-02
  1.480E-02  1.561E-02  1.618E-02  1.600E-02  1.614E-02  1.706E-02  1.731E-02  1.222E-02  8.071E-03  8.422E-03
  9.531E-03  9.278E-03  9.948E-03  1.036E-02  1.094E-02  9.889E-03  1.049E-02  1.070E-02  1.058E-02  1.010E-02
  9.838E-03  9.833E-03  1.058E-02  9.844E-03  9.042E-03  8.565E-03  8.919E-03  9.126E-03  8.805E-03  7.966E-03
  8.437E-03  8.166E-03  7.902E-03  7.301E-03  6.791E-03  6.592E-03  6.393E-03  6.451E-03  5.683E-03  6.163E-03
  5.949E-03  5.592E-03  5.532E-03  4.953E-03  4.775E-03  4.818E-03  4.117E-03  4.046E-03  4.365E-03  4.209E-03
  3.963E-03  3.711E-03  3.674E-03  3.284E-03  3.362E-03  3.013E-03  3.287E-03  3.159E-03  3.142E-03  2.997E-03
  3.104E-03  2.621E-03  2.556E-03  2.520E-03  2.451E-03  2.059E-03  2.247E-03  2.069E-03  2.015E-03  2.166E-03
  1.866E-03  1.876E-03  1.869E-03  1.793E-03  1.962E-03  1.998E-03  1.618E-03  1.533E-03  1.482E-03  1.596E-03
  1.494E-03  1.341E-03  1.350E-03  1.550E-03  1.339E-03  1.179E-03  1.317E-03  1.131E-03  1.251E-03  1.308E-03
  1.208E-03  1.047E-03  1.257E-03  1.009E-03  9.951E-04  1.007E-03  9.908E-04  1.003E-03  1.126E-03  9.724E-04
  9.364E-04  9.451E-04  9.036E-04  7.886E-04  7.413E-04  8.173E-04  7.409E-04  8.128E-04  6.809E-04  7.947E-04
  6.967E-04  7.327E-04  8.061E-04  6.921E-04  6.468E-04  6.520E-04  6.645E-04  5.642E-04  5.272E-04  7.984E-04
  8.075E-04  7.163E-04  7.812E-04  7.767E-04  5.480E-04  5.673E-04  5.240E-04  4.831E-04  4.801E-04  5.296E-04
  4.814E-04  5.210E-04  4.962E-04  5.166E-04  4.969E-04  5.103E-04  4.307E-04  5.148E-04  4.442E-04  3.595E-04
  3.973E-04  4.360E-04  1.539E-04  0.000E+00  0.000E+00  0.000E+00  0.000E+00  0.000E+00  0.000E+00  0.000E+00
  0.000E+00  0.000E+00  0.000E+00  0.000E+00  0.000E+00  0.000E+00  0.000E+00  0.000E+00  0.000E+00  0.000E+00
  0.000E+00  0.000E+00  0.000E+00  0.000E+00  0.000E+00

#------------------------------------------------------------------------------
z: xorg(1.03)
p: xfac[c2*0.05] form[c1/0.05] notc noxt noyt dmin(1)
p: ymin(0) ymax(1) xmin(0) xmax(1) cmin(1) cmax(100) nosp
hc: y= 0.005 to 0.995 by 0.01 ; x= 0.5 to 0.5 by 1 ;
 1  2  3  4  5  6  7  8  9 10 11 12 13 14 15 16 17 18 19 20
21 22 23 24 25 26 27 28 29 30 31 32 33 34 35 36 37 38 39 40
41 42 43 44 45 46 47 48 49 50 51 52 53 54 55 56 57 58 59 60
61 62 63 64 65 66 67 68 69 70 71 72 73 74 75 76 77 78 79 80
81 82 83 84 85 86 87 88 89 90 91 92 93 94 95 96 97 98 99 100
z: xorg(0.0)
p: xfac[c2*0.05] form[c1/0.05] nosp afac[c5*0.625] ymin[c3] ymax[c4]
p: noxt noxn ytxt(-1) ynum(-1) xltd(-1) xstd(-1) itic(1) ylog
y: Dose [Gy/source]      
#------------------------------------------------------------------------------

wt: s(0.7)
\vspace{-3}
  part. &=& all     
e:

#------------------------------------------------------------------------------
z: xorg[-1.03/0.05]
p: form[c1] xfac[c2] afac[c5] nosp notf
p: xmin( -15.00000    ) xmax(  35.00000    )
p: ymin(  0.000000    ) ymax(  3.000000    )

#------------------------------------------------------------------------------
 newpage:
#   no. =  2   part. = electron

'no. =  2'
msuc: {\huge [t-deposit] in r-z mesh}
msdr: {\it plotted by \ANGEL \version}
msdl: {\it calculated by \PHITS  3.24}

x: z [cm]
y: r [cm]
set: c1[ 0.060] c2[ 3.674] c5[ 0.800] c6[ 0.374] c7[ 0.000] c8[ 6.267]
p: h2fs form[c1] xfac[c2] afac[c5] scal[c6] xorg[c7] yorg[c8] nosp
set: c3[   1.779020E-09] c4[   1.730717E-02]
p: cmin[c3] cmax[c4]
p: dmin(1e-31)
p: zlog
p: xmin( -15.00000    ) xmax(  35.00000    )
p: ymin(  0.000000    ) ymax(  3.000000    )
#  nr =   1   nz = 225
# ( ( data(z,r), z = 1, nz ), r = nr, 1, -1 )

hc:  y =   1.500000     to   1.500000     by   3.000000     ; x =  -14.88889     to   34.88889     by  0.2222222     ;
  6.711E-04  6.518E-04  5.774E-04  9.400E-04  7.369E-04  8.891E-04  8.443E-04  1.128E-03  7.708E-04  6.822E-04
  8.778E-04  6.750E-04  6.275E-04  7.256E-04  7.991E-04  6.366E-04  7.604E-04  8.613E-04  8.794E-04  8.088E-04
  8.551E-04  9.499E-04  1.167E-03  1.193E-03  1.090E-03  1.129E-03  9.750E-04  1.389E-03  1.438E-03  1.977E-03
  1.581E-03  1.745E-03  1.790E-03  1.953E-03  1.536E-03  1.450E-03  1.636E-03  1.270E-03  1.883E-03  3.015E-03
  1.922E-03  1.314E-03  1.360E-03  1.675E-03  1.761E-03  1.621E-03  1.599E-03  1.585E-03  1.881E-03  1.999E-03
  2.191E-03  1.664E-03  1.667E-03  2.384E-03  1.903E-03  1.769E-03  1.744E-03  1.996E-03  2.207E-03  2.751E-03
  2.358E-03  2.825E-03  2.995E-03  2.432E-03  2.165E-03  2.720E-03  2.591E-03  3.824E-03  6.222E-03  6.734E-03
  7.955E-03  7.758E-03  8.556E-03  9.053E-03  9.662E-03  8.721E-03  9.321E-03  9.610E-03  9.591E-03  9.157E-03
  8.983E-03  9.039E-03  9.806E-03  9.134E-03  8.411E-03  7.944E-03  8.295E-03  8.538E-03  8.253E-03  7.417E-03
  7.955E-03  7.710E-03  7.428E-03  6.870E-03  6.422E-03  6.246E-03  6.053E-03  6.121E-03  5.377E-03  5.847E-03
  5.621E-03  5.243E-03  5.237E-03  4.660E-03  4.484E-03  4.567E-03  3.850E-03  3.812E-03  4.149E-03  4.005E-03
  3.762E-03  3.513E-03  3.490E-03  3.108E-03  3.154E-03  2.839E-03  3.126E-03  3.004E-03  2.986E-03  2.843E-03
  2.959E-03  2.472E-03  2.432E-03  2.408E-03  2.345E-03  1.966E-03  2.131E-03  1.941E-03  1.909E-03  2.062E-03
  1.759E-03  1.770E-03  1.765E-03  1.688E-03  1.864E-03  1.901E-03  1.541E-03  1.451E-03  1.408E-03  1.530E-03
  1.416E-03  1.281E-03  1.290E-03  1.489E-03  1.264E-03  1.112E-03  1.258E-03  1.066E-03  1.187E-03  1.260E-03
  1.158E-03  1.004E-03  1.215E-03  9.697E-04  9.620E-04  9.600E-04  9.654E-04  9.775E-04  1.105E-03  9.473E-04
  9.093E-04  9.130E-04  8.894E-04  7.753E-04  7.286E-04  8.010E-04  7.272E-04  7.972E-04  6.652E-04  7.769E-04
  6.829E-04  7.181E-04  7.915E-04  6.784E-04  6.343E-04  6.396E-04  6.539E-04  5.544E-04  5.122E-04  7.724E-04
  7.934E-04  7.104E-04  7.654E-04  7.691E-04  5.416E-04  5.609E-04  5.177E-04  4.768E-04  4.738E-04  5.232E-04
  4.761E-04  5.159E-04  4.908E-04  5.113E-04  4.916E-04  5.036E-04  4.253E-04  5.094E-04  4.386E-04  3.511E-04
  3.875E-04  4.306E-04  1.515E-04  0.000E+00  0.000E+00  0.000E+00  0.000E+00  0.000E+00  0.000E+00  0.000E+00
  0.000E+00  0.000E+00  0.000E+00  0.000E+00  0.000E+00  0.000E+00  0.000E+00  0.000E+00  0.000E+00  0.000E+00
  0.000E+00  0.000E+00  0.000E+00  0.000E+00  0.000E+00

#------------------------------------------------------------------------------
z: xorg(1.03)
p: xfac[c2*0.05] form[c1/0.05] notc noxt noyt dmin(1)
p: ymin(0) ymax(1) xmin(0) xmax(1) cmin(1) cmax(100) nosp
hc: y= 0.005 to 0.995 by 0.01 ; x= 0.5 to 0.5 by 1 ;
 1  2  3  4  5  6  7  8  9 10 11 12 13 14 15 16 17 18 19 20
21 22 23 24 25 26 27 28 29 30 31 32 33 34 35 36 37 38 39 40
41 42 43 44 45 46 47 48 49 50 51 52 53 54 55 56 57 58 59 60
61 62 63 64 65 66 67 68 69 70 71 72 73 74 75 76 77 78 79 80
81 82 83 84 85 86 87 88 89 90 91 92 93 94 95 96 97 98 99 100
z: xorg(0.0)
p: xfac[c2*0.05] form[c1/0.05] nosp afac[c5*0.625] ymin[c3] ymax[c4]
p: noxt noxn ytxt(-1) ynum(-1) xltd(-1) xstd(-1) itic(1) ylog
y: Dose [Gy/source]      
#------------------------------------------------------------------------------

wt: s(0.7)
\vspace{-3}
  part. &=& electron
e:

#------------------------------------------------------------------------------
z: xorg[-1.03/0.05]
p: form[c1] xfac[c2] afac[c5] nosp notf
p: xmin( -15.00000    ) xmax(  35.00000    )
p: ymin(  0.000000    ) ymax(  3.000000    )

#------------------------------------------------------------------------------
 newpage:
#   no. =  3   part. = photon  

'no. =  3'
msuc: {\huge [t-deposit] in r-z mesh}
msdr: {\it plotted by \ANGEL \version}
msdl: {\it calculated by \PHITS  3.24}

x: z [cm]
y: r [cm]
set: c1[ 0.060] c2[ 3.674] c5[ 0.800] c6[ 0.374] c7[ 0.000] c8[ 6.267]
p: h2fs form[c1] xfac[c2] afac[c5] scal[c6] xorg[c7] yorg[c8] nosp
set: c3[   1.779020E-09] c4[   1.730717E-02]
p: cmin[c3] cmax[c4]
p: dmin(1e-31)
p: zlog
p: xmin( -15.00000    ) xmax(  35.00000    )
p: ymin(  0.000000    ) ymax(  3.000000    )
#  nr =   1   nz = 225
# ( ( data(z,r), z = 1, nz ), r = nr, 1, -1 )

hc:  y =   1.500000     to   1.500000     by   3.000000     ; x =  -14.88889     to   34.88889     by  0.2222222     ;
  0.000E+00  0.000E+00  0.000E+00  0.000E+00  0.000E+00  0.000E+00  0.000E+00  0.000E+00  0.000E+00  0.000E+00
  0.000E+00  0.000E+00  0.000E+00  0.000E+00  0.000E+00  0.000E+00  0.000E+00  0.000E+00  0.000E+00  0.000E+00
  0.000E+00  0.000E+00  0.000E+00  0.000E+00  0.000E+00  0.000E+00  0.000E+00  0.000E+00  0.000E+00  0.000E+00
  0.000E+00  0.000E+00  0.000E+00  0.000E+00  0.000E+00  0.000E+00  0.000E+00  0.000E+00  0.000E+00  0.000E+00
  0.000E+00  0.000E+00  0.000E+00  0.000E+00  0.000E+00  0.000E+00  0.000E+00  0.000E+00  0.000E+00  0.000E+00
  0.000E+00  0.000E+00  0.000E+00  0.000E+00  0.000E+00  0.000E+00  0.000E+00  0.000E+00  0.000E+00  0.000E+00
  0.000E+00  0.000E+00  0.000E+00  0.000E+00  0.000E+00  0.000E+00  0.000E+00  0.000E+00  0.000E+00  0.000E+00
  0.000E+00  0.000E+00  8.992E-09  0.000E+00  0.000E+00  2.143E-09  2.523E-08  0.000E+00  0.000E+00  6.267E-09
  0.000E+00  0.000E+00  0.000E+00  0.000E+00  5.202E-09  0.000E+00  1.851E-08  1.326E-08  2.564E-09  1.326E-08
  0.000E+00  0.000E+00  0.000E+00  0.000E+00  0.000E+00  0.000E+00  0.000E+00  0.000E+00  0.000E+00  2.380E-08
  0.000E+00  0.000E+00  1.326E-08  0.000E+00  2.182E-09  1.326E-08  0.000E+00  0.000E+00  0.000E+00  0.000E+00
  0.000E+00  0.000E+00  0.000E+00  0.000E+00  1.779E-09  0.000E+00  1.326E-08  0.000E+00  0.000E+00  0.000E+00
  0.000E+00  0.000E+00  0.000E+00  2.184E-09  0.000E+00  2.184E-08  0.000E+00  4.125E-09  6.504E-09  1.326E-08
  0.000E+00  0.000E+00  0.000E+00  0.000E+00  0.000E+00  0.000E+00  0.000E+00  0.000E+00  0.000E+00  0.000E+00
  8.213E-09  0.000E+00  0.000E+00  0.000E+00  0.000E+00  0.000E+00  0.000E+00  0.000E+00  0.000E+00  1.326E-08
  1.326E-08  4.567E-09  0.000E+00  0.000E+00  0.000E+00  1.326E-08  0.000E+00  0.000E+00  0.000E+00  0.000E+00
  0.000E+00  0.000E+00  0.000E+00  0.000E+00  1.326E-08  1.225E-08  0.000E+00  0.000E+00  0.000E+00  0.000E+00
  0.000E+00  1.326E-08  0.000E+00  0.000E+00  0.000E+00  0.000E+00  0.000E+00  0.000E+00  0.000E+00  0.000E+00
  0.000E+00  0.000E+00  0.000E+00  0.000E+00  0.000E+00  0.000E+00  0.000E+00  0.000E+00  0.000E+00  0.000E+00
  0.000E+00  0.000E+00  0.000E+00  0.000E+00  0.000E+00  0.000E+00  0.000E+00  0.000E+00  0.000E+00  0.000E+00
  0.000E+00  0.000E+00  0.000E+00  0.000E+00  0.000E+00  0.000E+00  0.000E+00  0.000E+00  0.000E+00  0.000E+00
  0.000E+00  0.000E+00  0.000E+00  0.000E+00  0.000E+00  0.000E+00  0.000E+00  0.000E+00  0.000E+00  0.000E+00
  0.000E+00  0.000E+00  0.000E+00  0.000E+00  0.000E+00

#------------------------------------------------------------------------------
z: xorg(1.03)
p: xfac[c2*0.05] form[c1/0.05] notc noxt noyt dmin(1)
p: ymin(0) ymax(1) xmin(0) xmax(1) cmin(1) cmax(100) nosp
hc: y= 0.005 to 0.995 by 0.01 ; x= 0.5 to 0.5 by 1 ;
 1  2  3  4  5  6  7  8  9 10 11 12 13 14 15 16 17 18 19 20
21 22 23 24 25 26 27 28 29 30 31 32 33 34 35 36 37 38 39 40
41 42 43 44 45 46 47 48 49 50 51 52 53 54 55 56 57 58 59 60
61 62 63 64 65 66 67 68 69 70 71 72 73 74 75 76 77 78 79 80
81 82 83 84 85 86 87 88 89 90 91 92 93 94 95 96 97 98 99 100
z: xorg(0.0)
p: xfac[c2*0.05] form[c1/0.05] nosp afac[c5*0.625] ymin[c3] ymax[c4]
p: noxt noxn ytxt(-1) ynum(-1) xltd(-1) xstd(-1) itic(1) ylog
y: Dose [Gy/source]      
#------------------------------------------------------------------------------

wt: s(0.7)
\vspace{-3}
  part. &=& photon  
e:

#------------------------------------------------------------------------------
z: xorg[-1.03/0.05]
p: form[c1] xfac[c2] afac[c5] nosp notf
p: xmin( -15.00000    ) xmax(  35.00000    )
p: ymin(  0.000000    ) ymax(  3.000000    )

#------------------------------------------------------------------------------
 newpage:
#   no. =  4   part. = neutron 

'no. =  4'
msuc: {\huge [t-deposit] in r-z mesh}
msdr: {\it plotted by \ANGEL \version}
msdl: {\it calculated by \PHITS  3.24}

x: z [cm]
y: r [cm]
set: c1[ 0.060] c2[ 3.674] c5[ 0.800] c6[ 0.374] c7[ 0.000] c8[ 6.267]
p: h2fs form[c1] xfac[c2] afac[c5] scal[c6] xorg[c7] yorg[c8] nosp
set: c3[   1.779020E-09] c4[   1.730717E-02]
p: cmin[c3] cmax[c4]
p: dmin(1e-31)
p: zlog
p: xmin( -15.00000    ) xmax(  35.00000    )
p: ymin(  0.000000    ) ymax(  3.000000    )
#  nr =   1   nz = 225
# ( ( data(z,r), z = 1, nz ), r = nr, 1, -1 )

hc:  y =   1.500000     to   1.500000     by   3.000000     ; x =  -14.88889     to   34.88889     by  0.2222222     ;
  2.325E-03  2.361E-03  2.403E-03  2.448E-03  2.485E-03  2.530E-03  2.570E-03  2.642E-03  2.696E-03  2.744E-03
  2.794E-03  2.847E-03  2.903E-03  2.946E-03  2.998E-03  3.067E-03  3.119E-03  3.152E-03  5.417E-03  5.238E-03
  5.223E-03  5.236E-03  5.272E-03  5.347E-03  5.431E-03  5.496E-03  5.596E-03  5.652E-03  5.769E-03  5.868E-03
  5.933E-03  6.007E-03  6.115E-03  6.209E-03  6.309E-03  6.452E-03  6.512E-03  6.672E-03  6.857E-03  7.025E-03
  7.189E-03  7.344E-03  7.549E-03  7.727E-03  7.851E-03  8.089E-03  8.298E-03  8.519E-03  8.782E-03  9.005E-03
  9.255E-03  9.563E-03  9.791E-03  1.010E-02  1.038E-02  1.070E-02  1.099E-02  1.136E-02  1.167E-02  1.206E-02
  1.244E-02  1.278E-02  1.318E-02  1.357E-02  1.397E-02  1.434E-02  1.472E-02  8.394E-03  1.807E-03  1.674E-03
  1.552E-03  1.471E-03  1.370E-03  1.276E-03  1.216E-03  1.136E-03  1.103E-03  9.987E-04  9.651E-04  8.994E-04
  8.153E-04  7.762E-04  7.104E-04  6.774E-04  6.208E-04  6.144E-04  5.904E-04  5.594E-04  5.452E-04  4.978E-04
  4.463E-04  4.247E-04  4.368E-04  4.041E-04  3.620E-04  3.271E-04  3.181E-04  3.074E-04  2.997E-04  2.866E-04
  2.891E-04  2.988E-04  2.851E-04  2.770E-04  2.543E-04  2.436E-04  2.477E-04  2.226E-04  1.945E-04  1.868E-04
  1.918E-04  1.830E-04  1.793E-04  1.762E-04  1.981E-04  1.697E-04  1.494E-04  1.489E-04  1.436E-04  1.483E-04
  1.395E-04  1.422E-04  1.239E-04  1.120E-04  1.026E-04  9.102E-05  1.119E-04  1.135E-04  1.057E-04  1.038E-04
  1.068E-04  1.026E-04  9.707E-05  9.870E-05  9.330E-05  8.531E-05  7.284E-05  7.520E-05  6.418E-05  6.292E-05
  6.035E-05  5.934E-05  5.755E-05  5.504E-05  5.887E-05  6.292E-05  4.730E-05  4.922E-05  4.507E-05  4.574E-05
  4.927E-05  4.344E-05  4.181E-05  3.940E-05  3.294E-05  4.131E-05  2.390E-05  2.164E-05  2.146E-05  2.513E-05
  2.704E-05  3.208E-05  1.423E-05  1.323E-05  1.200E-05  1.292E-05  1.364E-05  1.559E-05  1.569E-05  1.606E-05
  1.379E-05  1.461E-05  1.460E-05  1.367E-05  1.253E-05  1.248E-05  1.061E-05  9.761E-06  1.504E-05  1.475E-05
  1.414E-05  5.884E-06  6.372E-06  6.373E-06  6.371E-06  6.370E-06  6.371E-06  6.366E-06  6.363E-06  6.378E-06
  5.285E-06  5.105E-06  5.367E-06  5.367E-06  5.366E-06  5.366E-06  5.366E-06  5.368E-06  5.586E-06  8.409E-06
  9.782E-06  5.399E-06  2.312E-06  0.000E+00  0.000E+00  0.000E+00  0.000E+00  0.000E+00  0.000E+00  0.000E+00
  0.000E+00  0.000E+00  0.000E+00  0.000E+00  0.000E+00  0.000E+00  0.000E+00  0.000E+00  0.000E+00  0.000E+00
  0.000E+00  0.000E+00  0.000E+00  0.000E+00  0.000E+00

#------------------------------------------------------------------------------
z: xorg(1.03)
p: xfac[c2*0.05] form[c1/0.05] notc noxt noyt dmin(1)
p: ymin(0) ymax(1) xmin(0) xmax(1) cmin(1) cmax(100) nosp
hc: y= 0.005 to 0.995 by 0.01 ; x= 0.5 to 0.5 by 1 ;
 1  2  3  4  5  6  7  8  9 10 11 12 13 14 15 16 17 18 19 20
21 22 23 24 25 26 27 28 29 30 31 32 33 34 35 36 37 38 39 40
41 42 43 44 45 46 47 48 49 50 51 52 53 54 55 56 57 58 59 60
61 62 63 64 65 66 67 68 69 70 71 72 73 74 75 76 77 78 79 80
81 82 83 84 85 86 87 88 89 90 91 92 93 94 95 96 97 98 99 100
z: xorg(0.0)
p: xfac[c2*0.05] form[c1/0.05] nosp afac[c5*0.625] ymin[c3] ymax[c4]
p: noxt noxn ytxt(-1) ynum(-1) xltd(-1) xstd(-1) itic(1) ylog
y: Dose [Gy/source]      
#------------------------------------------------------------------------------

wt: s(0.7)
\vspace{-3}
  part. &=& neutron 
e:

#------------------------------------------------------------------------------
z: xorg[-1.03/0.05]
p: form[c1] xfac[c2] afac[c5] nosp notf
p: xmin( -15.00000    ) xmax(  35.00000    )
p: ymin(  0.000000    ) ymax(  3.000000    )
 
# Information for Restart Calculation
# This calculation was newly started
# istdev =  2 # 1:Batch variance, 2:History variance
# resc2  = 1.00918122271111685E-06 # Total source weight or Total source weight / maxcas
# resc3  = 1.00000000000000000E+07 # Total history number or Total batch number
# maxcas =     1000000 # History / Batch, only used for istdev=1
# rijklst=  -1.0909668918764960E-250 # Next initial random number
# bitrseed = 1000110000001000111111101100101001110101110010000011011101101000
