[ T-Deposit ]
    title = [t-deposit] in r-z mesh
     mesh =  r-z            # mesh type is r-z scoring mesh
       x0 =   0.000000      # center x-position of r-z mesh
       y0 =   0.000000      # center y-position of r-z mesh
   r-type =    2            # r-mesh is linear given by rmin, rmax and nr
     rmin =   0.000000      # minimum value of r-mesh points
     rmax =   3.000000      # maximum value of r-mesh points
#    rdel =   3.000000      # mesh width of r-mesh points
       nr =      1          # number of r-mesh points
#    data = ( r(i), i = 1, nr + 1 )
#           0.00000E+00  3.00000E+00
   z-type =    2            # z-mesh is linear given by zmin, zmax and nz
     zmin =  -15.00000      # minimum value of z-mesh points
     zmax =   35.00000      # maximum value of z-mesh points
#    zdel =  0.2222222      # mesh width of z-mesh points
       nz =    225          # number of z-mesh points
#    data = ( z(i), i = 1, nz + 1 )
#          -1.50000E+01 -1.47778E+01 -1.45556E+01 -1.43333E+01 -1.41111E+01
#          -1.38889E+01 -1.36667E+01 -1.34444E+01 -1.32222E+01 -1.30000E+01
#          -1.27778E+01 -1.25556E+01 -1.23333E+01 -1.21111E+01 -1.18889E+01
#          -1.16667E+01 -1.14444E+01 -1.12222E+01 -1.10000E+01 -1.07778E+01
#          -1.05556E+01 -1.03333E+01 -1.01111E+01 -9.88889E+00 -9.66667E+00
#          -9.44444E+00 -9.22222E+00 -9.00000E+00 -8.77778E+00 -8.55556E+00
#          -8.33333E+00 -8.11111E+00 -7.88889E+00 -7.66667E+00 -7.44444E+00
#          -7.22222E+00 -7.00000E+00 -6.77778E+00 -6.55556E+00 -6.33333E+00
#          -6.11111E+00 -5.88889E+00 -5.66667E+00 -5.44444E+00 -5.22222E+00
#          -5.00000E+00 -4.77778E+00 -4.55556E+00 -4.33333E+00 -4.11111E+00
#          -3.88889E+00 -3.66667E+00 -3.44444E+00 -3.22222E+00 -3.00000E+00
#          -2.77778E+00 -2.55556E+00 -2.33333E+00 -2.11111E+00 -1.88889E+00
#          -1.66667E+00 -1.44444E+00 -1.22222E+00 -1.00000E+00 -7.77778E-01
#          -5.55556E-01 -3.33333E-01 -1.11111E-01  1.11111E-01  3.33333E-01
#           5.55556E-01  7.77778E-01  1.00000E+00  1.22222E+00  1.44444E+00
#           1.66667E+00  1.88889E+00  2.11111E+00  2.33333E+00  2.55556E+00
#           2.77778E+00  3.00000E+00  3.22222E+00  3.44444E+00  3.66667E+00
#           3.88889E+00  4.11111E+00  4.33333E+00  4.55556E+00  4.77778E+00
#           5.00000E+00  5.22222E+00  5.44444E+00  5.66667E+00  5.88889E+00
#           6.11111E+00  6.33333E+00  6.55556E+00  6.77778E+00  7.00000E+00
#           7.22222E+00  7.44444E+00  7.66667E+00  7.88889E+00  8.11111E+00
#           8.33333E+00  8.55556E+00  8.77778E+00  9.00000E+00  9.22222E+00
#           9.44444E+00  9.66667E+00  9.88889E+00  1.01111E+01  1.03333E+01
#           1.05556E+01  1.07778E+01  1.10000E+01  1.12222E+01  1.14444E+01
#           1.16667E+01  1.18889E+01  1.21111E+01  1.23333E+01  1.25556E+01
#           1.27778E+01  1.30000E+01  1.32222E+01  1.34444E+01  1.36667E+01
#           1.38889E+01  1.41111E+01  1.43333E+01  1.45556E+01  1.47778E+01
#           1.50000E+01  1.52222E+01  1.54444E+01  1.56667E+01  1.58889E+01
#           1.61111E+01  1.63333E+01  1.65556E+01  1.67778E+01  1.70000E+01
#           1.72222E+01  1.74444E+01  1.76667E+01  1.78889E+01  1.81111E+01
#           1.83333E+01  1.85556E+01  1.87778E+01  1.90000E+01  1.92222E+01
#           1.94444E+01  1.96667E+01  1.98889E+01  2.01111E+01  2.03333E+01
#           2.05556E+01  2.07778E+01  2.10000E+01  2.12222E+01  2.14444E+01
#           2.16667E+01  2.18889E+01  2.21111E+01  2.23333E+01  2.25556E+01
#           2.27778E+01  2.30000E+01  2.32222E+01  2.34444E+01  2.36667E+01
#           2.38889E+01  2.41111E+01  2.43333E+01  2.45556E+01  2.47778E+01
#           2.50000E+01  2.52222E+01  2.54444E+01  2.56667E+01  2.58889E+01
#           2.61111E+01  2.63333E+01  2.65556E+01  2.67778E+01  2.70000E+01
#           2.72222E+01  2.74444E+01  2.76667E+01  2.78889E+01  2.81111E+01
#           2.83333E+01  2.85556E+01  2.87778E+01  2.90000E+01  2.92222E+01
#           2.94444E+01  2.96667E+01  2.98889E+01  3.01111E+01  3.03333E+01
#           3.05556E+01  3.07778E+01  3.10000E+01  3.12222E+01  3.14444E+01
#           3.16667E+01  3.18889E+01  3.21111E+01  3.23333E+01  3.25556E+01
#           3.27778E+01  3.30000E+01  3.32222E+01  3.34444E+01  3.36667E+01
#           3.38889E+01  3.41111E+01  3.43333E+01  3.45556E+01  3.47778E+01
#           3.50000E+01
     unit =    0            # unit is [Gy/source]
   letmat =    0            # (D=0) mat ID for LET, 0:real mat, <0: electron for H2O
  dedxfnc =    0            # (D=0) user defined multiplier, 0(no), 1, 2
 material =  all            # (D=all) number of specific material
   output =  dose           # total deposit energy
  deposit =    0            # (D=0) 0-> total deposit dist, 1-> each process
  2D-type =    3            # 1:Cont, 2:Clust, 3:Color, 4:xyz, 5:mat, 6:Clust+Cont, 7:Col+Cont
     axis =    rz           # axis of output
     file = deposit_r_all.out  # file name of output for the above axis
     part =  all        electron   photon     neutron  
# kf/name :  0          11         22         2112     
    gshow =    1            # 0: no 1:bnd, 2:bnd+mat, 3:bnd+reg 4:bnd+lat 5:bmp style
    resol =    1            # (D=1) resolution of gshow or rshow
    width = 0.5000000       # (D=0.5) width of lines for gshow or rshow
   epsout =    1            # (D=0) generate eps file by ANGEL
#    used :        main (  %)        temp (  %)       total (  %)
#  memory :         231 (  0)           0 (  0)         231 (  0)

#------------------------------------------------------------------------------
#newpage:
#   no. =  1   part. = all     

'no. =  1'
msuc: {\huge [t-deposit] in r-z mesh}
msdr: {\it plotted by \ANGEL \version}
msdl: {\it calculated by \PHITS  3.24}

x: z [cm]
y: r [cm]
set: c1[ 0.060] c2[ 3.674] c5[ 0.800] c6[ 0.374] c7[ 0.000] c8[ 6.267]
p: h2fs form[c1] xfac[c2] afac[c5] scal[c6] xorg[c7] yorg[c8] nosp
set: c3[1.0e-4] c4[1.0]
p: cmin[c3] cmax[c4]
p: dmin(1e-31)
p: zlog
p: xmin( -15.00000    ) xmax(  35.00000    )
p: ymin(  0.000000    ) ymax(  3.000000    )
#  nr =   1   nz = 225
# ( ( data(z,r), z = 1, nz ), r = nr, 1, -1 )

hc:  y =   1.500000     to   1.500000     by   3.000000     ; x =  -14.88889     to   34.88889     by  0.2222222     ;
  4.393E-02  3.911E-02  3.217E-02  1.162E-01  5.114E-02  5.759E-02  6.474E-02  8.373E-02  4.184E-02  3.127E-02
  7.882E-02  4.481E-02  2.934E-02  3.481E-02  4.120E-02  2.666E-02  3.013E-02  3.991E-02  3.055E-02  2.073E-02
  2.413E-02  3.180E-02  3.713E-02  3.157E-02  4.057E-02  3.776E-02  2.729E-02  4.161E-02  4.176E-02  6.078E-02
  3.911E-02  6.086E-02  4.283E-02  6.506E-02  4.124E-02  2.674E-02  5.055E-02  2.358E-02  3.836E-02  7.993E-02
  4.177E-02  1.920E-02  2.012E-02  4.011E-02  4.200E-02  2.141E-02  2.290E-02  2.514E-02  2.773E-02  3.007E-02
  3.236E-02  1.808E-02  1.657E-02  3.506E-02  2.418E-02  2.362E-02  1.724E-02  1.710E-02  2.225E-02  2.894E-02
  2.192E-02  2.563E-02  2.692E-02  1.988E-02  1.577E-02  2.255E-02  2.297E-02  2.894E-02  3.880E-02  3.874E-02
  3.789E-02  3.752E-02  3.671E-02  3.694E-02  3.565E-02  3.679E-02  3.651E-02  3.601E-02  3.634E-02  3.734E-02
  3.721E-02  3.665E-02  3.703E-02  3.757E-02  3.980E-02  3.999E-02  3.823E-02  3.984E-02  3.953E-02  3.890E-02
  4.001E-02  4.082E-02  4.039E-02  4.115E-02  4.253E-02  4.189E-02  4.280E-02  4.399E-02  4.593E-02  4.372E-02
  4.446E-02  4.629E-02  4.826E-02  4.808E-02  5.000E-02  5.112E-02  5.204E-02  5.021E-02  5.208E-02  5.272E-02
  5.444E-02  5.518E-02  5.564E-02  5.711E-02  6.008E-02  5.657E-02  5.913E-02  5.807E-02  5.910E-02  6.003E-02
  6.178E-02  6.324E-02  6.622E-02  6.671E-02  6.888E-02  7.037E-02  6.958E-02  7.304E-02  7.097E-02  7.321E-02
  7.667E-02  7.818E-02  7.764E-02  7.849E-02  7.836E-02  7.577E-02  8.478E-02  8.516E-02  8.224E-02  8.748E-02
  8.426E-02  8.492E-02  9.544E-02  8.810E-02  8.986E-02  9.112E-02  9.909E-02  1.004E-01  9.516E-02  9.122E-02
  9.500E-02  9.345E-02  9.904E-02  1.048E-01  1.114E-01  1.031E-01  1.079E-01  1.029E-01  1.056E-01  1.126E-01
  1.189E-01  1.155E-01  1.075E-01  1.190E-01  1.231E-01  1.204E-01  1.255E-01  1.255E-01  1.396E-01  1.379E-01
  1.322E-01  1.213E-01  1.146E-01  1.244E-01  1.294E-01  1.281E-01  1.320E-01  1.450E-01  1.356E-01  1.236E-01
  1.230E-01  1.462E-01  1.286E-01  1.352E-01  1.342E-01  1.418E-01  1.504E-01  1.706E-01  1.557E-01  1.678E-01
  1.551E-01  1.540E-01  1.634E-01  1.435E-01  1.538E-01  1.421E-01  1.563E-01  1.628E-01  1.742E-01  1.614E-01
  1.733E-01  1.736E-01  2.045E-01  0.000E+00  0.000E+00  0.000E+00  0.000E+00  0.000E+00  0.000E+00  0.000E+00
  0.000E+00  0.000E+00  0.000E+00  0.000E+00  0.000E+00  0.000E+00  0.000E+00  0.000E+00  0.000E+00  0.000E+00
  0.000E+00  0.000E+00  0.000E+00  0.000E+00  0.000E+00

#------------------------------------------------------------------------------
z: xorg(1.03)
p: xfac[c2*0.05] form[c1/0.05] notc noxt noyt dmin(1)
p: ymin(0) ymax(1) xmin(0) xmax(1) cmin(1) cmax(100) nosp
hc: y= 0.005 to 0.995 by 0.01 ; x= 0.5 to 0.5 by 1 ;
 1  2  3  4  5  6  7  8  9 10 11 12 13 14 15 16 17 18 19 20
21 22 23 24 25 26 27 28 29 30 31 32 33 34 35 36 37 38 39 40
41 42 43 44 45 46 47 48 49 50 51 52 53 54 55 56 57 58 59 60
61 62 63 64 65 66 67 68 69 70 71 72 73 74 75 76 77 78 79 80
81 82 83 84 85 86 87 88 89 90 91 92 93 94 95 96 97 98 99 100
z: xorg(0.0)
p: xfac[c2*0.05] form[c1/0.05] nosp afac[c5*0.625] ymin[c3] ymax[c4]
p: noxt noxn ytxt(-1) ynum(-1) xltd(-1) xstd(-1) itic(1) ylog
y: Relative Error
#------------------------------------------------------------------------------

wt: s(0.7)
\vspace{-3}
  part. &=& all     
e:

#------------------------------------------------------------------------------
z: xorg[-1.03/0.05]
p: form[c1] xfac[c2] afac[c5] nosp notf
p: xmin( -15.00000    ) xmax(  35.00000    )
p: ymin(  0.000000    ) ymax(  3.000000    )

#------------------------------------------------------------------------------
 newpage:
#   no. =  2   part. = electron

'no. =  2'
msuc: {\huge [t-deposit] in r-z mesh}
msdr: {\it plotted by \ANGEL \version}
msdl: {\it calculated by \PHITS  3.24}

x: z [cm]
y: r [cm]
set: c1[ 0.060] c2[ 3.674] c5[ 0.800] c6[ 0.374] c7[ 0.000] c8[ 6.267]
p: h2fs form[c1] xfac[c2] afac[c5] scal[c6] xorg[c7] yorg[c8] nosp
set: c3[1.0e-4] c4[1.0]
p: cmin[c3] cmax[c4]
p: dmin(1e-31)
p: zlog
p: xmin( -15.00000    ) xmax(  35.00000    )
p: ymin(  0.000000    ) ymax(  3.000000    )
#  nr =   1   nz = 225
# ( ( data(z,r), z = 1, nz ), r = nr, 1, -1 )

hc:  y =   1.500000     to   1.500000     by   3.000000     ; x =  -14.88889     to   34.88889     by  0.2222222     ;
  1.934E-01  1.775E-01  1.613E-01  4.183E-01  2.213E-01  2.198E-01  2.603E-01  2.788E-01  1.852E-01  1.524E-01
  3.284E-01  2.304E-01  1.594E-01  1.721E-01  1.927E-01  1.483E-01  1.488E-01  1.829E-01  2.146E-01  1.491E-01
  1.667E-01  2.033E-01  2.025E-01  1.704E-01  2.401E-01  2.190E-01  1.791E-01  2.089E-01  2.070E-01  2.402E-01
  1.841E-01  2.693E-01  1.877E-01  2.709E-01  2.090E-01  1.425E-01  2.505E-01  1.435E-01  1.766E-01  2.658E-01
  1.966E-01  1.218E-01  1.271E-01  2.233E-01  2.277E-01  1.242E-01  1.343E-01  1.537E-01  1.543E-01  1.631E-01
  1.666E-01  1.164E-01  1.057E-01  1.824E-01  1.532E-01  1.633E-01  1.216E-01  1.107E-01  1.373E-01  1.542E-01
  1.348E-01  1.396E-01  1.436E-01  1.277E-01  1.124E-01  1.386E-01  1.501E-01  9.137E-02  4.950E-02  4.789E-02
  4.502E-02  4.434E-02  4.233E-02  4.198E-02  3.991E-02  4.133E-02  4.057E-02  3.955E-02  3.980E-02  4.085E-02
  4.041E-02  3.958E-02  3.959E-02  4.021E-02  4.261E-02  4.291E-02  4.082E-02  4.230E-02  4.195E-02  4.132E-02
  4.217E-02  4.292E-02  4.257E-02  4.345E-02  4.479E-02  4.402E-02  4.486E-02  4.602E-02  4.836E-02  4.564E-02
  4.654E-02  4.848E-02  5.070E-02  5.067E-02  5.254E-02  5.365E-02  5.514E-02  5.291E-02  5.434E-02  5.501E-02
  5.709E-02  5.790E-02  5.828E-02  6.005E-02  6.321E-02  5.961E-02  6.177E-02  6.067E-02  6.176E-02  6.269E-02
  6.445E-02  6.644E-02  6.925E-02  6.951E-02  7.167E-02  7.343E-02  7.278E-02  7.648E-02  7.441E-02  7.658E-02
  8.087E-02  8.235E-02  8.139E-02  8.245E-02  8.201E-02  7.884E-02  8.852E-02  8.935E-02  8.571E-02  9.083E-02
  8.769E-02  8.849E-02  9.949E-02  9.133E-02  9.397E-02  9.527E-02  1.027E-01  1.045E-01  9.857E-02  9.433E-02
  9.865E-02  9.703E-02  1.021E-01  1.086E-01  1.149E-01  1.066E-01  1.105E-01  1.052E-01  1.075E-01  1.153E-01
  1.221E-01  1.182E-01  1.091E-01  1.209E-01  1.250E-01  1.225E-01  1.277E-01  1.277E-01  1.426E-01  1.406E-01
  1.346E-01  1.235E-01  1.166E-01  1.267E-01  1.317E-01  1.303E-01  1.339E-01  1.473E-01  1.389E-01  1.251E-01
  1.248E-01  1.473E-01  1.304E-01  1.363E-01  1.357E-01  1.425E-01  1.502E-01  1.720E-01  1.568E-01  1.686E-01
  1.560E-01  1.553E-01  1.651E-01  1.448E-01  1.554E-01  1.437E-01  1.581E-01  1.644E-01  1.763E-01  1.648E-01
  1.771E-01  1.756E-01  2.073E-01  0.000E+00  0.000E+00  0.000E+00  0.000E+00  0.000E+00  0.000E+00  0.000E+00
  0.000E+00  0.000E+00  0.000E+00  0.000E+00  0.000E+00  0.000E+00  0.000E+00  0.000E+00  0.000E+00  0.000E+00
  0.000E+00  0.000E+00  0.000E+00  0.000E+00  0.000E+00

#------------------------------------------------------------------------------
z: xorg(1.03)
p: xfac[c2*0.05] form[c1/0.05] notc noxt noyt dmin(1)
p: ymin(0) ymax(1) xmin(0) xmax(1) cmin(1) cmax(100) nosp
hc: y= 0.005 to 0.995 by 0.01 ; x= 0.5 to 0.5 by 1 ;
 1  2  3  4  5  6  7  8  9 10 11 12 13 14 15 16 17 18 19 20
21 22 23 24 25 26 27 28 29 30 31 32 33 34 35 36 37 38 39 40
41 42 43 44 45 46 47 48 49 50 51 52 53 54 55 56 57 58 59 60
61 62 63 64 65 66 67 68 69 70 71 72 73 74 75 76 77 78 79 80
81 82 83 84 85 86 87 88 89 90 91 92 93 94 95 96 97 98 99 100
z: xorg(0.0)
p: xfac[c2*0.05] form[c1/0.05] nosp afac[c5*0.625] ymin[c3] ymax[c4]
p: noxt noxn ytxt(-1) ynum(-1) xltd(-1) xstd(-1) itic(1) ylog
y: Relative Error
#------------------------------------------------------------------------------

wt: s(0.7)
\vspace{-3}
  part. &=& electron
e:

#------------------------------------------------------------------------------
z: xorg[-1.03/0.05]
p: form[c1] xfac[c2] afac[c5] nosp notf
p: xmin( -15.00000    ) xmax(  35.00000    )
p: ymin(  0.000000    ) ymax(  3.000000    )

#------------------------------------------------------------------------------
 newpage:
#   no. =  3   part. = photon  

'no. =  3'
msuc: {\huge [t-deposit] in r-z mesh}
msdr: {\it plotted by \ANGEL \version}
msdl: {\it calculated by \PHITS  3.24}

x: z [cm]
y: r [cm]
set: c1[ 0.060] c2[ 3.674] c5[ 0.800] c6[ 0.374] c7[ 0.000] c8[ 6.267]
p: h2fs form[c1] xfac[c2] afac[c5] scal[c6] xorg[c7] yorg[c8] nosp
set: c3[1.0e-4] c4[1.0]
p: cmin[c3] cmax[c4]
p: dmin(1e-31)
p: zlog
p: xmin( -15.00000    ) xmax(  35.00000    )
p: ymin(  0.000000    ) ymax(  3.000000    )
#  nr =   1   nz = 225
# ( ( data(z,r), z = 1, nz ), r = nr, 1, -1 )

hc:  y =   1.500000     to   1.500000     by   3.000000     ; x =  -14.88889     to   34.88889     by  0.2222222     ;
  0.000E+00  0.000E+00  0.000E+00  0.000E+00  0.000E+00  0.000E+00  0.000E+00  0.000E+00  0.000E+00  0.000E+00
  0.000E+00  0.000E+00  0.000E+00  0.000E+00  0.000E+00  0.000E+00  0.000E+00  0.000E+00  0.000E+00  0.000E+00
  0.000E+00  0.000E+00  0.000E+00  0.000E+00  0.000E+00  0.000E+00  0.000E+00  0.000E+00  0.000E+00  0.000E+00
  0.000E+00  0.000E+00  0.000E+00  0.000E+00  0.000E+00  0.000E+00  0.000E+00  0.000E+00  0.000E+00  0.000E+00
  0.000E+00  0.000E+00  0.000E+00  0.000E+00  0.000E+00  0.000E+00  0.000E+00  0.000E+00  0.000E+00  0.000E+00
  0.000E+00  0.000E+00  0.000E+00  0.000E+00  0.000E+00  0.000E+00  0.000E+00  0.000E+00  0.000E+00  0.000E+00
  0.000E+00  0.000E+00  0.000E+00  0.000E+00  0.000E+00  0.000E+00  0.000E+00  0.000E+00  0.000E+00  0.000E+00
  0.000E+00  0.000E+00  1.000E+00  0.000E+00  0.000E+00  1.000E+00  7.080E-01  0.000E+00  0.000E+00  1.000E+00
  0.000E+00  0.000E+00  0.000E+00  0.000E+00  1.000E+00  0.000E+00  7.706E-01  1.000E+00  1.000E+00  1.000E+00
  0.000E+00  0.000E+00  0.000E+00  0.000E+00  0.000E+00  0.000E+00  0.000E+00  0.000E+00  0.000E+00  6.529E-01
  0.000E+00  0.000E+00  1.000E+00  0.000E+00  1.000E+00  1.000E+00  0.000E+00  0.000E+00  0.000E+00  0.000E+00
  0.000E+00  0.000E+00  0.000E+00  0.000E+00  1.000E+00  0.000E+00  1.000E+00  0.000E+00  0.000E+00  0.000E+00
  0.000E+00  0.000E+00  0.000E+00  1.000E+00  0.000E+00  7.232E-01  0.000E+00  1.000E+00  7.089E-01  1.000E+00
  0.000E+00  0.000E+00  0.000E+00  0.000E+00  0.000E+00  0.000E+00  0.000E+00  0.000E+00  0.000E+00  0.000E+00
  7.895E-01  0.000E+00  0.000E+00  0.000E+00  0.000E+00  0.000E+00  0.000E+00  0.000E+00  0.000E+00  1.000E+00
  1.000E+00  1.000E+00  0.000E+00  0.000E+00  0.000E+00  1.000E+00  0.000E+00  0.000E+00  0.000E+00  0.000E+00
  0.000E+00  0.000E+00  0.000E+00  0.000E+00  1.000E+00  1.000E+00  0.000E+00  0.000E+00  0.000E+00  0.000E+00
  0.000E+00  1.000E+00  0.000E+00  0.000E+00  0.000E+00  0.000E+00  0.000E+00  0.000E+00  0.000E+00  0.000E+00
  0.000E+00  0.000E+00  0.000E+00  0.000E+00  0.000E+00  0.000E+00  0.000E+00  0.000E+00  0.000E+00  0.000E+00
  0.000E+00  0.000E+00  0.000E+00  0.000E+00  0.000E+00  0.000E+00  0.000E+00  0.000E+00  0.000E+00  0.000E+00
  0.000E+00  0.000E+00  0.000E+00  0.000E+00  0.000E+00  0.000E+00  0.000E+00  0.000E+00  0.000E+00  0.000E+00
  0.000E+00  0.000E+00  0.000E+00  0.000E+00  0.000E+00  0.000E+00  0.000E+00  0.000E+00  0.000E+00  0.000E+00
  0.000E+00  0.000E+00  0.000E+00  0.000E+00  0.000E+00

#------------------------------------------------------------------------------
z: xorg(1.03)
p: xfac[c2*0.05] form[c1/0.05] notc noxt noyt dmin(1)
p: ymin(0) ymax(1) xmin(0) xmax(1) cmin(1) cmax(100) nosp
hc: y= 0.005 to 0.995 by 0.01 ; x= 0.5 to 0.5 by 1 ;
 1  2  3  4  5  6  7  8  9 10 11 12 13 14 15 16 17 18 19 20
21 22 23 24 25 26 27 28 29 30 31 32 33 34 35 36 37 38 39 40
41 42 43 44 45 46 47 48 49 50 51 52 53 54 55 56 57 58 59 60
61 62 63 64 65 66 67 68 69 70 71 72 73 74 75 76 77 78 79 80
81 82 83 84 85 86 87 88 89 90 91 92 93 94 95 96 97 98 99 100
z: xorg(0.0)
p: xfac[c2*0.05] form[c1/0.05] nosp afac[c5*0.625] ymin[c3] ymax[c4]
p: noxt noxn ytxt(-1) ynum(-1) xltd(-1) xstd(-1) itic(1) ylog
y: Relative Error
#------------------------------------------------------------------------------

wt: s(0.7)
\vspace{-3}
  part. &=& photon  
e:

#------------------------------------------------------------------------------
z: xorg[-1.03/0.05]
p: form[c1] xfac[c2] afac[c5] nosp notf
p: xmin( -15.00000    ) xmax(  35.00000    )
p: ymin(  0.000000    ) ymax(  3.000000    )

#------------------------------------------------------------------------------
 newpage:
#   no. =  4   part. = neutron 

'no. =  4'
msuc: {\huge [t-deposit] in r-z mesh}
msdr: {\it plotted by \ANGEL \version}
msdl: {\it calculated by \PHITS  3.24}

x: z [cm]
y: r [cm]
set: c1[ 0.060] c2[ 3.674] c5[ 0.800] c6[ 0.374] c7[ 0.000] c8[ 6.267]
p: h2fs form[c1] xfac[c2] afac[c5] scal[c6] xorg[c7] yorg[c8] nosp
set: c3[1.0e-4] c4[1.0]
p: cmin[c3] cmax[c4]
p: dmin(1e-31)
p: zlog
p: xmin( -15.00000    ) xmax(  35.00000    )
p: ymin(  0.000000    ) ymax(  3.000000    )
#  nr =   1   nz = 225
# ( ( data(z,r), z = 1, nz ), r = nr, 1, -1 )

hc:  y =   1.500000     to   1.500000     by   3.000000     ; x =  -14.88889     to   34.88889     by  0.2222222     ;
  9.521E-03  9.501E-03  9.528E-03  9.589E-03  9.527E-03  9.416E-03  9.296E-03  1.020E-02  9.540E-03  9.471E-03
  9.418E-03  9.285E-03  9.288E-03  9.266E-03  9.200E-03  9.414E-03  9.403E-03  9.100E-03  6.862E-03  6.526E-03
  6.576E-03  7.186E-03  6.781E-03  6.715E-03  7.222E-03  6.847E-03  7.241E-03  7.187E-03  7.756E-03  7.408E-03
  6.926E-03  7.061E-03  6.878E-03  6.970E-03  6.501E-03  6.855E-03  6.312E-03  6.481E-03  6.237E-03  6.255E-03
  6.266E-03  6.073E-03  6.269E-03  6.225E-03  5.814E-03  5.995E-03  5.830E-03  5.659E-03  5.839E-03  5.703E-03
  5.542E-03  5.959E-03  5.478E-03  5.415E-03  5.336E-03  5.387E-03  5.129E-03  5.093E-03  5.128E-03  5.115E-03
  5.211E-03  5.178E-03  5.171E-03  5.110E-03  5.256E-03  5.303E-03  5.570E-03  6.265E-03  2.470E-02  2.622E-02
  2.548E-02  2.757E-02  2.994E-02  2.952E-02  3.242E-02  3.430E-02  3.719E-02  3.487E-02  3.790E-02  3.849E-02
  3.976E-02  4.471E-02  4.256E-02  4.894E-02  4.738E-02  5.072E-02  5.189E-02  5.385E-02  5.675E-02  5.549E-02
  5.433E-02  5.760E-02  7.215E-02  6.350E-02  6.508E-02  6.518E-02  6.730E-02  6.876E-02  7.079E-02  7.214E-02
  8.015E-02  9.183E-02  8.740E-02  9.070E-02  8.950E-02  9.418E-02  9.388E-02  9.278E-02  9.227E-02  9.409E-02
  9.364E-02  9.768E-02  1.001E-01  1.058E-01  1.471E-01  1.107E-01  1.128E-01  1.221E-01  1.195E-01  1.595E-01
  1.317E-01  1.413E-01  1.351E-01  1.328E-01  1.283E-01  1.298E-01  1.642E-01  1.697E-01  1.540E-01  1.392E-01
  1.403E-01  1.373E-01  1.666E-01  1.757E-01  1.551E-01  1.661E-01  1.754E-01  1.804E-01  1.719E-01  1.742E-01
  1.782E-01  1.799E-01  1.838E-01  1.889E-01  1.917E-01  2.266E-01  2.133E-01  2.111E-01  2.094E-01  2.111E-01
  2.085E-01  2.206E-01  2.291E-01  2.318E-01  2.356E-01  3.958E-01  2.834E-01  3.006E-01  2.999E-01  3.112E-01
  3.412E-01  5.061E-01  3.567E-01  3.804E-01  3.996E-01  3.841E-01  3.777E-01  3.848E-01  3.859E-01  3.778E-01
  3.847E-01  3.783E-01  3.785E-01  3.846E-01  4.102E-01  4.118E-01  4.372E-01  4.632E-01  4.635E-01  5.614E-01
  5.768E-01  5.011E-01  5.091E-01  5.090E-01  5.092E-01  5.093E-01  5.092E-01  5.096E-01  5.098E-01  5.095E-01
  5.669E-01  5.858E-01  5.922E-01  5.923E-01  5.924E-01  5.924E-01  5.924E-01  5.922E-01  5.703E-01  5.228E-01
  5.563E-01  5.888E-01  6.354E-01  0.000E+00  0.000E+00  0.000E+00  0.000E+00  0.000E+00  0.000E+00  0.000E+00
  0.000E+00  0.000E+00  0.000E+00  0.000E+00  0.000E+00  0.000E+00  0.000E+00  0.000E+00  0.000E+00  0.000E+00
  0.000E+00  0.000E+00  0.000E+00  0.000E+00  0.000E+00

#------------------------------------------------------------------------------
z: xorg(1.03)
p: xfac[c2*0.05] form[c1/0.05] notc noxt noyt dmin(1)
p: ymin(0) ymax(1) xmin(0) xmax(1) cmin(1) cmax(100) nosp
hc: y= 0.005 to 0.995 by 0.01 ; x= 0.5 to 0.5 by 1 ;
 1  2  3  4  5  6  7  8  9 10 11 12 13 14 15 16 17 18 19 20
21 22 23 24 25 26 27 28 29 30 31 32 33 34 35 36 37 38 39 40
41 42 43 44 45 46 47 48 49 50 51 52 53 54 55 56 57 58 59 60
61 62 63 64 65 66 67 68 69 70 71 72 73 74 75 76 77 78 79 80
81 82 83 84 85 86 87 88 89 90 91 92 93 94 95 96 97 98 99 100
z: xorg(0.0)
p: xfac[c2*0.05] form[c1/0.05] nosp afac[c5*0.625] ymin[c3] ymax[c4]
p: noxt noxn ytxt(-1) ynum(-1) xltd(-1) xstd(-1) itic(1) ylog
y: Relative Error
#------------------------------------------------------------------------------

wt: s(0.7)
\vspace{-3}
  part. &=& neutron 
e:

#------------------------------------------------------------------------------
z: xorg[-1.03/0.05]
p: form[c1] xfac[c2] afac[c5] nosp notf
p: xmin( -15.00000    ) xmax(  35.00000    )
p: ymin(  0.000000    ) ymax(  3.000000    )
 
# Information for Restart Calculation
# This calculation was newly started
# istdev =  2 # 1:Batch variance, 2:History variance
# resc2  = 1.00918122271111685E-06 # Total source weight or Total source weight / maxcas
# resc3  = 1.00000000000000000E+07 # Total history number or Total batch number
# maxcas =     1000000 # History / Batch, only used for istdev=1
# rijklst=  -1.0909668918764960E-250 # Next initial random number
# bitrseed = 1000110000001000111111101100101001110101110010000011011101101000
