[ T-Deposit ]
    title = [t-deposit] in r-z mesh
     mesh =  r-z            # mesh type is r-z scoring mesh
       x0 =   0.000000      # center x-position of r-z mesh
       y0 =   0.000000      # center y-position of r-z mesh
   r-type =    2            # r-mesh is linear given by rmin, rmax and nr
     rmin =   0.000000      # minimum value of r-mesh points
     rmax =   3.000000      # maximum value of r-mesh points
#    rdel =   3.000000      # mesh width of r-mesh points
       nr =      1          # number of r-mesh points
#    data = ( r(i), i = 1, nr + 1 )
#           0.00000E+00  3.00000E+00
   z-type =    2            # z-mesh is linear given by zmin, zmax and nz
     zmin =  -15.00000      # minimum value of z-mesh points
     zmax =   35.00000      # maximum value of z-mesh points
#    zdel =  0.2222222      # mesh width of z-mesh points
       nz =    225          # number of z-mesh points
#    data = ( z(i), i = 1, nz + 1 )
#          -1.50000E+01 -1.47778E+01 -1.45556E+01 -1.43333E+01 -1.41111E+01
#          -1.38889E+01 -1.36667E+01 -1.34444E+01 -1.32222E+01 -1.30000E+01
#          -1.27778E+01 -1.25556E+01 -1.23333E+01 -1.21111E+01 -1.18889E+01
#          -1.16667E+01 -1.14444E+01 -1.12222E+01 -1.10000E+01 -1.07778E+01
#          -1.05556E+01 -1.03333E+01 -1.01111E+01 -9.88889E+00 -9.66667E+00
#          -9.44444E+00 -9.22222E+00 -9.00000E+00 -8.77778E+00 -8.55556E+00
#          -8.33333E+00 -8.11111E+00 -7.88889E+00 -7.66667E+00 -7.44444E+00
#          -7.22222E+00 -7.00000E+00 -6.77778E+00 -6.55556E+00 -6.33333E+00
#          -6.11111E+00 -5.88889E+00 -5.66667E+00 -5.44444E+00 -5.22222E+00
#          -5.00000E+00 -4.77778E+00 -4.55556E+00 -4.33333E+00 -4.11111E+00
#          -3.88889E+00 -3.66667E+00 -3.44444E+00 -3.22222E+00 -3.00000E+00
#          -2.77778E+00 -2.55556E+00 -2.33333E+00 -2.11111E+00 -1.88889E+00
#          -1.66667E+00 -1.44444E+00 -1.22222E+00 -1.00000E+00 -7.77778E-01
#          -5.55556E-01 -3.33333E-01 -1.11111E-01  1.11111E-01  3.33333E-01
#           5.55556E-01  7.77778E-01  1.00000E+00  1.22222E+00  1.44444E+00
#           1.66667E+00  1.88889E+00  2.11111E+00  2.33333E+00  2.55556E+00
#           2.77778E+00  3.00000E+00  3.22222E+00  3.44444E+00  3.66667E+00
#           3.88889E+00  4.11111E+00  4.33333E+00  4.55556E+00  4.77778E+00
#           5.00000E+00  5.22222E+00  5.44444E+00  5.66667E+00  5.88889E+00
#           6.11111E+00  6.33333E+00  6.55556E+00  6.77778E+00  7.00000E+00
#           7.22222E+00  7.44444E+00  7.66667E+00  7.88889E+00  8.11111E+00
#           8.33333E+00  8.55556E+00  8.77778E+00  9.00000E+00  9.22222E+00
#           9.44444E+00  9.66667E+00  9.88889E+00  1.01111E+01  1.03333E+01
#           1.05556E+01  1.07778E+01  1.10000E+01  1.12222E+01  1.14444E+01
#           1.16667E+01  1.18889E+01  1.21111E+01  1.23333E+01  1.25556E+01
#           1.27778E+01  1.30000E+01  1.32222E+01  1.34444E+01  1.36667E+01
#           1.38889E+01  1.41111E+01  1.43333E+01  1.45556E+01  1.47778E+01
#           1.50000E+01  1.52222E+01  1.54444E+01  1.56667E+01  1.58889E+01
#           1.61111E+01  1.63333E+01  1.65556E+01  1.67778E+01  1.70000E+01
#           1.72222E+01  1.74444E+01  1.76667E+01  1.78889E+01  1.81111E+01
#           1.83333E+01  1.85556E+01  1.87778E+01  1.90000E+01  1.92222E+01
#           1.94444E+01  1.96667E+01  1.98889E+01  2.01111E+01  2.03333E+01
#           2.05556E+01  2.07778E+01  2.10000E+01  2.12222E+01  2.14444E+01
#           2.16667E+01  2.18889E+01  2.21111E+01  2.23333E+01  2.25556E+01
#           2.27778E+01  2.30000E+01  2.32222E+01  2.34444E+01  2.36667E+01
#           2.38889E+01  2.41111E+01  2.43333E+01  2.45556E+01  2.47778E+01
#           2.50000E+01  2.52222E+01  2.54444E+01  2.56667E+01  2.58889E+01
#           2.61111E+01  2.63333E+01  2.65556E+01  2.67778E+01  2.70000E+01
#           2.72222E+01  2.74444E+01  2.76667E+01  2.78889E+01  2.81111E+01
#           2.83333E+01  2.85556E+01  2.87778E+01  2.90000E+01  2.92222E+01
#           2.94444E+01  2.96667E+01  2.98889E+01  3.01111E+01  3.03333E+01
#           3.05556E+01  3.07778E+01  3.10000E+01  3.12222E+01  3.14444E+01
#           3.16667E+01  3.18889E+01  3.21111E+01  3.23333E+01  3.25556E+01
#           3.27778E+01  3.30000E+01  3.32222E+01  3.34444E+01  3.36667E+01
#           3.38889E+01  3.41111E+01  3.43333E+01  3.45556E+01  3.47778E+01
#           3.50000E+01
     unit =    0            # unit is [Gy/source]
   letmat =    0            # (D=0) mat ID for LET, 0:real mat, <0: electron for H2O
  dedxfnc =    0            # (D=0) user defined multiplier, 0(no), 1, 2
 material =  all            # (D=all) number of specific material
   output =  dose           # total deposit energy
  deposit =    0            # (D=0) 0-> total deposit dist, 1-> each process
  2D-type =    3            # 1:Cont, 2:Clust, 3:Color, 4:xyz, 5:mat, 6:Clust+Cont, 7:Col+Cont
     axis =    rz           # axis of output
     file = deposit_r_all.out  # file name of output for the above axis
     part =  all        electron   photon     neutron  
# kf/name :  0          11         22         2112     
    gshow =    1            # 0: no 1:bnd, 2:bnd+mat, 3:bnd+reg 4:bnd+lat 5:bmp style
    resol =    1            # (D=1) resolution of gshow or rshow
    width = 0.5000000       # (D=0.5) width of lines for gshow or rshow
   epsout =    1            # (D=0) generate eps file by ANGEL
#    used :        main (  %)        temp (  %)       total (  %)
#  memory :         231 (  0)           0 (  0)         231 (  0)

#------------------------------------------------------------------------------
#newpage:
#   no. =  1   part. = all     

'no. =  1'
msuc: {\huge [t-deposit] in r-z mesh}
msdr: {\it plotted by \ANGEL \version}
msdl: {\it calculated by \PHITS  3.24}

x: z [cm]
y: r [cm]
set: c1[ 0.060] c2[ 3.674] c5[ 0.800] c6[ 0.374] c7[ 0.000] c8[ 6.267]
p: h2fs form[c1] xfac[c2] afac[c5] scal[c6] xorg[c7] yorg[c8] nosp
set: c3[   5.955667E-07] c4[   1.125734E-02]
p: cmin[c3] cmax[c4]
p: dmin(1e-31)
p: zlog
p: xmin( -15.00000    ) xmax(  35.00000    )
p: ymin(  0.000000    ) ymax(  3.000000    )
#  nr =   1   nz = 225
# ( ( data(z,r), z = 1, nz ), r = nr, 1, -1 )

hc:  y =   1.500000     to   1.500000     by   3.000000     ; x =  -14.88889     to   34.88889     by  0.2222222     ;
  2.779E-03  3.037E-03  3.054E-03  3.071E-03  3.127E-03  3.192E-03  3.058E-03  3.134E-03  3.235E-03  3.398E-03
  3.405E-03  3.432E-03  3.313E-03  3.387E-03  3.809E-03  3.852E-03  3.378E-03  3.433E-03  7.433E-03  6.719E-03
  7.072E-03  6.857E-03  3.261E-03  0.000E+00  0.000E+00  0.000E+00  0.000E+00  0.000E+00  0.000E+00  0.000E+00
  0.000E+00  0.000E+00  0.000E+00  0.000E+00  0.000E+00  0.000E+00  0.000E+00  0.000E+00  0.000E+00  0.000E+00
  0.000E+00  0.000E+00  0.000E+00  0.000E+00  0.000E+00  0.000E+00  0.000E+00  0.000E+00  0.000E+00  0.000E+00
  0.000E+00  0.000E+00  0.000E+00  0.000E+00  0.000E+00  0.000E+00  0.000E+00  0.000E+00  0.000E+00  0.000E+00
  0.000E+00  0.000E+00  0.000E+00  0.000E+00  0.000E+00  0.000E+00  0.000E+00  3.800E-03  8.299E-03  9.308E-03
  9.935E-03  1.007E-02  9.171E-03  1.091E-02  1.021E-02  1.078E-02  1.126E-02  9.429E-03  9.446E-03  9.285E-03
  8.908E-03  9.044E-03  9.070E-03  8.235E-03  7.941E-03  7.852E-03  8.049E-03  8.461E-03  8.130E-03  7.827E-03
  6.845E-03  6.905E-03  6.910E-03  6.589E-03  6.319E-03  5.760E-03  5.376E-03  5.176E-03  5.663E-03  5.682E-03
  5.442E-03  5.121E-03  5.135E-03  4.975E-03  5.253E-03  4.646E-03  4.376E-03  4.089E-03  3.572E-03  3.499E-03
  3.572E-03  3.452E-03  3.237E-03  3.025E-03  2.766E-03  2.655E-03  2.558E-03  2.655E-03  2.598E-03  2.527E-03
  2.405E-03  2.479E-03  2.098E-03  2.112E-03  2.019E-03  2.188E-03  2.184E-03  1.961E-03  1.798E-03  1.701E-03
  1.560E-03  1.478E-03  1.397E-03  1.350E-03  1.255E-03  1.228E-03  1.248E-03  1.308E-03  1.299E-03  1.301E-03
  1.298E-03  1.362E-03  1.299E-03  1.366E-03  1.345E-03  1.407E-03  1.370E-03  1.343E-03  1.180E-03  1.162E-03
  1.124E-03  1.111E-03  1.095E-03  1.018E-03  9.529E-04  9.429E-04  9.264E-04  9.808E-04  9.403E-04  9.198E-04
  8.959E-04  8.918E-04  8.230E-04  8.555E-04  8.677E-04  9.103E-04  7.832E-04  7.253E-04  6.861E-04  6.901E-04
  6.779E-04  6.733E-04  7.132E-04  7.308E-04  6.708E-04  6.722E-04  6.958E-04  6.991E-04  7.698E-04  8.455E-04
  7.419E-04  7.349E-04  8.028E-04  7.013E-04  7.002E-04  6.883E-04  6.893E-04  7.253E-04  7.047E-04  6.836E-04
  6.619E-04  6.482E-04  6.012E-04  5.832E-04  5.555E-04  5.364E-04  5.976E-04  6.030E-04  5.630E-04  5.550E-04
  5.456E-04  5.362E-04  4.428E-04  3.796E-04  3.782E-04  3.786E-04  3.790E-04  3.749E-04  3.876E-04  3.826E-04
  3.753E-04  3.732E-04  3.400E-04  2.928E-04  2.796E-04  2.761E-04  2.554E-04  2.733E-04  2.758E-04  2.725E-04
  2.566E-04  2.457E-04  2.402E-04  2.161E-04  1.732E-04

#------------------------------------------------------------------------------
z: xorg(1.03)
p: xfac[c2*0.05] form[c1/0.05] notc noxt noyt dmin(1)
p: ymin(0) ymax(1) xmin(0) xmax(1) cmin(1) cmax(100) nosp
hc: y= 0.005 to 0.995 by 0.01 ; x= 0.5 to 0.5 by 1 ;
 1  2  3  4  5  6  7  8  9 10 11 12 13 14 15 16 17 18 19 20
21 22 23 24 25 26 27 28 29 30 31 32 33 34 35 36 37 38 39 40
41 42 43 44 45 46 47 48 49 50 51 52 53 54 55 56 57 58 59 60
61 62 63 64 65 66 67 68 69 70 71 72 73 74 75 76 77 78 79 80
81 82 83 84 85 86 87 88 89 90 91 92 93 94 95 96 97 98 99 100
z: xorg(0.0)
p: xfac[c2*0.05] form[c1/0.05] nosp afac[c5*0.625] ymin[c3] ymax[c4]
p: noxt noxn ytxt(-1) ynum(-1) xltd(-1) xstd(-1) itic(1) ylog
y: Dose [Gy/source]      
#------------------------------------------------------------------------------

wt: s(0.7)
\vspace{-3}
  part. &=& all     
e:

#------------------------------------------------------------------------------
z: xorg[-1.03/0.05]
p: form[c1] xfac[c2] afac[c5] nosp notf
p: xmin( -15.00000    ) xmax(  35.00000    )
p: ymin(  0.000000    ) ymax(  3.000000    )

#------------------------------------------------------------------------------
 newpage:
#   no. =  2   part. = electron

'no. =  2'
msuc: {\huge [t-deposit] in r-z mesh}
msdr: {\it plotted by \ANGEL \version}
msdl: {\it calculated by \PHITS  3.24}

x: z [cm]
y: r [cm]
set: c1[ 0.060] c2[ 3.674] c5[ 0.800] c6[ 0.374] c7[ 0.000] c8[ 6.267]
p: h2fs form[c1] xfac[c2] afac[c5] scal[c6] xorg[c7] yorg[c8] nosp
set: c3[   5.955667E-07] c4[   1.125734E-02]
p: cmin[c3] cmax[c4]
p: dmin(1e-31)
p: zlog
p: xmin( -15.00000    ) xmax(  35.00000    )
p: ymin(  0.000000    ) ymax(  3.000000    )
#  nr =   1   nz = 225
# ( ( data(z,r), z = 1, nz ), r = nr, 1, -1 )

hc:  y =   1.500000     to   1.500000     by   3.000000     ; x =  -14.88889     to   34.88889     by  0.2222222     ;
  0.000E+00  0.000E+00  0.000E+00  0.000E+00  0.000E+00  0.000E+00  0.000E+00  0.000E+00  0.000E+00  0.000E+00
  0.000E+00  0.000E+00  0.000E+00  0.000E+00  0.000E+00  0.000E+00  0.000E+00  0.000E+00  0.000E+00  0.000E+00
  0.000E+00  0.000E+00  0.000E+00  0.000E+00  0.000E+00  0.000E+00  0.000E+00  0.000E+00  0.000E+00  0.000E+00
  0.000E+00  0.000E+00  0.000E+00  0.000E+00  0.000E+00  0.000E+00  0.000E+00  0.000E+00  0.000E+00  0.000E+00
  0.000E+00  0.000E+00  0.000E+00  0.000E+00  0.000E+00  0.000E+00  0.000E+00  0.000E+00  0.000E+00  0.000E+00
  0.000E+00  0.000E+00  0.000E+00  0.000E+00  0.000E+00  0.000E+00  0.000E+00  0.000E+00  0.000E+00  0.000E+00
  0.000E+00  0.000E+00  0.000E+00  0.000E+00  0.000E+00  0.000E+00  0.000E+00  0.000E+00  0.000E+00  0.000E+00
  0.000E+00  0.000E+00  0.000E+00  0.000E+00  0.000E+00  0.000E+00  0.000E+00  0.000E+00  0.000E+00  0.000E+00
  0.000E+00  0.000E+00  0.000E+00  0.000E+00  0.000E+00  0.000E+00  0.000E+00  0.000E+00  0.000E+00  0.000E+00
  0.000E+00  0.000E+00  0.000E+00  0.000E+00  0.000E+00  0.000E+00  0.000E+00  0.000E+00  0.000E+00  0.000E+00
  0.000E+00  0.000E+00  0.000E+00  0.000E+00  0.000E+00  0.000E+00  0.000E+00  0.000E+00  0.000E+00  0.000E+00
  0.000E+00  0.000E+00  0.000E+00  0.000E+00  0.000E+00  0.000E+00  0.000E+00  0.000E+00  0.000E+00  0.000E+00
  0.000E+00  0.000E+00  0.000E+00  0.000E+00  0.000E+00  0.000E+00  0.000E+00  0.000E+00  0.000E+00  0.000E+00
  0.000E+00  0.000E+00  0.000E+00  0.000E+00  0.000E+00  0.000E+00  0.000E+00  0.000E+00  0.000E+00  0.000E+00
  0.000E+00  0.000E+00  0.000E+00  0.000E+00  0.000E+00  0.000E+00  0.000E+00  0.000E+00  0.000E+00  0.000E+00
  0.000E+00  0.000E+00  0.000E+00  0.000E+00  0.000E+00  0.000E+00  0.000E+00  0.000E+00  0.000E+00  0.000E+00
  0.000E+00  0.000E+00  0.000E+00  0.000E+00  0.000E+00  0.000E+00  0.000E+00  0.000E+00  0.000E+00  0.000E+00
  0.000E+00  0.000E+00  0.000E+00  0.000E+00  0.000E+00  0.000E+00  0.000E+00  0.000E+00  0.000E+00  0.000E+00
  0.000E+00  0.000E+00  0.000E+00  0.000E+00  0.000E+00  0.000E+00  0.000E+00  0.000E+00  0.000E+00  0.000E+00
  0.000E+00  0.000E+00  0.000E+00  0.000E+00  0.000E+00  0.000E+00  0.000E+00  0.000E+00  0.000E+00  0.000E+00
  0.000E+00  0.000E+00  0.000E+00  0.000E+00  0.000E+00  0.000E+00  0.000E+00  0.000E+00  0.000E+00  0.000E+00
  0.000E+00  0.000E+00  0.000E+00  0.000E+00  0.000E+00  0.000E+00  0.000E+00  0.000E+00  0.000E+00  0.000E+00
  0.000E+00  0.000E+00  0.000E+00  0.000E+00  0.000E+00

#------------------------------------------------------------------------------
z: xorg(1.03)
p: xfac[c2*0.05] form[c1/0.05] notc noxt noyt dmin(1)
p: ymin(0) ymax(1) xmin(0) xmax(1) cmin(1) cmax(100) nosp
hc: y= 0.005 to 0.995 by 0.01 ; x= 0.5 to 0.5 by 1 ;
 1  2  3  4  5  6  7  8  9 10 11 12 13 14 15 16 17 18 19 20
21 22 23 24 25 26 27 28 29 30 31 32 33 34 35 36 37 38 39 40
41 42 43 44 45 46 47 48 49 50 51 52 53 54 55 56 57 58 59 60
61 62 63 64 65 66 67 68 69 70 71 72 73 74 75 76 77 78 79 80
81 82 83 84 85 86 87 88 89 90 91 92 93 94 95 96 97 98 99 100
z: xorg(0.0)
p: xfac[c2*0.05] form[c1/0.05] nosp afac[c5*0.625] ymin[c3] ymax[c4]
p: noxt noxn ytxt(-1) ynum(-1) xltd(-1) xstd(-1) itic(1) ylog
y: Dose [Gy/source]      
#------------------------------------------------------------------------------

wt: s(0.7)
\vspace{-3}
  part. &=& electron
e:

#------------------------------------------------------------------------------
z: xorg[-1.03/0.05]
p: form[c1] xfac[c2] afac[c5] nosp notf
p: xmin( -15.00000    ) xmax(  35.00000    )
p: ymin(  0.000000    ) ymax(  3.000000    )

#------------------------------------------------------------------------------
 newpage:
#   no. =  3   part. = photon  

'no. =  3'
msuc: {\huge [t-deposit] in r-z mesh}
msdr: {\it plotted by \ANGEL \version}
msdl: {\it calculated by \PHITS  3.24}

x: z [cm]
y: r [cm]
set: c1[ 0.060] c2[ 3.674] c5[ 0.800] c6[ 0.374] c7[ 0.000] c8[ 6.267]
p: h2fs form[c1] xfac[c2] afac[c5] scal[c6] xorg[c7] yorg[c8] nosp
set: c3[   5.955667E-07] c4[   1.125734E-02]
p: cmin[c3] cmax[c4]
p: dmin(1e-31)
p: zlog
p: xmin( -15.00000    ) xmax(  35.00000    )
p: ymin(  0.000000    ) ymax(  3.000000    )
#  nr =   1   nz = 225
# ( ( data(z,r), z = 1, nz ), r = nr, 1, -1 )

hc:  y =   1.500000     to   1.500000     by   3.000000     ; x =  -14.88889     to   34.88889     by  0.2222222     ;
  6.269E-04  7.402E-04  7.383E-04  7.257E-04  6.790E-04  6.550E-04  5.776E-04  6.338E-04  6.537E-04  7.961E-04
  8.346E-04  8.201E-04  6.676E-04  6.492E-04  8.508E-04  1.046E-03  7.260E-04  7.316E-04  2.344E-03  2.140E-03
  2.354E-03  2.261E-03  1.004E-03  0.000E+00  0.000E+00  0.000E+00  0.000E+00  0.000E+00  0.000E+00  0.000E+00
  0.000E+00  0.000E+00  0.000E+00  0.000E+00  0.000E+00  0.000E+00  0.000E+00  0.000E+00  0.000E+00  0.000E+00
  0.000E+00  0.000E+00  0.000E+00  0.000E+00  0.000E+00  0.000E+00  0.000E+00  0.000E+00  0.000E+00  0.000E+00
  0.000E+00  0.000E+00  0.000E+00  0.000E+00  0.000E+00  0.000E+00  0.000E+00  0.000E+00  0.000E+00  0.000E+00
  0.000E+00  0.000E+00  0.000E+00  0.000E+00  0.000E+00  0.000E+00  0.000E+00  2.699E-03  6.187E-03  7.357E-03
  8.294E-03  8.495E-03  7.750E-03  9.590E-03  8.522E-03  9.535E-03  1.018E-02  8.452E-03  8.454E-03  8.415E-03
  8.168E-03  8.388E-03  8.558E-03  7.770E-03  7.484E-03  7.414E-03  7.663E-03  8.188E-03  7.820E-03  7.526E-03
  6.558E-03  6.637E-03  6.669E-03  6.430E-03  6.176E-03  5.621E-03  5.239E-03  5.044E-03  5.533E-03  5.556E-03
  5.319E-03  5.003E-03  5.031E-03  4.903E-03  5.191E-03  4.585E-03  4.259E-03  3.992E-03  3.540E-03  3.467E-03
  3.539E-03  3.422E-03  3.214E-03  3.003E-03  2.745E-03  2.634E-03  2.538E-03  2.635E-03  2.578E-03  2.507E-03
  2.394E-03  2.477E-03  2.096E-03  2.111E-03  2.017E-03  2.187E-03  2.183E-03  1.960E-03  1.796E-03  1.700E-03
  1.558E-03  1.478E-03  1.397E-03  1.349E-03  1.254E-03  1.228E-03  1.231E-03  1.235E-03  1.226E-03  1.228E-03
  1.225E-03  1.290E-03  1.226E-03  1.293E-03  1.215E-03  1.166E-03  1.129E-03  1.066E-03  1.065E-03  1.047E-03
  1.009E-03  9.955E-04  9.796E-04  9.029E-04  8.377E-04  8.277E-04  8.112E-04  8.654E-04  8.251E-04  8.047E-04
  7.807E-04  7.592E-04  7.003E-04  7.400E-04  7.516E-04  7.941E-04  6.670E-04  6.092E-04  5.702E-04  5.742E-04
  5.624E-04  5.580E-04  5.980E-04  6.156E-04  5.555E-04  5.569E-04  5.805E-04  5.838E-04  6.546E-04  7.304E-04
  6.267E-04  6.197E-04  6.876E-04  5.861E-04  5.850E-04  5.732E-04  5.742E-04  6.102E-04  5.896E-04  5.685E-04
  5.467E-04  5.330E-04  4.715E-04  4.535E-04  4.258E-04  4.067E-04  4.678E-04  4.733E-04  4.332E-04  4.254E-04
  4.158E-04  4.064E-04  3.560E-04  3.358E-04  3.343E-04  3.347E-04  3.351E-04  3.193E-04  3.187E-04  3.137E-04
  3.063E-04  3.043E-04  2.903E-04  2.677E-04  2.545E-04  2.514E-04  2.554E-04  2.733E-04  2.758E-04  2.725E-04
  2.566E-04  2.457E-04  2.402E-04  2.161E-04  1.732E-04

#------------------------------------------------------------------------------
z: xorg(1.03)
p: xfac[c2*0.05] form[c1/0.05] notc noxt noyt dmin(1)
p: ymin(0) ymax(1) xmin(0) xmax(1) cmin(1) cmax(100) nosp
hc: y= 0.005 to 0.995 by 0.01 ; x= 0.5 to 0.5 by 1 ;
 1  2  3  4  5  6  7  8  9 10 11 12 13 14 15 16 17 18 19 20
21 22 23 24 25 26 27 28 29 30 31 32 33 34 35 36 37 38 39 40
41 42 43 44 45 46 47 48 49 50 51 52 53 54 55 56 57 58 59 60
61 62 63 64 65 66 67 68 69 70 71 72 73 74 75 76 77 78 79 80
81 82 83 84 85 86 87 88 89 90 91 92 93 94 95 96 97 98 99 100
z: xorg(0.0)
p: xfac[c2*0.05] form[c1/0.05] nosp afac[c5*0.625] ymin[c3] ymax[c4]
p: noxt noxn ytxt(-1) ynum(-1) xltd(-1) xstd(-1) itic(1) ylog
y: Dose [Gy/source]      
#------------------------------------------------------------------------------

wt: s(0.7)
\vspace{-3}
  part. &=& photon  
e:

#------------------------------------------------------------------------------
z: xorg[-1.03/0.05]
p: form[c1] xfac[c2] afac[c5] nosp notf
p: xmin( -15.00000    ) xmax(  35.00000    )
p: ymin(  0.000000    ) ymax(  3.000000    )

#------------------------------------------------------------------------------
 newpage:
#   no. =  4   part. = neutron 

'no. =  4'
msuc: {\huge [t-deposit] in r-z mesh}
msdr: {\it plotted by \ANGEL \version}
msdl: {\it calculated by \PHITS  3.24}

x: z [cm]
y: r [cm]
set: c1[ 0.060] c2[ 3.674] c5[ 0.800] c6[ 0.374] c7[ 0.000] c8[ 6.267]
p: h2fs form[c1] xfac[c2] afac[c5] scal[c6] xorg[c7] yorg[c8] nosp
set: c3[   5.955667E-07] c4[   1.125734E-02]
p: cmin[c3] cmax[c4]
p: dmin(1e-31)
p: zlog
p: xmin( -15.00000    ) xmax(  35.00000    )
p: ymin(  0.000000    ) ymax(  3.000000    )
#  nr =   1   nz = 225
# ( ( data(z,r), z = 1, nz ), r = nr, 1, -1 )

hc:  y =   1.500000     to   1.500000     by   3.000000     ; x =  -14.88889     to   34.88889     by  0.2222222     ;
  2.152E-03  2.297E-03  2.316E-03  2.345E-03  2.448E-03  2.537E-03  2.481E-03  2.501E-03  2.581E-03  2.603E-03
  2.570E-03  2.612E-03  2.645E-03  2.737E-03  2.959E-03  2.806E-03  2.652E-03  2.701E-03  5.090E-03  4.579E-03
  4.718E-03  4.597E-03  2.257E-03  0.000E+00  0.000E+00  0.000E+00  0.000E+00  0.000E+00  0.000E+00  0.000E+00
  0.000E+00  0.000E+00  0.000E+00  0.000E+00  0.000E+00  0.000E+00  0.000E+00  0.000E+00  0.000E+00  0.000E+00
  0.000E+00  0.000E+00  0.000E+00  0.000E+00  0.000E+00  0.000E+00  0.000E+00  0.000E+00  0.000E+00  0.000E+00
  0.000E+00  0.000E+00  0.000E+00  0.000E+00  0.000E+00  0.000E+00  0.000E+00  0.000E+00  0.000E+00  0.000E+00
  0.000E+00  0.000E+00  0.000E+00  0.000E+00  0.000E+00  0.000E+00  0.000E+00  1.101E-03  2.111E-03  1.951E-03
  1.640E-03  1.573E-03  1.422E-03  1.316E-03  1.686E-03  1.241E-03  1.074E-03  9.769E-04  9.924E-04  8.707E-04
  7.407E-04  6.565E-04  5.117E-04  4.660E-04  4.558E-04  4.390E-04  3.866E-04  2.735E-04  3.108E-04  3.019E-04
  2.867E-04  2.691E-04  2.413E-04  1.596E-04  1.438E-04  1.396E-04  1.373E-04  1.310E-04  1.287E-04  1.264E-04
  1.235E-04  1.179E-04  1.033E-04  7.277E-05  6.304E-05  6.155E-05  1.169E-04  9.643E-05  3.252E-05  3.195E-05
  3.292E-05  3.025E-05  2.234E-05  2.216E-05  2.090E-05  2.058E-05  2.051E-05  2.033E-05  2.017E-05  1.987E-05
  1.163E-05  2.158E-06  2.206E-06  1.804E-06  1.514E-06  1.549E-06  1.613E-06  1.510E-06  1.115E-06  1.164E-06
  1.203E-06  9.892E-07  8.649E-07  6.727E-07  5.977E-07  5.956E-07  1.724E-05  7.359E-05  7.356E-05  7.356E-05
  7.366E-05  7.353E-05  7.356E-05  7.359E-05  1.304E-04  2.410E-04  2.408E-04  2.773E-04  1.152E-04  1.153E-04
  1.153E-04  1.154E-04  1.153E-04  1.152E-04  1.152E-04  1.152E-04  1.152E-04  1.152E-04  1.152E-04  1.152E-04
  1.151E-04  1.326E-04  1.227E-04  1.155E-04  1.161E-04  1.161E-04  1.161E-04  1.160E-04  1.160E-04  1.160E-04
  1.154E-04  1.153E-04  1.153E-04  1.153E-04  1.153E-04  1.153E-04  1.153E-04  1.153E-04  1.151E-04  1.152E-04
  1.152E-04  1.152E-04  1.152E-04  1.152E-04  1.152E-04  1.151E-04  1.151E-04  1.151E-04  1.151E-04  1.151E-04
  1.151E-04  1.151E-04  1.298E-04  1.298E-04  1.298E-04  1.298E-04  1.298E-04  1.298E-04  1.298E-04  1.298E-04
  1.298E-04  1.298E-04  8.680E-05  4.385E-05  4.385E-05  4.385E-05  4.385E-05  5.564E-05  6.895E-05  6.895E-05
  6.895E-05  6.895E-05  4.967E-05  2.510E-05  2.510E-05  2.475E-05  0.000E+00  0.000E+00  0.000E+00  0.000E+00
  0.000E+00  0.000E+00  0.000E+00  0.000E+00  0.000E+00

#------------------------------------------------------------------------------
z: xorg(1.03)
p: xfac[c2*0.05] form[c1/0.05] notc noxt noyt dmin(1)
p: ymin(0) ymax(1) xmin(0) xmax(1) cmin(1) cmax(100) nosp
hc: y= 0.005 to 0.995 by 0.01 ; x= 0.5 to 0.5 by 1 ;
 1  2  3  4  5  6  7  8  9 10 11 12 13 14 15 16 17 18 19 20
21 22 23 24 25 26 27 28 29 30 31 32 33 34 35 36 37 38 39 40
41 42 43 44 45 46 47 48 49 50 51 52 53 54 55 56 57 58 59 60
61 62 63 64 65 66 67 68 69 70 71 72 73 74 75 76 77 78 79 80
81 82 83 84 85 86 87 88 89 90 91 92 93 94 95 96 97 98 99 100
z: xorg(0.0)
p: xfac[c2*0.05] form[c1/0.05] nosp afac[c5*0.625] ymin[c3] ymax[c4]
p: noxt noxn ytxt(-1) ynum(-1) xltd(-1) xstd(-1) itic(1) ylog
y: Dose [Gy/source]      
#------------------------------------------------------------------------------

wt: s(0.7)
\vspace{-3}
  part. &=& neutron 
e:

#------------------------------------------------------------------------------
z: xorg[-1.03/0.05]
p: form[c1] xfac[c2] afac[c5] nosp notf
p: xmin( -15.00000    ) xmax(  35.00000    )
p: ymin(  0.000000    ) ymax(  3.000000    )
 
# Information for Restart Calculation
# This calculation was restarted using deposit_r_all.out
# istdev =  1 # 1:Batch variance, 2:History variance
# resc2  = 1.81652620090054463E-11 # Total source weight or Total source weight / maxcas
# resc3  = 1.80000000000000000E+02 # Total history number or Total batch number
# maxcas =        1000 # History / Batch, only used for istdev=1
# rijklst=  -9.0568261458389682E-302 # Next initial random number
# bitrseed = 1000000101101111000011011110011001000101111100111101100001010101
