[ T-Deposit ]
    title = [t-deposit] in r-z mesh
     mesh =  r-z            # mesh type is r-z scoring mesh
       x0 =   0.000000      # center x-position of r-z mesh
       y0 =   0.000000      # center y-position of r-z mesh
   r-type =    2            # r-mesh is linear given by rmin, rmax and nr
     rmin =   0.000000      # minimum value of r-mesh points
     rmax =   3.000000      # maximum value of r-mesh points
#    rdel =   3.000000      # mesh width of r-mesh points
       nr =      1          # number of r-mesh points
#    data = ( r(i), i = 1, nr + 1 )
#           0.00000E+00  3.00000E+00
   z-type =    2            # z-mesh is linear given by zmin, zmax and nz
     zmin =  -15.00000      # minimum value of z-mesh points
     zmax =   35.00000      # maximum value of z-mesh points
#    zdel =  0.2222222      # mesh width of z-mesh points
       nz =    225          # number of z-mesh points
#    data = ( z(i), i = 1, nz + 1 )
#          -1.50000E+01 -1.47778E+01 -1.45556E+01 -1.43333E+01 -1.41111E+01
#          -1.38889E+01 -1.36667E+01 -1.34444E+01 -1.32222E+01 -1.30000E+01
#          -1.27778E+01 -1.25556E+01 -1.23333E+01 -1.21111E+01 -1.18889E+01
#          -1.16667E+01 -1.14444E+01 -1.12222E+01 -1.10000E+01 -1.07778E+01
#          -1.05556E+01 -1.03333E+01 -1.01111E+01 -9.88889E+00 -9.66667E+00
#          -9.44444E+00 -9.22222E+00 -9.00000E+00 -8.77778E+00 -8.55556E+00
#          -8.33333E+00 -8.11111E+00 -7.88889E+00 -7.66667E+00 -7.44444E+00
#          -7.22222E+00 -7.00000E+00 -6.77778E+00 -6.55556E+00 -6.33333E+00
#          -6.11111E+00 -5.88889E+00 -5.66667E+00 -5.44444E+00 -5.22222E+00
#          -5.00000E+00 -4.77778E+00 -4.55556E+00 -4.33333E+00 -4.11111E+00
#          -3.88889E+00 -3.66667E+00 -3.44444E+00 -3.22222E+00 -3.00000E+00
#          -2.77778E+00 -2.55556E+00 -2.33333E+00 -2.11111E+00 -1.88889E+00
#          -1.66667E+00 -1.44444E+00 -1.22222E+00 -1.00000E+00 -7.77778E-01
#          -5.55556E-01 -3.33333E-01 -1.11111E-01  1.11111E-01  3.33333E-01
#           5.55556E-01  7.77778E-01  1.00000E+00  1.22222E+00  1.44444E+00
#           1.66667E+00  1.88889E+00  2.11111E+00  2.33333E+00  2.55556E+00
#           2.77778E+00  3.00000E+00  3.22222E+00  3.44444E+00  3.66667E+00
#           3.88889E+00  4.11111E+00  4.33333E+00  4.55556E+00  4.77778E+00
#           5.00000E+00  5.22222E+00  5.44444E+00  5.66667E+00  5.88889E+00
#           6.11111E+00  6.33333E+00  6.55556E+00  6.77778E+00  7.00000E+00
#           7.22222E+00  7.44444E+00  7.66667E+00  7.88889E+00  8.11111E+00
#           8.33333E+00  8.55556E+00  8.77778E+00  9.00000E+00  9.22222E+00
#           9.44444E+00  9.66667E+00  9.88889E+00  1.01111E+01  1.03333E+01
#           1.05556E+01  1.07778E+01  1.10000E+01  1.12222E+01  1.14444E+01
#           1.16667E+01  1.18889E+01  1.21111E+01  1.23333E+01  1.25556E+01
#           1.27778E+01  1.30000E+01  1.32222E+01  1.34444E+01  1.36667E+01
#           1.38889E+01  1.41111E+01  1.43333E+01  1.45556E+01  1.47778E+01
#           1.50000E+01  1.52222E+01  1.54444E+01  1.56667E+01  1.58889E+01
#           1.61111E+01  1.63333E+01  1.65556E+01  1.67778E+01  1.70000E+01
#           1.72222E+01  1.74444E+01  1.76667E+01  1.78889E+01  1.81111E+01
#           1.83333E+01  1.85556E+01  1.87778E+01  1.90000E+01  1.92222E+01
#           1.94444E+01  1.96667E+01  1.98889E+01  2.01111E+01  2.03333E+01
#           2.05556E+01  2.07778E+01  2.10000E+01  2.12222E+01  2.14444E+01
#           2.16667E+01  2.18889E+01  2.21111E+01  2.23333E+01  2.25556E+01
#           2.27778E+01  2.30000E+01  2.32222E+01  2.34444E+01  2.36667E+01
#           2.38889E+01  2.41111E+01  2.43333E+01  2.45556E+01  2.47778E+01
#           2.50000E+01  2.52222E+01  2.54444E+01  2.56667E+01  2.58889E+01
#           2.61111E+01  2.63333E+01  2.65556E+01  2.67778E+01  2.70000E+01
#           2.72222E+01  2.74444E+01  2.76667E+01  2.78889E+01  2.81111E+01
#           2.83333E+01  2.85556E+01  2.87778E+01  2.90000E+01  2.92222E+01
#           2.94444E+01  2.96667E+01  2.98889E+01  3.01111E+01  3.03333E+01
#           3.05556E+01  3.07778E+01  3.10000E+01  3.12222E+01  3.14444E+01
#           3.16667E+01  3.18889E+01  3.21111E+01  3.23333E+01  3.25556E+01
#           3.27778E+01  3.30000E+01  3.32222E+01  3.34444E+01  3.36667E+01
#           3.38889E+01  3.41111E+01  3.43333E+01  3.45556E+01  3.47778E+01
#           3.50000E+01
     unit =    0            # unit is [Gy/source]
   letmat =    0            # (D=0) mat ID for LET, 0:real mat, <0: electron for H2O
  dedxfnc =    0            # (D=0) user defined multiplier, 0(no), 1, 2
 material =  all            # (D=all) number of specific material
   output =  dose           # total deposit energy
  deposit =    0            # (D=0) 0-> total deposit dist, 1-> each process
  2D-type =    3            # 1:Cont, 2:Clust, 3:Color, 4:xyz, 5:mat, 6:Clust+Cont, 7:Col+Cont
     axis =    rz           # axis of output
     file = deposit_r_all.out  # file name of output for the above axis
     part =  all        electron   photon     neutron  
# kf/name :  0          11         22         2112     
    gshow =    1            # 0: no 1:bnd, 2:bnd+mat, 3:bnd+reg 4:bnd+lat 5:bmp style
    resol =    1            # (D=1) resolution of gshow or rshow
    width = 0.5000000       # (D=0.5) width of lines for gshow or rshow
   epsout =    1            # (D=0) generate eps file by ANGEL
#    used :        main (  %)        temp (  %)       total (  %)
#  memory :         231 (  0)           0 (  0)         231 (  0)

#------------------------------------------------------------------------------
#newpage:
#   no. =  1   part. = all     

'no. =  1'
msuc: {\huge [t-deposit] in r-z mesh}
msdr: {\it plotted by \ANGEL \version}
msdl: {\it calculated by \PHITS  3.24}

x: z [cm]
y: r [cm]
set: c1[ 0.060] c2[ 3.674] c5[ 0.800] c6[ 0.374] c7[ 0.000] c8[ 6.267]
p: h2fs form[c1] xfac[c2] afac[c5] scal[c6] xorg[c7] yorg[c8] nosp
set: c3[   7.237654E-05] c4[   6.999756E-03]
p: cmin[c3] cmax[c4]
p: dmin(1e-31)
p: zlog
p: xmin( -15.00000    ) xmax(  35.00000    )
p: ymin(  0.000000    ) ymax(  3.000000    )
#  nr =   1   nz = 225
# ( ( data(z,r), z = 1, nz ), r = nr, 1, -1 )

hc:  y =   1.500000     to   1.500000     by   3.000000     ; x =  -14.88889     to   34.88889     by  0.2222222     ;
  1.205E-03  1.238E-03  1.243E-03  1.236E-03  1.243E-03  1.274E-03  1.276E-03  1.362E-03  1.302E-03  1.253E-03
  1.242E-03  1.227E-03  1.309E-03  1.806E-03  1.751E-03  1.980E-03  1.662E-03  1.628E-03  3.862E-03  3.584E-03
  3.606E-03  4.820E-03  4.699E-03  3.289E-03  2.729E-03  2.687E-03  2.833E-03  2.773E-03  2.609E-03  2.639E-03
  2.598E-03  2.815E-03  2.818E-03  2.799E-03  2.772E-03  2.642E-03  2.650E-03  2.855E-03  2.778E-03  2.764E-03
  2.943E-03  3.000E-03  2.893E-03  2.808E-03  2.989E-03  5.328E-03  7.000E-03  5.551E-03  4.810E-03  3.736E-03
  6.761E-03  2.897E-03  3.064E-03  3.033E-03  3.160E-03  3.102E-03  3.550E-03  2.960E-03  2.804E-03  2.831E-03
  2.990E-03  2.979E-03  2.848E-03  4.374E-03  2.937E-03  2.970E-03  2.597E-03  2.353E-03  2.245E-03  2.229E-03
  2.201E-03  2.195E-03  2.188E-03  2.174E-03  2.134E-03  2.099E-03  2.055E-03  2.031E-03  1.992E-03  1.955E-03
  1.921E-03  1.864E-03  1.808E-03  1.764E-03  1.723E-03  1.773E-03  1.859E-03  1.871E-03  1.882E-03  1.850E-03
  1.643E-03  1.800E-03  1.785E-03  1.780E-03  1.771E-03  2.171E-03  1.752E-03  1.587E-03  1.464E-03  1.441E-03
  1.413E-03  1.468E-03  1.466E-03  2.055E-03  1.575E-03  1.386E-03  1.362E-03  1.665E-03  1.749E-03  1.691E-03
  1.752E-03  1.964E-03  1.680E-03  1.673E-03  1.517E-03  1.366E-03  1.350E-03  1.562E-03  1.403E-03  1.531E-03
  2.500E-03  2.858E-03  1.476E-03  1.197E-03  1.184E-03  1.170E-03  1.159E-03  1.155E-03  1.148E-03  1.146E-03
  1.140E-03  1.126E-03  1.119E-03  1.111E-03  1.053E-03  9.914E-04  9.824E-04  2.958E-03  1.778E-03  1.054E-03
  1.268E-03  1.129E-03  1.162E-03  8.073E-04  6.860E-04  9.950E-04  6.545E-04  6.476E-04  6.381E-04  6.327E-04
  6.275E-04  6.226E-04  6.163E-04  6.047E-04  6.527E-04  7.411E-04  7.311E-04  7.602E-04  7.360E-04  6.927E-04
  6.844E-04  6.635E-04  6.523E-04  6.583E-04  6.529E-04  6.325E-04  6.269E-04  6.676E-04  6.633E-04  5.621E-04
  5.524E-04  5.471E-04  5.399E-04  5.351E-04  5.383E-04  5.375E-04  6.129E-04  6.147E-04  9.535E-04  6.154E-04
  6.135E-04  5.360E-04  5.291E-04  4.443E-04  4.401E-04  4.319E-04  4.266E-04  4.222E-04  4.191E-04  4.156E-04
  4.113E-04  4.076E-04  4.088E-04  4.058E-04  4.017E-04  3.972E-04  4.270E-04  8.007E-04  1.014E-03  4.631E-04
  4.622E-04  7.400E-04  2.289E-04  0.000E+00  0.000E+00  0.000E+00  0.000E+00  0.000E+00  0.000E+00  0.000E+00
  0.000E+00  0.000E+00  0.000E+00  0.000E+00  0.000E+00  0.000E+00  0.000E+00  0.000E+00  0.000E+00  0.000E+00
  0.000E+00  0.000E+00  0.000E+00  0.000E+00  0.000E+00

#------------------------------------------------------------------------------
z: xorg(1.03)
p: xfac[c2*0.05] form[c1/0.05] notc noxt noyt dmin(1)
p: ymin(0) ymax(1) xmin(0) xmax(1) cmin(1) cmax(100) nosp
hc: y= 0.005 to 0.995 by 0.01 ; x= 0.5 to 0.5 by 1 ;
 1  2  3  4  5  6  7  8  9 10 11 12 13 14 15 16 17 18 19 20
21 22 23 24 25 26 27 28 29 30 31 32 33 34 35 36 37 38 39 40
41 42 43 44 45 46 47 48 49 50 51 52 53 54 55 56 57 58 59 60
61 62 63 64 65 66 67 68 69 70 71 72 73 74 75 76 77 78 79 80
81 82 83 84 85 86 87 88 89 90 91 92 93 94 95 96 97 98 99 100
z: xorg(0.0)
p: xfac[c2*0.05] form[c1/0.05] nosp afac[c5*0.625] ymin[c3] ymax[c4]
p: noxt noxn ytxt(-1) ynum(-1) xltd(-1) xstd(-1) itic(1) ylog
y: Dose [Gy/source]      
#------------------------------------------------------------------------------

wt: s(0.7)
\vspace{-3}
  part. &=& all     
e:

#------------------------------------------------------------------------------
z: xorg[-1.03/0.05]
p: form[c1] xfac[c2] afac[c5] nosp notf
p: xmin( -15.00000    ) xmax(  35.00000    )
p: ymin(  0.000000    ) ymax(  3.000000    )

#------------------------------------------------------------------------------
 newpage:
#   no. =  2   part. = electron

'no. =  2'
msuc: {\huge [t-deposit] in r-z mesh}
msdr: {\it plotted by \ANGEL \version}
msdl: {\it calculated by \PHITS  3.24}

x: z [cm]
y: r [cm]
set: c1[ 0.060] c2[ 3.674] c5[ 0.800] c6[ 0.374] c7[ 0.000] c8[ 6.267]
p: h2fs form[c1] xfac[c2] afac[c5] scal[c6] xorg[c7] yorg[c8] nosp
set: c3[   7.237654E-05] c4[   6.999756E-03]
p: cmin[c3] cmax[c4]
p: dmin(1e-31)
p: zlog
p: xmin( -15.00000    ) xmax(  35.00000    )
p: ymin(  0.000000    ) ymax(  3.000000    )
#  nr =   1   nz = 225
# ( ( data(z,r), z = 1, nz ), r = nr, 1, -1 )

hc:  y =   1.500000     to   1.500000     by   3.000000     ; x =  -14.88889     to   34.88889     by  0.2222222     ;
  1.159E-04  1.197E-04  1.176E-04  1.316E-04  1.231E-04  1.242E-04  1.265E-04  1.265E-04  1.317E-04  1.270E-04
  1.263E-04  1.220E-04  1.225E-04  6.332E-04  5.937E-04  8.433E-04  5.724E-04  5.377E-04  5.391E-04  5.325E-04
  6.049E-04  1.754E-03  1.857E-03  3.264E-04  0.000E+00  0.000E+00  0.000E+00  0.000E+00  0.000E+00  0.000E+00
  0.000E+00  0.000E+00  0.000E+00  0.000E+00  0.000E+00  0.000E+00  0.000E+00  2.301E-04  2.371E-04  2.371E-04
  2.371E-04  2.371E-04  1.403E-04  0.000E+00  9.652E-05  2.543E-03  4.210E-03  2.724E-03  2.090E-03  9.763E-04
  4.099E-03  3.292E-04  2.709E-04  2.889E-04  4.087E-04  3.971E-04  6.643E-04  3.378E-04  2.576E-04  2.583E-04
  2.568E-04  2.574E-04  2.572E-04  1.810E-03  4.847E-04  5.210E-04  1.415E-04  0.000E+00  0.000E+00  0.000E+00
  0.000E+00  0.000E+00  0.000E+00  0.000E+00  0.000E+00  0.000E+00  0.000E+00  0.000E+00  0.000E+00  0.000E+00
  0.000E+00  0.000E+00  0.000E+00  0.000E+00  0.000E+00  8.331E-05  1.998E-04  2.413E-04  2.864E-04  2.521E-04
  8.649E-05  3.071E-04  3.254E-04  3.577E-04  3.821E-04  8.093E-04  4.211E-04  2.900E-04  2.006E-04  2.025E-04
  1.957E-04  2.737E-04  2.883E-04  9.039E-04  4.491E-04  2.912E-04  2.921E-04  6.218E-04  7.299E-04  6.820E-04
  7.617E-04  9.882E-04  7.232E-04  7.293E-04  5.781E-04  4.504E-04  4.474E-04  6.737E-04  5.241E-04  6.659E-04
  1.651E-03  2.021E-03  6.512E-04  3.822E-04  3.817E-04  3.777E-04  3.774E-04  3.815E-04  3.881E-04  3.962E-04
  4.013E-04  3.993E-04  4.058E-04  4.081E-04  3.609E-04  3.070E-04  3.082E-04  2.294E-03  1.127E-03  4.142E-04
  6.373E-04  5.064E-04  5.486E-04  2.073E-04  9.313E-05  4.087E-04  7.303E-05  7.238E-05  7.238E-05  7.238E-05
  7.238E-05  7.238E-05  7.238E-05  7.238E-05  1.311E-04  2.228E-04  2.178E-04  2.571E-04  2.404E-04  2.065E-04
  2.075E-04  1.979E-04  1.997E-04  2.135E-04  2.124E-04  1.978E-04  1.989E-04  2.436E-04  2.429E-04  1.496E-04
  1.499E-04  1.500E-04  1.499E-04  1.500E-04  1.500E-04  1.500E-04  2.298E-04  2.350E-04  5.781E-04  2.363E-04
  2.380E-04  1.645E-04  1.604E-04  7.683E-05  7.695E-05  7.634E-05  7.581E-05  7.533E-05  7.530E-05  7.561E-05
  7.463E-05  7.398E-05  7.403E-05  7.334E-05  7.330E-05  7.324E-05  1.070E-04  4.849E-04  7.030E-04  1.532E-04
  1.532E-04  4.333E-04  7.658E-05  0.000E+00  0.000E+00  0.000E+00  0.000E+00  0.000E+00  0.000E+00  0.000E+00
  0.000E+00  0.000E+00  0.000E+00  0.000E+00  0.000E+00  0.000E+00  0.000E+00  0.000E+00  0.000E+00  0.000E+00
  0.000E+00  0.000E+00  0.000E+00  0.000E+00  0.000E+00

#------------------------------------------------------------------------------
z: xorg(1.03)
p: xfac[c2*0.05] form[c1/0.05] notc noxt noyt dmin(1)
p: ymin(0) ymax(1) xmin(0) xmax(1) cmin(1) cmax(100) nosp
hc: y= 0.005 to 0.995 by 0.01 ; x= 0.5 to 0.5 by 1 ;
 1  2  3  4  5  6  7  8  9 10 11 12 13 14 15 16 17 18 19 20
21 22 23 24 25 26 27 28 29 30 31 32 33 34 35 36 37 38 39 40
41 42 43 44 45 46 47 48 49 50 51 52 53 54 55 56 57 58 59 60
61 62 63 64 65 66 67 68 69 70 71 72 73 74 75 76 77 78 79 80
81 82 83 84 85 86 87 88 89 90 91 92 93 94 95 96 97 98 99 100
z: xorg(0.0)
p: xfac[c2*0.05] form[c1/0.05] nosp afac[c5*0.625] ymin[c3] ymax[c4]
p: noxt noxn ytxt(-1) ynum(-1) xltd(-1) xstd(-1) itic(1) ylog
y: Dose [Gy/source]      
#------------------------------------------------------------------------------

wt: s(0.7)
\vspace{-3}
  part. &=& electron
e:

#------------------------------------------------------------------------------
z: xorg[-1.03/0.05]
p: form[c1] xfac[c2] afac[c5] nosp notf
p: xmin( -15.00000    ) xmax(  35.00000    )
p: ymin(  0.000000    ) ymax(  3.000000    )

#------------------------------------------------------------------------------
 newpage:
#   no. =  3   part. = photon  

'no. =  3'
msuc: {\huge [t-deposit] in r-z mesh}
msdr: {\it plotted by \ANGEL \version}
msdl: {\it calculated by \PHITS  3.24}

x: z [cm]
y: r [cm]
set: c1[ 0.060] c2[ 3.674] c5[ 0.800] c6[ 0.374] c7[ 0.000] c8[ 6.267]
p: h2fs form[c1] xfac[c2] afac[c5] scal[c6] xorg[c7] yorg[c8] nosp
set: c3[   7.237654E-05] c4[   6.999756E-03]
p: cmin[c3] cmax[c4]
p: dmin(1e-31)
p: zlog
p: xmin( -15.00000    ) xmax(  35.00000    )
p: ymin(  0.000000    ) ymax(  3.000000    )
#  nr =   1   nz = 225
# ( ( data(z,r), z = 1, nz ), r = nr, 1, -1 )

hc:  y =   1.500000     to   1.500000     by   3.000000     ; x =  -14.88889     to   34.88889     by  0.2222222     ;
  0.000E+00  0.000E+00  0.000E+00  0.000E+00  0.000E+00  0.000E+00  0.000E+00  0.000E+00  0.000E+00  0.000E+00
  0.000E+00  0.000E+00  0.000E+00  0.000E+00  0.000E+00  0.000E+00  0.000E+00  0.000E+00  0.000E+00  0.000E+00
  0.000E+00  0.000E+00  0.000E+00  0.000E+00  0.000E+00  0.000E+00  0.000E+00  0.000E+00  0.000E+00  0.000E+00
  0.000E+00  0.000E+00  0.000E+00  0.000E+00  0.000E+00  0.000E+00  0.000E+00  0.000E+00  0.000E+00  0.000E+00
  0.000E+00  0.000E+00  0.000E+00  0.000E+00  0.000E+00  0.000E+00  0.000E+00  0.000E+00  0.000E+00  0.000E+00
  0.000E+00  0.000E+00  0.000E+00  0.000E+00  0.000E+00  0.000E+00  0.000E+00  0.000E+00  0.000E+00  0.000E+00
  0.000E+00  0.000E+00  0.000E+00  0.000E+00  0.000E+00  0.000E+00  0.000E+00  0.000E+00  0.000E+00  0.000E+00
  0.000E+00  0.000E+00  0.000E+00  0.000E+00  0.000E+00  0.000E+00  0.000E+00  0.000E+00  0.000E+00  0.000E+00
  0.000E+00  0.000E+00  0.000E+00  0.000E+00  0.000E+00  0.000E+00  0.000E+00  0.000E+00  0.000E+00  0.000E+00
  0.000E+00  0.000E+00  0.000E+00  0.000E+00  0.000E+00  0.000E+00  0.000E+00  0.000E+00  0.000E+00  0.000E+00
  0.000E+00  0.000E+00  0.000E+00  0.000E+00  0.000E+00  0.000E+00  0.000E+00  0.000E+00  0.000E+00  0.000E+00
  0.000E+00  0.000E+00  0.000E+00  0.000E+00  0.000E+00  0.000E+00  0.000E+00  0.000E+00  0.000E+00  0.000E+00
  0.000E+00  0.000E+00  0.000E+00  0.000E+00  0.000E+00  0.000E+00  0.000E+00  0.000E+00  0.000E+00  0.000E+00
  0.000E+00  0.000E+00  0.000E+00  0.000E+00  0.000E+00  0.000E+00  0.000E+00  0.000E+00  0.000E+00  0.000E+00
  0.000E+00  0.000E+00  0.000E+00  0.000E+00  0.000E+00  0.000E+00  0.000E+00  0.000E+00  0.000E+00  0.000E+00
  0.000E+00  0.000E+00  0.000E+00  0.000E+00  0.000E+00  0.000E+00  0.000E+00  0.000E+00  0.000E+00  0.000E+00
  0.000E+00  0.000E+00  0.000E+00  0.000E+00  0.000E+00  0.000E+00  0.000E+00  0.000E+00  0.000E+00  0.000E+00
  0.000E+00  0.000E+00  0.000E+00  0.000E+00  0.000E+00  0.000E+00  0.000E+00  0.000E+00  0.000E+00  0.000E+00
  0.000E+00  0.000E+00  0.000E+00  0.000E+00  0.000E+00  0.000E+00  0.000E+00  0.000E+00  0.000E+00  0.000E+00
  0.000E+00  0.000E+00  0.000E+00  0.000E+00  0.000E+00  0.000E+00  0.000E+00  0.000E+00  0.000E+00  0.000E+00
  0.000E+00  0.000E+00  0.000E+00  0.000E+00  0.000E+00  0.000E+00  0.000E+00  0.000E+00  0.000E+00  0.000E+00
  0.000E+00  0.000E+00  0.000E+00  0.000E+00  0.000E+00  0.000E+00  0.000E+00  0.000E+00  0.000E+00  0.000E+00
  0.000E+00  0.000E+00  0.000E+00  0.000E+00  0.000E+00

#------------------------------------------------------------------------------
z: xorg(1.03)
p: xfac[c2*0.05] form[c1/0.05] notc noxt noyt dmin(1)
p: ymin(0) ymax(1) xmin(0) xmax(1) cmin(1) cmax(100) nosp
hc: y= 0.005 to 0.995 by 0.01 ; x= 0.5 to 0.5 by 1 ;
 1  2  3  4  5  6  7  8  9 10 11 12 13 14 15 16 17 18 19 20
21 22 23 24 25 26 27 28 29 30 31 32 33 34 35 36 37 38 39 40
41 42 43 44 45 46 47 48 49 50 51 52 53 54 55 56 57 58 59 60
61 62 63 64 65 66 67 68 69 70 71 72 73 74 75 76 77 78 79 80
81 82 83 84 85 86 87 88 89 90 91 92 93 94 95 96 97 98 99 100
z: xorg(0.0)
p: xfac[c2*0.05] form[c1/0.05] nosp afac[c5*0.625] ymin[c3] ymax[c4]
p: noxt noxn ytxt(-1) ynum(-1) xltd(-1) xstd(-1) itic(1) ylog
y: Dose [Gy/source]      
#------------------------------------------------------------------------------

wt: s(0.7)
\vspace{-3}
  part. &=& photon  
e:

#------------------------------------------------------------------------------
z: xorg[-1.03/0.05]
p: form[c1] xfac[c2] afac[c5] nosp notf
p: xmin( -15.00000    ) xmax(  35.00000    )
p: ymin(  0.000000    ) ymax(  3.000000    )

#------------------------------------------------------------------------------
 newpage:
#   no. =  4   part. = neutron 

'no. =  4'
msuc: {\huge [t-deposit] in r-z mesh}
msdr: {\it plotted by \ANGEL \version}
msdl: {\it calculated by \PHITS  3.24}

x: z [cm]
y: r [cm]
set: c1[ 0.060] c2[ 3.674] c5[ 0.800] c6[ 0.374] c7[ 0.000] c8[ 6.267]
p: h2fs form[c1] xfac[c2] afac[c5] scal[c6] xorg[c7] yorg[c8] nosp
set: c3[   7.237654E-05] c4[   6.999756E-03]
p: cmin[c3] cmax[c4]
p: dmin(1e-31)
p: zlog
p: xmin( -15.00000    ) xmax(  35.00000    )
p: ymin(  0.000000    ) ymax(  3.000000    )
#  nr =   1   nz = 225
# ( ( data(z,r), z = 1, nz ), r = nr, 1, -1 )

hc:  y =   1.500000     to   1.500000     by   3.000000     ; x =  -14.88889     to   34.88889     by  0.2222222     ;
  1.089E-03  1.118E-03  1.126E-03  1.105E-03  1.120E-03  1.150E-03  1.149E-03  1.235E-03  1.171E-03  1.126E-03
  1.116E-03  1.105E-03  1.187E-03  1.173E-03  1.157E-03  1.137E-03  1.090E-03  1.090E-03  3.323E-03  3.051E-03
  3.001E-03  3.066E-03  2.843E-03  2.962E-03  2.729E-03  2.687E-03  2.833E-03  2.773E-03  2.609E-03  2.639E-03
  2.598E-03  2.815E-03  2.818E-03  2.799E-03  2.772E-03  2.642E-03  2.650E-03  2.625E-03  2.541E-03  2.527E-03
  2.705E-03  2.763E-03  2.753E-03  2.808E-03  2.893E-03  2.785E-03  2.789E-03  2.827E-03  2.720E-03  2.760E-03
  2.663E-03  2.568E-03  2.793E-03  2.744E-03  2.751E-03  2.705E-03  2.886E-03  2.623E-03  2.546E-03  2.573E-03
  2.733E-03  2.721E-03  2.590E-03  2.564E-03  2.452E-03  2.449E-03  2.456E-03  2.353E-03  2.245E-03  2.229E-03
  2.201E-03  2.195E-03  2.188E-03  2.174E-03  2.134E-03  2.099E-03  2.055E-03  2.031E-03  1.992E-03  1.955E-03
  1.921E-03  1.864E-03  1.808E-03  1.764E-03  1.723E-03  1.690E-03  1.660E-03  1.629E-03  1.595E-03  1.598E-03
  1.556E-03  1.493E-03  1.459E-03  1.423E-03  1.389E-03  1.362E-03  1.331E-03  1.297E-03  1.264E-03  1.239E-03
  1.218E-03  1.194E-03  1.178E-03  1.151E-03  1.126E-03  1.095E-03  1.070E-03  1.043E-03  1.019E-03  1.009E-03
  9.902E-04  9.754E-04  9.568E-04  9.437E-04  9.387E-04  9.152E-04  9.029E-04  8.879E-04  8.786E-04  8.650E-04
  8.494E-04  8.378E-04  8.247E-04  8.146E-04  8.023E-04  7.920E-04  7.820E-04  7.734E-04  7.594E-04  7.501E-04
  7.383E-04  7.264E-04  7.130E-04  7.025E-04  6.924E-04  6.844E-04  6.742E-04  6.636E-04  6.516E-04  6.399E-04
  6.307E-04  6.227E-04  6.133E-04  6.000E-04  5.929E-04  5.862E-04  5.814E-04  5.752E-04  5.657E-04  5.603E-04
  5.551E-04  5.502E-04  5.439E-04  5.324E-04  5.217E-04  5.183E-04  5.133E-04  5.031E-04  4.956E-04  4.862E-04
  4.769E-04  4.656E-04  4.526E-04  4.448E-04  4.405E-04  4.347E-04  4.280E-04  4.241E-04  4.203E-04  4.125E-04
  4.025E-04  3.971E-04  3.900E-04  3.851E-04  3.882E-04  3.874E-04  3.831E-04  3.797E-04  3.754E-04  3.791E-04
  3.756E-04  3.715E-04  3.687E-04  3.675E-04  3.631E-04  3.555E-04  3.507E-04  3.468E-04  3.438E-04  3.400E-04
  3.367E-04  3.337E-04  3.348E-04  3.325E-04  3.284E-04  3.239E-04  3.200E-04  3.158E-04  3.111E-04  3.099E-04
  3.090E-04  3.067E-04  1.524E-04  0.000E+00  0.000E+00  0.000E+00  0.000E+00  0.000E+00  0.000E+00  0.000E+00
  0.000E+00  0.000E+00  0.000E+00  0.000E+00  0.000E+00  0.000E+00  0.000E+00  0.000E+00  0.000E+00  0.000E+00
  0.000E+00  0.000E+00  0.000E+00  0.000E+00  0.000E+00

#------------------------------------------------------------------------------
z: xorg(1.03)
p: xfac[c2*0.05] form[c1/0.05] notc noxt noyt dmin(1)
p: ymin(0) ymax(1) xmin(0) xmax(1) cmin(1) cmax(100) nosp
hc: y= 0.005 to 0.995 by 0.01 ; x= 0.5 to 0.5 by 1 ;
 1  2  3  4  5  6  7  8  9 10 11 12 13 14 15 16 17 18 19 20
21 22 23 24 25 26 27 28 29 30 31 32 33 34 35 36 37 38 39 40
41 42 43 44 45 46 47 48 49 50 51 52 53 54 55 56 57 58 59 60
61 62 63 64 65 66 67 68 69 70 71 72 73 74 75 76 77 78 79 80
81 82 83 84 85 86 87 88 89 90 91 92 93 94 95 96 97 98 99 100
z: xorg(0.0)
p: xfac[c2*0.05] form[c1/0.05] nosp afac[c5*0.625] ymin[c3] ymax[c4]
p: noxt noxn ytxt(-1) ynum(-1) xltd(-1) xstd(-1) itic(1) ylog
y: Dose [Gy/source]      
#------------------------------------------------------------------------------

wt: s(0.7)
\vspace{-3}
  part. &=& neutron 
e:

#------------------------------------------------------------------------------
z: xorg[-1.03/0.05]
p: form[c1] xfac[c2] afac[c5] nosp notf
p: xmin( -15.00000    ) xmax(  35.00000    )
p: ymin(  0.000000    ) ymax(  3.000000    )
 
# Information for Restart Calculation
# This calculation was newly started
# istdev =  2 # 1:Batch variance, 2:History variance
# resc2  = 1.00918122272110522E-07 # Total source weight or Total source weight / maxcas
# resc3  = 1.00000000000000000E+06 # Total history number or Total batch number
# maxcas =      100000 # History / Batch, only used for istdev=1
# rijklst=   6.4450803562389370E+125 # Next initial random number
# bitrseed = 0101101000001110011101111011110101001001010001111010111000101101
