[ T-Deposit ]
    title = [t-deposit] in r-z mesh
     mesh =  r-z            # mesh type is r-z scoring mesh
       x0 =   0.000000      # center x-position of r-z mesh
       y0 =   0.000000      # center y-position of r-z mesh
   r-type =    2            # r-mesh is linear given by rmin, rmax and nr
     rmin =   0.000000      # minimum value of r-mesh points
     rmax =   3.000000      # maximum value of r-mesh points
#    rdel =   3.000000      # mesh width of r-mesh points
       nr =      1          # number of r-mesh points
#    data = ( r(i), i = 1, nr + 1 )
#           0.00000E+00  3.00000E+00
   z-type =    2            # z-mesh is linear given by zmin, zmax and nz
     zmin =  -15.00000      # minimum value of z-mesh points
     zmax =   35.00000      # maximum value of z-mesh points
#    zdel =  0.2222222      # mesh width of z-mesh points
       nz =    225          # number of z-mesh points
#    data = ( z(i), i = 1, nz + 1 )
#          -1.50000E+01 -1.47778E+01 -1.45556E+01 -1.43333E+01 -1.41111E+01
#          -1.38889E+01 -1.36667E+01 -1.34444E+01 -1.32222E+01 -1.30000E+01
#          -1.27778E+01 -1.25556E+01 -1.23333E+01 -1.21111E+01 -1.18889E+01
#          -1.16667E+01 -1.14444E+01 -1.12222E+01 -1.10000E+01 -1.07778E+01
#          -1.05556E+01 -1.03333E+01 -1.01111E+01 -9.88889E+00 -9.66667E+00
#          -9.44444E+00 -9.22222E+00 -9.00000E+00 -8.77778E+00 -8.55556E+00
#          -8.33333E+00 -8.11111E+00 -7.88889E+00 -7.66667E+00 -7.44444E+00
#          -7.22222E+00 -7.00000E+00 -6.77778E+00 -6.55556E+00 -6.33333E+00
#          -6.11111E+00 -5.88889E+00 -5.66667E+00 -5.44444E+00 -5.22222E+00
#          -5.00000E+00 -4.77778E+00 -4.55556E+00 -4.33333E+00 -4.11111E+00
#          -3.88889E+00 -3.66667E+00 -3.44444E+00 -3.22222E+00 -3.00000E+00
#          -2.77778E+00 -2.55556E+00 -2.33333E+00 -2.11111E+00 -1.88889E+00
#          -1.66667E+00 -1.44444E+00 -1.22222E+00 -1.00000E+00 -7.77778E-01
#          -5.55556E-01 -3.33333E-01 -1.11111E-01  1.11111E-01  3.33333E-01
#           5.55556E-01  7.77778E-01  1.00000E+00  1.22222E+00  1.44444E+00
#           1.66667E+00  1.88889E+00  2.11111E+00  2.33333E+00  2.55556E+00
#           2.77778E+00  3.00000E+00  3.22222E+00  3.44444E+00  3.66667E+00
#           3.88889E+00  4.11111E+00  4.33333E+00  4.55556E+00  4.77778E+00
#           5.00000E+00  5.22222E+00  5.44444E+00  5.66667E+00  5.88889E+00
#           6.11111E+00  6.33333E+00  6.55556E+00  6.77778E+00  7.00000E+00
#           7.22222E+00  7.44444E+00  7.66667E+00  7.88889E+00  8.11111E+00
#           8.33333E+00  8.55556E+00  8.77778E+00  9.00000E+00  9.22222E+00
#           9.44444E+00  9.66667E+00  9.88889E+00  1.01111E+01  1.03333E+01
#           1.05556E+01  1.07778E+01  1.10000E+01  1.12222E+01  1.14444E+01
#           1.16667E+01  1.18889E+01  1.21111E+01  1.23333E+01  1.25556E+01
#           1.27778E+01  1.30000E+01  1.32222E+01  1.34444E+01  1.36667E+01
#           1.38889E+01  1.41111E+01  1.43333E+01  1.45556E+01  1.47778E+01
#           1.50000E+01  1.52222E+01  1.54444E+01  1.56667E+01  1.58889E+01
#           1.61111E+01  1.63333E+01  1.65556E+01  1.67778E+01  1.70000E+01
#           1.72222E+01  1.74444E+01  1.76667E+01  1.78889E+01  1.81111E+01
#           1.83333E+01  1.85556E+01  1.87778E+01  1.90000E+01  1.92222E+01
#           1.94444E+01  1.96667E+01  1.98889E+01  2.01111E+01  2.03333E+01
#           2.05556E+01  2.07778E+01  2.10000E+01  2.12222E+01  2.14444E+01
#           2.16667E+01  2.18889E+01  2.21111E+01  2.23333E+01  2.25556E+01
#           2.27778E+01  2.30000E+01  2.32222E+01  2.34444E+01  2.36667E+01
#           2.38889E+01  2.41111E+01  2.43333E+01  2.45556E+01  2.47778E+01
#           2.50000E+01  2.52222E+01  2.54444E+01  2.56667E+01  2.58889E+01
#           2.61111E+01  2.63333E+01  2.65556E+01  2.67778E+01  2.70000E+01
#           2.72222E+01  2.74444E+01  2.76667E+01  2.78889E+01  2.81111E+01
#           2.83333E+01  2.85556E+01  2.87778E+01  2.90000E+01  2.92222E+01
#           2.94444E+01  2.96667E+01  2.98889E+01  3.01111E+01  3.03333E+01
#           3.05556E+01  3.07778E+01  3.10000E+01  3.12222E+01  3.14444E+01
#           3.16667E+01  3.18889E+01  3.21111E+01  3.23333E+01  3.25556E+01
#           3.27778E+01  3.30000E+01  3.32222E+01  3.34444E+01  3.36667E+01
#           3.38889E+01  3.41111E+01  3.43333E+01  3.45556E+01  3.47778E+01
#           3.50000E+01
     unit =    0            # unit is [Gy/source]
   letmat =    0            # (D=0) mat ID for LET, 0:real mat, <0: electron for H2O
  dedxfnc =    0            # (D=0) user defined multiplier, 0(no), 1, 2
 material =  all            # (D=all) number of specific material
   output =  dose           # total deposit energy
  deposit =    0            # (D=0) 0-> total deposit dist, 1-> each process
  2D-type =    3            # 1:Cont, 2:Clust, 3:Color, 4:xyz, 5:mat, 6:Clust+Cont, 7:Col+Cont
     axis =    rz           # axis of output
     file = deposit_r_all.out  # file name of output for the above axis
     part =  all        electron   photon     neutron  
# kf/name :  0          11         22         2112     
    gshow =    1            # 0: no 1:bnd, 2:bnd+mat, 3:bnd+reg 4:bnd+lat 5:bmp style
    resol =    1            # (D=1) resolution of gshow or rshow
    width = 0.5000000       # (D=0.5) width of lines for gshow or rshow
   epsout =    1            # (D=0) generate eps file by ANGEL
#    used :        main (  %)        temp (  %)       total (  %)
#  memory :         231 (  0)           0 (  0)         231 (  0)

#------------------------------------------------------------------------------
#newpage:
#   no. =  1   part. = all     

'no. =  1'
msuc: {\huge [t-deposit] in r-z mesh}
msdr: {\it plotted by \ANGEL \version}
msdl: {\it calculated by \PHITS  3.24}

x: z [cm]
y: r [cm]
set: c1[ 0.060] c2[ 3.674] c5[ 0.800] c6[ 0.374] c7[ 0.000] c8[ 6.267]
p: h2fs form[c1] xfac[c2] afac[c5] scal[c6] xorg[c7] yorg[c8] nosp
set: c3[1.0e-4] c4[1.0]
p: cmin[c3] cmax[c4]
p: dmin(1e-31)
p: zlog
p: xmin( -15.00000    ) xmax(  35.00000    )
p: ymin(  0.000000    ) ymax(  3.000000    )
#  nr =   1   nz = 225
# ( ( data(z,r), z = 1, nz ), r = nr, 1, -1 )

hc:  y =   1.500000     to   1.500000     by   3.000000     ; x =  -14.88889     to   34.88889     by  0.2222222     ;
  8.362E-02  7.738E-02  6.648E-02  5.139E-02  6.491E-02  6.388E-02  1.110E-01  6.608E-02  7.651E-02  1.188E-01
  4.453E-02  8.410E-02  1.216E-01  1.076E-01  6.865E-02  1.020E-01  1.125E-01  6.051E-02  1.012E-01  9.691E-02
  7.817E-02  4.173E-02  6.519E-02  4.023E-02  2.416E-02  3.691E-02  4.420E-02  4.635E-02  4.044E-02  5.548E-02
  4.421E-02  9.185E-02  4.519E-02  5.391E-02  3.850E-02  4.152E-02  6.962E-02  4.113E-02  8.265E-02  3.679E-02
  8.555E-02  4.617E-02  5.111E-02  6.534E-02  3.349E-02  3.310E-02  5.360E-02  4.922E-02  4.402E-02  4.482E-02
  3.355E-02  3.919E-02  4.075E-02  5.312E-02  5.634E-02  5.102E-02  3.086E-02  2.895E-02  3.136E-02  4.220E-02
  5.748E-02  3.377E-02  3.640E-02  3.870E-02  3.969E-02  2.371E-02  2.731E-02  3.626E-02  4.327E-02  4.468E-02
  4.498E-02  4.325E-02  4.347E-02  4.584E-02  4.375E-02  4.439E-02  4.404E-02  4.430E-02  4.640E-02  4.644E-02
  4.853E-02  4.776E-02  4.786E-02  4.763E-02  5.117E-02  5.052E-02  4.854E-02  4.897E-02  4.816E-02  4.936E-02
  5.005E-02  5.166E-02  5.261E-02  5.257E-02  5.349E-02  5.338E-02  5.838E-02  5.767E-02  5.850E-02  5.716E-02
  5.660E-02  6.197E-02  6.341E-02  6.153E-02  6.543E-02  6.559E-02  6.559E-02  6.222E-02  6.823E-02  6.875E-02
  6.809E-02  7.114E-02  7.394E-02  7.147E-02  7.309E-02  7.670E-02  7.605E-02  7.619E-02  8.332E-02  7.785E-02
  8.323E-02  7.834E-02  8.385E-02  8.558E-02  8.972E-02  9.146E-02  9.125E-02  9.354E-02  9.077E-02  9.167E-02
  9.492E-02  9.280E-02  9.392E-02  9.420E-02  9.681E-02  9.731E-02  1.002E-01  1.005E-01  9.985E-02  1.128E-01
  1.135E-01  1.053E-01  1.139E-01  1.086E-01  1.158E-01  1.115E-01  1.174E-01  1.190E-01  1.142E-01  1.138E-01
  1.281E-01  1.318E-01  1.296E-01  1.325E-01  1.430E-01  1.340E-01  1.437E-01  1.394E-01  1.327E-01  1.435E-01
  1.472E-01  1.583E-01  1.353E-01  1.456E-01  1.658E-01  1.524E-01  1.496E-01  1.589E-01  1.788E-01  1.710E-01
  1.639E-01  1.520E-01  1.388E-01  1.474E-01  1.686E-01  1.659E-01  1.624E-01  1.771E-01  1.755E-01  1.504E-01
  1.416E-01  1.688E-01  1.629E-01  1.707E-01  1.565E-01  1.912E-01  1.793E-01  2.126E-01  1.732E-01  1.662E-01
  2.054E-01  1.974E-01  2.035E-01  2.040E-01  2.073E-01  1.890E-01  2.192E-01  2.260E-01  1.859E-01  2.173E-01
  2.070E-01  2.080E-01  2.307E-01  0.000E+00  0.000E+00  0.000E+00  0.000E+00  0.000E+00  0.000E+00  0.000E+00
  0.000E+00  0.000E+00  0.000E+00  0.000E+00  0.000E+00  0.000E+00  0.000E+00  0.000E+00  0.000E+00  0.000E+00
  0.000E+00  0.000E+00  0.000E+00  0.000E+00  0.000E+00

#------------------------------------------------------------------------------
z: xorg(1.03)
p: xfac[c2*0.05] form[c1/0.05] notc noxt noyt dmin(1)
p: ymin(0) ymax(1) xmin(0) xmax(1) cmin(1) cmax(100) nosp
hc: y= 0.005 to 0.995 by 0.01 ; x= 0.5 to 0.5 by 1 ;
 1  2  3  4  5  6  7  8  9 10 11 12 13 14 15 16 17 18 19 20
21 22 23 24 25 26 27 28 29 30 31 32 33 34 35 36 37 38 39 40
41 42 43 44 45 46 47 48 49 50 51 52 53 54 55 56 57 58 59 60
61 62 63 64 65 66 67 68 69 70 71 72 73 74 75 76 77 78 79 80
81 82 83 84 85 86 87 88 89 90 91 92 93 94 95 96 97 98 99 100
z: xorg(0.0)
p: xfac[c2*0.05] form[c1/0.05] nosp afac[c5*0.625] ymin[c3] ymax[c4]
p: noxt noxn ytxt(-1) ynum(-1) xltd(-1) xstd(-1) itic(1) ylog
y: Relative Error
#------------------------------------------------------------------------------

wt: s(0.7)
\vspace{-3}
  part. &=& all     
e:

#------------------------------------------------------------------------------
z: xorg[-1.03/0.05]
p: form[c1] xfac[c2] afac[c5] nosp notf
p: xmin( -15.00000    ) xmax(  35.00000    )
p: ymin(  0.000000    ) ymax(  3.000000    )

#------------------------------------------------------------------------------
 newpage:
#   no. =  2   part. = electron

'no. =  2'
msuc: {\huge [t-deposit] in r-z mesh}
msdr: {\it plotted by \ANGEL \version}
msdl: {\it calculated by \PHITS  3.24}

x: z [cm]
y: r [cm]
set: c1[ 0.060] c2[ 3.674] c5[ 0.800] c6[ 0.374] c7[ 0.000] c8[ 6.267]
p: h2fs form[c1] xfac[c2] afac[c5] scal[c6] xorg[c7] yorg[c8] nosp
set: c3[1.0e-4] c4[1.0]
p: cmin[c3] cmax[c4]
p: dmin(1e-31)
p: zlog
p: xmin( -15.00000    ) xmax(  35.00000    )
p: ymin(  0.000000    ) ymax(  3.000000    )
#  nr =   1   nz = 225
# ( ( data(z,r), z = 1, nz ), r = nr, 1, -1 )

hc:  y =   1.500000     to   1.500000     by   3.000000     ; x =  -14.88889     to   34.88889     by  0.2222222     ;
  3.027E-01  3.460E-01  2.818E-01  2.552E-01  2.879E-01  2.703E-01  3.407E-01  2.442E-01  2.808E-01  4.148E-01
  2.246E-01  2.789E-01  3.732E-01  3.101E-01  2.431E-01  3.334E-01  3.189E-01  2.332E-01  3.949E-01  4.082E-01
  3.724E-01  2.174E-01  2.855E-01  2.249E-01  1.770E-01  2.265E-01  2.497E-01  2.449E-01  2.008E-01  2.336E-01
  2.173E-01  3.182E-01  2.199E-01  2.577E-01  2.199E-01  2.592E-01  2.846E-01  1.928E-01  2.703E-01  1.703E-01
  2.822E-01  2.185E-01  2.273E-01  2.613E-01  1.584E-01  1.658E-01  2.382E-01  2.051E-01  1.948E-01  2.000E-01
  1.690E-01  1.841E-01  1.814E-01  1.990E-01  2.214E-01  2.057E-01  1.513E-01  1.463E-01  1.536E-01  1.939E-01
  2.224E-01  1.543E-01  1.540E-01  1.579E-01  1.731E-01  1.281E-01  1.380E-01  1.005E-01  5.860E-02  5.894E-02
  5.736E-02  5.447E-02  5.373E-02  5.501E-02  5.181E-02  5.158E-02  5.164E-02  5.127E-02  5.367E-02  5.394E-02
  5.549E-02  5.432E-02  5.346E-02  5.313E-02  5.708E-02  5.645E-02  5.367E-02  5.305E-02  5.241E-02  5.386E-02
  5.427E-02  5.582E-02  5.714E-02  5.672E-02  5.732E-02  5.714E-02  6.282E-02  6.176E-02  6.324E-02  6.105E-02
  6.035E-02  6.656E-02  6.809E-02  6.560E-02  6.965E-02  6.922E-02  7.003E-02  6.592E-02  7.181E-02  7.250E-02
  7.200E-02  7.544E-02  7.882E-02  7.563E-02  7.713E-02  8.102E-02  8.005E-02  7.961E-02  8.737E-02  8.184E-02
  8.732E-02  8.268E-02  8.773E-02  8.911E-02  9.392E-02  9.691E-02  9.625E-02  9.827E-02  9.577E-02  9.643E-02
  1.007E-01  9.840E-02  9.897E-02  9.975E-02  1.030E-01  1.031E-01  1.053E-01  1.057E-01  1.048E-01  1.184E-01
  1.201E-01  1.112E-01  1.198E-01  1.135E-01  1.217E-01  1.173E-01  1.233E-01  1.261E-01  1.188E-01  1.181E-01
  1.334E-01  1.382E-01  1.345E-01  1.377E-01  1.477E-01  1.391E-01  1.476E-01  1.414E-01  1.354E-01  1.470E-01
  1.510E-01  1.614E-01  1.383E-01  1.490E-01  1.700E-01  1.569E-01  1.532E-01  1.625E-01  1.821E-01  1.736E-01
  1.656E-01  1.531E-01  1.398E-01  1.488E-01  1.702E-01  1.678E-01  1.640E-01  1.797E-01  1.813E-01  1.536E-01
  1.442E-01  1.703E-01  1.637E-01  1.717E-01  1.574E-01  1.927E-01  1.808E-01  2.137E-01  1.737E-01  1.665E-01
  2.060E-01  1.982E-01  2.045E-01  2.050E-01  2.082E-01  1.899E-01  2.218E-01  2.278E-01  1.874E-01  2.207E-01
  2.122E-01  2.096E-01  2.328E-01  0.000E+00  0.000E+00  0.000E+00  0.000E+00  0.000E+00  0.000E+00  0.000E+00
  0.000E+00  0.000E+00  0.000E+00  0.000E+00  0.000E+00  0.000E+00  0.000E+00  0.000E+00  0.000E+00  0.000E+00
  0.000E+00  0.000E+00  0.000E+00  0.000E+00  0.000E+00

#------------------------------------------------------------------------------
z: xorg(1.03)
p: xfac[c2*0.05] form[c1/0.05] notc noxt noyt dmin(1)
p: ymin(0) ymax(1) xmin(0) xmax(1) cmin(1) cmax(100) nosp
hc: y= 0.005 to 0.995 by 0.01 ; x= 0.5 to 0.5 by 1 ;
 1  2  3  4  5  6  7  8  9 10 11 12 13 14 15 16 17 18 19 20
21 22 23 24 25 26 27 28 29 30 31 32 33 34 35 36 37 38 39 40
41 42 43 44 45 46 47 48 49 50 51 52 53 54 55 56 57 58 59 60
61 62 63 64 65 66 67 68 69 70 71 72 73 74 75 76 77 78 79 80
81 82 83 84 85 86 87 88 89 90 91 92 93 94 95 96 97 98 99 100
z: xorg(0.0)
p: xfac[c2*0.05] form[c1/0.05] nosp afac[c5*0.625] ymin[c3] ymax[c4]
p: noxt noxn ytxt(-1) ynum(-1) xltd(-1) xstd(-1) itic(1) ylog
y: Relative Error
#------------------------------------------------------------------------------

wt: s(0.7)
\vspace{-3}
  part. &=& electron
e:

#------------------------------------------------------------------------------
z: xorg[-1.03/0.05]
p: form[c1] xfac[c2] afac[c5] nosp notf
p: xmin( -15.00000    ) xmax(  35.00000    )
p: ymin(  0.000000    ) ymax(  3.000000    )

#------------------------------------------------------------------------------
 newpage:
#   no. =  3   part. = photon  

'no. =  3'
msuc: {\huge [t-deposit] in r-z mesh}
msdr: {\it plotted by \ANGEL \version}
msdl: {\it calculated by \PHITS  3.24}

x: z [cm]
y: r [cm]
set: c1[ 0.060] c2[ 3.674] c5[ 0.800] c6[ 0.374] c7[ 0.000] c8[ 6.267]
p: h2fs form[c1] xfac[c2] afac[c5] scal[c6] xorg[c7] yorg[c8] nosp
set: c3[1.0e-4] c4[1.0]
p: cmin[c3] cmax[c4]
p: dmin(1e-31)
p: zlog
p: xmin( -15.00000    ) xmax(  35.00000    )
p: ymin(  0.000000    ) ymax(  3.000000    )
#  nr =   1   nz = 225
# ( ( data(z,r), z = 1, nz ), r = nr, 1, -1 )

hc:  y =   1.500000     to   1.500000     by   3.000000     ; x =  -14.88889     to   34.88889     by  0.2222222     ;
  0.000E+00  0.000E+00  0.000E+00  0.000E+00  0.000E+00  0.000E+00  0.000E+00  0.000E+00  0.000E+00  0.000E+00
  0.000E+00  0.000E+00  0.000E+00  0.000E+00  0.000E+00  0.000E+00  0.000E+00  0.000E+00  0.000E+00  0.000E+00
  0.000E+00  0.000E+00  0.000E+00  0.000E+00  0.000E+00  0.000E+00  0.000E+00  0.000E+00  0.000E+00  0.000E+00
  0.000E+00  0.000E+00  0.000E+00  0.000E+00  0.000E+00  0.000E+00  0.000E+00  0.000E+00  0.000E+00  0.000E+00
  0.000E+00  0.000E+00  0.000E+00  0.000E+00  0.000E+00  0.000E+00  0.000E+00  0.000E+00  0.000E+00  0.000E+00
  0.000E+00  0.000E+00  0.000E+00  0.000E+00  0.000E+00  0.000E+00  0.000E+00  0.000E+00  0.000E+00  0.000E+00
  0.000E+00  0.000E+00  0.000E+00  0.000E+00  0.000E+00  0.000E+00  0.000E+00  0.000E+00  0.000E+00  0.000E+00
  0.000E+00  1.000E+00  0.000E+00  0.000E+00  0.000E+00  0.000E+00  5.779E-01  0.000E+00  0.000E+00  1.000E+00
  0.000E+00  0.000E+00  0.000E+00  1.000E+00  0.000E+00  0.000E+00  0.000E+00  0.000E+00  0.000E+00  0.000E+00
  0.000E+00  1.000E+00  0.000E+00  0.000E+00  0.000E+00  0.000E+00  0.000E+00  0.000E+00  0.000E+00  0.000E+00
  0.000E+00  0.000E+00  0.000E+00  0.000E+00  1.000E+00  1.000E+00  0.000E+00  0.000E+00  0.000E+00  0.000E+00
  7.442E-01  0.000E+00  0.000E+00  0.000E+00  8.896E-01  0.000E+00  0.000E+00  0.000E+00  0.000E+00  0.000E+00
  1.000E+00  0.000E+00  0.000E+00  0.000E+00  0.000E+00  0.000E+00  0.000E+00  0.000E+00  1.000E+00  1.000E+00
  0.000E+00  0.000E+00  0.000E+00  0.000E+00  0.000E+00  0.000E+00  0.000E+00  0.000E+00  0.000E+00  0.000E+00
  0.000E+00  0.000E+00  0.000E+00  0.000E+00  0.000E+00  0.000E+00  0.000E+00  0.000E+00  0.000E+00  1.000E+00
  0.000E+00  1.000E+00  0.000E+00  0.000E+00  0.000E+00  1.000E+00  0.000E+00  0.000E+00  0.000E+00  0.000E+00
  1.000E+00  0.000E+00  0.000E+00  0.000E+00  7.071E-01  0.000E+00  0.000E+00  0.000E+00  0.000E+00  0.000E+00
  0.000E+00  0.000E+00  0.000E+00  0.000E+00  0.000E+00  1.000E+00  0.000E+00  0.000E+00  0.000E+00  0.000E+00
  0.000E+00  0.000E+00  0.000E+00  0.000E+00  0.000E+00  0.000E+00  0.000E+00  0.000E+00  0.000E+00  0.000E+00
  0.000E+00  0.000E+00  0.000E+00  0.000E+00  0.000E+00  0.000E+00  0.000E+00  0.000E+00  0.000E+00  0.000E+00
  0.000E+00  0.000E+00  0.000E+00  0.000E+00  0.000E+00  0.000E+00  0.000E+00  0.000E+00  0.000E+00  0.000E+00
  0.000E+00  0.000E+00  0.000E+00  0.000E+00  0.000E+00  0.000E+00  0.000E+00  0.000E+00  0.000E+00  0.000E+00
  0.000E+00  0.000E+00  0.000E+00  0.000E+00  0.000E+00

#------------------------------------------------------------------------------
z: xorg(1.03)
p: xfac[c2*0.05] form[c1/0.05] notc noxt noyt dmin(1)
p: ymin(0) ymax(1) xmin(0) xmax(1) cmin(1) cmax(100) nosp
hc: y= 0.005 to 0.995 by 0.01 ; x= 0.5 to 0.5 by 1 ;
 1  2  3  4  5  6  7  8  9 10 11 12 13 14 15 16 17 18 19 20
21 22 23 24 25 26 27 28 29 30 31 32 33 34 35 36 37 38 39 40
41 42 43 44 45 46 47 48 49 50 51 52 53 54 55 56 57 58 59 60
61 62 63 64 65 66 67 68 69 70 71 72 73 74 75 76 77 78 79 80
81 82 83 84 85 86 87 88 89 90 91 92 93 94 95 96 97 98 99 100
z: xorg(0.0)
p: xfac[c2*0.05] form[c1/0.05] nosp afac[c5*0.625] ymin[c3] ymax[c4]
p: noxt noxn ytxt(-1) ynum(-1) xltd(-1) xstd(-1) itic(1) ylog
y: Relative Error
#------------------------------------------------------------------------------

wt: s(0.7)
\vspace{-3}
  part. &=& photon  
e:

#------------------------------------------------------------------------------
z: xorg[-1.03/0.05]
p: form[c1] xfac[c2] afac[c5] nosp notf
p: xmin( -15.00000    ) xmax(  35.00000    )
p: ymin(  0.000000    ) ymax(  3.000000    )

#------------------------------------------------------------------------------
 newpage:
#   no. =  4   part. = neutron 

'no. =  4'
msuc: {\huge [t-deposit] in r-z mesh}
msdr: {\it plotted by \ANGEL \version}
msdl: {\it calculated by \PHITS  3.24}

x: z [cm]
y: r [cm]
set: c1[ 0.060] c2[ 3.674] c5[ 0.800] c6[ 0.374] c7[ 0.000] c8[ 6.267]
p: h2fs form[c1] xfac[c2] afac[c5] scal[c6] xorg[c7] yorg[c8] nosp
set: c3[1.0e-4] c4[1.0]
p: cmin[c3] cmax[c4]
p: dmin(1e-31)
p: zlog
p: xmin( -15.00000    ) xmax(  35.00000    )
p: ymin(  0.000000    ) ymax(  3.000000    )
#  nr =   1   nz = 225
# ( ( data(z,r), z = 1, nz ), r = nr, 1, -1 )

hc:  y =   1.500000     to   1.500000     by   3.000000     ; x =  -14.88889     to   34.88889     by  0.2222222     ;
  1.120E-02  1.132E-02  1.138E-02  1.149E-02  1.148E-02  1.140E-02  1.130E-02  1.147E-02  1.187E-02  1.193E-02
  1.190E-02  1.191E-02  1.194E-02  1.197E-02  1.203E-02  1.226E-02  1.218E-02  1.222E-02  8.093E-03  7.483E-03
  7.820E-03  8.861E-03  9.092E-03  1.163E-02  8.812E-03  9.118E-03  8.757E-03  1.166E-02  9.181E-03  9.219E-03
  9.101E-03  8.745E-03  8.360E-03  8.833E-03  8.389E-03  8.117E-03  7.972E-03  8.482E-03  9.500E-03  8.129E-03
  7.962E-03  7.505E-03  7.602E-03  7.622E-03  7.075E-03  7.154E-03  7.270E-03  7.198E-03  6.816E-03  6.641E-03
  7.035E-03  6.922E-03  6.928E-03  7.065E-03  7.015E-03  6.910E-03  6.654E-03  6.509E-03  6.492E-03  6.442E-03
  6.584E-03  6.423E-03  6.822E-03  6.617E-03  6.611E-03  6.734E-03  6.875E-03  7.833E-03  2.639E-02  2.674E-02
  2.645E-02  2.927E-02  3.200E-02  3.075E-02  3.393E-02  3.533E-02  3.788E-02  3.649E-02  3.894E-02  3.935E-02
  4.146E-02  4.808E-02  4.559E-02  5.392E-02  5.194E-02  5.591E-02  5.391E-02  5.784E-02  6.346E-02  6.484E-02
  6.581E-02  6.574E-02  8.050E-02  6.811E-02  7.017E-02  7.104E-02  7.400E-02  7.525E-02  7.963E-02  8.262E-02
  9.150E-02  9.572E-02  9.581E-02  9.566E-02  9.710E-02  9.875E-02  1.039E-01  1.087E-01  1.072E-01  1.077E-01
  1.079E-01  1.132E-01  1.158E-01  1.283E-01  1.201E-01  1.275E-01  1.251E-01  1.294E-01  1.320E-01  1.372E-01
  1.577E-01  1.752E-01  1.568E-01  1.470E-01  1.497E-01  1.519E-01  1.540E-01  1.516E-01  1.503E-01  1.562E-01
  1.629E-01  1.602E-01  1.676E-01  1.766E-01  1.757E-01  1.897E-01  1.938E-01  2.057E-01  1.912E-01  1.967E-01
  1.951E-01  1.939E-01  2.011E-01  2.084E-01  2.160E-01  2.725E-01  2.772E-01  2.763E-01  2.641E-01  2.565E-01
  2.553E-01  2.665E-01  2.755E-01  2.791E-01  2.845E-01  4.857E-01  3.597E-01  3.759E-01  3.891E-01  4.202E-01
  4.341E-01  4.541E-01  4.871E-01  4.924E-01  4.869E-01  4.577E-01  4.656E-01  4.629E-01  4.944E-01  4.813E-01
  6.048E-01  6.089E-01  6.098E-01  6.106E-01  6.148E-01  6.213E-01  6.095E-01  5.368E-01  5.366E-01  5.858E-01
  5.957E-01  5.402E-01  6.113E-01  6.171E-01  6.177E-01  6.100E-01  6.467E-01  8.441E-01  9.883E-01  9.892E-01
  9.903E-01  9.929E-01  9.965E-01  9.748E-01  9.995E-01  8.894E-01  7.070E-01  7.065E-01  6.566E-01  6.281E-01
  6.807E-01  6.982E-01  7.452E-01  0.000E+00  0.000E+00  0.000E+00  0.000E+00  0.000E+00  0.000E+00  0.000E+00
  0.000E+00  0.000E+00  0.000E+00  0.000E+00  0.000E+00  0.000E+00  0.000E+00  0.000E+00  0.000E+00  0.000E+00
  0.000E+00  0.000E+00  0.000E+00  0.000E+00  0.000E+00

#------------------------------------------------------------------------------
z: xorg(1.03)
p: xfac[c2*0.05] form[c1/0.05] notc noxt noyt dmin(1)
p: ymin(0) ymax(1) xmin(0) xmax(1) cmin(1) cmax(100) nosp
hc: y= 0.005 to 0.995 by 0.01 ; x= 0.5 to 0.5 by 1 ;
 1  2  3  4  5  6  7  8  9 10 11 12 13 14 15 16 17 18 19 20
21 22 23 24 25 26 27 28 29 30 31 32 33 34 35 36 37 38 39 40
41 42 43 44 45 46 47 48 49 50 51 52 53 54 55 56 57 58 59 60
61 62 63 64 65 66 67 68 69 70 71 72 73 74 75 76 77 78 79 80
81 82 83 84 85 86 87 88 89 90 91 92 93 94 95 96 97 98 99 100
z: xorg(0.0)
p: xfac[c2*0.05] form[c1/0.05] nosp afac[c5*0.625] ymin[c3] ymax[c4]
p: noxt noxn ytxt(-1) ynum(-1) xltd(-1) xstd(-1) itic(1) ylog
y: Relative Error
#------------------------------------------------------------------------------

wt: s(0.7)
\vspace{-3}
  part. &=& neutron 
e:

#------------------------------------------------------------------------------
z: xorg[-1.03/0.05]
p: form[c1] xfac[c2] afac[c5] nosp notf
p: xmin( -15.00000    ) xmax(  35.00000    )
p: ymin(  0.000000    ) ymax(  3.000000    )
 
# Information for Restart Calculation
# This calculation was newly started
# istdev =  2 # 1:Batch variance, 2:History variance
# resc2  = 1.00918122271111685E-06 # Total source weight or Total source weight / maxcas
# resc3  = 1.00000000000000000E+07 # Total history number or Total batch number
# maxcas =     1000000 # History / Batch, only used for istdev=1
# rijklst=  -1.0909668918764960E-250 # Next initial random number
# bitrseed = 1000110000001000111111101100101001110101110010000011011101101000
