[ T-Deposit ]
    title = [t-deposit] in r-z mesh
     mesh =  r-z            # mesh type is r-z scoring mesh
       x0 =   0.000000      # center x-position of r-z mesh
       y0 =   0.000000      # center y-position of r-z mesh
   r-type =    2            # r-mesh is linear given by rmin, rmax and nr
     rmin =   0.000000      # minimum value of r-mesh points
     rmax =   3.000000      # maximum value of r-mesh points
#    rdel =   3.000000      # mesh width of r-mesh points
       nr =      1          # number of r-mesh points
#    data = ( r(i), i = 1, nr + 1 )
#           0.00000E+00  3.00000E+00
   z-type =    2            # z-mesh is linear given by zmin, zmax and nz
     zmin =  -15.00000      # minimum value of z-mesh points
     zmax =   35.00000      # maximum value of z-mesh points
#    zdel =  0.2222222      # mesh width of z-mesh points
       nz =    225          # number of z-mesh points
#    data = ( z(i), i = 1, nz + 1 )
#          -1.50000E+01 -1.47778E+01 -1.45556E+01 -1.43333E+01 -1.41111E+01
#          -1.38889E+01 -1.36667E+01 -1.34444E+01 -1.32222E+01 -1.30000E+01
#          -1.27778E+01 -1.25556E+01 -1.23333E+01 -1.21111E+01 -1.18889E+01
#          -1.16667E+01 -1.14444E+01 -1.12222E+01 -1.10000E+01 -1.07778E+01
#          -1.05556E+01 -1.03333E+01 -1.01111E+01 -9.88889E+00 -9.66667E+00
#          -9.44444E+00 -9.22222E+00 -9.00000E+00 -8.77778E+00 -8.55556E+00
#          -8.33333E+00 -8.11111E+00 -7.88889E+00 -7.66667E+00 -7.44444E+00
#          -7.22222E+00 -7.00000E+00 -6.77778E+00 -6.55556E+00 -6.33333E+00
#          -6.11111E+00 -5.88889E+00 -5.66667E+00 -5.44444E+00 -5.22222E+00
#          -5.00000E+00 -4.77778E+00 -4.55556E+00 -4.33333E+00 -4.11111E+00
#          -3.88889E+00 -3.66667E+00 -3.44444E+00 -3.22222E+00 -3.00000E+00
#          -2.77778E+00 -2.55556E+00 -2.33333E+00 -2.11111E+00 -1.88889E+00
#          -1.66667E+00 -1.44444E+00 -1.22222E+00 -1.00000E+00 -7.77778E-01
#          -5.55556E-01 -3.33333E-01 -1.11111E-01  1.11111E-01  3.33333E-01
#           5.55556E-01  7.77778E-01  1.00000E+00  1.22222E+00  1.44444E+00
#           1.66667E+00  1.88889E+00  2.11111E+00  2.33333E+00  2.55556E+00
#           2.77778E+00  3.00000E+00  3.22222E+00  3.44444E+00  3.66667E+00
#           3.88889E+00  4.11111E+00  4.33333E+00  4.55556E+00  4.77778E+00
#           5.00000E+00  5.22222E+00  5.44444E+00  5.66667E+00  5.88889E+00
#           6.11111E+00  6.33333E+00  6.55556E+00  6.77778E+00  7.00000E+00
#           7.22222E+00  7.44444E+00  7.66667E+00  7.88889E+00  8.11111E+00
#           8.33333E+00  8.55556E+00  8.77778E+00  9.00000E+00  9.22222E+00
#           9.44444E+00  9.66667E+00  9.88889E+00  1.01111E+01  1.03333E+01
#           1.05556E+01  1.07778E+01  1.10000E+01  1.12222E+01  1.14444E+01
#           1.16667E+01  1.18889E+01  1.21111E+01  1.23333E+01  1.25556E+01
#           1.27778E+01  1.30000E+01  1.32222E+01  1.34444E+01  1.36667E+01
#           1.38889E+01  1.41111E+01  1.43333E+01  1.45556E+01  1.47778E+01
#           1.50000E+01  1.52222E+01  1.54444E+01  1.56667E+01  1.58889E+01
#           1.61111E+01  1.63333E+01  1.65556E+01  1.67778E+01  1.70000E+01
#           1.72222E+01  1.74444E+01  1.76667E+01  1.78889E+01  1.81111E+01
#           1.83333E+01  1.85556E+01  1.87778E+01  1.90000E+01  1.92222E+01
#           1.94444E+01  1.96667E+01  1.98889E+01  2.01111E+01  2.03333E+01
#           2.05556E+01  2.07778E+01  2.10000E+01  2.12222E+01  2.14444E+01
#           2.16667E+01  2.18889E+01  2.21111E+01  2.23333E+01  2.25556E+01
#           2.27778E+01  2.30000E+01  2.32222E+01  2.34444E+01  2.36667E+01
#           2.38889E+01  2.41111E+01  2.43333E+01  2.45556E+01  2.47778E+01
#           2.50000E+01  2.52222E+01  2.54444E+01  2.56667E+01  2.58889E+01
#           2.61111E+01  2.63333E+01  2.65556E+01  2.67778E+01  2.70000E+01
#           2.72222E+01  2.74444E+01  2.76667E+01  2.78889E+01  2.81111E+01
#           2.83333E+01  2.85556E+01  2.87778E+01  2.90000E+01  2.92222E+01
#           2.94444E+01  2.96667E+01  2.98889E+01  3.01111E+01  3.03333E+01
#           3.05556E+01  3.07778E+01  3.10000E+01  3.12222E+01  3.14444E+01
#           3.16667E+01  3.18889E+01  3.21111E+01  3.23333E+01  3.25556E+01
#           3.27778E+01  3.30000E+01  3.32222E+01  3.34444E+01  3.36667E+01
#           3.38889E+01  3.41111E+01  3.43333E+01  3.45556E+01  3.47778E+01
#           3.50000E+01
     unit =    0            # unit is [Gy/source]
   letmat =    0            # (D=0) mat ID for LET, 0:real mat, <0: electron for H2O
  dedxfnc =    0            # (D=0) user defined multiplier, 0(no), 1, 2
 material =  all            # (D=all) number of specific material
   output =  dose           # total deposit energy
  deposit =    0            # (D=0) 0-> total deposit dist, 1-> each process
  2D-type =    3            # 1:Cont, 2:Clust, 3:Color, 4:xyz, 5:mat, 6:Clust+Cont, 7:Col+Cont
     axis =    rz           # axis of output
     file = deposit_r_all.out  # file name of output for the above axis
     part =  all        electron   photon     neutron  
# kf/name :  0          11         22         2112     
    gshow =    1            # 0: no 1:bnd, 2:bnd+mat, 3:bnd+reg 4:bnd+lat 5:bmp style
    resol =    1            # (D=1) resolution of gshow or rshow
    width = 0.5000000       # (D=0.5) width of lines for gshow or rshow
   epsout =    1            # (D=0) generate eps file by ANGEL
#    used :        main (  %)        temp (  %)       total (  %)
#  memory :         231 (  0)           0 (  0)         231 (  0)

#------------------------------------------------------------------------------
#newpage:
#   no. =  1   part. = all     

'no. =  1'
msuc: {\huge [t-deposit] in r-z mesh}
msdr: {\it plotted by \ANGEL \version}
msdl: {\it calculated by \PHITS  3.24}

x: z [cm]
y: r [cm]
set: c1[ 0.060] c2[ 3.674] c5[ 0.800] c6[ 0.374] c7[ 0.000] c8[ 6.267]
p: h2fs form[c1] xfac[c2] afac[c5] scal[c6] xorg[c7] yorg[c8] nosp
set: c3[   1.822783E-09] c4[   1.118574E-02]
p: cmin[c3] cmax[c4]
p: dmin(1e-31)
p: zlog
p: xmin( -15.00000    ) xmax(  35.00000    )
p: ymin(  0.000000    ) ymax(  3.000000    )
#  nr =   1   nz = 225
# ( ( data(z,r), z = 1, nz ), r = nr, 1, -1 )

hc:  y =   1.500000     to   1.500000     by   3.000000     ; x =  -14.88889     to   34.88889     by  0.2222222     ;
  2.479E-03  2.339E-03  2.402E-03  2.322E-03  2.435E-03  2.493E-03  2.835E-03  2.635E-03  2.668E-03  2.764E-03
  2.477E-03  2.862E-03  2.998E-03  3.112E-03  2.834E-03  2.956E-03  3.173E-03  2.816E-03  5.821E-03  5.351E-03
  5.087E-03  4.955E-03  5.149E-03  4.858E-03  4.527E-03  4.764E-03  4.799E-03  4.978E-03  5.145E-03  5.437E-03
  5.338E-03  6.065E-03  5.407E-03  5.577E-03  5.409E-03  5.363E-03  6.044E-03  5.932E-03  6.862E-03  6.024E-03
  6.930E-03  6.214E-03  6.439E-03  6.829E-03  6.530E-03  6.527E-03  6.897E-03  7.156E-03  7.127E-03  7.198E-03
  7.188E-03  7.462E-03  7.751E-03  8.410E-03  8.481E-03  8.623E-03  8.298E-03  8.451E-03  8.772E-03  9.219E-03
  9.984E-03  9.747E-03  1.042E-02  1.086E-02  1.093E-02  1.062E-02  1.119E-02  8.499E-03  6.097E-03  6.238E-03
  6.558E-03  6.510E-03  6.398E-03  6.945E-03  6.924E-03  7.140E-03  6.520E-03  6.522E-03  6.285E-03  5.824E-03
  5.880E-03  5.780E-03  5.874E-03  5.531E-03  5.226E-03  5.008E-03  5.129E-03  6.114E-03  5.581E-03  5.015E-03
  5.049E-03  4.995E-03  4.470E-03  4.431E-03  4.370E-03  4.033E-03  3.689E-03  3.777E-03  3.208E-03  3.761E-03
  3.689E-03  3.148E-03  2.968E-03  3.007E-03  2.945E-03  3.108E-03  2.602E-03  2.653E-03  2.667E-03  2.479E-03
  2.394E-03  2.215E-03  1.949E-03  2.153E-03  2.021E-03  1.922E-03  1.908E-03  2.001E-03  1.829E-03  1.660E-03
  1.751E-03  1.497E-03  1.716E-03  1.778E-03  1.652E-03  1.181E-03  1.250E-03  1.475E-03  1.359E-03  1.328E-03
  1.256E-03  1.253E-03  1.276E-03  1.060E-03  1.143E-03  1.162E-03  1.071E-03  1.210E-03  1.140E-03  1.077E-03
  1.012E-03  9.369E-04  1.013E-03  1.128E-03  1.035E-03  1.045E-03  9.174E-04  7.688E-04  9.013E-04  8.674E-04
  7.577E-04  5.952E-04  7.607E-04  6.756E-04  6.628E-04  5.473E-04  5.384E-04  7.140E-04  6.206E-04  5.877E-04
  7.053E-04  6.315E-04  4.829E-04  5.476E-04  4.810E-04  4.660E-04  4.979E-04  5.648E-04  4.402E-04  5.325E-04
  4.494E-04  6.488E-04  6.043E-04  4.830E-04  4.682E-04  3.735E-04  4.532E-04  4.349E-04  3.065E-04  5.596E-04
  6.158E-04  5.398E-04  5.825E-04  4.218E-04  4.764E-04  3.300E-04  3.705E-04  3.059E-04  4.463E-04  5.596E-04
  4.095E-04  3.208E-04  2.758E-04  2.593E-04  2.954E-04  3.075E-04  2.053E-04  3.329E-04  3.399E-04  3.460E-04
  2.463E-04  3.447E-04  9.695E-05  0.000E+00  0.000E+00  0.000E+00  0.000E+00  0.000E+00  0.000E+00  0.000E+00
  0.000E+00  0.000E+00  0.000E+00  0.000E+00  0.000E+00  0.000E+00  0.000E+00  0.000E+00  0.000E+00  0.000E+00
  0.000E+00  0.000E+00  0.000E+00  0.000E+00  0.000E+00

#------------------------------------------------------------------------------
z: xorg(1.03)
p: xfac[c2*0.05] form[c1/0.05] notc noxt noyt dmin(1)
p: ymin(0) ymax(1) xmin(0) xmax(1) cmin(1) cmax(100) nosp
hc: y= 0.005 to 0.995 by 0.01 ; x= 0.5 to 0.5 by 1 ;
 1  2  3  4  5  6  7  8  9 10 11 12 13 14 15 16 17 18 19 20
21 22 23 24 25 26 27 28 29 30 31 32 33 34 35 36 37 38 39 40
41 42 43 44 45 46 47 48 49 50 51 52 53 54 55 56 57 58 59 60
61 62 63 64 65 66 67 68 69 70 71 72 73 74 75 76 77 78 79 80
81 82 83 84 85 86 87 88 89 90 91 92 93 94 95 96 97 98 99 100
z: xorg(0.0)
p: xfac[c2*0.05] form[c1/0.05] nosp afac[c5*0.625] ymin[c3] ymax[c4]
p: noxt noxn ytxt(-1) ynum(-1) xltd(-1) xstd(-1) itic(1) ylog
y: Dose [Gy/source]      
#------------------------------------------------------------------------------

wt: s(0.7)
\vspace{-3}
  part. &=& all     
e:

#------------------------------------------------------------------------------
z: xorg[-1.03/0.05]
p: form[c1] xfac[c2] afac[c5] nosp notf
p: xmin( -15.00000    ) xmax(  35.00000    )
p: ymin(  0.000000    ) ymax(  3.000000    )

#------------------------------------------------------------------------------
 newpage:
#   no. =  2   part. = electron

'no. =  2'
msuc: {\huge [t-deposit] in r-z mesh}
msdr: {\it plotted by \ANGEL \version}
msdl: {\it calculated by \PHITS  3.24}

x: z [cm]
y: r [cm]
set: c1[ 0.060] c2[ 3.674] c5[ 0.800] c6[ 0.374] c7[ 0.000] c8[ 6.267]
p: h2fs form[c1] xfac[c2] afac[c5] scal[c6] xorg[c7] yorg[c8] nosp
set: c3[   1.822783E-09] c4[   1.118574E-02]
p: cmin[c3] cmax[c4]
p: dmin(1e-31)
p: zlog
p: xmin( -15.00000    ) xmax(  35.00000    )
p: ymin(  0.000000    ) ymax(  3.000000    )
#  nr =   1   nz = 225
# ( ( data(z,r), z = 1, nz ), r = nr, 1, -1 )

hc:  y =   1.500000     to   1.500000     by   3.000000     ; x =  -14.88889     to   34.88889     by  0.2222222     ;
  6.815E-04  5.195E-04  5.616E-04  4.597E-04  5.435E-04  5.836E-04  9.211E-04  7.071E-04  7.221E-04  7.893E-04
  4.789E-04  8.551E-04  9.749E-04  1.078E-03  7.935E-04  9.011E-04  1.116E-03  7.224E-04  1.488E-03  1.268E-03
  1.064E-03  9.368E-04  1.169E-03  8.436E-04  5.857E-04  7.592E-04  8.371E-04  9.221E-04  1.016E-03  1.279E-03
  1.061E-03  1.732E-03  1.097E-03  1.150E-03  9.288E-04  8.450E-04  1.472E-03  1.246E-03  2.087E-03  1.278E-03
  2.096E-03  1.302E-03  1.438E-03  1.701E-03  1.361E-03  1.283E-03  1.543E-03  1.706E-03  1.599E-03  1.602E-03
  1.406E-03  1.572E-03  1.726E-03  2.234E-03  2.149E-03  2.128E-03  1.668E-03  1.645E-03  1.765E-03  1.991E-03
  2.570E-03  2.108E-03  2.437E-03  2.638E-03  2.482E-03  1.909E-03  2.166E-03  3.030E-03  4.414E-03  4.649E-03
  5.096E-03  5.114E-03  5.071E-03  5.694E-03  5.747E-03  6.054E-03  5.493E-03  5.566E-03  5.370E-03  4.966E-03
  5.104E-03  5.030E-03  5.179E-03  4.903E-03  4.654E-03  4.436E-03  4.603E-03  5.613E-03  5.075E-03  4.549E-03
  4.620E-03  4.581E-03  4.064E-03  4.085E-03  4.061E-03  3.742E-03  3.412E-03  3.499E-03  2.950E-03  3.494E-03
  3.423E-03  2.878E-03  2.746E-03  2.803E-03  2.717E-03  2.893E-03  2.418E-03  2.481E-03  2.525E-03  2.342E-03
  2.254E-03  2.072E-03  1.819E-03  2.023E-03  1.902E-03  1.810E-03  1.805E-03  1.909E-03  1.739E-03  1.572E-03
  1.661E-03  1.405E-03  1.631E-03  1.703E-03  1.573E-03  1.108E-03  1.176E-03  1.399E-03  1.283E-03  1.245E-03
  1.177E-03  1.172E-03  1.198E-03  9.882E-04  1.065E-03  1.077E-03  1.014E-03  1.143E-03  1.079E-03  1.021E-03
  9.413E-04  8.826E-04  9.543E-04  1.074E-03  9.738E-04  9.790E-04  8.567E-04  7.085E-04  8.485E-04  8.325E-04
  7.249E-04  5.643E-04  7.305E-04  6.475E-04  6.402E-04  5.145E-04  5.228E-04  6.894E-04  6.068E-04  5.717E-04
  6.851E-04  6.180E-04  4.703E-04  5.326E-04  4.677E-04  4.489E-04  4.845E-04  5.510E-04  4.316E-04  5.240E-04
  4.445E-04  6.439E-04  5.995E-04  4.781E-04  4.634E-04  3.688E-04  4.483E-04  4.281E-04  2.945E-04  5.455E-04
  6.022E-04  5.347E-04  5.798E-04  4.192E-04  4.738E-04  3.273E-04  3.673E-04  3.043E-04  4.450E-04  5.583E-04
  4.082E-04  3.195E-04  2.744E-04  2.579E-04  2.941E-04  3.060E-04  2.027E-04  3.302E-04  3.371E-04  3.404E-04
  2.393E-04  3.421E-04  9.601E-05  0.000E+00  0.000E+00  0.000E+00  0.000E+00  0.000E+00  0.000E+00  0.000E+00
  0.000E+00  0.000E+00  0.000E+00  0.000E+00  0.000E+00  0.000E+00  0.000E+00  0.000E+00  0.000E+00  0.000E+00
  0.000E+00  0.000E+00  0.000E+00  0.000E+00  0.000E+00

#------------------------------------------------------------------------------
z: xorg(1.03)
p: xfac[c2*0.05] form[c1/0.05] notc noxt noyt dmin(1)
p: ymin(0) ymax(1) xmin(0) xmax(1) cmin(1) cmax(100) nosp
hc: y= 0.005 to 0.995 by 0.01 ; x= 0.5 to 0.5 by 1 ;
 1  2  3  4  5  6  7  8  9 10 11 12 13 14 15 16 17 18 19 20
21 22 23 24 25 26 27 28 29 30 31 32 33 34 35 36 37 38 39 40
41 42 43 44 45 46 47 48 49 50 51 52 53 54 55 56 57 58 59 60
61 62 63 64 65 66 67 68 69 70 71 72 73 74 75 76 77 78 79 80
81 82 83 84 85 86 87 88 89 90 91 92 93 94 95 96 97 98 99 100
z: xorg(0.0)
p: xfac[c2*0.05] form[c1/0.05] nosp afac[c5*0.625] ymin[c3] ymax[c4]
p: noxt noxn ytxt(-1) ynum(-1) xltd(-1) xstd(-1) itic(1) ylog
y: Dose [Gy/source]      
#------------------------------------------------------------------------------

wt: s(0.7)
\vspace{-3}
  part. &=& electron
e:

#------------------------------------------------------------------------------
z: xorg[-1.03/0.05]
p: form[c1] xfac[c2] afac[c5] nosp notf
p: xmin( -15.00000    ) xmax(  35.00000    )
p: ymin(  0.000000    ) ymax(  3.000000    )

#------------------------------------------------------------------------------
 newpage:
#   no. =  3   part. = photon  

'no. =  3'
msuc: {\huge [t-deposit] in r-z mesh}
msdr: {\it plotted by \ANGEL \version}
msdl: {\it calculated by \PHITS  3.24}

x: z [cm]
y: r [cm]
set: c1[ 0.060] c2[ 3.674] c5[ 0.800] c6[ 0.374] c7[ 0.000] c8[ 6.267]
p: h2fs form[c1] xfac[c2] afac[c5] scal[c6] xorg[c7] yorg[c8] nosp
set: c3[   1.822783E-09] c4[   1.118574E-02]
p: cmin[c3] cmax[c4]
p: dmin(1e-31)
p: zlog
p: xmin( -15.00000    ) xmax(  35.00000    )
p: ymin(  0.000000    ) ymax(  3.000000    )
#  nr =   1   nz = 225
# ( ( data(z,r), z = 1, nz ), r = nr, 1, -1 )

hc:  y =   1.500000     to   1.500000     by   3.000000     ; x =  -14.88889     to   34.88889     by  0.2222222     ;
  0.000E+00  0.000E+00  0.000E+00  0.000E+00  0.000E+00  0.000E+00  0.000E+00  0.000E+00  0.000E+00  0.000E+00
  0.000E+00  0.000E+00  0.000E+00  0.000E+00  0.000E+00  0.000E+00  0.000E+00  0.000E+00  0.000E+00  0.000E+00
  0.000E+00  0.000E+00  0.000E+00  0.000E+00  0.000E+00  0.000E+00  0.000E+00  0.000E+00  0.000E+00  0.000E+00
  0.000E+00  0.000E+00  0.000E+00  0.000E+00  0.000E+00  0.000E+00  0.000E+00  0.000E+00  0.000E+00  0.000E+00
  0.000E+00  0.000E+00  0.000E+00  0.000E+00  0.000E+00  0.000E+00  0.000E+00  0.000E+00  0.000E+00  0.000E+00
  0.000E+00  0.000E+00  0.000E+00  0.000E+00  0.000E+00  0.000E+00  0.000E+00  0.000E+00  0.000E+00  0.000E+00
  0.000E+00  0.000E+00  0.000E+00  0.000E+00  0.000E+00  0.000E+00  0.000E+00  0.000E+00  0.000E+00  0.000E+00
  0.000E+00  1.326E-08  0.000E+00  0.000E+00  0.000E+00  0.000E+00  3.741E-08  0.000E+00  0.000E+00  1.823E-09
  0.000E+00  0.000E+00  0.000E+00  1.326E-08  0.000E+00  0.000E+00  0.000E+00  0.000E+00  0.000E+00  0.000E+00
  0.000E+00  1.326E-08  0.000E+00  0.000E+00  0.000E+00  0.000E+00  0.000E+00  0.000E+00  0.000E+00  0.000E+00
  0.000E+00  0.000E+00  0.000E+00  0.000E+00  2.182E-09  1.326E-08  0.000E+00  0.000E+00  0.000E+00  0.000E+00
  1.997E-08  0.000E+00  0.000E+00  0.000E+00  1.504E-08  0.000E+00  0.000E+00  0.000E+00  0.000E+00  0.000E+00
  1.326E-08  0.000E+00  0.000E+00  0.000E+00  0.000E+00  0.000E+00  0.000E+00  0.000E+00  3.021E-09  1.326E-08
  0.000E+00  0.000E+00  0.000E+00  0.000E+00  0.000E+00  0.000E+00  0.000E+00  0.000E+00  0.000E+00  0.000E+00
  0.000E+00  0.000E+00  0.000E+00  0.000E+00  0.000E+00  0.000E+00  0.000E+00  0.000E+00  0.000E+00  1.326E-08
  0.000E+00  4.567E-09  0.000E+00  0.000E+00  0.000E+00  1.326E-08  0.000E+00  0.000E+00  0.000E+00  0.000E+00
  1.326E-08  0.000E+00  0.000E+00  0.000E+00  2.653E-08  0.000E+00  0.000E+00  0.000E+00  0.000E+00  0.000E+00
  0.000E+00  0.000E+00  0.000E+00  0.000E+00  0.000E+00  5.344E-09  0.000E+00  0.000E+00  0.000E+00  0.000E+00
  0.000E+00  0.000E+00  0.000E+00  0.000E+00  0.000E+00  0.000E+00  0.000E+00  0.000E+00  0.000E+00  0.000E+00
  0.000E+00  0.000E+00  0.000E+00  0.000E+00  0.000E+00  0.000E+00  0.000E+00  0.000E+00  0.000E+00  0.000E+00
  0.000E+00  0.000E+00  0.000E+00  0.000E+00  0.000E+00  0.000E+00  0.000E+00  0.000E+00  0.000E+00  0.000E+00
  0.000E+00  0.000E+00  0.000E+00  0.000E+00  0.000E+00  0.000E+00  0.000E+00  0.000E+00  0.000E+00  0.000E+00
  0.000E+00  0.000E+00  0.000E+00  0.000E+00  0.000E+00

#------------------------------------------------------------------------------
z: xorg(1.03)
p: xfac[c2*0.05] form[c1/0.05] notc noxt noyt dmin(1)
p: ymin(0) ymax(1) xmin(0) xmax(1) cmin(1) cmax(100) nosp
hc: y= 0.005 to 0.995 by 0.01 ; x= 0.5 to 0.5 by 1 ;
 1  2  3  4  5  6  7  8  9 10 11 12 13 14 15 16 17 18 19 20
21 22 23 24 25 26 27 28 29 30 31 32 33 34 35 36 37 38 39 40
41 42 43 44 45 46 47 48 49 50 51 52 53 54 55 56 57 58 59 60
61 62 63 64 65 66 67 68 69 70 71 72 73 74 75 76 77 78 79 80
81 82 83 84 85 86 87 88 89 90 91 92 93 94 95 96 97 98 99 100
z: xorg(0.0)
p: xfac[c2*0.05] form[c1/0.05] nosp afac[c5*0.625] ymin[c3] ymax[c4]
p: noxt noxn ytxt(-1) ynum(-1) xltd(-1) xstd(-1) itic(1) ylog
y: Dose [Gy/source]      
#------------------------------------------------------------------------------

wt: s(0.7)
\vspace{-3}
  part. &=& photon  
e:

#------------------------------------------------------------------------------
z: xorg[-1.03/0.05]
p: form[c1] xfac[c2] afac[c5] nosp notf
p: xmin( -15.00000    ) xmax(  35.00000    )
p: ymin(  0.000000    ) ymax(  3.000000    )

#------------------------------------------------------------------------------
 newpage:
#   no. =  4   part. = neutron 

'no. =  4'
msuc: {\huge [t-deposit] in r-z mesh}
msdr: {\it plotted by \ANGEL \version}
msdl: {\it calculated by \PHITS  3.24}

x: z [cm]
y: r [cm]
set: c1[ 0.060] c2[ 3.674] c5[ 0.800] c6[ 0.374] c7[ 0.000] c8[ 6.267]
p: h2fs form[c1] xfac[c2] afac[c5] scal[c6] xorg[c7] yorg[c8] nosp
set: c3[   1.822783E-09] c4[   1.118574E-02]
p: cmin[c3] cmax[c4]
p: dmin(1e-31)
p: zlog
p: xmin( -15.00000    ) xmax(  35.00000    )
p: ymin(  0.000000    ) ymax(  3.000000    )
#  nr =   1   nz = 225
# ( ( data(z,r), z = 1, nz ), r = nr, 1, -1 )

hc:  y =   1.500000     to   1.500000     by   3.000000     ; x =  -14.88889     to   34.88889     by  0.2222222     ;
  1.794E-03  1.816E-03  1.837E-03  1.858E-03  1.887E-03  1.906E-03  1.910E-03  1.924E-03  1.942E-03  1.971E-03
  1.994E-03  2.003E-03  2.020E-03  2.031E-03  2.036E-03  2.051E-03  2.053E-03  2.090E-03  4.329E-03  4.079E-03
  4.019E-03  4.014E-03  3.977E-03  4.011E-03  3.937E-03  4.001E-03  3.958E-03  4.051E-03  4.110E-03  4.139E-03
  4.230E-03  4.244E-03  4.293E-03  4.412E-03  4.464E-03  4.502E-03  4.556E-03  4.670E-03  4.724E-03  4.729E-03
  4.824E-03  4.912E-03  5.001E-03  5.129E-03  5.170E-03  5.243E-03  5.353E-03  5.450E-03  5.529E-03  5.596E-03
  5.782E-03  5.889E-03  6.025E-03  6.176E-03  6.332E-03  6.495E-03  6.630E-03  6.806E-03  7.001E-03  7.221E-03
  7.406E-03  7.631E-03  7.979E-03  8.212E-03  8.436E-03  8.701E-03  9.012E-03  5.453E-03  1.654E-03  1.556E-03
  1.457E-03  1.392E-03  1.301E-03  1.209E-03  1.132E-03  1.041E-03  9.894E-04  9.192E-04  8.856E-04  8.393E-04
  7.582E-04  7.389E-04  6.586E-04  6.178E-04  5.676E-04  5.525E-04  5.103E-04  4.949E-04  4.935E-04  4.555E-04
  4.144E-04  3.885E-04  3.853E-04  3.445E-04  3.092E-04  2.829E-04  2.717E-04  2.627E-04  2.576E-04  2.534E-04
  2.478E-04  2.359E-04  2.183E-04  2.009E-04  1.954E-04  1.785E-04  1.784E-04  1.643E-04  1.418E-04  1.368E-04
  1.390E-04  1.359E-04  1.293E-04  1.303E-04  1.139E-04  1.094E-04  1.013E-04  9.134E-05  8.937E-05  8.781E-05
  9.066E-05  9.196E-05  8.159E-05  7.289E-05  7.890E-05  7.011E-05  7.111E-05  7.592E-05  7.654E-05  7.714E-05
  7.882E-05  7.782E-05  7.123E-05  6.785E-05  7.481E-05  7.188E-05  5.675E-05  6.496E-05  5.608E-05  5.361E-05
  5.394E-05  5.427E-05  5.140E-05  4.843E-05  4.985E-05  6.230E-05  5.055E-05  4.999E-05  3.814E-05  3.286E-05
  3.279E-05  3.090E-05  3.018E-05  2.810E-05  2.256E-05  3.269E-05  1.569E-05  1.453E-05  1.375E-05  1.599E-05
  2.023E-05  1.346E-05  1.257E-05  1.243E-05  1.258E-05  1.368E-05  1.341E-05  1.376E-05  8.557E-06  8.471E-06
  4.857E-06  4.824E-06  4.817E-06  4.810E-06  4.776E-06  4.722E-06  4.815E-06  6.718E-06  1.197E-05  1.403E-05
  1.359E-05  5.124E-06  2.668E-06  2.604E-06  2.602E-06  2.635E-06  3.122E-06  1.614E-06  1.354E-06  1.353E-06
  1.351E-06  1.348E-06  1.343E-06  1.373E-06  1.339E-06  1.518E-06  2.621E-06  2.623E-06  2.841E-06  5.664E-06
  7.038E-06  2.654E-06  9.399E-07  0.000E+00  0.000E+00  0.000E+00  0.000E+00  0.000E+00  0.000E+00  0.000E+00
  0.000E+00  0.000E+00  0.000E+00  0.000E+00  0.000E+00  0.000E+00  0.000E+00  0.000E+00  0.000E+00  0.000E+00
  0.000E+00  0.000E+00  0.000E+00  0.000E+00  0.000E+00

#------------------------------------------------------------------------------
z: xorg(1.03)
p: xfac[c2*0.05] form[c1/0.05] notc noxt noyt dmin(1)
p: ymin(0) ymax(1) xmin(0) xmax(1) cmin(1) cmax(100) nosp
hc: y= 0.005 to 0.995 by 0.01 ; x= 0.5 to 0.5 by 1 ;
 1  2  3  4  5  6  7  8  9 10 11 12 13 14 15 16 17 18 19 20
21 22 23 24 25 26 27 28 29 30 31 32 33 34 35 36 37 38 39 40
41 42 43 44 45 46 47 48 49 50 51 52 53 54 55 56 57 58 59 60
61 62 63 64 65 66 67 68 69 70 71 72 73 74 75 76 77 78 79 80
81 82 83 84 85 86 87 88 89 90 91 92 93 94 95 96 97 98 99 100
z: xorg(0.0)
p: xfac[c2*0.05] form[c1/0.05] nosp afac[c5*0.625] ymin[c3] ymax[c4]
p: noxt noxn ytxt(-1) ynum(-1) xltd(-1) xstd(-1) itic(1) ylog
y: Dose [Gy/source]      
#------------------------------------------------------------------------------

wt: s(0.7)
\vspace{-3}
  part. &=& neutron 
e:

#------------------------------------------------------------------------------
z: xorg[-1.03/0.05]
p: form[c1] xfac[c2] afac[c5] nosp notf
p: xmin( -15.00000    ) xmax(  35.00000    )
p: ymin(  0.000000    ) ymax(  3.000000    )
 
# Information for Restart Calculation
# This calculation was newly started
# istdev =  2 # 1:Batch variance, 2:History variance
# resc2  = 1.00918122271111685E-06 # Total source weight or Total source weight / maxcas
# resc3  = 1.00000000000000000E+07 # Total history number or Total batch number
# maxcas =     1000000 # History / Batch, only used for istdev=1
# rijklst=  -1.0909668918764960E-250 # Next initial random number
# bitrseed = 1000110000001000111111101100101001110101110010000011011101101000
