[ T-Deposit ]
    title = [t-deposit] in r-z mesh
     mesh =  r-z            # mesh type is r-z scoring mesh
       x0 =   0.000000      # center x-position of r-z mesh
       y0 =   0.000000      # center y-position of r-z mesh
   r-type =    2            # r-mesh is linear given by rmin, rmax and nr
     rmin =   0.000000      # minimum value of r-mesh points
     rmax =   3.000000      # maximum value of r-mesh points
#    rdel =   3.000000      # mesh width of r-mesh points
       nr =      1          # number of r-mesh points
#    data = ( r(i), i = 1, nr + 1 )
#           0.00000E+00  3.00000E+00
   z-type =    2            # z-mesh is linear given by zmin, zmax and nz
     zmin =  -15.00000      # minimum value of z-mesh points
     zmax =   35.00000      # maximum value of z-mesh points
#    zdel =  0.2222222      # mesh width of z-mesh points
       nz =    225          # number of z-mesh points
#    data = ( z(i), i = 1, nz + 1 )
#          -1.50000E+01 -1.47778E+01 -1.45556E+01 -1.43333E+01 -1.41111E+01
#          -1.38889E+01 -1.36667E+01 -1.34444E+01 -1.32222E+01 -1.30000E+01
#          -1.27778E+01 -1.25556E+01 -1.23333E+01 -1.21111E+01 -1.18889E+01
#          -1.16667E+01 -1.14444E+01 -1.12222E+01 -1.10000E+01 -1.07778E+01
#          -1.05556E+01 -1.03333E+01 -1.01111E+01 -9.88889E+00 -9.66667E+00
#          -9.44444E+00 -9.22222E+00 -9.00000E+00 -8.77778E+00 -8.55556E+00
#          -8.33333E+00 -8.11111E+00 -7.88889E+00 -7.66667E+00 -7.44444E+00
#          -7.22222E+00 -7.00000E+00 -6.77778E+00 -6.55556E+00 -6.33333E+00
#          -6.11111E+00 -5.88889E+00 -5.66667E+00 -5.44444E+00 -5.22222E+00
#          -5.00000E+00 -4.77778E+00 -4.55556E+00 -4.33333E+00 -4.11111E+00
#          -3.88889E+00 -3.66667E+00 -3.44444E+00 -3.22222E+00 -3.00000E+00
#          -2.77778E+00 -2.55556E+00 -2.33333E+00 -2.11111E+00 -1.88889E+00
#          -1.66667E+00 -1.44444E+00 -1.22222E+00 -1.00000E+00 -7.77778E-01
#          -5.55556E-01 -3.33333E-01 -1.11111E-01  1.11111E-01  3.33333E-01
#           5.55556E-01  7.77778E-01  1.00000E+00  1.22222E+00  1.44444E+00
#           1.66667E+00  1.88889E+00  2.11111E+00  2.33333E+00  2.55556E+00
#           2.77778E+00  3.00000E+00  3.22222E+00  3.44444E+00  3.66667E+00
#           3.88889E+00  4.11111E+00  4.33333E+00  4.55556E+00  4.77778E+00
#           5.00000E+00  5.22222E+00  5.44444E+00  5.66667E+00  5.88889E+00
#           6.11111E+00  6.33333E+00  6.55556E+00  6.77778E+00  7.00000E+00
#           7.22222E+00  7.44444E+00  7.66667E+00  7.88889E+00  8.11111E+00
#           8.33333E+00  8.55556E+00  8.77778E+00  9.00000E+00  9.22222E+00
#           9.44444E+00  9.66667E+00  9.88889E+00  1.01111E+01  1.03333E+01
#           1.05556E+01  1.07778E+01  1.10000E+01  1.12222E+01  1.14444E+01
#           1.16667E+01  1.18889E+01  1.21111E+01  1.23333E+01  1.25556E+01
#           1.27778E+01  1.30000E+01  1.32222E+01  1.34444E+01  1.36667E+01
#           1.38889E+01  1.41111E+01  1.43333E+01  1.45556E+01  1.47778E+01
#           1.50000E+01  1.52222E+01  1.54444E+01  1.56667E+01  1.58889E+01
#           1.61111E+01  1.63333E+01  1.65556E+01  1.67778E+01  1.70000E+01
#           1.72222E+01  1.74444E+01  1.76667E+01  1.78889E+01  1.81111E+01
#           1.83333E+01  1.85556E+01  1.87778E+01  1.90000E+01  1.92222E+01
#           1.94444E+01  1.96667E+01  1.98889E+01  2.01111E+01  2.03333E+01
#           2.05556E+01  2.07778E+01  2.10000E+01  2.12222E+01  2.14444E+01
#           2.16667E+01  2.18889E+01  2.21111E+01  2.23333E+01  2.25556E+01
#           2.27778E+01  2.30000E+01  2.32222E+01  2.34444E+01  2.36667E+01
#           2.38889E+01  2.41111E+01  2.43333E+01  2.45556E+01  2.47778E+01
#           2.50000E+01  2.52222E+01  2.54444E+01  2.56667E+01  2.58889E+01
#           2.61111E+01  2.63333E+01  2.65556E+01  2.67778E+01  2.70000E+01
#           2.72222E+01  2.74444E+01  2.76667E+01  2.78889E+01  2.81111E+01
#           2.83333E+01  2.85556E+01  2.87778E+01  2.90000E+01  2.92222E+01
#           2.94444E+01  2.96667E+01  2.98889E+01  3.01111E+01  3.03333E+01
#           3.05556E+01  3.07778E+01  3.10000E+01  3.12222E+01  3.14444E+01
#           3.16667E+01  3.18889E+01  3.21111E+01  3.23333E+01  3.25556E+01
#           3.27778E+01  3.30000E+01  3.32222E+01  3.34444E+01  3.36667E+01
#           3.38889E+01  3.41111E+01  3.43333E+01  3.45556E+01  3.47778E+01
#           3.50000E+01
     unit =    0            # unit is [Gy/source]
   letmat =    0            # (D=0) mat ID for LET, 0:real mat, <0: electron for H2O
  dedxfnc =    0            # (D=0) user defined multiplier, 0(no), 1, 2
 material =  all            # (D=all) number of specific material
   output =  dose           # total deposit energy
  deposit =    0            # (D=0) 0-> total deposit dist, 1-> each process
  2D-type =    3            # 1:Cont, 2:Clust, 3:Color, 4:xyz, 5:mat, 6:Clust+Cont, 7:Col+Cont
     axis =    rz           # axis of output
     file = deposit_r_all.out  # file name of output for the above axis
     part =  all        electron   photon     neutron  
# kf/name :  0          11         22         2112     
    gshow =    1            # 0: no 1:bnd, 2:bnd+mat, 3:bnd+reg 4:bnd+lat 5:bmp style
    resol =    1            # (D=1) resolution of gshow or rshow
    width = 0.5000000       # (D=0.5) width of lines for gshow or rshow
   epsout =    1            # (D=0) generate eps file by ANGEL
#    used :        main (  %)        temp (  %)       total (  %)
#  memory :         231 (  0)           0 (  0)         231 (  0)

#------------------------------------------------------------------------------
#newpage:
#   no. =  1   part. = all     

'no. =  1'
msuc: {\huge [t-deposit] in r-z mesh}
msdr: {\it plotted by \ANGEL \version}
msdl: {\it calculated by \PHITS  3.24}

x: z [cm]
y: r [cm]
set: c1[ 0.060] c2[ 3.674] c5[ 0.800] c6[ 0.374] c7[ 0.000] c8[ 6.267]
p: h2fs form[c1] xfac[c2] afac[c5] scal[c6] xorg[c7] yorg[c8] nosp
set: c3[   2.182423E-09] c4[   1.499269E-02]
p: cmin[c3] cmax[c4]
p: dmin(1e-31)
p: zlog
p: xmin( -15.00000    ) xmax(  35.00000    )
p: ymin(  0.000000    ) ymax(  3.000000    )
#  nr =   1   nz = 225
# ( ( data(z,r), z = 1, nz ), r = nr, 1, -1 )

hc:  y =   1.500000     to   1.500000     by   3.000000     ; x =  -14.88889     to   34.88889     by  0.2222222     ;
  2.508E-03  2.443E-03  2.573E-03  2.605E-03  2.643E-03  2.688E-03  2.793E-03  2.704E-03  2.835E-03  3.417E-03
  3.247E-03  3.427E-03  3.396E-03  3.162E-03  3.507E-03  3.376E-03  3.278E-03  3.352E-03  5.597E-03  5.198E-03
  5.104E-03  5.318E-03  5.113E-03  5.201E-03  5.553E-03  5.392E-03  5.420E-03  5.569E-03  5.649E-03  6.188E-03
  6.187E-03  5.998E-03  6.447E-03  6.623E-03  6.207E-03  6.189E-03  6.864E-03  7.078E-03  6.913E-03  7.316E-03
  7.851E-03  7.870E-03  8.386E-03  7.753E-03  7.960E-03  8.145E-03  8.476E-03  8.502E-03  8.750E-03  9.220E-03
  9.368E-03  1.011E-02  1.066E-02  1.099E-02  1.079E-02  1.079E-02  1.116E-02  1.150E-02  1.196E-02  1.243E-02
  1.313E-02  1.344E-02  1.380E-02  1.386E-02  1.499E-02  1.494E-02  1.493E-02  1.058E-02  6.882E-03  7.406E-03
  7.938E-03  8.144E-03  8.954E-03  8.960E-03  9.010E-03  8.655E-03  8.576E-03  8.582E-03  8.306E-03  7.551E-03
  7.388E-03  8.007E-03  8.660E-03  8.067E-03  7.548E-03  7.320E-03  7.243E-03  7.778E-03  7.462E-03  6.648E-03
  7.134E-03  6.546E-03  6.233E-03  5.696E-03  5.609E-03  5.451E-03  4.775E-03  4.876E-03  4.523E-03  4.625E-03
  4.965E-03  4.281E-03  4.315E-03  4.041E-03  3.811E-03  3.779E-03  3.485E-03  3.423E-03  3.360E-03  3.328E-03
  3.091E-03  2.859E-03  2.629E-03  2.764E-03  2.804E-03  2.523E-03  2.385E-03  2.420E-03  2.427E-03  2.317E-03
  2.484E-03  2.123E-03  2.095E-03  2.236E-03  1.956E-03  1.617E-03  1.726E-03  1.753E-03  1.616E-03  1.660E-03
  1.592E-03  1.564E-03  1.596E-03  1.356E-03  1.536E-03  1.701E-03  1.270E-03  1.453E-03  1.408E-03  1.461E-03
  1.224E-03  1.127E-03  1.280E-03  1.443E-03  1.127E-03  1.158E-03  1.022E-03  9.048E-04  9.725E-04  9.409E-04
  9.409E-04  7.633E-04  9.225E-04  7.825E-04  8.268E-04  7.825E-04  6.235E-04  8.318E-04  8.602E-04  7.301E-04
  8.249E-04  7.555E-04  7.205E-04  6.381E-04  6.014E-04  6.948E-04  5.519E-04  7.301E-04  5.809E-04  7.081E-04
  6.162E-04  8.034E-04  7.463E-04  5.233E-04  5.157E-04  4.581E-04  5.549E-04  4.508E-04  3.199E-04  6.163E-04
  6.155E-04  6.022E-04  5.786E-04  5.013E-04  5.128E-04  4.385E-04  3.963E-04  3.848E-04  4.074E-04  5.399E-04
  4.969E-04  4.302E-04  3.851E-04  3.779E-04  3.987E-04  3.762E-04  2.937E-04  3.392E-04  4.007E-04  3.585E-04
  3.057E-04  3.538E-04  1.492E-04  0.000E+00  0.000E+00  0.000E+00  0.000E+00  0.000E+00  0.000E+00  0.000E+00
  0.000E+00  0.000E+00  0.000E+00  0.000E+00  0.000E+00  0.000E+00  0.000E+00  0.000E+00  0.000E+00  0.000E+00
  0.000E+00  0.000E+00  0.000E+00  0.000E+00  0.000E+00

#------------------------------------------------------------------------------
z: xorg(1.03)
p: xfac[c2*0.05] form[c1/0.05] notc noxt noyt dmin(1)
p: ymin(0) ymax(1) xmin(0) xmax(1) cmin(1) cmax(100) nosp
hc: y= 0.005 to 0.995 by 0.01 ; x= 0.5 to 0.5 by 1 ;
 1  2  3  4  5  6  7  8  9 10 11 12 13 14 15 16 17 18 19 20
21 22 23 24 25 26 27 28 29 30 31 32 33 34 35 36 37 38 39 40
41 42 43 44 45 46 47 48 49 50 51 52 53 54 55 56 57 58 59 60
61 62 63 64 65 66 67 68 69 70 71 72 73 74 75 76 77 78 79 80
81 82 83 84 85 86 87 88 89 90 91 92 93 94 95 96 97 98 99 100
z: xorg(0.0)
p: xfac[c2*0.05] form[c1/0.05] nosp afac[c5*0.625] ymin[c3] ymax[c4]
p: noxt noxn ytxt(-1) ynum(-1) xltd(-1) xstd(-1) itic(1) ylog
y: Dose [Gy/source]      
#------------------------------------------------------------------------------

wt: s(0.7)
\vspace{-3}
  part. &=& all     
e:

#------------------------------------------------------------------------------
z: xorg[-1.03/0.05]
p: form[c1] xfac[c2] afac[c5] nosp notf
p: xmin( -15.00000    ) xmax(  35.00000    )
p: ymin(  0.000000    ) ymax(  3.000000    )

#------------------------------------------------------------------------------
 newpage:
#   no. =  2   part. = electron

'no. =  2'
msuc: {\huge [t-deposit] in r-z mesh}
msdr: {\it plotted by \ANGEL \version}
msdl: {\it calculated by \PHITS  3.24}

x: z [cm]
y: r [cm]
set: c1[ 0.060] c2[ 3.674] c5[ 0.800] c6[ 0.374] c7[ 0.000] c8[ 6.267]
p: h2fs form[c1] xfac[c2] afac[c5] scal[c6] xorg[c7] yorg[c8] nosp
set: c3[   2.182423E-09] c4[   1.499269E-02]
p: cmin[c3] cmax[c4]
p: dmin(1e-31)
p: zlog
p: xmin( -15.00000    ) xmax(  35.00000    )
p: ymin(  0.000000    ) ymax(  3.000000    )
#  nr =   1   nz = 225
# ( ( data(z,r), z = 1, nz ), r = nr, 1, -1 )

hc:  y =   1.500000     to   1.500000     by   3.000000     ; x =  -14.88889     to   34.88889     by  0.2222222     ;
  4.810E-04  3.871E-04  4.794E-04  4.798E-04  4.836E-04  5.078E-04  6.023E-04  4.865E-04  5.816E-04  1.128E-03
  9.171E-04  1.068E-03  9.969E-04  7.373E-04  1.075E-03  9.060E-04  7.525E-04  7.800E-04  7.893E-04  6.277E-04
  5.621E-04  7.335E-04  5.166E-04  5.773E-04  9.096E-04  6.928E-04  7.153E-04  8.077E-04  7.558E-04  1.231E-03
  1.196E-03  9.603E-04  1.298E-03  1.363E-03  8.712E-04  7.337E-04  1.331E-03  1.439E-03  1.113E-03  1.414E-03
  1.796E-03  1.672E-03  2.089E-03  1.308E-03  1.359E-03  1.383E-03  1.526E-03  1.383E-03  1.464E-03  1.778E-03
  1.664E-03  2.135E-03  2.455E-03  2.542E-03  2.094E-03  1.846E-03  1.949E-03  1.980E-03  2.158E-03  2.259E-03
  2.672E-03  2.674E-03  2.618E-03  2.347E-03  3.145E-03  2.628E-03  2.287E-03  3.198E-03  5.115E-03  5.753E-03
  6.401E-03  6.678E-03  7.566E-03  7.682E-03  7.796E-03  7.525E-03  7.474E-03  7.544E-03  7.339E-03  6.644E-03
  6.571E-03  7.215E-03  7.883E-03  7.369E-03  6.917E-03  6.689E-03  6.639E-03  7.193E-03  6.917E-03  6.098E-03
  6.650E-03  6.097E-03  5.771E-03  5.279E-03  5.250E-03  5.127E-03  4.454E-03  4.566E-03  4.224E-03  4.305E-03
  4.645E-03  3.967E-03  4.044E-03  3.789E-03  3.527E-03  3.522E-03  3.253E-03  3.206E-03  3.160E-03  3.142E-03
  2.908E-03  2.673E-03  2.466E-03  2.603E-03  2.649E-03  2.385E-03  2.258E-03  2.292E-03  2.297E-03  2.184E-03
  2.360E-03  1.995E-03  1.981E-03  2.137E-03  1.861E-03  1.533E-03  1.640E-03  1.661E-03  1.531E-03  1.573E-03
  1.505E-03  1.470E-03  1.495E-03  1.262E-03  1.447E-03  1.608E-03  1.205E-03  1.374E-03  1.342E-03  1.398E-03
  1.147E-03  1.065E-03  1.211E-03  1.381E-03  1.061E-03  1.096E-03  9.706E-04  8.499E-04  9.188E-04  8.995E-04
  8.999E-04  7.236E-04  8.837E-04  7.460E-04  7.959E-04  7.367E-04  5.982E-04  8.046E-04  8.376E-04  7.052E-04
  7.976E-04  7.239E-04  7.057E-04  6.262E-04  5.901E-04  6.799E-04  5.406E-04  7.177E-04  5.743E-04  6.994E-04
  6.110E-04  7.977E-04  7.406E-04  5.176E-04  5.101E-04  4.525E-04  5.493E-04  4.456E-04  3.095E-04  6.037E-04
  6.034E-04  5.986E-04  5.759E-04  4.987E-04  5.102E-04  4.359E-04  3.937E-04  3.822E-04  4.048E-04  5.373E-04
  4.954E-04  4.288E-04  3.838E-04  3.766E-04  3.974E-04  3.748E-04  2.924E-04  3.378E-04  3.992E-04  3.541E-04
  2.999E-04  3.524E-04  1.489E-04  0.000E+00  0.000E+00  0.000E+00  0.000E+00  0.000E+00  0.000E+00  0.000E+00
  0.000E+00  0.000E+00  0.000E+00  0.000E+00  0.000E+00  0.000E+00  0.000E+00  0.000E+00  0.000E+00  0.000E+00
  0.000E+00  0.000E+00  0.000E+00  0.000E+00  0.000E+00

#------------------------------------------------------------------------------
z: xorg(1.03)
p: xfac[c2*0.05] form[c1/0.05] notc noxt noyt dmin(1)
p: ymin(0) ymax(1) xmin(0) xmax(1) cmin(1) cmax(100) nosp
hc: y= 0.005 to 0.995 by 0.01 ; x= 0.5 to 0.5 by 1 ;
 1  2  3  4  5  6  7  8  9 10 11 12 13 14 15 16 17 18 19 20
21 22 23 24 25 26 27 28 29 30 31 32 33 34 35 36 37 38 39 40
41 42 43 44 45 46 47 48 49 50 51 52 53 54 55 56 57 58 59 60
61 62 63 64 65 66 67 68 69 70 71 72 73 74 75 76 77 78 79 80
81 82 83 84 85 86 87 88 89 90 91 92 93 94 95 96 97 98 99 100
z: xorg(0.0)
p: xfac[c2*0.05] form[c1/0.05] nosp afac[c5*0.625] ymin[c3] ymax[c4]
p: noxt noxn ytxt(-1) ynum(-1) xltd(-1) xstd(-1) itic(1) ylog
y: Dose [Gy/source]      
#------------------------------------------------------------------------------

wt: s(0.7)
\vspace{-3}
  part. &=& electron
e:

#------------------------------------------------------------------------------
z: xorg[-1.03/0.05]
p: form[c1] xfac[c2] afac[c5] nosp notf
p: xmin( -15.00000    ) xmax(  35.00000    )
p: ymin(  0.000000    ) ymax(  3.000000    )

#------------------------------------------------------------------------------
 newpage:
#   no. =  3   part. = photon  

'no. =  3'
msuc: {\huge [t-deposit] in r-z mesh}
msdr: {\it plotted by \ANGEL \version}
msdl: {\it calculated by \PHITS  3.24}

x: z [cm]
y: r [cm]
set: c1[ 0.060] c2[ 3.674] c5[ 0.800] c6[ 0.374] c7[ 0.000] c8[ 6.267]
p: h2fs form[c1] xfac[c2] afac[c5] scal[c6] xorg[c7] yorg[c8] nosp
set: c3[   2.182423E-09] c4[   1.499269E-02]
p: cmin[c3] cmax[c4]
p: dmin(1e-31)
p: zlog
p: xmin( -15.00000    ) xmax(  35.00000    )
p: ymin(  0.000000    ) ymax(  3.000000    )
#  nr =   1   nz = 225
# ( ( data(z,r), z = 1, nz ), r = nr, 1, -1 )

hc:  y =   1.500000     to   1.500000     by   3.000000     ; x =  -14.88889     to   34.88889     by  0.2222222     ;
  0.000E+00  0.000E+00  0.000E+00  0.000E+00  0.000E+00  0.000E+00  0.000E+00  0.000E+00  0.000E+00  0.000E+00
  0.000E+00  0.000E+00  0.000E+00  0.000E+00  0.000E+00  0.000E+00  0.000E+00  0.000E+00  0.000E+00  0.000E+00
  0.000E+00  0.000E+00  0.000E+00  0.000E+00  0.000E+00  0.000E+00  0.000E+00  0.000E+00  0.000E+00  0.000E+00
  0.000E+00  0.000E+00  0.000E+00  0.000E+00  0.000E+00  0.000E+00  0.000E+00  0.000E+00  0.000E+00  0.000E+00
  0.000E+00  0.000E+00  0.000E+00  0.000E+00  0.000E+00  0.000E+00  0.000E+00  0.000E+00  0.000E+00  0.000E+00
  0.000E+00  0.000E+00  0.000E+00  0.000E+00  0.000E+00  0.000E+00  0.000E+00  0.000E+00  0.000E+00  0.000E+00
  0.000E+00  0.000E+00  0.000E+00  0.000E+00  0.000E+00  0.000E+00  0.000E+00  0.000E+00  0.000E+00  0.000E+00
  0.000E+00  0.000E+00  0.000E+00  0.000E+00  0.000E+00  0.000E+00  2.523E-08  0.000E+00  0.000E+00  1.509E-08
  0.000E+00  4.045E-09  0.000E+00  0.000E+00  0.000E+00  0.000E+00  0.000E+00  0.000E+00  2.564E-09  1.326E-08
  0.000E+00  0.000E+00  0.000E+00  0.000E+00  0.000E+00  0.000E+00  0.000E+00  0.000E+00  0.000E+00  1.326E-08
  0.000E+00  0.000E+00  0.000E+00  0.000E+00  2.182E-09  1.326E-08  0.000E+00  0.000E+00  0.000E+00  0.000E+00
  6.708E-09  0.000E+00  0.000E+00  0.000E+00  1.504E-08  0.000E+00  0.000E+00  0.000E+00  0.000E+00  0.000E+00
  1.326E-08  0.000E+00  0.000E+00  0.000E+00  0.000E+00  0.000E+00  0.000E+00  4.125E-09  6.504E-09  1.326E-08
  0.000E+00  0.000E+00  0.000E+00  0.000E+00  0.000E+00  0.000E+00  0.000E+00  0.000E+00  0.000E+00  0.000E+00
  8.213E-09  0.000E+00  0.000E+00  0.000E+00  0.000E+00  0.000E+00  0.000E+00  0.000E+00  0.000E+00  1.326E-08
  1.326E-08  4.567E-09  0.000E+00  0.000E+00  0.000E+00  1.326E-08  0.000E+00  0.000E+00  0.000E+00  0.000E+00
  1.326E-08  0.000E+00  6.703E-09  0.000E+00  2.653E-08  0.000E+00  0.000E+00  0.000E+00  0.000E+00  0.000E+00
  0.000E+00  0.000E+00  0.000E+00  0.000E+00  0.000E+00  5.344E-09  0.000E+00  0.000E+00  0.000E+00  0.000E+00
  0.000E+00  0.000E+00  0.000E+00  0.000E+00  0.000E+00  0.000E+00  0.000E+00  0.000E+00  0.000E+00  0.000E+00
  0.000E+00  0.000E+00  0.000E+00  0.000E+00  0.000E+00  0.000E+00  0.000E+00  0.000E+00  0.000E+00  0.000E+00
  0.000E+00  0.000E+00  0.000E+00  0.000E+00  0.000E+00  0.000E+00  0.000E+00  0.000E+00  0.000E+00  0.000E+00
  0.000E+00  0.000E+00  0.000E+00  0.000E+00  0.000E+00  0.000E+00  0.000E+00  0.000E+00  0.000E+00  0.000E+00
  0.000E+00  0.000E+00  0.000E+00  0.000E+00  0.000E+00

#------------------------------------------------------------------------------
z: xorg(1.03)
p: xfac[c2*0.05] form[c1/0.05] notc noxt noyt dmin(1)
p: ymin(0) ymax(1) xmin(0) xmax(1) cmin(1) cmax(100) nosp
hc: y= 0.005 to 0.995 by 0.01 ; x= 0.5 to 0.5 by 1 ;
 1  2  3  4  5  6  7  8  9 10 11 12 13 14 15 16 17 18 19 20
21 22 23 24 25 26 27 28 29 30 31 32 33 34 35 36 37 38 39 40
41 42 43 44 45 46 47 48 49 50 51 52 53 54 55 56 57 58 59 60
61 62 63 64 65 66 67 68 69 70 71 72 73 74 75 76 77 78 79 80
81 82 83 84 85 86 87 88 89 90 91 92 93 94 95 96 97 98 99 100
z: xorg(0.0)
p: xfac[c2*0.05] form[c1/0.05] nosp afac[c5*0.625] ymin[c3] ymax[c4]
p: noxt noxn ytxt(-1) ynum(-1) xltd(-1) xstd(-1) itic(1) ylog
y: Dose [Gy/source]      
#------------------------------------------------------------------------------

wt: s(0.7)
\vspace{-3}
  part. &=& photon  
e:

#------------------------------------------------------------------------------
z: xorg[-1.03/0.05]
p: form[c1] xfac[c2] afac[c5] nosp notf
p: xmin( -15.00000    ) xmax(  35.00000    )
p: ymin(  0.000000    ) ymax(  3.000000    )

#------------------------------------------------------------------------------
 newpage:
#   no. =  4   part. = neutron 

'no. =  4'
msuc: {\huge [t-deposit] in r-z mesh}
msdr: {\it plotted by \ANGEL \version}
msdl: {\it calculated by \PHITS  3.24}

x: z [cm]
y: r [cm]
set: c1[ 0.060] c2[ 3.674] c5[ 0.800] c6[ 0.374] c7[ 0.000] c8[ 6.267]
p: h2fs form[c1] xfac[c2] afac[c5] scal[c6] xorg[c7] yorg[c8] nosp
set: c3[   2.182423E-09] c4[   1.499269E-02]
p: cmin[c3] cmax[c4]
p: dmin(1e-31)
p: zlog
p: xmin( -15.00000    ) xmax(  35.00000    )
p: ymin(  0.000000    ) ymax(  3.000000    )
#  nr =   1   nz = 225
# ( ( data(z,r), z = 1, nz ), r = nr, 1, -1 )

hc:  y =   1.500000     to   1.500000     by   3.000000     ; x =  -14.88889     to   34.88889     by  0.2222222     ;
  2.027E-03  2.056E-03  2.093E-03  2.126E-03  2.160E-03  2.180E-03  2.191E-03  2.217E-03  2.253E-03  2.289E-03
  2.330E-03  2.359E-03  2.399E-03  2.425E-03  2.432E-03  2.469E-03  2.519E-03  2.565E-03  4.801E-03  4.563E-03
  4.535E-03  4.578E-03  4.589E-03  4.617E-03  4.637E-03  4.692E-03  4.697E-03  4.754E-03  4.886E-03  4.950E-03
  4.983E-03  5.030E-03  5.142E-03  5.253E-03  5.328E-03  5.422E-03  5.512E-03  5.626E-03  5.792E-03  5.895E-03
  6.048E-03  6.181E-03  6.276E-03  6.425E-03  6.580E-03  6.741E-03  6.927E-03  7.097E-03  7.265E-03  7.421E-03
  7.683E-03  7.957E-03  8.187E-03  8.430E-03  8.679E-03  8.923E-03  9.210E-03  9.516E-03  9.799E-03  1.017E-02
  1.046E-02  1.076E-02  1.118E-02  1.151E-02  1.185E-02  1.231E-02  1.264E-02  7.362E-03  1.743E-03  1.646E-03
  1.529E-03  1.438E-03  1.349E-03  1.257E-03  1.176E-03  1.088E-03  1.054E-03  9.668E-04  9.396E-04  8.820E-04
  7.943E-04  7.750E-04  7.139E-04  6.740E-04  6.150E-04  6.233E-04  5.866E-04  5.526E-04  5.371E-04  4.987E-04
  4.585E-04  4.266E-04  4.323E-04  3.953E-04  3.578E-04  3.187E-04  3.090E-04  2.948E-04  2.908E-04  2.849E-04
  2.802E-04  2.745E-04  2.625E-04  2.497E-04  2.416E-04  2.255E-04  2.254E-04  2.051E-04  1.760E-04  1.702E-04
  1.747E-04  1.664E-04  1.578E-04  1.598E-04  1.487E-04  1.342E-04  1.236E-04  1.191E-04  1.220E-04  1.335E-04
  1.237E-04  1.279E-04  1.138E-04  9.881E-05  9.206E-05  8.292E-05  8.607E-05  8.687E-05  8.473E-05  8.678E-05
  8.664E-05  9.030E-05  9.202E-05  8.736E-05  8.618E-05  8.047E-05  6.490E-05  7.268E-05  6.205E-05  5.947E-05
  6.035E-05  6.197E-05  6.679E-05  5.663E-05  5.487E-05  5.891E-05  4.276E-05  4.450E-05  3.911E-05  3.932E-05
  4.098E-05  3.969E-05  3.885E-05  3.645E-05  3.071E-05  4.180E-05  2.535E-05  2.338E-05  2.259E-05  2.495E-05
  2.722E-05  3.032E-05  1.257E-05  1.185E-05  1.059E-05  1.154E-05  1.127E-05  1.124E-05  6.668E-06  7.006E-06
  5.175E-06  5.701E-06  5.694E-06  5.687E-06  5.649E-06  5.599E-06  5.548E-06  5.227E-06  1.045E-05  1.251E-05
  1.207E-05  3.596E-06  2.609E-06  2.608E-06  2.606E-06  2.606E-06  2.606E-06  2.601E-06  2.599E-06  2.613E-06
  1.520E-06  1.340E-06  1.340E-06  1.340E-06  1.339E-06  1.339E-06  1.339E-06  1.341E-06  1.559E-06  4.382E-06
  5.756E-06  1.372E-06  2.989E-07  0.000E+00  0.000E+00  0.000E+00  0.000E+00  0.000E+00  0.000E+00  0.000E+00
  0.000E+00  0.000E+00  0.000E+00  0.000E+00  0.000E+00  0.000E+00  0.000E+00  0.000E+00  0.000E+00  0.000E+00
  0.000E+00  0.000E+00  0.000E+00  0.000E+00  0.000E+00

#------------------------------------------------------------------------------
z: xorg(1.03)
p: xfac[c2*0.05] form[c1/0.05] notc noxt noyt dmin(1)
p: ymin(0) ymax(1) xmin(0) xmax(1) cmin(1) cmax(100) nosp
hc: y= 0.005 to 0.995 by 0.01 ; x= 0.5 to 0.5 by 1 ;
 1  2  3  4  5  6  7  8  9 10 11 12 13 14 15 16 17 18 19 20
21 22 23 24 25 26 27 28 29 30 31 32 33 34 35 36 37 38 39 40
41 42 43 44 45 46 47 48 49 50 51 52 53 54 55 56 57 58 59 60
61 62 63 64 65 66 67 68 69 70 71 72 73 74 75 76 77 78 79 80
81 82 83 84 85 86 87 88 89 90 91 92 93 94 95 96 97 98 99 100
z: xorg(0.0)
p: xfac[c2*0.05] form[c1/0.05] nosp afac[c5*0.625] ymin[c3] ymax[c4]
p: noxt noxn ytxt(-1) ynum(-1) xltd(-1) xstd(-1) itic(1) ylog
y: Dose [Gy/source]      
#------------------------------------------------------------------------------

wt: s(0.7)
\vspace{-3}
  part. &=& neutron 
e:

#------------------------------------------------------------------------------
z: xorg[-1.03/0.05]
p: form[c1] xfac[c2] afac[c5] nosp notf
p: xmin( -15.00000    ) xmax(  35.00000    )
p: ymin(  0.000000    ) ymax(  3.000000    )
 
# Information for Restart Calculation
# This calculation was newly started
# istdev =  2 # 1:Batch variance, 2:History variance
# resc2  = 1.00918122271111685E-06 # Total source weight or Total source weight / maxcas
# resc3  = 1.00000000000000000E+07 # Total history number or Total batch number
# maxcas =     1000000 # History / Batch, only used for istdev=1
# rijklst=  -1.0909668918764960E-250 # Next initial random number
# bitrseed = 1000110000001000111111101100101001110101110010000011011101101000
