[ T-Deposit ]
    title = [t-deposit] in r-z mesh
     mesh =  r-z            # mesh type is r-z scoring mesh
       x0 =   0.000000      # center x-position of r-z mesh
       y0 =   0.000000      # center y-position of r-z mesh
   r-type =    2            # r-mesh is linear given by rmin, rmax and nr
     rmin =   0.000000      # minimum value of r-mesh points
     rmax =   3.000000      # maximum value of r-mesh points
#    rdel =   3.000000      # mesh width of r-mesh points
       nr =      1          # number of r-mesh points
#    data = ( r(i), i = 1, nr + 1 )
#           0.00000E+00  3.00000E+00
   z-type =    2            # z-mesh is linear given by zmin, zmax and nz
     zmin =  -15.00000      # minimum value of z-mesh points
     zmax =   35.00000      # maximum value of z-mesh points
#    zdel =  0.2222222      # mesh width of z-mesh points
       nz =    225          # number of z-mesh points
#    data = ( z(i), i = 1, nz + 1 )
#          -1.50000E+01 -1.47778E+01 -1.45556E+01 -1.43333E+01 -1.41111E+01
#          -1.38889E+01 -1.36667E+01 -1.34444E+01 -1.32222E+01 -1.30000E+01
#          -1.27778E+01 -1.25556E+01 -1.23333E+01 -1.21111E+01 -1.18889E+01
#          -1.16667E+01 -1.14444E+01 -1.12222E+01 -1.10000E+01 -1.07778E+01
#          -1.05556E+01 -1.03333E+01 -1.01111E+01 -9.88889E+00 -9.66667E+00
#          -9.44444E+00 -9.22222E+00 -9.00000E+00 -8.77778E+00 -8.55556E+00
#          -8.33333E+00 -8.11111E+00 -7.88889E+00 -7.66667E+00 -7.44444E+00
#          -7.22222E+00 -7.00000E+00 -6.77778E+00 -6.55556E+00 -6.33333E+00
#          -6.11111E+00 -5.88889E+00 -5.66667E+00 -5.44444E+00 -5.22222E+00
#          -5.00000E+00 -4.77778E+00 -4.55556E+00 -4.33333E+00 -4.11111E+00
#          -3.88889E+00 -3.66667E+00 -3.44444E+00 -3.22222E+00 -3.00000E+00
#          -2.77778E+00 -2.55556E+00 -2.33333E+00 -2.11111E+00 -1.88889E+00
#          -1.66667E+00 -1.44444E+00 -1.22222E+00 -1.00000E+00 -7.77778E-01
#          -5.55556E-01 -3.33333E-01 -1.11111E-01  1.11111E-01  3.33333E-01
#           5.55556E-01  7.77778E-01  1.00000E+00  1.22222E+00  1.44444E+00
#           1.66667E+00  1.88889E+00  2.11111E+00  2.33333E+00  2.55556E+00
#           2.77778E+00  3.00000E+00  3.22222E+00  3.44444E+00  3.66667E+00
#           3.88889E+00  4.11111E+00  4.33333E+00  4.55556E+00  4.77778E+00
#           5.00000E+00  5.22222E+00  5.44444E+00  5.66667E+00  5.88889E+00
#           6.11111E+00  6.33333E+00  6.55556E+00  6.77778E+00  7.00000E+00
#           7.22222E+00  7.44444E+00  7.66667E+00  7.88889E+00  8.11111E+00
#           8.33333E+00  8.55556E+00  8.77778E+00  9.00000E+00  9.22222E+00
#           9.44444E+00  9.66667E+00  9.88889E+00  1.01111E+01  1.03333E+01
#           1.05556E+01  1.07778E+01  1.10000E+01  1.12222E+01  1.14444E+01
#           1.16667E+01  1.18889E+01  1.21111E+01  1.23333E+01  1.25556E+01
#           1.27778E+01  1.30000E+01  1.32222E+01  1.34444E+01  1.36667E+01
#           1.38889E+01  1.41111E+01  1.43333E+01  1.45556E+01  1.47778E+01
#           1.50000E+01  1.52222E+01  1.54444E+01  1.56667E+01  1.58889E+01
#           1.61111E+01  1.63333E+01  1.65556E+01  1.67778E+01  1.70000E+01
#           1.72222E+01  1.74444E+01  1.76667E+01  1.78889E+01  1.81111E+01
#           1.83333E+01  1.85556E+01  1.87778E+01  1.90000E+01  1.92222E+01
#           1.94444E+01  1.96667E+01  1.98889E+01  2.01111E+01  2.03333E+01
#           2.05556E+01  2.07778E+01  2.10000E+01  2.12222E+01  2.14444E+01
#           2.16667E+01  2.18889E+01  2.21111E+01  2.23333E+01  2.25556E+01
#           2.27778E+01  2.30000E+01  2.32222E+01  2.34444E+01  2.36667E+01
#           2.38889E+01  2.41111E+01  2.43333E+01  2.45556E+01  2.47778E+01
#           2.50000E+01  2.52222E+01  2.54444E+01  2.56667E+01  2.58889E+01
#           2.61111E+01  2.63333E+01  2.65556E+01  2.67778E+01  2.70000E+01
#           2.72222E+01  2.74444E+01  2.76667E+01  2.78889E+01  2.81111E+01
#           2.83333E+01  2.85556E+01  2.87778E+01  2.90000E+01  2.92222E+01
#           2.94444E+01  2.96667E+01  2.98889E+01  3.01111E+01  3.03333E+01
#           3.05556E+01  3.07778E+01  3.10000E+01  3.12222E+01  3.14444E+01
#           3.16667E+01  3.18889E+01  3.21111E+01  3.23333E+01  3.25556E+01
#           3.27778E+01  3.30000E+01  3.32222E+01  3.34444E+01  3.36667E+01
#           3.38889E+01  3.41111E+01  3.43333E+01  3.45556E+01  3.47778E+01
#           3.50000E+01
     unit =    0            # unit is [Gy/source]
   letmat =    0            # (D=0) mat ID for LET, 0:real mat, <0: electron for H2O
  dedxfnc =    0            # (D=0) user defined multiplier, 0(no), 1, 2
 material =  all            # (D=all) number of specific material
   output =  dose           # total deposit energy
  deposit =    0            # (D=0) 0-> total deposit dist, 1-> each process
  2D-type =    3            # 1:Cont, 2:Clust, 3:Color, 4:xyz, 5:mat, 6:Clust+Cont, 7:Col+Cont
     axis =    rz           # axis of output
     file = deposit_r_all.out  # file name of output for the above axis
     part =  all        electron   photon     neutron  
# kf/name :  0          11         22         2112     
    gshow =    1            # 0: no 1:bnd, 2:bnd+mat, 3:bnd+reg 4:bnd+lat 5:bmp style
    resol =    1            # (D=1) resolution of gshow or rshow
    width = 0.5000000       # (D=0.5) width of lines for gshow or rshow
   epsout =    1            # (D=0) generate eps file by ANGEL
#    used :        main (  %)        temp (  %)       total (  %)
#  memory :         231 (  0)           0 (  0)         231 (  0)

#------------------------------------------------------------------------------
#newpage:
#   no. =  1   part. = all     

'no. =  1'
msuc: {\huge [t-deposit] in r-z mesh}
msdr: {\it plotted by \ANGEL \version}
msdl: {\it calculated by \PHITS  3.24}

x: z [cm]
y: r [cm]
set: c1[ 0.060] c2[ 3.674] c5[ 0.800] c6[ 0.374] c7[ 0.000] c8[ 6.267]
p: h2fs form[c1] xfac[c2] afac[c5] scal[c6] xorg[c7] yorg[c8] nosp
set: c3[1.0e-4] c4[1.0]
p: cmin[c3] cmax[c4]
p: dmin(1e-31)
p: zlog
p: xmin( -15.00000    ) xmax(  35.00000    )
p: ymin(  0.000000    ) ymax(  3.000000    )
#  nr =   1   nz = 225
# ( ( data(z,r), z = 1, nz ), r = nr, 1, -1 )

hc:  y =   1.500000     to   1.500000     by   3.000000     ; x =  -14.88889     to   34.88889     by  0.2222222     ;
  4.831E-02  3.152E-02  4.257E-02  4.498E-02  3.932E-02  4.264E-02  6.106E-02  3.865E-02  4.849E-02  1.364E-01
  9.632E-02  8.003E-02  8.606E-02  4.812E-02  7.345E-02  7.548E-02  4.980E-02  5.132E-02  3.917E-02  2.613E-02
  2.187E-02  2.980E-02  1.708E-02  2.394E-02  7.540E-02  3.137E-02  3.058E-02  3.431E-02  3.396E-02  7.717E-02
  5.735E-02  4.531E-02  5.383E-02  5.419E-02  2.893E-02  1.964E-02  5.873E-02  4.181E-02  2.823E-02  5.159E-02
  6.273E-02  4.933E-02  7.817E-02  3.330E-02  2.672E-02  2.466E-02  4.428E-02  3.033E-02  2.530E-02  3.073E-02
  2.810E-02  4.621E-02  4.330E-02  5.326E-02  5.599E-02  3.112E-02  3.068E-02  2.272E-02  2.805E-02  2.804E-02
  3.622E-02  3.349E-02  3.082E-02  2.481E-02  3.500E-02  3.833E-02  1.988E-02  2.190E-02  4.165E-02  4.062E-02
  4.117E-02  3.896E-02  3.976E-02  3.988E-02  3.923E-02  4.023E-02  3.985E-02  3.876E-02  4.068E-02  4.118E-02
  4.219E-02  4.020E-02  4.047E-02  4.073E-02  4.379E-02  4.260E-02  4.188E-02  4.238E-02  4.226E-02  4.279E-02
  4.357E-02  4.432E-02  4.473E-02  4.565E-02  4.784E-02  4.664E-02  4.923E-02  5.041E-02  5.174E-02  4.880E-02
  4.931E-02  5.221E-02  5.256E-02  5.268E-02  5.712E-02  5.749E-02  5.753E-02  5.511E-02  5.878E-02  6.029E-02
  6.063E-02  6.331E-02  6.336E-02  6.236E-02  6.431E-02  6.561E-02  6.790E-02  6.686E-02  6.939E-02  6.686E-02
  6.719E-02  7.117E-02  7.568E-02  7.476E-02  7.824E-02  8.028E-02  7.837E-02  8.391E-02  7.875E-02  8.039E-02
  8.559E-02  8.167E-02  8.492E-02  8.585E-02  8.768E-02  8.382E-02  8.894E-02  8.849E-02  8.865E-02  9.787E-02
  9.533E-02  9.467E-02  9.834E-02  9.300E-02  9.965E-02  1.002E-01  1.076E-01  1.161E-01  1.083E-01  1.036E-01
  1.084E-01  1.124E-01  1.132E-01  1.214E-01  1.204E-01  1.138E-01  1.183E-01  1.202E-01  1.190E-01  1.239E-01
  1.298E-01  1.299E-01  1.177E-01  1.321E-01  1.383E-01  1.287E-01  1.383E-01  1.330E-01  1.541E-01  1.460E-01
  1.476E-01  1.286E-01  1.247E-01  1.412E-01  1.511E-01  1.451E-01  1.407E-01  1.645E-01  1.572E-01  1.345E-01
  1.374E-01  1.605E-01  1.507E-01  1.712E-01  1.447E-01  1.605E-01  1.585E-01  1.901E-01  1.751E-01  1.677E-01
  1.781E-01  1.734E-01  1.732E-01  1.821E-01  1.700E-01  1.766E-01  1.924E-01  2.012E-01  1.874E-01  2.049E-01
  1.934E-01  1.939E-01  2.273E-01  0.000E+00  0.000E+00  0.000E+00  0.000E+00  0.000E+00  0.000E+00  0.000E+00
  0.000E+00  0.000E+00  0.000E+00  0.000E+00  0.000E+00  0.000E+00  0.000E+00  0.000E+00  0.000E+00  0.000E+00
  0.000E+00  0.000E+00  0.000E+00  0.000E+00  0.000E+00

#------------------------------------------------------------------------------
z: xorg(1.03)
p: xfac[c2*0.05] form[c1/0.05] notc noxt noyt dmin(1)
p: ymin(0) ymax(1) xmin(0) xmax(1) cmin(1) cmax(100) nosp
hc: y= 0.005 to 0.995 by 0.01 ; x= 0.5 to 0.5 by 1 ;
 1  2  3  4  5  6  7  8  9 10 11 12 13 14 15 16 17 18 19 20
21 22 23 24 25 26 27 28 29 30 31 32 33 34 35 36 37 38 39 40
41 42 43 44 45 46 47 48 49 50 51 52 53 54 55 56 57 58 59 60
61 62 63 64 65 66 67 68 69 70 71 72 73 74 75 76 77 78 79 80
81 82 83 84 85 86 87 88 89 90 91 92 93 94 95 96 97 98 99 100
z: xorg(0.0)
p: xfac[c2*0.05] form[c1/0.05] nosp afac[c5*0.625] ymin[c3] ymax[c4]
p: noxt noxn ytxt(-1) ynum(-1) xltd(-1) xstd(-1) itic(1) ylog
y: Relative Error
#------------------------------------------------------------------------------

wt: s(0.7)
\vspace{-3}
  part. &=& all     
e:

#------------------------------------------------------------------------------
z: xorg[-1.03/0.05]
p: form[c1] xfac[c2] afac[c5] nosp notf
p: xmin( -15.00000    ) xmax(  35.00000    )
p: ymin(  0.000000    ) ymax(  3.000000    )

#------------------------------------------------------------------------------
 newpage:
#   no. =  2   part. = electron

'no. =  2'
msuc: {\huge [t-deposit] in r-z mesh}
msdr: {\it plotted by \ANGEL \version}
msdl: {\it calculated by \PHITS  3.24}

x: z [cm]
y: r [cm]
set: c1[ 0.060] c2[ 3.674] c5[ 0.800] c6[ 0.374] c7[ 0.000] c8[ 6.267]
p: h2fs form[c1] xfac[c2] afac[c5] scal[c6] xorg[c7] yorg[c8] nosp
set: c3[1.0e-4] c4[1.0]
p: cmin[c3] cmax[c4]
p: dmin(1e-31)
p: zlog
p: xmin( -15.00000    ) xmax(  35.00000    )
p: ymin(  0.000000    ) ymax(  3.000000    )
#  nr =   1   nz = 225
# ( ( data(z,r), z = 1, nz ), r = nr, 1, -1 )

hc:  y =   1.500000     to   1.500000     by   3.000000     ; x =  -14.88889     to   34.88889     by  0.2222222     ;
  2.481E-01  1.910E-01  2.238E-01  2.397E-01  2.097E-01  2.212E-01  2.807E-01  2.094E-01  2.327E-01  4.126E-01
  3.399E-01  2.557E-01  2.920E-01  2.034E-01  2.384E-01  2.797E-01  2.138E-01  2.176E-01  2.740E-01  2.102E-01
  1.898E-01  2.098E-01  1.539E-01  2.066E-01  4.511E-01  2.375E-01  2.252E-01  2.315E-01  2.468E-01  3.866E-01
  2.948E-01  2.801E-01  2.656E-01  2.615E-01  2.004E-01  1.509E-01  3.007E-01  2.032E-01  1.709E-01  2.654E-01
  2.731E-01  2.304E-01  3.131E-01  1.944E-01  1.527E-01  1.412E-01  2.439E-01  1.832E-01  1.477E-01  1.572E-01
  1.555E-01  2.175E-01  1.868E-01  2.294E-01  2.875E-01  1.795E-01  1.735E-01  1.291E-01  1.534E-01  1.520E-01
  1.766E-01  1.668E-01  1.607E-01  1.439E-01  1.655E-01  2.161E-01  1.256E-01  7.045E-02  5.520E-02  5.163E-02
  5.061E-02  4.697E-02  4.656E-02  4.620E-02  4.490E-02  4.576E-02  4.519E-02  4.346E-02  4.564E-02  4.641E-02
  4.709E-02  4.425E-02  4.388E-02  4.423E-02  4.754E-02  4.633E-02  4.540E-02  4.544E-02  4.528E-02  4.602E-02
  4.646E-02  4.727E-02  4.776E-02  4.881E-02  5.091E-02  4.940E-02  5.239E-02  5.350E-02  5.512E-02  5.166E-02
  5.204E-02  5.550E-02  5.571E-02  5.588E-02  6.057E-02  6.098E-02  6.116E-02  5.833E-02  6.175E-02  6.336E-02
  6.410E-02  6.715E-02  6.721E-02  6.583E-02  6.760E-02  6.906E-02  7.139E-02  7.004E-02  7.284E-02  7.019E-02
  7.033E-02  7.516E-02  7.964E-02  7.795E-02  8.184E-02  8.438E-02  8.216E-02  8.817E-02  8.277E-02  8.445E-02
  9.010E-02  8.627E-02  8.958E-02  9.108E-02  9.249E-02  8.771E-02  9.329E-02  9.287E-02  9.257E-02  1.018E-01
  1.002E-01  9.963E-02  1.032E-01  9.673E-02  1.045E-01  1.047E-01  1.118E-01  1.219E-01  1.125E-01  1.079E-01
  1.129E-01  1.179E-01  1.177E-01  1.268E-01  1.247E-01  1.184E-01  1.227E-01  1.237E-01  1.219E-01  1.277E-01
  1.337E-01  1.336E-01  1.198E-01  1.343E-01  1.406E-01  1.309E-01  1.408E-01  1.350E-01  1.557E-01  1.474E-01
  1.488E-01  1.294E-01  1.256E-01  1.426E-01  1.526E-01  1.467E-01  1.420E-01  1.663E-01  1.612E-01  1.366E-01
  1.395E-01  1.614E-01  1.514E-01  1.720E-01  1.454E-01  1.614E-01  1.595E-01  1.913E-01  1.761E-01  1.685E-01
  1.786E-01  1.739E-01  1.738E-01  1.827E-01  1.706E-01  1.772E-01  1.932E-01  2.020E-01  1.881E-01  2.072E-01
  1.965E-01  1.946E-01  2.277E-01  0.000E+00  0.000E+00  0.000E+00  0.000E+00  0.000E+00  0.000E+00  0.000E+00
  0.000E+00  0.000E+00  0.000E+00  0.000E+00  0.000E+00  0.000E+00  0.000E+00  0.000E+00  0.000E+00  0.000E+00
  0.000E+00  0.000E+00  0.000E+00  0.000E+00  0.000E+00

#------------------------------------------------------------------------------
z: xorg(1.03)
p: xfac[c2*0.05] form[c1/0.05] notc noxt noyt dmin(1)
p: ymin(0) ymax(1) xmin(0) xmax(1) cmin(1) cmax(100) nosp
hc: y= 0.005 to 0.995 by 0.01 ; x= 0.5 to 0.5 by 1 ;
 1  2  3  4  5  6  7  8  9 10 11 12 13 14 15 16 17 18 19 20
21 22 23 24 25 26 27 28 29 30 31 32 33 34 35 36 37 38 39 40
41 42 43 44 45 46 47 48 49 50 51 52 53 54 55 56 57 58 59 60
61 62 63 64 65 66 67 68 69 70 71 72 73 74 75 76 77 78 79 80
81 82 83 84 85 86 87 88 89 90 91 92 93 94 95 96 97 98 99 100
z: xorg(0.0)
p: xfac[c2*0.05] form[c1/0.05] nosp afac[c5*0.625] ymin[c3] ymax[c4]
p: noxt noxn ytxt(-1) ynum(-1) xltd(-1) xstd(-1) itic(1) ylog
y: Relative Error
#------------------------------------------------------------------------------

wt: s(0.7)
\vspace{-3}
  part. &=& electron
e:

#------------------------------------------------------------------------------
z: xorg[-1.03/0.05]
p: form[c1] xfac[c2] afac[c5] nosp notf
p: xmin( -15.00000    ) xmax(  35.00000    )
p: ymin(  0.000000    ) ymax(  3.000000    )

#------------------------------------------------------------------------------
 newpage:
#   no. =  3   part. = photon  

'no. =  3'
msuc: {\huge [t-deposit] in r-z mesh}
msdr: {\it plotted by \ANGEL \version}
msdl: {\it calculated by \PHITS  3.24}

x: z [cm]
y: r [cm]
set: c1[ 0.060] c2[ 3.674] c5[ 0.800] c6[ 0.374] c7[ 0.000] c8[ 6.267]
p: h2fs form[c1] xfac[c2] afac[c5] scal[c6] xorg[c7] yorg[c8] nosp
set: c3[1.0e-4] c4[1.0]
p: cmin[c3] cmax[c4]
p: dmin(1e-31)
p: zlog
p: xmin( -15.00000    ) xmax(  35.00000    )
p: ymin(  0.000000    ) ymax(  3.000000    )
#  nr =   1   nz = 225
# ( ( data(z,r), z = 1, nz ), r = nr, 1, -1 )

hc:  y =   1.500000     to   1.500000     by   3.000000     ; x =  -14.88889     to   34.88889     by  0.2222222     ;
  0.000E+00  0.000E+00  0.000E+00  0.000E+00  0.000E+00  0.000E+00  0.000E+00  0.000E+00  0.000E+00  0.000E+00
  0.000E+00  0.000E+00  0.000E+00  0.000E+00  0.000E+00  0.000E+00  0.000E+00  0.000E+00  0.000E+00  0.000E+00
  0.000E+00  0.000E+00  0.000E+00  0.000E+00  0.000E+00  0.000E+00  0.000E+00  0.000E+00  0.000E+00  0.000E+00
  0.000E+00  0.000E+00  0.000E+00  0.000E+00  0.000E+00  0.000E+00  0.000E+00  0.000E+00  0.000E+00  0.000E+00
  0.000E+00  0.000E+00  0.000E+00  0.000E+00  0.000E+00  0.000E+00  0.000E+00  0.000E+00  0.000E+00  0.000E+00
  0.000E+00  0.000E+00  0.000E+00  0.000E+00  0.000E+00  0.000E+00  0.000E+00  0.000E+00  0.000E+00  0.000E+00
  0.000E+00  0.000E+00  0.000E+00  0.000E+00  0.000E+00  0.000E+00  0.000E+00  0.000E+00  0.000E+00  0.000E+00
  0.000E+00  0.000E+00  0.000E+00  0.000E+00  0.000E+00  0.000E+00  7.080E-01  0.000E+00  0.000E+00  8.874E-01
  0.000E+00  1.000E+00  0.000E+00  0.000E+00  0.000E+00  0.000E+00  0.000E+00  0.000E+00  1.000E+00  1.000E+00
  0.000E+00  0.000E+00  0.000E+00  0.000E+00  0.000E+00  0.000E+00  0.000E+00  0.000E+00  0.000E+00  1.000E+00
  0.000E+00  0.000E+00  0.000E+00  0.000E+00  1.000E+00  1.000E+00  0.000E+00  0.000E+00  0.000E+00  0.000E+00
  1.000E+00  0.000E+00  0.000E+00  0.000E+00  8.896E-01  0.000E+00  0.000E+00  0.000E+00  0.000E+00  0.000E+00
  1.000E+00  0.000E+00  0.000E+00  0.000E+00  0.000E+00  0.000E+00  0.000E+00  1.000E+00  7.089E-01  1.000E+00
  0.000E+00  0.000E+00  0.000E+00  0.000E+00  0.000E+00  0.000E+00  0.000E+00  0.000E+00  0.000E+00  0.000E+00
  7.895E-01  0.000E+00  0.000E+00  0.000E+00  0.000E+00  0.000E+00  0.000E+00  0.000E+00  0.000E+00  1.000E+00
  1.000E+00  1.000E+00  0.000E+00  0.000E+00  0.000E+00  1.000E+00  0.000E+00  0.000E+00  0.000E+00  0.000E+00
  1.000E+00  0.000E+00  7.356E-01  0.000E+00  7.071E-01  0.000E+00  0.000E+00  0.000E+00  0.000E+00  0.000E+00
  0.000E+00  0.000E+00  0.000E+00  0.000E+00  0.000E+00  1.000E+00  0.000E+00  0.000E+00  0.000E+00  0.000E+00
  0.000E+00  0.000E+00  0.000E+00  0.000E+00  0.000E+00  0.000E+00  0.000E+00  0.000E+00  0.000E+00  0.000E+00
  0.000E+00  0.000E+00  0.000E+00  0.000E+00  0.000E+00  0.000E+00  0.000E+00  0.000E+00  0.000E+00  0.000E+00
  0.000E+00  0.000E+00  0.000E+00  0.000E+00  0.000E+00  0.000E+00  0.000E+00  0.000E+00  0.000E+00  0.000E+00
  0.000E+00  0.000E+00  0.000E+00  0.000E+00  0.000E+00  0.000E+00  0.000E+00  0.000E+00  0.000E+00  0.000E+00
  0.000E+00  0.000E+00  0.000E+00  0.000E+00  0.000E+00

#------------------------------------------------------------------------------
z: xorg(1.03)
p: xfac[c2*0.05] form[c1/0.05] notc noxt noyt dmin(1)
p: ymin(0) ymax(1) xmin(0) xmax(1) cmin(1) cmax(100) nosp
hc: y= 0.005 to 0.995 by 0.01 ; x= 0.5 to 0.5 by 1 ;
 1  2  3  4  5  6  7  8  9 10 11 12 13 14 15 16 17 18 19 20
21 22 23 24 25 26 27 28 29 30 31 32 33 34 35 36 37 38 39 40
41 42 43 44 45 46 47 48 49 50 51 52 53 54 55 56 57 58 59 60
61 62 63 64 65 66 67 68 69 70 71 72 73 74 75 76 77 78 79 80
81 82 83 84 85 86 87 88 89 90 91 92 93 94 95 96 97 98 99 100
z: xorg(0.0)
p: xfac[c2*0.05] form[c1/0.05] nosp afac[c5*0.625] ymin[c3] ymax[c4]
p: noxt noxn ytxt(-1) ynum(-1) xltd(-1) xstd(-1) itic(1) ylog
y: Relative Error
#------------------------------------------------------------------------------

wt: s(0.7)
\vspace{-3}
  part. &=& photon  
e:

#------------------------------------------------------------------------------
z: xorg[-1.03/0.05]
p: form[c1] xfac[c2] afac[c5] nosp notf
p: xmin( -15.00000    ) xmax(  35.00000    )
p: ymin(  0.000000    ) ymax(  3.000000    )

#------------------------------------------------------------------------------
 newpage:
#   no. =  4   part. = neutron 

'no. =  4'
msuc: {\huge [t-deposit] in r-z mesh}
msdr: {\it plotted by \ANGEL \version}
msdl: {\it calculated by \PHITS  3.24}

x: z [cm]
y: r [cm]
set: c1[ 0.060] c2[ 3.674] c5[ 0.800] c6[ 0.374] c7[ 0.000] c8[ 6.267]
p: h2fs form[c1] xfac[c2] afac[c5] scal[c6] xorg[c7] yorg[c8] nosp
set: c3[1.0e-4] c4[1.0]
p: cmin[c3] cmax[c4]
p: dmin(1e-31)
p: zlog
p: xmin( -15.00000    ) xmax(  35.00000    )
p: ymin(  0.000000    ) ymax(  3.000000    )
#  nr =   1   nz = 225
# ( ( data(z,r), z = 1, nz ), r = nr, 1, -1 )

hc:  y =   1.500000     to   1.500000     by   3.000000     ; x =  -14.88889     to   34.88889     by  0.2222222     ;
  1.039E-02  1.044E-02  1.050E-02  1.055E-02  1.054E-02  1.043E-02  1.033E-02  1.045E-02  1.075E-02  1.075E-02
  1.068E-02  1.061E-02  1.063E-02  1.061E-02  1.056E-02  1.070E-02  1.065E-02  1.050E-02  7.382E-03  6.855E-03
  7.062E-03  8.121E-03  7.729E-03  7.602E-03  7.834E-03  8.161E-03  8.091E-03  8.078E-03  9.066E-03  8.210E-03
  7.619E-03  7.531E-03  7.778E-03  7.805E-03  7.771E-03  7.868E-03  7.309E-03  7.137E-03  7.315E-03  6.878E-03
  7.399E-03  7.383E-03  6.525E-03  6.571E-03  6.716E-03  6.537E-03  6.508E-03  6.338E-03  6.180E-03  5.871E-03
  5.880E-03  6.017E-03  5.821E-03  5.749E-03  5.680E-03  5.594E-03  5.647E-03  5.577E-03  5.428E-03  5.685E-03
  5.632E-03  5.470E-03  5.541E-03  5.559E-03  5.616E-03  5.854E-03  5.862E-03  6.580E-03  2.446E-02  2.714E-02
  2.671E-02  2.783E-02  3.041E-02  2.972E-02  3.239E-02  3.353E-02  3.670E-02  3.453E-02  3.769E-02  3.931E-02
  3.862E-02  4.497E-02  4.455E-02  5.069E-02  4.878E-02  5.287E-02  5.254E-02  5.474E-02  5.779E-02  5.661E-02
  5.750E-02  5.844E-02  7.305E-02  6.433E-02  6.622E-02  6.670E-02  6.855E-02  6.915E-02  7.380E-02  7.616E-02
  8.359E-02  8.646E-02  8.664E-02  8.646E-02  9.302E-02  9.648E-02  9.814E-02  9.698E-02  9.690E-02  9.806E-02
  9.832E-02  1.018E-01  1.017E-01  1.168E-01  1.260E-01  1.115E-01  1.146E-01  1.202E-01  1.217E-01  1.690E-01
  1.367E-01  1.458E-01  1.363E-01  1.318E-01  1.337E-01  1.349E-01  1.397E-01  1.370E-01  1.390E-01  1.444E-01
  1.522E-01  1.461E-01  1.729E-01  1.673E-01  1.584E-01  1.733E-01  1.753E-01  1.879E-01  1.774E-01  1.824E-01
  1.796E-01  1.793E-01  2.153E-01  1.933E-01  2.013E-01  2.388E-01  2.293E-01  2.261E-01  2.285E-01  2.295E-01
  2.260E-01  2.328E-01  2.386E-01  2.417E-01  2.446E-01  3.939E-01  2.946E-01  3.115E-01  3.188E-01  3.316E-01
  3.471E-01  5.451E-01  4.749E-01  5.012E-01  5.415E-01  5.096E-01  5.202E-01  5.202E-01  5.671E-01  5.428E-01
  5.846E-01  5.704E-01  5.710E-01  5.717E-01  5.755E-01  5.801E-01  5.850E-01  5.981E-01  5.896E-01  6.409E-01
  6.538E-01  5.803E-01  7.038E-01  7.041E-01  7.044E-01  7.044E-01  7.045E-01  7.057E-01  7.064E-01  7.063E-01
  8.882E-01  9.988E-01  9.988E-01  9.987E-01  9.993E-01  9.993E-01  9.992E-01  9.978E-01  8.691E-01  7.573E-01
  8.019E-01  9.753E-01  9.443E-01  0.000E+00  0.000E+00  0.000E+00  0.000E+00  0.000E+00  0.000E+00  0.000E+00
  0.000E+00  0.000E+00  0.000E+00  0.000E+00  0.000E+00  0.000E+00  0.000E+00  0.000E+00  0.000E+00  0.000E+00
  0.000E+00  0.000E+00  0.000E+00  0.000E+00  0.000E+00

#------------------------------------------------------------------------------
z: xorg(1.03)
p: xfac[c2*0.05] form[c1/0.05] notc noxt noyt dmin(1)
p: ymin(0) ymax(1) xmin(0) xmax(1) cmin(1) cmax(100) nosp
hc: y= 0.005 to 0.995 by 0.01 ; x= 0.5 to 0.5 by 1 ;
 1  2  3  4  5  6  7  8  9 10 11 12 13 14 15 16 17 18 19 20
21 22 23 24 25 26 27 28 29 30 31 32 33 34 35 36 37 38 39 40
41 42 43 44 45 46 47 48 49 50 51 52 53 54 55 56 57 58 59 60
61 62 63 64 65 66 67 68 69 70 71 72 73 74 75 76 77 78 79 80
81 82 83 84 85 86 87 88 89 90 91 92 93 94 95 96 97 98 99 100
z: xorg(0.0)
p: xfac[c2*0.05] form[c1/0.05] nosp afac[c5*0.625] ymin[c3] ymax[c4]
p: noxt noxn ytxt(-1) ynum(-1) xltd(-1) xstd(-1) itic(1) ylog
y: Relative Error
#------------------------------------------------------------------------------

wt: s(0.7)
\vspace{-3}
  part. &=& neutron 
e:

#------------------------------------------------------------------------------
z: xorg[-1.03/0.05]
p: form[c1] xfac[c2] afac[c5] nosp notf
p: xmin( -15.00000    ) xmax(  35.00000    )
p: ymin(  0.000000    ) ymax(  3.000000    )
 
# Information for Restart Calculation
# This calculation was newly started
# istdev =  2 # 1:Batch variance, 2:History variance
# resc2  = 1.00918122271111685E-06 # Total source weight or Total source weight / maxcas
# resc3  = 1.00000000000000000E+07 # Total history number or Total batch number
# maxcas =     1000000 # History / Batch, only used for istdev=1
# rijklst=  -1.0909668918764960E-250 # Next initial random number
# bitrseed = 1000110000001000111111101100101001110101110010000011011101101000
