[ T-Deposit ]
    title = [t-deposit] in r-z mesh
     mesh =  r-z            # mesh type is r-z scoring mesh
       x0 =   0.000000      # center x-position of r-z mesh
       y0 =   0.000000      # center y-position of r-z mesh
   r-type =    2            # r-mesh is linear given by rmin, rmax and nr
     rmin =   0.000000      # minimum value of r-mesh points
     rmax =   3.000000      # maximum value of r-mesh points
#    rdel =   3.000000      # mesh width of r-mesh points
       nr =      1          # number of r-mesh points
#    data = ( r(i), i = 1, nr + 1 )
#           0.00000E+00  3.00000E+00
   z-type =    2            # z-mesh is linear given by zmin, zmax and nz
     zmin =  -15.00000      # minimum value of z-mesh points
     zmax =   35.00000      # maximum value of z-mesh points
#    zdel =  0.2222222      # mesh width of z-mesh points
       nz =    225          # number of z-mesh points
#    data = ( z(i), i = 1, nz + 1 )
#          -1.50000E+01 -1.47778E+01 -1.45556E+01 -1.43333E+01 -1.41111E+01
#          -1.38889E+01 -1.36667E+01 -1.34444E+01 -1.32222E+01 -1.30000E+01
#          -1.27778E+01 -1.25556E+01 -1.23333E+01 -1.21111E+01 -1.18889E+01
#          -1.16667E+01 -1.14444E+01 -1.12222E+01 -1.10000E+01 -1.07778E+01
#          -1.05556E+01 -1.03333E+01 -1.01111E+01 -9.88889E+00 -9.66667E+00
#          -9.44444E+00 -9.22222E+00 -9.00000E+00 -8.77778E+00 -8.55556E+00
#          -8.33333E+00 -8.11111E+00 -7.88889E+00 -7.66667E+00 -7.44444E+00
#          -7.22222E+00 -7.00000E+00 -6.77778E+00 -6.55556E+00 -6.33333E+00
#          -6.11111E+00 -5.88889E+00 -5.66667E+00 -5.44444E+00 -5.22222E+00
#          -5.00000E+00 -4.77778E+00 -4.55556E+00 -4.33333E+00 -4.11111E+00
#          -3.88889E+00 -3.66667E+00 -3.44444E+00 -3.22222E+00 -3.00000E+00
#          -2.77778E+00 -2.55556E+00 -2.33333E+00 -2.11111E+00 -1.88889E+00
#          -1.66667E+00 -1.44444E+00 -1.22222E+00 -1.00000E+00 -7.77778E-01
#          -5.55556E-01 -3.33333E-01 -1.11111E-01  1.11111E-01  3.33333E-01
#           5.55556E-01  7.77778E-01  1.00000E+00  1.22222E+00  1.44444E+00
#           1.66667E+00  1.88889E+00  2.11111E+00  2.33333E+00  2.55556E+00
#           2.77778E+00  3.00000E+00  3.22222E+00  3.44444E+00  3.66667E+00
#           3.88889E+00  4.11111E+00  4.33333E+00  4.55556E+00  4.77778E+00
#           5.00000E+00  5.22222E+00  5.44444E+00  5.66667E+00  5.88889E+00
#           6.11111E+00  6.33333E+00  6.55556E+00  6.77778E+00  7.00000E+00
#           7.22222E+00  7.44444E+00  7.66667E+00  7.88889E+00  8.11111E+00
#           8.33333E+00  8.55556E+00  8.77778E+00  9.00000E+00  9.22222E+00
#           9.44444E+00  9.66667E+00  9.88889E+00  1.01111E+01  1.03333E+01
#           1.05556E+01  1.07778E+01  1.10000E+01  1.12222E+01  1.14444E+01
#           1.16667E+01  1.18889E+01  1.21111E+01  1.23333E+01  1.25556E+01
#           1.27778E+01  1.30000E+01  1.32222E+01  1.34444E+01  1.36667E+01
#           1.38889E+01  1.41111E+01  1.43333E+01  1.45556E+01  1.47778E+01
#           1.50000E+01  1.52222E+01  1.54444E+01  1.56667E+01  1.58889E+01
#           1.61111E+01  1.63333E+01  1.65556E+01  1.67778E+01  1.70000E+01
#           1.72222E+01  1.74444E+01  1.76667E+01  1.78889E+01  1.81111E+01
#           1.83333E+01  1.85556E+01  1.87778E+01  1.90000E+01  1.92222E+01
#           1.94444E+01  1.96667E+01  1.98889E+01  2.01111E+01  2.03333E+01
#           2.05556E+01  2.07778E+01  2.10000E+01  2.12222E+01  2.14444E+01
#           2.16667E+01  2.18889E+01  2.21111E+01  2.23333E+01  2.25556E+01
#           2.27778E+01  2.30000E+01  2.32222E+01  2.34444E+01  2.36667E+01
#           2.38889E+01  2.41111E+01  2.43333E+01  2.45556E+01  2.47778E+01
#           2.50000E+01  2.52222E+01  2.54444E+01  2.56667E+01  2.58889E+01
#           2.61111E+01  2.63333E+01  2.65556E+01  2.67778E+01  2.70000E+01
#           2.72222E+01  2.74444E+01  2.76667E+01  2.78889E+01  2.81111E+01
#           2.83333E+01  2.85556E+01  2.87778E+01  2.90000E+01  2.92222E+01
#           2.94444E+01  2.96667E+01  2.98889E+01  3.01111E+01  3.03333E+01
#           3.05556E+01  3.07778E+01  3.10000E+01  3.12222E+01  3.14444E+01
#           3.16667E+01  3.18889E+01  3.21111E+01  3.23333E+01  3.25556E+01
#           3.27778E+01  3.30000E+01  3.32222E+01  3.34444E+01  3.36667E+01
#           3.38889E+01  3.41111E+01  3.43333E+01  3.45556E+01  3.47778E+01
#           3.50000E+01
     unit =    0            # unit is [Gy/source]
   letmat =    0            # (D=0) mat ID for LET, 0:real mat, <0: electron for H2O
  dedxfnc =    0            # (D=0) user defined multiplier, 0(no), 1, 2
 material =  all            # (D=all) number of specific material
   output =  dose           # total deposit energy
  deposit =    0            # (D=0) 0-> total deposit dist, 1-> each process
  2D-type =    3            # 1:Cont, 2:Clust, 3:Color, 4:xyz, 5:mat, 6:Clust+Cont, 7:Col+Cont
     axis =    rz           # axis of output
     file = deposit_r_all.out  # file name of output for the above axis
     part =  all        electron   photon     neutron  
# kf/name :  0          11         22         2112     
    gshow =    1            # 0: no 1:bnd, 2:bnd+mat, 3:bnd+reg 4:bnd+lat 5:bmp style
    resol =    1            # (D=1) resolution of gshow or rshow
    width = 0.5000000       # (D=0.5) width of lines for gshow or rshow
   epsout =    1            # (D=0) generate eps file by ANGEL
#    used :        main (  %)        temp (  %)       total (  %)
#  memory :         231 (  0)           0 (  0)         231 (  0)

#------------------------------------------------------------------------------
#newpage:
#   no. =  1   part. = all     

'no. =  1'
msuc: {\huge [t-deposit] in r-z mesh}
msdr: {\it plotted by \ANGEL \version}
msdl: {\it calculated by \PHITS  3.24}

x: z [cm]
y: r [cm]
set: c1[ 0.060] c2[ 3.674] c5[ 0.800] c6[ 0.374] c7[ 0.000] c8[ 6.267]
p: h2fs form[c1] xfac[c2] afac[c5] scal[c6] xorg[c7] yorg[c8] nosp
set: c3[   1.978184E-10] c4[   1.130640E-02]
p: cmin[c3] cmax[c4]
p: dmin(1e-31)
p: zlog
p: xmin( -15.00000    ) xmax(  35.00000    )
p: ymin(  0.000000    ) ymax(  3.000000    )
#  nr =   1   nz = 225
# ( ( data(z,r), z = 1, nz ), r = nr, 1, -1 )

hc:  y =   1.500000     to   1.500000     by   3.000000     ; x =  -14.88889     to   34.88889     by  0.2222222     ;
  2.225E-03  2.313E-03  2.313E-03  2.379E-03  2.385E-03  2.457E-03  2.488E-03  2.489E-03  2.455E-03  2.592E-03
  2.606E-03  2.679E-03  2.762E-03  2.741E-03  2.735E-03  2.935E-03  2.764E-03  2.835E-03  5.342E-03  5.006E-03
  4.896E-03  4.846E-03  4.825E-03  4.841E-03  4.841E-03  4.889E-03  4.833E-03  4.933E-03  5.274E-03  5.427E-03
  5.300E-03  5.434E-03  5.433E-03  5.505E-03  5.614E-03  5.960E-03  5.826E-03  5.918E-03  6.024E-03  6.137E-03
  6.389E-03  6.368E-03  6.640E-03  6.547E-03  6.561E-03  6.594E-03  6.906E-03  7.048E-03  7.182E-03  7.260E-03
  7.535E-03  7.740E-03  7.837E-03  8.228E-03  8.342E-03  8.554E-03  8.731E-03  8.858E-03  9.034E-03  9.426E-03
  9.598E-03  1.015E-02  1.012E-02  1.048E-02  1.078E-02  1.117E-02  1.131E-02  8.407E-03  5.762E-03  6.161E-03
  6.211E-03  6.351E-03  6.514E-03  6.573E-03  6.487E-03  6.539E-03  6.370E-03  6.317E-03  6.325E-03  6.375E-03
  6.271E-03  6.191E-03  6.001E-03  5.721E-03  5.757E-03  5.542E-03  5.466E-03  5.303E-03  5.099E-03  4.918E-03
  4.805E-03  4.577E-03  4.389E-03  4.247E-03  4.254E-03  3.969E-03  3.910E-03  3.749E-03  3.631E-03  3.398E-03
  3.362E-03  3.193E-03  3.176E-03  3.118E-03  2.934E-03  2.849E-03  2.803E-03  2.599E-03  2.504E-03  2.487E-03
  2.348E-03  2.276E-03  2.094E-03  2.100E-03  2.101E-03  2.067E-03  1.895E-03  1.872E-03  1.827E-03  1.781E-03
  1.751E-03  1.674E-03  1.647E-03  1.520E-03  1.520E-03  1.428E-03  1.382E-03  1.406E-03  1.298E-03  1.303E-03
  1.262E-03  1.227E-03  1.199E-03  1.191E-03  1.172E-03  1.099E-03  1.074E-03  1.066E-03  1.028E-03  9.971E-04
  9.732E-04  9.617E-04  9.542E-04  9.501E-04  9.093E-04  9.043E-04  8.686E-04  8.166E-04  8.000E-04  7.911E-04
  7.800E-04  7.271E-04  6.957E-04  7.232E-04  6.721E-04  6.579E-04  6.917E-04  6.583E-04  6.557E-04  6.564E-04
  6.397E-04  6.006E-04  6.108E-04  5.817E-04  5.525E-04  5.449E-04  5.780E-04  5.767E-04  4.945E-04  5.697E-04
  5.243E-04  5.451E-04  5.290E-04  5.014E-04  4.938E-04  5.202E-04  4.990E-04  4.577E-04  4.370E-04  4.805E-04
  4.746E-04  4.699E-04  5.303E-04  4.419E-04  4.174E-04  4.368E-04  3.968E-04  3.787E-04  3.884E-04  3.812E-04
  3.921E-04  3.444E-04  3.231E-04  3.238E-04  3.056E-04  3.610E-04  3.243E-04  3.366E-04  3.397E-04  3.274E-04
  2.945E-04  2.898E-04  1.526E-04  0.000E+00  0.000E+00  0.000E+00  0.000E+00  0.000E+00  0.000E+00  0.000E+00
  0.000E+00  0.000E+00  0.000E+00  0.000E+00  0.000E+00  0.000E+00  0.000E+00  0.000E+00  0.000E+00  0.000E+00
  0.000E+00  0.000E+00  0.000E+00  0.000E+00  0.000E+00

#------------------------------------------------------------------------------
z: xorg(1.03)
p: xfac[c2*0.05] form[c1/0.05] notc noxt noyt dmin(1)
p: ymin(0) ymax(1) xmin(0) xmax(1) cmin(1) cmax(100) nosp
hc: y= 0.005 to 0.995 by 0.01 ; x= 0.5 to 0.5 by 1 ;
 1  2  3  4  5  6  7  8  9 10 11 12 13 14 15 16 17 18 19 20
21 22 23 24 25 26 27 28 29 30 31 32 33 34 35 36 37 38 39 40
41 42 43 44 45 46 47 48 49 50 51 52 53 54 55 56 57 58 59 60
61 62 63 64 65 66 67 68 69 70 71 72 73 74 75 76 77 78 79 80
81 82 83 84 85 86 87 88 89 90 91 92 93 94 95 96 97 98 99 100
z: xorg(0.0)
p: xfac[c2*0.05] form[c1/0.05] nosp afac[c5*0.625] ymin[c3] ymax[c4]
p: noxt noxn ytxt(-1) ynum(-1) xltd(-1) xstd(-1) itic(1) ylog
y: Dose [Gy/source]      
#------------------------------------------------------------------------------

wt: s(0.7)
\vspace{-3}
  part. &=& all     
e:

#------------------------------------------------------------------------------
z: xorg[-1.03/0.05]
p: form[c1] xfac[c2] afac[c5] nosp notf
p: xmin( -15.00000    ) xmax(  35.00000    )
p: ymin(  0.000000    ) ymax(  3.000000    )

#------------------------------------------------------------------------------
 newpage:
#   no. =  2   part. = electron

'no. =  2'
msuc: {\huge [t-deposit] in r-z mesh}
msdr: {\it plotted by \ANGEL \version}
msdl: {\it calculated by \PHITS  3.24}

x: z [cm]
y: r [cm]
set: c1[ 0.060] c2[ 3.674] c5[ 0.800] c6[ 0.374] c7[ 0.000] c8[ 6.267]
p: h2fs form[c1] xfac[c2] afac[c5] scal[c6] xorg[c7] yorg[c8] nosp
set: c3[   1.978184E-10] c4[   1.130640E-02]
p: cmin[c3] cmax[c4]
p: dmin(1e-31)
p: zlog
p: xmin( -15.00000    ) xmax(  35.00000    )
p: ymin(  0.000000    ) ymax(  3.000000    )
#  nr =   1   nz = 225
# ( ( data(z,r), z = 1, nz ), r = nr, 1, -1 )

hc:  y =   1.500000     to   1.500000     by   3.000000     ; x =  -14.88889     to   34.88889     by  0.2222222     ;
  4.283E-04  4.979E-04  4.797E-04  5.288E-04  5.157E-04  5.690E-04  5.816E-04  5.667E-04  5.121E-04  6.253E-04
  6.177E-04  6.830E-04  7.541E-04  7.183E-04  6.869E-04  8.668E-04  6.826E-04  7.341E-04  9.977E-04  8.850E-04
  8.634E-04  8.431E-04  8.375E-04  8.358E-04  8.433E-04  8.814E-04  8.069E-04  8.704E-04  1.151E-03  1.255E-03
  1.078E-03  1.160E-03  1.094E-03  1.102E-03  1.145E-03  1.424E-03  1.239E-03  1.259E-03  1.291E-03  1.338E-03
  1.523E-03  1.435E-03  1.613E-03  1.436E-03  1.376E-03  1.320E-03  1.532E-03  1.573E-03  1.608E-03  1.579E-03
  1.723E-03  1.807E-03  1.753E-03  2.001E-03  1.961E-03  2.016E-03  2.038E-03  1.969E-03  1.965E-03  2.144E-03
  2.102E-03  2.435E-03  2.161E-03  2.278E-03  2.311E-03  2.468E-03  2.325E-03  2.958E-03  4.128E-03  4.601E-03
  4.751E-03  4.979E-03  5.217E-03  5.358E-03  5.347E-03  5.470E-03  5.367E-03  5.371E-03  5.441E-03  5.550E-03
  5.497E-03  5.466E-03  5.310E-03  5.077E-03  5.143E-03  4.968E-03  4.934E-03  4.797E-03  4.621E-03  4.462E-03
  4.368E-03  4.162E-03  3.990E-03  3.876E-03  3.907E-03  3.647E-03  3.590E-03  3.441E-03  3.348E-03  3.130E-03
  3.102E-03  2.946E-03  2.945E-03  2.897E-03  2.721E-03  2.647E-03  2.611E-03  2.418E-03  2.336E-03  2.330E-03
  2.187E-03  2.129E-03  1.955E-03  1.964E-03  1.969E-03  1.940E-03  1.779E-03  1.762E-03  1.715E-03  1.675E-03
  1.654E-03  1.583E-03  1.558E-03  1.434E-03  1.438E-03  1.345E-03  1.302E-03  1.327E-03  1.225E-03  1.232E-03
  1.195E-03  1.161E-03  1.137E-03  1.134E-03  1.112E-03  1.041E-03  1.024E-03  1.015E-03  9.790E-04  9.506E-04
  9.267E-04  9.199E-04  9.135E-04  9.108E-04  8.643E-04  8.623E-04  8.268E-04  7.767E-04  7.679E-04  7.600E-04
  7.509E-04  6.983E-04  6.675E-04  6.970E-04  6.490E-04  6.310E-04  6.623E-04  6.341E-04  6.305E-04  6.328E-04
  6.157E-04  5.787E-04  5.860E-04  5.605E-04  5.338E-04  5.260E-04  5.586E-04  5.600E-04  4.778E-04  5.491E-04
  5.068E-04  5.288E-04  5.141E-04  4.866E-04  4.768E-04  5.048E-04  4.814E-04  4.415E-04  4.212E-04  4.660E-04
  4.623E-04  4.594E-04  5.204E-04  4.311E-04  4.070E-04  4.271E-04  3.858E-04  3.711E-04  3.799E-04  3.749E-04
  3.838E-04  3.379E-04  3.168E-04  3.171E-04  2.996E-04  3.551E-04  3.167E-04  3.289E-04  3.317E-04  3.187E-04
  2.881E-04  2.849E-04  1.502E-04  0.000E+00  0.000E+00  0.000E+00  0.000E+00  0.000E+00  0.000E+00  0.000E+00
  0.000E+00  0.000E+00  0.000E+00  0.000E+00  0.000E+00  0.000E+00  0.000E+00  0.000E+00  0.000E+00  0.000E+00
  0.000E+00  0.000E+00  0.000E+00  0.000E+00  0.000E+00

#------------------------------------------------------------------------------
z: xorg(1.03)
p: xfac[c2*0.05] form[c1/0.05] notc noxt noyt dmin(1)
p: ymin(0) ymax(1) xmin(0) xmax(1) cmin(1) cmax(100) nosp
hc: y= 0.005 to 0.995 by 0.01 ; x= 0.5 to 0.5 by 1 ;
 1  2  3  4  5  6  7  8  9 10 11 12 13 14 15 16 17 18 19 20
21 22 23 24 25 26 27 28 29 30 31 32 33 34 35 36 37 38 39 40
41 42 43 44 45 46 47 48 49 50 51 52 53 54 55 56 57 58 59 60
61 62 63 64 65 66 67 68 69 70 71 72 73 74 75 76 77 78 79 80
81 82 83 84 85 86 87 88 89 90 91 92 93 94 95 96 97 98 99 100
z: xorg(0.0)
p: xfac[c2*0.05] form[c1/0.05] nosp afac[c5*0.625] ymin[c3] ymax[c4]
p: noxt noxn ytxt(-1) ynum(-1) xltd(-1) xstd(-1) itic(1) ylog
y: Dose [Gy/source]      
#------------------------------------------------------------------------------

wt: s(0.7)
\vspace{-3}
  part. &=& electron
e:

#------------------------------------------------------------------------------
z: xorg[-1.03/0.05]
p: form[c1] xfac[c2] afac[c5] nosp notf
p: xmin( -15.00000    ) xmax(  35.00000    )
p: ymin(  0.000000    ) ymax(  3.000000    )

#------------------------------------------------------------------------------
 newpage:
#   no. =  3   part. = photon  

'no. =  3'
msuc: {\huge [t-deposit] in r-z mesh}
msdr: {\it plotted by \ANGEL \version}
msdl: {\it calculated by \PHITS  3.24}

x: z [cm]
y: r [cm]
set: c1[ 0.060] c2[ 3.674] c5[ 0.800] c6[ 0.374] c7[ 0.000] c8[ 6.267]
p: h2fs form[c1] xfac[c2] afac[c5] scal[c6] xorg[c7] yorg[c8] nosp
set: c3[   1.978184E-10] c4[   1.130640E-02]
p: cmin[c3] cmax[c4]
p: dmin(1e-31)
p: zlog
p: xmin( -15.00000    ) xmax(  35.00000    )
p: ymin(  0.000000    ) ymax(  3.000000    )
#  nr =   1   nz = 225
# ( ( data(z,r), z = 1, nz ), r = nr, 1, -1 )

hc:  y =   1.500000     to   1.500000     by   3.000000     ; x =  -14.88889     to   34.88889     by  0.2222222     ;
  0.000E+00  0.000E+00  0.000E+00  0.000E+00  0.000E+00  0.000E+00  0.000E+00  0.000E+00  0.000E+00  0.000E+00
  0.000E+00  0.000E+00  0.000E+00  0.000E+00  0.000E+00  0.000E+00  0.000E+00  0.000E+00  0.000E+00  0.000E+00
  0.000E+00  0.000E+00  0.000E+00  0.000E+00  0.000E+00  0.000E+00  0.000E+00  0.000E+00  0.000E+00  0.000E+00
  0.000E+00  0.000E+00  0.000E+00  0.000E+00  0.000E+00  0.000E+00  0.000E+00  0.000E+00  0.000E+00  0.000E+00
  0.000E+00  0.000E+00  0.000E+00  0.000E+00  0.000E+00  0.000E+00  0.000E+00  0.000E+00  0.000E+00  0.000E+00
  0.000E+00  0.000E+00  0.000E+00  0.000E+00  0.000E+00  0.000E+00  0.000E+00  0.000E+00  0.000E+00  0.000E+00
  0.000E+00  0.000E+00  0.000E+00  0.000E+00  0.000E+00  0.000E+00  0.000E+00  0.000E+00  0.000E+00  2.016E-09
  3.317E-09  2.453E-09  1.260E-09  2.472E-10  1.809E-09  0.000E+00  3.741E-09  0.000E+00  3.601E-09  7.196E-10
  4.824E-10  1.058E-09  2.292E-10  3.151E-09  4.470E-09  3.979E-09  2.728E-09  2.262E-09  4.067E-09  7.860E-10
  9.701E-10  5.301E-09  2.443E-09  1.945E-09  8.247E-10  2.647E-09  0.000E+00  6.353E-10  2.295E-09  1.043E-09
  2.397E-09  2.634E-09  1.198E-09  0.000E+00  2.688E-09  1.509E-09  1.003E-09  1.352E-09  2.524E-09  1.677E-09
  1.997E-09  3.451E-10  2.893E-09  7.095E-10  2.077E-09  8.193E-10  0.000E+00  0.000E+00  4.084E-09  1.697E-09
  1.501E-09  9.098E-10  2.117E-09  1.317E-09  0.000E+00  1.326E-09  1.450E-09  0.000E+00  3.021E-10  3.152E-09
  1.320E-09  2.653E-09  1.326E-09  1.523E-09  3.650E-10  0.000E+00  1.326E-09  1.326E-09  0.000E+00  0.000E+00
  1.326E-09  1.027E-09  0.000E+00  2.926E-09  0.000E+00  2.868E-10  0.000E+00  1.326E-09  0.000E+00  2.653E-09
  1.326E-09  1.783E-09  0.000E+00  2.653E-09  1.888E-09  1.326E-09  0.000E+00  0.000E+00  0.000E+00  1.548E-09
  3.049E-09  0.000E+00  0.000E+00  0.000E+00  2.653E-09  0.000E+00  4.768E-10  0.000E+00  1.978E-10  0.000E+00
  2.653E-09  1.326E-09  2.502E-09  0.000E+00  1.326E-09  5.344E-10  0.000E+00  0.000E+00  0.000E+00  0.000E+00
  0.000E+00  0.000E+00  0.000E+00  0.000E+00  0.000E+00  3.837E-10  0.000E+00  1.326E-09  0.000E+00  0.000E+00
  0.000E+00  0.000E+00  0.000E+00  0.000E+00  0.000E+00  0.000E+00  0.000E+00  1.326E-09  0.000E+00  0.000E+00
  0.000E+00  0.000E+00  0.000E+00  0.000E+00  0.000E+00  0.000E+00  0.000E+00  0.000E+00  0.000E+00  0.000E+00
  0.000E+00  0.000E+00  0.000E+00  0.000E+00  0.000E+00  0.000E+00  0.000E+00  0.000E+00  0.000E+00  0.000E+00
  0.000E+00  0.000E+00  0.000E+00  0.000E+00  0.000E+00

#------------------------------------------------------------------------------
z: xorg(1.03)
p: xfac[c2*0.05] form[c1/0.05] notc noxt noyt dmin(1)
p: ymin(0) ymax(1) xmin(0) xmax(1) cmin(1) cmax(100) nosp
hc: y= 0.005 to 0.995 by 0.01 ; x= 0.5 to 0.5 by 1 ;
 1  2  3  4  5  6  7  8  9 10 11 12 13 14 15 16 17 18 19 20
21 22 23 24 25 26 27 28 29 30 31 32 33 34 35 36 37 38 39 40
41 42 43 44 45 46 47 48 49 50 51 52 53 54 55 56 57 58 59 60
61 62 63 64 65 66 67 68 69 70 71 72 73 74 75 76 77 78 79 80
81 82 83 84 85 86 87 88 89 90 91 92 93 94 95 96 97 98 99 100
z: xorg(0.0)
p: xfac[c2*0.05] form[c1/0.05] nosp afac[c5*0.625] ymin[c3] ymax[c4]
p: noxt noxn ytxt(-1) ynum(-1) xltd(-1) xstd(-1) itic(1) ylog
y: Dose [Gy/source]      
#------------------------------------------------------------------------------

wt: s(0.7)
\vspace{-3}
  part. &=& photon  
e:

#------------------------------------------------------------------------------
z: xorg[-1.03/0.05]
p: form[c1] xfac[c2] afac[c5] nosp notf
p: xmin( -15.00000    ) xmax(  35.00000    )
p: ymin(  0.000000    ) ymax(  3.000000    )

#------------------------------------------------------------------------------
 newpage:
#   no. =  4   part. = neutron 

'no. =  4'
msuc: {\huge [t-deposit] in r-z mesh}
msdr: {\it plotted by \ANGEL \version}
msdl: {\it calculated by \PHITS  3.24}

x: z [cm]
y: r [cm]
set: c1[ 0.060] c2[ 3.674] c5[ 0.800] c6[ 0.374] c7[ 0.000] c8[ 6.267]
p: h2fs form[c1] xfac[c2] afac[c5] scal[c6] xorg[c7] yorg[c8] nosp
set: c3[   1.978184E-10] c4[   1.130640E-02]
p: cmin[c3] cmax[c4]
p: dmin(1e-31)
p: zlog
p: xmin( -15.00000    ) xmax(  35.00000    )
p: ymin(  0.000000    ) ymax(  3.000000    )
#  nr =   1   nz = 225
# ( ( data(z,r), z = 1, nz ), r = nr, 1, -1 )

hc:  y =   1.500000     to   1.500000     by   3.000000     ; x =  -14.88889     to   34.88889     by  0.2222222     ;
  1.795E-03  1.814E-03  1.832E-03  1.848E-03  1.868E-03  1.886E-03  1.904E-03  1.920E-03  1.940E-03  1.964E-03
  1.985E-03  1.992E-03  2.005E-03  2.020E-03  2.045E-03  2.064E-03  2.077E-03  2.096E-03  4.339E-03  4.116E-03
  4.029E-03  4.000E-03  3.984E-03  4.001E-03  3.994E-03  4.005E-03  4.024E-03  4.055E-03  4.112E-03  4.161E-03
  4.213E-03  4.263E-03  4.335E-03  4.399E-03  4.465E-03  4.532E-03  4.582E-03  4.655E-03  4.726E-03  4.794E-03
  4.862E-03  4.930E-03  5.023E-03  5.108E-03  5.182E-03  5.271E-03  5.370E-03  5.471E-03  5.569E-03  5.677E-03
  5.808E-03  5.929E-03  6.076E-03  6.213E-03  6.371E-03  6.530E-03  6.686E-03  6.882E-03  7.061E-03  7.272E-03
  7.485E-03  7.705E-03  7.948E-03  8.197E-03  8.459E-03  8.695E-03  8.969E-03  5.434E-03  1.618E-03  1.542E-03
  1.449E-03  1.360E-03  1.276E-03  1.198E-03  1.116E-03  1.044E-03  9.742E-04  9.231E-04  8.652E-04  8.020E-04
  7.522E-04  7.066E-04  6.699E-04  6.315E-04  5.920E-04  5.528E-04  5.189E-04  4.925E-04  4.652E-04  4.441E-04
  4.224E-04  3.979E-04  3.840E-04  3.567E-04  3.333E-04  3.086E-04  2.981E-04  2.919E-04  2.685E-04  2.593E-04
  2.505E-04  2.321E-04  2.224E-04  2.097E-04  2.023E-04  1.915E-04  1.831E-04  1.719E-04  1.587E-04  1.515E-04
  1.499E-04  1.382E-04  1.313E-04  1.298E-04  1.260E-04  1.178E-04  1.101E-04  1.038E-04  9.908E-05  9.599E-05
  9.070E-05  8.535E-05  8.449E-05  8.185E-05  7.975E-05  7.629E-05  7.302E-05  7.664E-05  6.953E-05  6.521E-05
  6.344E-05  6.096E-05  5.972E-05  5.403E-05  5.382E-05  5.212E-05  4.909E-05  4.807E-05  4.786E-05  4.325E-05
  4.270E-05  4.023E-05  3.820E-05  3.756E-05  3.793E-05  3.832E-05  3.733E-05  3.442E-05  2.968E-05  2.841E-05
  2.687E-05  2.740E-05  2.716E-05  2.452E-05  2.214E-05  2.364E-05  2.377E-05  2.093E-05  2.203E-05  2.210E-05
  2.109E-05  1.922E-05  1.882E-05  1.897E-05  1.794E-05  1.707E-05  1.656E-05  1.478E-05  1.506E-05  1.907E-05
  1.547E-05  1.393E-05  1.275E-05  1.346E-05  1.328E-05  1.426E-05  1.456E-05  1.330E-05  1.229E-05  1.178E-05
  1.182E-05  9.989E-06  9.746E-06  1.057E-05  9.713E-06  8.776E-06  8.683E-06  7.479E-06  6.889E-06  6.306E-06
  7.359E-06  6.325E-06  6.062E-06  6.577E-06  6.008E-06  5.680E-06  6.036E-06  6.513E-06  6.816E-06  6.732E-06
  5.433E-06  4.820E-06  2.362E-06  0.000E+00  0.000E+00  0.000E+00  0.000E+00  0.000E+00  0.000E+00  0.000E+00
  0.000E+00  0.000E+00  0.000E+00  0.000E+00  0.000E+00  0.000E+00  0.000E+00  0.000E+00  0.000E+00  0.000E+00
  0.000E+00  0.000E+00  0.000E+00  0.000E+00  0.000E+00

#------------------------------------------------------------------------------
z: xorg(1.03)
p: xfac[c2*0.05] form[c1/0.05] notc noxt noyt dmin(1)
p: ymin(0) ymax(1) xmin(0) xmax(1) cmin(1) cmax(100) nosp
hc: y= 0.005 to 0.995 by 0.01 ; x= 0.5 to 0.5 by 1 ;
 1  2  3  4  5  6  7  8  9 10 11 12 13 14 15 16 17 18 19 20
21 22 23 24 25 26 27 28 29 30 31 32 33 34 35 36 37 38 39 40
41 42 43 44 45 46 47 48 49 50 51 52 53 54 55 56 57 58 59 60
61 62 63 64 65 66 67 68 69 70 71 72 73 74 75 76 77 78 79 80
81 82 83 84 85 86 87 88 89 90 91 92 93 94 95 96 97 98 99 100
z: xorg(0.0)
p: xfac[c2*0.05] form[c1/0.05] nosp afac[c5*0.625] ymin[c3] ymax[c4]
p: noxt noxn ytxt(-1) ynum(-1) xltd(-1) xstd(-1) itic(1) ylog
y: Dose [Gy/source]      
#------------------------------------------------------------------------------

wt: s(0.7)
\vspace{-3}
  part. &=& neutron 
e:

#------------------------------------------------------------------------------
z: xorg[-1.03/0.05]
p: form[c1] xfac[c2] afac[c5] nosp notf
p: xmin( -15.00000    ) xmax(  35.00000    )
p: ymin(  0.000000    ) ymax(  3.000000    )
 
# Information for Restart Calculation
# This calculation was newly started
# istdev =  2 # 1:Batch variance, 2:History variance
# resc2  = 1.00918122299596806E-05 # Total source weight or Total source weight / maxcas
# resc3  = 1.00000000000000000E+08 # Total history number or Total batch number
# maxcas =    10000000 # History / Batch, only used for istdev=1
# rijklst=  -2.2723022018578912E+152 # Next initial random number
# bitrseed = 1101111110010001010110101011011001110100110101001100011110000101
