[ T-Deposit ]
    title = [t-deposit] in r-z mesh
     mesh =  r-z            # mesh type is r-z scoring mesh
       x0 =   0.000000      # center x-position of r-z mesh
       y0 =   0.000000      # center y-position of r-z mesh
   r-type =    2            # r-mesh is linear given by rmin, rmax and nr
     rmin =   0.000000      # minimum value of r-mesh points
     rmax =   3.000000      # maximum value of r-mesh points
#    rdel =   3.000000      # mesh width of r-mesh points
       nr =      1          # number of r-mesh points
#    data = ( r(i), i = 1, nr + 1 )
#           0.00000E+00  3.00000E+00
   z-type =    2            # z-mesh is linear given by zmin, zmax and nz
     zmin =  -15.00000      # minimum value of z-mesh points
     zmax =   35.00000      # maximum value of z-mesh points
#    zdel =  0.2222222      # mesh width of z-mesh points
       nz =    225          # number of z-mesh points
#    data = ( z(i), i = 1, nz + 1 )
#          -1.50000E+01 -1.47778E+01 -1.45556E+01 -1.43333E+01 -1.41111E+01
#          -1.38889E+01 -1.36667E+01 -1.34444E+01 -1.32222E+01 -1.30000E+01
#          -1.27778E+01 -1.25556E+01 -1.23333E+01 -1.21111E+01 -1.18889E+01
#          -1.16667E+01 -1.14444E+01 -1.12222E+01 -1.10000E+01 -1.07778E+01
#          -1.05556E+01 -1.03333E+01 -1.01111E+01 -9.88889E+00 -9.66667E+00
#          -9.44444E+00 -9.22222E+00 -9.00000E+00 -8.77778E+00 -8.55556E+00
#          -8.33333E+00 -8.11111E+00 -7.88889E+00 -7.66667E+00 -7.44444E+00
#          -7.22222E+00 -7.00000E+00 -6.77778E+00 -6.55556E+00 -6.33333E+00
#          -6.11111E+00 -5.88889E+00 -5.66667E+00 -5.44444E+00 -5.22222E+00
#          -5.00000E+00 -4.77778E+00 -4.55556E+00 -4.33333E+00 -4.11111E+00
#          -3.88889E+00 -3.66667E+00 -3.44444E+00 -3.22222E+00 -3.00000E+00
#          -2.77778E+00 -2.55556E+00 -2.33333E+00 -2.11111E+00 -1.88889E+00
#          -1.66667E+00 -1.44444E+00 -1.22222E+00 -1.00000E+00 -7.77778E-01
#          -5.55556E-01 -3.33333E-01 -1.11111E-01  1.11111E-01  3.33333E-01
#           5.55556E-01  7.77778E-01  1.00000E+00  1.22222E+00  1.44444E+00
#           1.66667E+00  1.88889E+00  2.11111E+00  2.33333E+00  2.55556E+00
#           2.77778E+00  3.00000E+00  3.22222E+00  3.44444E+00  3.66667E+00
#           3.88889E+00  4.11111E+00  4.33333E+00  4.55556E+00  4.77778E+00
#           5.00000E+00  5.22222E+00  5.44444E+00  5.66667E+00  5.88889E+00
#           6.11111E+00  6.33333E+00  6.55556E+00  6.77778E+00  7.00000E+00
#           7.22222E+00  7.44444E+00  7.66667E+00  7.88889E+00  8.11111E+00
#           8.33333E+00  8.55556E+00  8.77778E+00  9.00000E+00  9.22222E+00
#           9.44444E+00  9.66667E+00  9.88889E+00  1.01111E+01  1.03333E+01
#           1.05556E+01  1.07778E+01  1.10000E+01  1.12222E+01  1.14444E+01
#           1.16667E+01  1.18889E+01  1.21111E+01  1.23333E+01  1.25556E+01
#           1.27778E+01  1.30000E+01  1.32222E+01  1.34444E+01  1.36667E+01
#           1.38889E+01  1.41111E+01  1.43333E+01  1.45556E+01  1.47778E+01
#           1.50000E+01  1.52222E+01  1.54444E+01  1.56667E+01  1.58889E+01
#           1.61111E+01  1.63333E+01  1.65556E+01  1.67778E+01  1.70000E+01
#           1.72222E+01  1.74444E+01  1.76667E+01  1.78889E+01  1.81111E+01
#           1.83333E+01  1.85556E+01  1.87778E+01  1.90000E+01  1.92222E+01
#           1.94444E+01  1.96667E+01  1.98889E+01  2.01111E+01  2.03333E+01
#           2.05556E+01  2.07778E+01  2.10000E+01  2.12222E+01  2.14444E+01
#           2.16667E+01  2.18889E+01  2.21111E+01  2.23333E+01  2.25556E+01
#           2.27778E+01  2.30000E+01  2.32222E+01  2.34444E+01  2.36667E+01
#           2.38889E+01  2.41111E+01  2.43333E+01  2.45556E+01  2.47778E+01
#           2.50000E+01  2.52222E+01  2.54444E+01  2.56667E+01  2.58889E+01
#           2.61111E+01  2.63333E+01  2.65556E+01  2.67778E+01  2.70000E+01
#           2.72222E+01  2.74444E+01  2.76667E+01  2.78889E+01  2.81111E+01
#           2.83333E+01  2.85556E+01  2.87778E+01  2.90000E+01  2.92222E+01
#           2.94444E+01  2.96667E+01  2.98889E+01  3.01111E+01  3.03333E+01
#           3.05556E+01  3.07778E+01  3.10000E+01  3.12222E+01  3.14444E+01
#           3.16667E+01  3.18889E+01  3.21111E+01  3.23333E+01  3.25556E+01
#           3.27778E+01  3.30000E+01  3.32222E+01  3.34444E+01  3.36667E+01
#           3.38889E+01  3.41111E+01  3.43333E+01  3.45556E+01  3.47778E+01
#           3.50000E+01
     unit =    0            # unit is [Gy/source]
   letmat =    0            # (D=0) mat ID for LET, 0:real mat, <0: electron for H2O
  dedxfnc =    0            # (D=0) user defined multiplier, 0(no), 1, 2
 material =  all            # (D=all) number of specific material
   output =  dose           # total deposit energy
  deposit =    0            # (D=0) 0-> total deposit dist, 1-> each process
  2D-type =    3            # 1:Cont, 2:Clust, 3:Color, 4:xyz, 5:mat, 6:Clust+Cont, 7:Col+Cont
     axis =    rz           # axis of output
     file = deposit_r_all.out  # file name of output for the above axis
     part =  all        electron   photon     neutron  
# kf/name :  0          11         22         2112     
    gshow =    1            # 0: no 1:bnd, 2:bnd+mat, 3:bnd+reg 4:bnd+lat 5:bmp style
    resol =    1            # (D=1) resolution of gshow or rshow
    width = 0.5000000       # (D=0.5) width of lines for gshow or rshow
   epsout =    1            # (D=0) generate eps file by ANGEL
#    used :        main (  %)        temp (  %)       total (  %)
#  memory :         231 (  0)           0 (  0)         231 (  0)

#------------------------------------------------------------------------------
#newpage:
#   no. =  1   part. = all     

'no. =  1'
msuc: {\huge [t-deposit] in r-z mesh}
msdr: {\it plotted by \ANGEL \version}
msdl: {\it calculated by \PHITS  3.24}

x: z [cm]
y: r [cm]
set: c1[ 0.060] c2[ 3.674] c5[ 0.800] c6[ 0.374] c7[ 0.000] c8[ 6.267]
p: h2fs form[c1] xfac[c2] afac[c5] scal[c6] xorg[c7] yorg[c8] nosp
set: c3[1.0e-4] c4[1.0]
p: cmin[c3] cmax[c4]
p: dmin(1e-31)
p: zlog
p: xmin( -15.00000    ) xmax(  35.00000    )
p: ymin(  0.000000    ) ymax(  3.000000    )
#  nr =   1   nz = 225
# ( ( data(z,r), z = 1, nz ), r = nr, 1, -1 )

hc:  y =   1.500000     to   1.500000     by   3.000000     ; x =  -14.88889     to   34.88889     by  0.2222222     ;
  1.659E-02  2.532E-02  2.220E-02  2.104E-02  2.053E-02  2.628E-02  2.335E-02  2.848E-02  2.214E-02  2.757E-02
  2.543E-02  3.092E-02  3.504E-02  3.082E-02  2.464E-02  3.222E-02  2.459E-02  2.313E-02  2.112E-02  1.903E-02
  1.912E-02  1.564E-02  1.689E-02  1.600E-02  2.027E-02  1.690E-02  1.414E-02  1.507E-02  2.081E-02  2.113E-02
  1.760E-02  2.153E-02  1.618E-02  1.620E-02  1.526E-02  2.379E-02  1.695E-02  1.927E-02  1.575E-02  1.476E-02
  1.798E-02  1.656E-02  2.170E-02  1.476E-02  1.824E-02  1.299E-02  1.780E-02  1.592E-02  1.604E-02  1.548E-02
  1.485E-02  1.720E-02  1.446E-02  1.779E-02  1.501E-02  1.483E-02  1.433E-02  1.432E-02  1.311E-02  1.456E-02
  1.244E-02  1.481E-02  1.186E-02  1.196E-02  1.194E-02  1.350E-02  1.094E-02  1.156E-02  1.430E-02  1.409E-02
  1.403E-02  1.408E-02  1.401E-02  1.417E-02  1.409E-02  1.426E-02  1.438E-02  1.432E-02  1.449E-02  1.454E-02
  1.457E-02  1.478E-02  1.495E-02  1.497E-02  1.531E-02  1.537E-02  1.542E-02  1.578E-02  1.581E-02  1.618E-02
  1.630E-02  1.653E-02  1.666E-02  1.713E-02  1.726E-02  1.743E-02  1.788E-02  1.816E-02  1.837E-02  1.839E-02
  1.888E-02  1.919E-02  1.939E-02  1.995E-02  2.042E-02  2.030E-02  2.060E-02  2.121E-02  2.165E-02  2.190E-02
  2.208E-02  2.284E-02  2.349E-02  2.342E-02  2.350E-02  2.383E-02  2.433E-02  2.490E-02  2.553E-02  2.557E-02
  2.580E-02  2.597E-02  2.693E-02  2.732E-02  2.824E-02  2.841E-02  2.857E-02  2.922E-02  2.909E-02  2.936E-02
  3.022E-02  3.037E-02  3.076E-02  3.153E-02  3.204E-02  3.251E-02  3.314E-02  3.334E-02  3.380E-02  3.480E-02
  3.440E-02  3.551E-02  3.572E-02  3.591E-02  3.635E-02  3.703E-02  3.708E-02  3.824E-02  3.858E-02  3.885E-02
  3.969E-02  3.994E-02  4.023E-02  4.184E-02  4.210E-02  4.271E-02  4.375E-02  4.291E-02  4.245E-02  4.298E-02
  4.390E-02  4.378E-02  4.589E-02  4.694E-02  4.756E-02  4.776E-02  4.555E-02  4.754E-02  4.764E-02  4.865E-02
  4.786E-02  4.738E-02  4.785E-02  4.920E-02  5.064E-02  4.838E-02  4.911E-02  5.292E-02  5.276E-02  5.146E-02
  4.977E-02  5.177E-02  5.233E-02  5.263E-02  5.389E-02  5.425E-02  5.464E-02  5.818E-02  5.867E-02  5.691E-02
  5.860E-02  5.996E-02  6.405E-02  6.478E-02  6.200E-02  6.124E-02  6.407E-02  6.558E-02  6.226E-02  6.208E-02
  6.596E-02  6.675E-02  7.752E-02  0.000E+00  0.000E+00  0.000E+00  0.000E+00  0.000E+00  0.000E+00  0.000E+00
  0.000E+00  0.000E+00  0.000E+00  0.000E+00  0.000E+00  0.000E+00  0.000E+00  0.000E+00  0.000E+00  0.000E+00
  0.000E+00  0.000E+00  0.000E+00  0.000E+00  0.000E+00

#------------------------------------------------------------------------------
z: xorg(1.03)
p: xfac[c2*0.05] form[c1/0.05] notc noxt noyt dmin(1)
p: ymin(0) ymax(1) xmin(0) xmax(1) cmin(1) cmax(100) nosp
hc: y= 0.005 to 0.995 by 0.01 ; x= 0.5 to 0.5 by 1 ;
 1  2  3  4  5  6  7  8  9 10 11 12 13 14 15 16 17 18 19 20
21 22 23 24 25 26 27 28 29 30 31 32 33 34 35 36 37 38 39 40
41 42 43 44 45 46 47 48 49 50 51 52 53 54 55 56 57 58 59 60
61 62 63 64 65 66 67 68 69 70 71 72 73 74 75 76 77 78 79 80
81 82 83 84 85 86 87 88 89 90 91 92 93 94 95 96 97 98 99 100
z: xorg(0.0)
p: xfac[c2*0.05] form[c1/0.05] nosp afac[c5*0.625] ymin[c3] ymax[c4]
p: noxt noxn ytxt(-1) ynum(-1) xltd(-1) xstd(-1) itic(1) ylog
y: Relative Error
#------------------------------------------------------------------------------

wt: s(0.7)
\vspace{-3}
  part. &=& all     
e:

#------------------------------------------------------------------------------
z: xorg[-1.03/0.05]
p: form[c1] xfac[c2] afac[c5] nosp notf
p: xmin( -15.00000    ) xmax(  35.00000    )
p: ymin(  0.000000    ) ymax(  3.000000    )

#------------------------------------------------------------------------------
 newpage:
#   no. =  2   part. = electron

'no. =  2'
msuc: {\huge [t-deposit] in r-z mesh}
msdr: {\it plotted by \ANGEL \version}
msdl: {\it calculated by \PHITS  3.24}

x: z [cm]
y: r [cm]
set: c1[ 0.060] c2[ 3.674] c5[ 0.800] c6[ 0.374] c7[ 0.000] c8[ 6.267]
p: h2fs form[c1] xfac[c2] afac[c5] scal[c6] xorg[c7] yorg[c8] nosp
set: c3[1.0e-4] c4[1.0]
p: cmin[c3] cmax[c4]
p: dmin(1e-31)
p: zlog
p: xmin( -15.00000    ) xmax(  35.00000    )
p: ymin(  0.000000    ) ymax(  3.000000    )
#  nr =   1   nz = 225
# ( ( data(z,r), z = 1, nz ), r = nr, 1, -1 )

hc:  y =   1.500000     to   1.500000     by   3.000000     ; x =  -14.88889     to   34.88889     by  0.2222222     ;
  8.485E-02  1.169E-01  1.061E-01  9.379E-02  9.405E-02  1.128E-01  9.918E-02  1.244E-01  1.043E-01  1.137E-01
  1.066E-01  1.207E-01  1.280E-01  1.171E-01  9.741E-02  1.086E-01  9.881E-02  8.859E-02  1.123E-01  1.068E-01
  1.077E-01  8.902E-02  9.637E-02  9.156E-02  1.155E-01  9.278E-02  8.341E-02  8.409E-02  9.458E-02  9.071E-02
  8.572E-02  1.002E-01  7.951E-02  8.018E-02  7.403E-02  9.915E-02  7.910E-02  9.011E-02  7.285E-02  6.706E-02
  7.502E-02  7.304E-02  8.899E-02  6.680E-02  8.653E-02  6.421E-02  7.983E-02  7.088E-02  7.119E-02  7.069E-02
  6.450E-02  7.334E-02  6.413E-02  7.249E-02  6.339E-02  6.250E-02  6.099E-02  6.396E-02  5.977E-02  6.359E-02
  5.630E-02  6.134E-02  5.496E-02  5.450E-02  5.509E-02  6.059E-02  5.244E-02  3.244E-02  1.962E-02  1.857E-02
  1.810E-02  1.775E-02  1.726E-02  1.717E-02  1.688E-02  1.685E-02  1.686E-02  1.665E-02  1.666E-02  1.654E-02
  1.646E-02  1.658E-02  1.672E-02  1.671E-02  1.697E-02  1.697E-02  1.695E-02  1.730E-02  1.731E-02  1.769E-02
  1.777E-02  1.799E-02  1.813E-02  1.858E-02  1.862E-02  1.882E-02  1.921E-02  1.956E-02  1.972E-02  1.980E-02
  2.025E-02  2.050E-02  2.073E-02  2.127E-02  2.181E-02  2.160E-02  2.191E-02  2.260E-02  2.297E-02  2.323E-02
  2.345E-02  2.421E-02  2.490E-02  2.483E-02  2.486E-02  2.513E-02  2.570E-02  2.618E-02  2.672E-02  2.684E-02
  2.709E-02  2.724E-02  2.825E-02  2.875E-02  2.970E-02  2.987E-02  3.003E-02  3.066E-02  3.058E-02  3.074E-02
  3.172E-02  3.185E-02  3.223E-02  3.294E-02  3.339E-02  3.402E-02  3.461E-02  3.479E-02  3.533E-02  3.626E-02
  3.586E-02  3.695E-02  3.704E-02  3.730E-02  3.745E-02  3.838E-02  3.834E-02  3.961E-02  3.995E-02  4.019E-02
  4.099E-02  4.140E-02  4.171E-02  4.322E-02  4.341E-02  4.406E-02  4.510E-02  4.409E-02  4.376E-02  4.427E-02
  4.513E-02  4.501E-02  4.613E-02  4.842E-02  4.900E-02  4.910E-02  4.634E-02  4.845E-02  4.900E-02  4.981E-02
  4.922E-02  4.863E-02  4.894E-02  5.049E-02  5.188E-02  4.957E-02  5.024E-02  5.426E-02  5.411E-02  5.265E-02
  5.092E-02  5.284E-02  5.326E-02  5.378E-02  5.508E-02  5.532E-02  5.562E-02  5.927E-02  5.968E-02  5.780E-02
  5.969E-02  6.099E-02  6.518E-02  6.600E-02  6.309E-02  6.214E-02  6.471E-02  6.684E-02  6.329E-02  6.327E-02
  6.703E-02  6.782E-02  7.868E-02  0.000E+00  0.000E+00  0.000E+00  0.000E+00  0.000E+00  0.000E+00  0.000E+00
  0.000E+00  0.000E+00  0.000E+00  0.000E+00  0.000E+00  0.000E+00  0.000E+00  0.000E+00  0.000E+00  0.000E+00
  0.000E+00  0.000E+00  0.000E+00  0.000E+00  0.000E+00

#------------------------------------------------------------------------------
z: xorg(1.03)
p: xfac[c2*0.05] form[c1/0.05] notc noxt noyt dmin(1)
p: ymin(0) ymax(1) xmin(0) xmax(1) cmin(1) cmax(100) nosp
hc: y= 0.005 to 0.995 by 0.01 ; x= 0.5 to 0.5 by 1 ;
 1  2  3  4  5  6  7  8  9 10 11 12 13 14 15 16 17 18 19 20
21 22 23 24 25 26 27 28 29 30 31 32 33 34 35 36 37 38 39 40
41 42 43 44 45 46 47 48 49 50 51 52 53 54 55 56 57 58 59 60
61 62 63 64 65 66 67 68 69 70 71 72 73 74 75 76 77 78 79 80
81 82 83 84 85 86 87 88 89 90 91 92 93 94 95 96 97 98 99 100
z: xorg(0.0)
p: xfac[c2*0.05] form[c1/0.05] nosp afac[c5*0.625] ymin[c3] ymax[c4]
p: noxt noxn ytxt(-1) ynum(-1) xltd(-1) xstd(-1) itic(1) ylog
y: Relative Error
#------------------------------------------------------------------------------

wt: s(0.7)
\vspace{-3}
  part. &=& electron
e:

#------------------------------------------------------------------------------
z: xorg[-1.03/0.05]
p: form[c1] xfac[c2] afac[c5] nosp notf
p: xmin( -15.00000    ) xmax(  35.00000    )
p: ymin(  0.000000    ) ymax(  3.000000    )

#------------------------------------------------------------------------------
 newpage:
#   no. =  3   part. = photon  

'no. =  3'
msuc: {\huge [t-deposit] in r-z mesh}
msdr: {\it plotted by \ANGEL \version}
msdl: {\it calculated by \PHITS  3.24}

x: z [cm]
y: r [cm]
set: c1[ 0.060] c2[ 3.674] c5[ 0.800] c6[ 0.374] c7[ 0.000] c8[ 6.267]
p: h2fs form[c1] xfac[c2] afac[c5] scal[c6] xorg[c7] yorg[c8] nosp
set: c3[1.0e-4] c4[1.0]
p: cmin[c3] cmax[c4]
p: dmin(1e-31)
p: zlog
p: xmin( -15.00000    ) xmax(  35.00000    )
p: ymin(  0.000000    ) ymax(  3.000000    )
#  nr =   1   nz = 225
# ( ( data(z,r), z = 1, nz ), r = nr, 1, -1 )

hc:  y =   1.500000     to   1.500000     by   3.000000     ; x =  -14.88889     to   34.88889     by  0.2222222     ;
  0.000E+00  0.000E+00  0.000E+00  0.000E+00  0.000E+00  0.000E+00  0.000E+00  0.000E+00  0.000E+00  0.000E+00
  0.000E+00  0.000E+00  0.000E+00  0.000E+00  0.000E+00  0.000E+00  0.000E+00  0.000E+00  0.000E+00  0.000E+00
  0.000E+00  0.000E+00  0.000E+00  0.000E+00  0.000E+00  0.000E+00  0.000E+00  0.000E+00  0.000E+00  0.000E+00
  0.000E+00  0.000E+00  0.000E+00  0.000E+00  0.000E+00  0.000E+00  0.000E+00  0.000E+00  0.000E+00  0.000E+00
  0.000E+00  0.000E+00  0.000E+00  0.000E+00  0.000E+00  0.000E+00  0.000E+00  0.000E+00  0.000E+00  0.000E+00
  0.000E+00  0.000E+00  0.000E+00  0.000E+00  0.000E+00  0.000E+00  0.000E+00  0.000E+00  0.000E+00  0.000E+00
  0.000E+00  0.000E+00  0.000E+00  0.000E+00  0.000E+00  0.000E+00  0.000E+00  0.000E+00  0.000E+00  7.341E-01
  5.528E-01  6.485E-01  1.000E+00  1.000E+00  7.142E-01  0.000E+00  5.779E-01  0.000E+00  5.818E-01  7.885E-01
  1.000E+00  6.260E-01  1.000E+00  6.160E-01  4.983E-01  5.296E-01  5.786E-01  6.510E-01  5.264E-01  1.000E+00
  1.000E+00  4.824E-01  6.627E-01  6.328E-01  1.000E+00  7.071E-01  0.000E+00  1.000E+00  6.575E-01  7.166E-01
  7.111E-01  6.595E-01  1.000E+00  0.000E+00  5.877E-01  8.874E-01  7.550E-01  8.588E-01  7.080E-01  8.182E-01
  7.442E-01  1.000E+00  6.537E-01  1.000E+00  7.008E-01  1.000E+00  0.000E+00  0.000E+00  5.247E-01  8.090E-01
  8.913E-01  1.000E+00  6.649E-01  1.000E+00  0.000E+00  1.000E+00  7.322E-01  0.000E+00  1.000E+00  5.375E-01
  1.000E+00  7.071E-01  1.000E+00  8.803E-01  1.000E+00  0.000E+00  1.000E+00  1.000E+00  0.000E+00  0.000E+00
  1.000E+00  1.000E+00  0.000E+00  6.464E-01  0.000E+00  1.000E+00  0.000E+00  1.000E+00  0.000E+00  7.071E-01
  1.000E+00  7.867E-01  0.000E+00  7.071E-01  7.630E-01  1.000E+00  0.000E+00  0.000E+00  0.000E+00  8.685E-01
  6.288E-01  0.000E+00  0.000E+00  0.000E+00  7.071E-01  0.000E+00  1.000E+00  0.000E+00  1.000E+00  0.000E+00
  7.071E-01  1.000E+00  6.594E-01  0.000E+00  1.000E+00  1.000E+00  0.000E+00  0.000E+00  0.000E+00  0.000E+00
  0.000E+00  0.000E+00  0.000E+00  0.000E+00  0.000E+00  1.000E+00  0.000E+00  1.000E+00  0.000E+00  0.000E+00
  0.000E+00  0.000E+00  0.000E+00  0.000E+00  0.000E+00  0.000E+00  0.000E+00  1.000E+00  0.000E+00  0.000E+00
  0.000E+00  0.000E+00  0.000E+00  0.000E+00  0.000E+00  0.000E+00  0.000E+00  0.000E+00  0.000E+00  0.000E+00
  0.000E+00  0.000E+00  0.000E+00  0.000E+00  0.000E+00  0.000E+00  0.000E+00  0.000E+00  0.000E+00  0.000E+00
  0.000E+00  0.000E+00  0.000E+00  0.000E+00  0.000E+00

#------------------------------------------------------------------------------
z: xorg(1.03)
p: xfac[c2*0.05] form[c1/0.05] notc noxt noyt dmin(1)
p: ymin(0) ymax(1) xmin(0) xmax(1) cmin(1) cmax(100) nosp
hc: y= 0.005 to 0.995 by 0.01 ; x= 0.5 to 0.5 by 1 ;
 1  2  3  4  5  6  7  8  9 10 11 12 13 14 15 16 17 18 19 20
21 22 23 24 25 26 27 28 29 30 31 32 33 34 35 36 37 38 39 40
41 42 43 44 45 46 47 48 49 50 51 52 53 54 55 56 57 58 59 60
61 62 63 64 65 66 67 68 69 70 71 72 73 74 75 76 77 78 79 80
81 82 83 84 85 86 87 88 89 90 91 92 93 94 95 96 97 98 99 100
z: xorg(0.0)
p: xfac[c2*0.05] form[c1/0.05] nosp afac[c5*0.625] ymin[c3] ymax[c4]
p: noxt noxn ytxt(-1) ynum(-1) xltd(-1) xstd(-1) itic(1) ylog
y: Relative Error
#------------------------------------------------------------------------------

wt: s(0.7)
\vspace{-3}
  part. &=& photon  
e:

#------------------------------------------------------------------------------
z: xorg[-1.03/0.05]
p: form[c1] xfac[c2] afac[c5] nosp notf
p: xmin( -15.00000    ) xmax(  35.00000    )
p: ymin(  0.000000    ) ymax(  3.000000    )

#------------------------------------------------------------------------------
 newpage:
#   no. =  4   part. = neutron 

'no. =  4'
msuc: {\huge [t-deposit] in r-z mesh}
msdr: {\it plotted by \ANGEL \version}
msdl: {\it calculated by \PHITS  3.24}

x: z [cm]
y: r [cm]
set: c1[ 0.060] c2[ 3.674] c5[ 0.800] c6[ 0.374] c7[ 0.000] c8[ 6.267]
p: h2fs form[c1] xfac[c2] afac[c5] scal[c6] xorg[c7] yorg[c8] nosp
set: c3[1.0e-4] c4[1.0]
p: cmin[c3] cmax[c4]
p: dmin(1e-31)
p: zlog
p: xmin( -15.00000    ) xmax(  35.00000    )
p: ymin(  0.000000    ) ymax(  3.000000    )
#  nr =   1   nz = 225
# ( ( data(z,r), z = 1, nz ), r = nr, 1, -1 )

hc:  y =   1.500000     to   1.500000     by   3.000000     ; x =  -14.88889     to   34.88889     by  0.2222222     ;
  3.527E-03  3.531E-03  3.572E-03  3.572E-03  3.573E-03  3.561E-03  3.574E-03  3.588E-03  3.633E-03  3.618E-03
  3.651E-03  3.642E-03  3.647E-03  3.675E-03  3.765E-03  3.801E-03  3.793E-03  3.825E-03  2.640E-03  2.623E-03
  2.543E-03  2.605E-03  2.670E-03  2.929E-03  2.899E-03  2.913E-03  2.885E-03  2.964E-03  2.866E-03  2.852E-03
  2.828E-03  2.743E-03  2.753E-03  2.663E-03  2.637E-03  2.671E-03  2.538E-03  2.524E-03  2.552E-03  2.453E-03
  2.441E-03  2.324E-03  2.353E-03  2.323E-03  2.281E-03  2.309E-03  2.283E-03  2.240E-03  2.199E-03  2.178E-03
  2.188E-03  2.181E-03  2.199E-03  2.147E-03  2.153E-03  2.125E-03  2.087E-03  2.131E-03  2.078E-03  2.080E-03
  2.074E-03  2.055E-03  2.080E-03  2.097E-03  2.133E-03  2.148E-03  2.225E-03  2.537E-03  8.138E-03  8.594E-03
  8.703E-03  9.292E-03  9.714E-03  1.018E-02  1.055E-02  1.119E-02  1.164E-02  1.250E-02  1.343E-02  1.322E-02
  1.445E-02  1.465E-02  1.515E-02  1.612E-02  1.669E-02  1.710E-02  1.730E-02  1.822E-02  1.867E-02  1.943E-02
  2.136E-02  2.078E-02  2.292E-02  2.354E-02  2.406E-02  2.272E-02  2.484E-02  2.741E-02  2.574E-02  2.665E-02
  2.989E-02  2.857E-02  3.051E-02  2.967E-02  3.158E-02  3.292E-02  3.545E-02  3.267E-02  3.409E-02  3.408E-02
  3.688E-02  3.606E-02  3.824E-02  4.022E-02  4.307E-02  4.318E-02  4.425E-02  4.733E-02  4.831E-02  5.171E-02
  4.953E-02  4.709E-02  5.479E-02  5.338E-02  5.069E-02  4.991E-02  5.354E-02  7.056E-02  5.302E-02  5.350E-02
  5.548E-02  5.640E-02  6.200E-02  5.810E-02  5.859E-02  6.000E-02  6.315E-02  6.465E-02  6.538E-02  6.656E-02
  7.001E-02  6.988E-02  7.178E-02  7.271E-02  7.481E-02  8.599E-02  1.035E-01  9.596E-02  8.268E-02  8.729E-02
  8.393E-02  8.680E-02  9.400E-02  9.029E-02  9.359E-02  1.090E-01  1.045E-01  9.676E-02  1.090E-01  1.274E-01
  1.105E-01  1.140E-01  1.084E-01  1.125E-01  1.072E-01  1.149E-01  1.198E-01  1.140E-01  1.366E-01  2.084E-01
  1.302E-01  1.225E-01  1.246E-01  1.276E-01  1.393E-01  1.448E-01  1.813E-01  1.543E-01  1.331E-01  1.431E-01
  1.425E-01  1.405E-01  1.434E-01  1.626E-01  1.707E-01  1.599E-01  1.600E-01  1.622E-01  1.686E-01  1.760E-01
  1.937E-01  1.920E-01  2.011E-01  2.091E-01  2.180E-01  2.191E-01  2.159E-01  2.248E-01  2.214E-01  2.173E-01
  2.124E-01  1.986E-01  1.990E-01  0.000E+00  0.000E+00  0.000E+00  0.000E+00  0.000E+00  0.000E+00  0.000E+00
  0.000E+00  0.000E+00  0.000E+00  0.000E+00  0.000E+00  0.000E+00  0.000E+00  0.000E+00  0.000E+00  0.000E+00
  0.000E+00  0.000E+00  0.000E+00  0.000E+00  0.000E+00

#------------------------------------------------------------------------------
z: xorg(1.03)
p: xfac[c2*0.05] form[c1/0.05] notc noxt noyt dmin(1)
p: ymin(0) ymax(1) xmin(0) xmax(1) cmin(1) cmax(100) nosp
hc: y= 0.005 to 0.995 by 0.01 ; x= 0.5 to 0.5 by 1 ;
 1  2  3  4  5  6  7  8  9 10 11 12 13 14 15 16 17 18 19 20
21 22 23 24 25 26 27 28 29 30 31 32 33 34 35 36 37 38 39 40
41 42 43 44 45 46 47 48 49 50 51 52 53 54 55 56 57 58 59 60
61 62 63 64 65 66 67 68 69 70 71 72 73 74 75 76 77 78 79 80
81 82 83 84 85 86 87 88 89 90 91 92 93 94 95 96 97 98 99 100
z: xorg(0.0)
p: xfac[c2*0.05] form[c1/0.05] nosp afac[c5*0.625] ymin[c3] ymax[c4]
p: noxt noxn ytxt(-1) ynum(-1) xltd(-1) xstd(-1) itic(1) ylog
y: Relative Error
#------------------------------------------------------------------------------

wt: s(0.7)
\vspace{-3}
  part. &=& neutron 
e:

#------------------------------------------------------------------------------
z: xorg[-1.03/0.05]
p: form[c1] xfac[c2] afac[c5] nosp notf
p: xmin( -15.00000    ) xmax(  35.00000    )
p: ymin(  0.000000    ) ymax(  3.000000    )
 
# Information for Restart Calculation
# This calculation was newly started
# istdev =  2 # 1:Batch variance, 2:History variance
# resc2  = 1.00918122299596806E-05 # Total source weight or Total source weight / maxcas
# resc3  = 1.00000000000000000E+08 # Total history number or Total batch number
# maxcas =    10000000 # History / Batch, only used for istdev=1
# rijklst=  -2.2723022018578912E+152 # Next initial random number
# bitrseed = 1101111110010001010110101011011001110100110101001100011110000101
