[ T-Deposit ]
    title = [t-deposit] in r-z mesh
     mesh =  r-z            # mesh type is r-z scoring mesh
       x0 =   0.000000      # center x-position of r-z mesh
       y0 =   0.000000      # center y-position of r-z mesh
   r-type =    2            # r-mesh is linear given by rmin, rmax and nr
     rmin =   0.000000      # minimum value of r-mesh points
     rmax =   3.000000      # maximum value of r-mesh points
#    rdel =   3.000000      # mesh width of r-mesh points
       nr =      1          # number of r-mesh points
#    data = ( r(i), i = 1, nr + 1 )
#           0.00000E+00  3.00000E+00
   z-type =    2            # z-mesh is linear given by zmin, zmax and nz
     zmin =  -15.00000      # minimum value of z-mesh points
     zmax =   35.00000      # maximum value of z-mesh points
#    zdel =  0.2222222      # mesh width of z-mesh points
       nz =    225          # number of z-mesh points
#    data = ( z(i), i = 1, nz + 1 )
#          -1.50000E+01 -1.47778E+01 -1.45556E+01 -1.43333E+01 -1.41111E+01
#          -1.38889E+01 -1.36667E+01 -1.34444E+01 -1.32222E+01 -1.30000E+01
#          -1.27778E+01 -1.25556E+01 -1.23333E+01 -1.21111E+01 -1.18889E+01
#          -1.16667E+01 -1.14444E+01 -1.12222E+01 -1.10000E+01 -1.07778E+01
#          -1.05556E+01 -1.03333E+01 -1.01111E+01 -9.88889E+00 -9.66667E+00
#          -9.44444E+00 -9.22222E+00 -9.00000E+00 -8.77778E+00 -8.55556E+00
#          -8.33333E+00 -8.11111E+00 -7.88889E+00 -7.66667E+00 -7.44444E+00
#          -7.22222E+00 -7.00000E+00 -6.77778E+00 -6.55556E+00 -6.33333E+00
#          -6.11111E+00 -5.88889E+00 -5.66667E+00 -5.44444E+00 -5.22222E+00
#          -5.00000E+00 -4.77778E+00 -4.55556E+00 -4.33333E+00 -4.11111E+00
#          -3.88889E+00 -3.66667E+00 -3.44444E+00 -3.22222E+00 -3.00000E+00
#          -2.77778E+00 -2.55556E+00 -2.33333E+00 -2.11111E+00 -1.88889E+00
#          -1.66667E+00 -1.44444E+00 -1.22222E+00 -1.00000E+00 -7.77778E-01
#          -5.55556E-01 -3.33333E-01 -1.11111E-01  1.11111E-01  3.33333E-01
#           5.55556E-01  7.77778E-01  1.00000E+00  1.22222E+00  1.44444E+00
#           1.66667E+00  1.88889E+00  2.11111E+00  2.33333E+00  2.55556E+00
#           2.77778E+00  3.00000E+00  3.22222E+00  3.44444E+00  3.66667E+00
#           3.88889E+00  4.11111E+00  4.33333E+00  4.55556E+00  4.77778E+00
#           5.00000E+00  5.22222E+00  5.44444E+00  5.66667E+00  5.88889E+00
#           6.11111E+00  6.33333E+00  6.55556E+00  6.77778E+00  7.00000E+00
#           7.22222E+00  7.44444E+00  7.66667E+00  7.88889E+00  8.11111E+00
#           8.33333E+00  8.55556E+00  8.77778E+00  9.00000E+00  9.22222E+00
#           9.44444E+00  9.66667E+00  9.88889E+00  1.01111E+01  1.03333E+01
#           1.05556E+01  1.07778E+01  1.10000E+01  1.12222E+01  1.14444E+01
#           1.16667E+01  1.18889E+01  1.21111E+01  1.23333E+01  1.25556E+01
#           1.27778E+01  1.30000E+01  1.32222E+01  1.34444E+01  1.36667E+01
#           1.38889E+01  1.41111E+01  1.43333E+01  1.45556E+01  1.47778E+01
#           1.50000E+01  1.52222E+01  1.54444E+01  1.56667E+01  1.58889E+01
#           1.61111E+01  1.63333E+01  1.65556E+01  1.67778E+01  1.70000E+01
#           1.72222E+01  1.74444E+01  1.76667E+01  1.78889E+01  1.81111E+01
#           1.83333E+01  1.85556E+01  1.87778E+01  1.90000E+01  1.92222E+01
#           1.94444E+01  1.96667E+01  1.98889E+01  2.01111E+01  2.03333E+01
#           2.05556E+01  2.07778E+01  2.10000E+01  2.12222E+01  2.14444E+01
#           2.16667E+01  2.18889E+01  2.21111E+01  2.23333E+01  2.25556E+01
#           2.27778E+01  2.30000E+01  2.32222E+01  2.34444E+01  2.36667E+01
#           2.38889E+01  2.41111E+01  2.43333E+01  2.45556E+01  2.47778E+01
#           2.50000E+01  2.52222E+01  2.54444E+01  2.56667E+01  2.58889E+01
#           2.61111E+01  2.63333E+01  2.65556E+01  2.67778E+01  2.70000E+01
#           2.72222E+01  2.74444E+01  2.76667E+01  2.78889E+01  2.81111E+01
#           2.83333E+01  2.85556E+01  2.87778E+01  2.90000E+01  2.92222E+01
#           2.94444E+01  2.96667E+01  2.98889E+01  3.01111E+01  3.03333E+01
#           3.05556E+01  3.07778E+01  3.10000E+01  3.12222E+01  3.14444E+01
#           3.16667E+01  3.18889E+01  3.21111E+01  3.23333E+01  3.25556E+01
#           3.27778E+01  3.30000E+01  3.32222E+01  3.34444E+01  3.36667E+01
#           3.38889E+01  3.41111E+01  3.43333E+01  3.45556E+01  3.47778E+01
#           3.50000E+01
     unit =    0            # unit is [Gy/source]
   letmat =    0            # (D=0) mat ID for LET, 0:real mat, <0: electron for H2O
  dedxfnc =    0            # (D=0) user defined multiplier, 0(no), 1, 2
 material =  all            # (D=all) number of specific material
   output =  dose           # total deposit energy
  deposit =    0            # (D=0) 0-> total deposit dist, 1-> each process
  2D-type =    3            # 1:Cont, 2:Clust, 3:Color, 4:xyz, 5:mat, 6:Clust+Cont, 7:Col+Cont
     axis =    rz           # axis of output
     file = deposit_r_all.out  # file name of output for the above axis
     part =  all        electron   photon     neutron  
# kf/name :  0          11         22         2112     
    gshow =    1            # 0: no 1:bnd, 2:bnd+mat, 3:bnd+reg 4:bnd+lat 5:bmp style
    resol =    1            # (D=1) resolution of gshow or rshow
    width = 0.5000000       # (D=0.5) width of lines for gshow or rshow
   epsout =    1            # (D=0) generate eps file by ANGEL
#    used :        main (  %)        temp (  %)       total (  %)
#  memory :         231 (  0)           0 (  0)         231 (  0)

#------------------------------------------------------------------------------
#newpage:
#   no. =  1   part. = all     

'no. =  1'
msuc: {\huge [t-deposit] in r-z mesh}
msdr: {\it plotted by \ANGEL \version}
msdl: {\it calculated by \PHITS  3.24}

x: z [cm]
y: r [cm]
set: c1[ 0.060] c2[ 3.674] c5[ 0.800] c6[ 0.374] c7[ 0.000] c8[ 6.267]
p: h2fs form[c1] xfac[c2] afac[c5] scal[c6] xorg[c7] yorg[c8] nosp
set: c3[   2.111779E-11] c4[   1.744549E-02]
p: cmin[c3] cmax[c4]
p: dmin(1e-31)
p: zlog
p: xmin( -15.00000    ) xmax(  35.00000    )
p: ymin(  0.000000    ) ymax(  3.000000    )
#  nr =   1   nz = 225
# ( ( data(z,r), z = 1, nz ), r = nr, 1, -1 )

hc:  y =   1.500000     to   1.500000     by   3.000000     ; x =  -14.88889     to   34.88889     by  0.2222222     ;
  2.790E-03  2.881E-03  2.924E-03  2.980E-03  3.043E-03  3.093E-03  3.163E-03  3.227E-03  3.273E-03  3.349E-03
  3.408E-03  3.469E-03  3.517E-03  3.582E-03  3.619E-03  3.692E-03  3.778E-03  3.857E-03  6.145E-03  6.018E-03
  6.055E-03  6.056E-03  6.082E-03  6.162E-03  6.273E-03  6.338E-03  6.424E-03  6.561E-03  6.610E-03  6.771E-03
  6.847E-03  6.898E-03  7.075E-03  7.258E-03  7.393E-03  7.509E-03  7.712E-03  7.839E-03  7.982E-03  8.129E-03
  8.379E-03  8.563E-03  8.749E-03  9.002E-03  9.206E-03  9.457E-03  9.743E-03  1.006E-02  1.030E-02  1.068E-02
  1.084E-02  1.121E-02  1.153E-02  1.188E-02  1.226E-02  1.264E-02  1.302E-02  1.340E-02  1.375E-02  1.417E-02
  1.466E-02  1.508E-02  1.545E-02  1.600E-02  1.646E-02  1.697E-02  1.745E-02  1.219E-02  7.773E-03  8.460E-03
  8.905E-03  9.181E-03  9.338E-03  9.566E-03  9.727E-03  9.718E-03  9.783E-03  9.776E-03  9.717E-03  9.584E-03
  9.439E-03  9.343E-03  9.234E-03  9.049E-03  8.781E-03  8.549E-03  8.356E-03  8.080E-03  7.908E-03  7.719E-03
  7.549E-03  7.205E-03  7.010E-03  6.780E-03  6.508E-03  6.284E-03  6.030E-03  5.824E-03  5.625E-03  5.381E-03
  5.261E-03  5.017E-03  4.839E-03  4.618E-03  4.456E-03  4.300E-03  4.156E-03  3.969E-03  3.850E-03  3.745E-03
  3.552E-03  3.456E-03  3.313E-03  3.194E-03  3.083E-03  2.961E-03  2.863E-03  2.795E-03  2.688E-03  2.663E-03
  2.560E-03  2.458E-03  2.372E-03  2.279E-03  2.176E-03  2.133E-03  2.085E-03  1.995E-03  1.947E-03  1.892E-03
  1.846E-03  1.778E-03  1.719E-03  1.696E-03  1.654E-03  1.592E-03  1.555E-03  1.517E-03  1.505E-03  1.445E-03
  1.394E-03  1.351E-03  1.320E-03  1.296E-03  1.252E-03  1.234E-03  1.202E-03  1.156E-03  1.129E-03  1.124E-03
  1.092E-03  1.073E-03  1.041E-03  1.020E-03  9.941E-04  9.434E-04  9.329E-04  9.316E-04  9.243E-04  8.787E-04
  8.616E-04  8.370E-04  8.108E-04  8.132E-04  7.939E-04  7.766E-04  7.511E-04  7.459E-04  7.192E-04  7.170E-04
  7.049E-04  6.926E-04  6.711E-04  6.630E-04  6.738E-04  6.480E-04  6.244E-04  6.145E-04  5.902E-04  5.737E-04
  5.726E-04  5.824E-04  5.736E-04  5.473E-04  5.271E-04  5.368E-04  5.079E-04  5.100E-04  4.838E-04  4.809E-04
  4.757E-04  4.687E-04  4.500E-04  4.582E-04  4.473E-04  4.510E-04  4.303E-04  4.174E-04  4.056E-04  3.978E-04
  3.893E-04  3.757E-04  1.824E-04  0.000E+00  0.000E+00  0.000E+00  0.000E+00  0.000E+00  0.000E+00  0.000E+00
  0.000E+00  0.000E+00  0.000E+00  0.000E+00  0.000E+00  0.000E+00  0.000E+00  0.000E+00  0.000E+00  0.000E+00
  0.000E+00  0.000E+00  0.000E+00  0.000E+00  0.000E+00

#------------------------------------------------------------------------------
z: xorg(1.03)
p: xfac[c2*0.05] form[c1/0.05] notc noxt noyt dmin(1)
p: ymin(0) ymax(1) xmin(0) xmax(1) cmin(1) cmax(100) nosp
hc: y= 0.005 to 0.995 by 0.01 ; x= 0.5 to 0.5 by 1 ;
 1  2  3  4  5  6  7  8  9 10 11 12 13 14 15 16 17 18 19 20
21 22 23 24 25 26 27 28 29 30 31 32 33 34 35 36 37 38 39 40
41 42 43 44 45 46 47 48 49 50 51 52 53 54 55 56 57 58 59 60
61 62 63 64 65 66 67 68 69 70 71 72 73 74 75 76 77 78 79 80
81 82 83 84 85 86 87 88 89 90 91 92 93 94 95 96 97 98 99 100
z: xorg(0.0)
p: xfac[c2*0.05] form[c1/0.05] nosp afac[c5*0.625] ymin[c3] ymax[c4]
p: noxt noxn ytxt(-1) ynum(-1) xltd(-1) xstd(-1) itic(1) ylog
y: Dose [Gy/source]      
#------------------------------------------------------------------------------

wt: s(0.7)
\vspace{-3}
  part. &=& all     
e:

#------------------------------------------------------------------------------
z: xorg[-1.03/0.05]
p: form[c1] xfac[c2] afac[c5] nosp notf
p: xmin( -15.00000    ) xmax(  35.00000    )
p: ymin(  0.000000    ) ymax(  3.000000    )

#------------------------------------------------------------------------------
 newpage:
#   no. =  2   part. = electron

'no. =  2'
msuc: {\huge [t-deposit] in r-z mesh}
msdr: {\it plotted by \ANGEL \version}
msdl: {\it calculated by \PHITS  3.24}

x: z [cm]
y: r [cm]
set: c1[ 0.060] c2[ 3.674] c5[ 0.800] c6[ 0.374] c7[ 0.000] c8[ 6.267]
p: h2fs form[c1] xfac[c2] afac[c5] scal[c6] xorg[c7] yorg[c8] nosp
set: c3[   2.111779E-11] c4[   1.744549E-02]
p: cmin[c3] cmax[c4]
p: dmin(1e-31)
p: zlog
p: xmin( -15.00000    ) xmax(  35.00000    )
p: ymin(  0.000000    ) ymax(  3.000000    )
#  nr =   1   nz = 225
# ( ( data(z,r), z = 1, nz ), r = nr, 1, -1 )

hc:  y =   1.500000     to   1.500000     by   3.000000     ; x =  -14.88889     to   34.88889     by  0.2222222     ;
  5.876E-04  6.464E-04  6.544E-04  6.758E-04  7.043E-04  7.164E-04  7.480E-04  7.741E-04  7.807E-04  8.139E-04
  8.306E-04  8.507E-04  8.527E-04  8.690E-04  8.592E-04  8.828E-04  9.174E-04  9.424E-04  9.546E-04  1.014E-03
  1.082E-03  1.082E-03  1.086E-03  1.116E-03  1.162E-03  1.164E-03  1.195E-03  1.266E-03  1.245E-03  1.330E-03
  1.318E-03  1.276E-03  1.343E-03  1.419E-03  1.442E-03  1.434E-03  1.511E-03  1.507E-03  1.504E-03  1.506E-03
  1.604E-03  1.619E-03  1.631E-03  1.712E-03  1.728E-03  1.778E-03  1.851E-03  1.950E-03  1.962E-03  1.953E-03
  2.011E-03  2.133E-03  2.181E-03  2.239E-03  2.314E-03  2.383E-03  2.442E-03  2.487E-03  2.480E-03  2.543E-03
  2.662E-03  2.714E-03  2.703E-03  2.861E-03  2.925E-03  3.037E-03  3.129E-03  3.952E-03  5.963E-03  6.759E-03
  7.305E-03  7.681E-03  7.927E-03  8.239E-03  8.485E-03  8.552E-03  8.681E-03  8.740E-03  8.747E-03  8.667E-03
  8.581E-03  8.526E-03  8.459E-03  8.321E-03  8.094E-03  7.896E-03  7.741E-03  7.495E-03  7.352E-03  7.184E-03
  7.045E-03  6.730E-03  6.552E-03  6.348E-03  6.101E-03  5.894E-03  5.657E-03  5.465E-03  5.282E-03  5.057E-03
  4.951E-03  4.722E-03  4.556E-03  4.349E-03  4.200E-03  4.053E-03  3.921E-03  3.743E-03  3.633E-03  3.539E-03
  3.354E-03  3.266E-03  3.132E-03  3.019E-03  2.916E-03  2.802E-03  2.712E-03  2.649E-03  2.547E-03  2.528E-03
  2.428E-03  2.334E-03  2.251E-03  2.163E-03  2.065E-03  2.026E-03  1.982E-03  1.896E-03  1.852E-03  1.800E-03
  1.758E-03  1.695E-03  1.638E-03  1.618E-03  1.578E-03  1.518E-03  1.483E-03  1.449E-03  1.441E-03  1.383E-03
  1.334E-03  1.293E-03  1.265E-03  1.241E-03  1.201E-03  1.183E-03  1.155E-03  1.109E-03  1.085E-03  1.080E-03
  1.049E-03  1.031E-03  1.001E-03  9.835E-04  9.582E-04  9.082E-04  8.993E-04  8.990E-04  8.926E-04  8.482E-04
  8.316E-04  8.081E-04  7.833E-04  7.871E-04  7.677E-04  7.514E-04  7.263E-04  7.227E-04  6.973E-04  6.952E-04
  6.835E-04  6.727E-04  6.507E-04  6.429E-04  6.554E-04  6.287E-04  6.054E-04  5.971E-04  5.725E-04  5.568E-04
  5.567E-04  5.670E-04  5.582E-04  5.326E-04  5.127E-04  5.225E-04  4.943E-04  4.974E-04  4.716E-04  4.695E-04
  4.639E-04  4.572E-04  4.391E-04  4.475E-04  4.369E-04  4.407E-04  4.198E-04  4.078E-04  3.966E-04  3.882E-04
  3.812E-04  3.671E-04  1.783E-04  0.000E+00  0.000E+00  0.000E+00  0.000E+00  0.000E+00  0.000E+00  0.000E+00
  0.000E+00  0.000E+00  0.000E+00  0.000E+00  0.000E+00  0.000E+00  0.000E+00  0.000E+00  0.000E+00  0.000E+00
  0.000E+00  0.000E+00  0.000E+00  0.000E+00  0.000E+00

#------------------------------------------------------------------------------
z: xorg(1.03)
p: xfac[c2*0.05] form[c1/0.05] notc noxt noyt dmin(1)
p: ymin(0) ymax(1) xmin(0) xmax(1) cmin(1) cmax(100) nosp
hc: y= 0.005 to 0.995 by 0.01 ; x= 0.5 to 0.5 by 1 ;
 1  2  3  4  5  6  7  8  9 10 11 12 13 14 15 16 17 18 19 20
21 22 23 24 25 26 27 28 29 30 31 32 33 34 35 36 37 38 39 40
41 42 43 44 45 46 47 48 49 50 51 52 53 54 55 56 57 58 59 60
61 62 63 64 65 66 67 68 69 70 71 72 73 74 75 76 77 78 79 80
81 82 83 84 85 86 87 88 89 90 91 92 93 94 95 96 97 98 99 100
z: xorg(0.0)
p: xfac[c2*0.05] form[c1/0.05] nosp afac[c5*0.625] ymin[c3] ymax[c4]
p: noxt noxn ytxt(-1) ynum(-1) xltd(-1) xstd(-1) itic(1) ylog
y: Dose [Gy/source]      
#------------------------------------------------------------------------------

wt: s(0.7)
\vspace{-3}
  part. &=& electron
e:

#------------------------------------------------------------------------------
z: xorg[-1.03/0.05]
p: form[c1] xfac[c2] afac[c5] nosp notf
p: xmin( -15.00000    ) xmax(  35.00000    )
p: ymin(  0.000000    ) ymax(  3.000000    )

#------------------------------------------------------------------------------
 newpage:
#   no. =  3   part. = photon  

'no. =  3'
msuc: {\huge [t-deposit] in r-z mesh}
msdr: {\it plotted by \ANGEL \version}
msdl: {\it calculated by \PHITS  3.24}

x: z [cm]
y: r [cm]
set: c1[ 0.060] c2[ 3.674] c5[ 0.800] c6[ 0.374] c7[ 0.000] c8[ 6.267]
p: h2fs form[c1] xfac[c2] afac[c5] scal[c6] xorg[c7] yorg[c8] nosp
set: c3[   2.111779E-11] c4[   1.744549E-02]
p: cmin[c3] cmax[c4]
p: dmin(1e-31)
p: zlog
p: xmin( -15.00000    ) xmax(  35.00000    )
p: ymin(  0.000000    ) ymax(  3.000000    )
#  nr =   1   nz = 225
# ( ( data(z,r), z = 1, nz ), r = nr, 1, -1 )

hc:  y =   1.500000     to   1.500000     by   3.000000     ; x =  -14.88889     to   34.88889     by  0.2222222     ;
  0.000E+00  0.000E+00  0.000E+00  0.000E+00  0.000E+00  0.000E+00  0.000E+00  0.000E+00  0.000E+00  0.000E+00
  0.000E+00  0.000E+00  0.000E+00  0.000E+00  0.000E+00  0.000E+00  0.000E+00  0.000E+00  0.000E+00  0.000E+00
  0.000E+00  0.000E+00  0.000E+00  0.000E+00  0.000E+00  0.000E+00  0.000E+00  0.000E+00  0.000E+00  0.000E+00
  0.000E+00  0.000E+00  0.000E+00  0.000E+00  0.000E+00  0.000E+00  0.000E+00  0.000E+00  0.000E+00  0.000E+00
  8.729E-08  0.000E+00  0.000E+00  0.000E+00  0.000E+00  0.000E+00  0.000E+00  0.000E+00  0.000E+00  0.000E+00
  0.000E+00  0.000E+00  0.000E+00  0.000E+00  0.000E+00  0.000E+00  0.000E+00  0.000E+00  0.000E+00  0.000E+00
  0.000E+00  0.000E+00  0.000E+00  0.000E+00  0.000E+00  0.000E+00  0.000E+00  9.812E-10  2.920E-09  2.546E-09
  1.951E-09  2.856E-09  2.848E-09  2.647E-09  3.608E-09  3.733E-09  3.416E-09  4.195E-09  3.855E-09  4.158E-09
  2.523E-09  2.803E-09  2.951E-09  4.118E-09  3.772E-09  2.765E-09  3.573E-09  2.659E-09  3.724E-09  2.328E-09
  2.146E-09  3.234E-09  2.688E-09  3.127E-09  3.215E-09  1.831E-09  2.602E-09  2.846E-09  2.395E-09  2.525E-09
  3.210E-09  3.045E-09  2.534E-09  2.286E-09  1.452E-09  1.522E-09  2.026E-09  1.542E-09  1.693E-09  2.021E-09
  1.975E-09  1.535E-09  2.198E-09  1.499E-09  1.891E-09  1.971E-09  1.271E-09  1.204E-09  1.953E-09  1.807E-09
  1.229E-09  6.931E-10  2.220E-09  1.170E-09  1.367E-09  1.858E-09  9.070E-10  1.375E-09  8.999E-10  1.430E-09
  1.391E-09  2.279E-09  1.412E-09  1.191E-09  1.693E-09  1.160E-09  1.168E-09  1.228E-09  1.112E-09  1.117E-09
  1.346E-09  1.203E-09  8.885E-10  1.630E-09  8.206E-10  1.142E-09  7.306E-10  6.716E-10  1.347E-09  1.410E-09
  1.190E-09  7.077E-10  1.151E-09  1.370E-09  9.376E-10  5.894E-10  6.259E-10  1.121E-09  1.342E-09  5.844E-10
  1.244E-09  3.750E-10  3.830E-10  4.691E-10  9.082E-10  8.770E-10  1.102E-09  4.244E-10  4.640E-10  1.534E-09
  6.704E-10  8.322E-10  3.676E-10  6.982E-10  8.915E-10  5.460E-10  2.699E-10  5.757E-10  7.168E-10  7.645E-10
  1.161E-09  2.843E-10  2.014E-10  4.298E-10  1.819E-10  7.041E-10  2.923E-10  7.430E-10  6.087E-10  5.463E-10
  0.000E+00  6.434E-10  3.308E-10  2.512E-11  2.112E-11  3.477E-10  2.653E-10  4.595E-10  7.664E-11  1.699E-10
  2.881E-10  4.684E-10  1.212E-10  0.000E+00  0.000E+00  0.000E+00  0.000E+00  0.000E+00  0.000E+00  0.000E+00
  0.000E+00  0.000E+00  0.000E+00  0.000E+00  0.000E+00  0.000E+00  0.000E+00  0.000E+00  0.000E+00  0.000E+00
  0.000E+00  0.000E+00  0.000E+00  0.000E+00  0.000E+00

#------------------------------------------------------------------------------
z: xorg(1.03)
p: xfac[c2*0.05] form[c1/0.05] notc noxt noyt dmin(1)
p: ymin(0) ymax(1) xmin(0) xmax(1) cmin(1) cmax(100) nosp
hc: y= 0.005 to 0.995 by 0.01 ; x= 0.5 to 0.5 by 1 ;
 1  2  3  4  5  6  7  8  9 10 11 12 13 14 15 16 17 18 19 20
21 22 23 24 25 26 27 28 29 30 31 32 33 34 35 36 37 38 39 40
41 42 43 44 45 46 47 48 49 50 51 52 53 54 55 56 57 58 59 60
61 62 63 64 65 66 67 68 69 70 71 72 73 74 75 76 77 78 79 80
81 82 83 84 85 86 87 88 89 90 91 92 93 94 95 96 97 98 99 100
z: xorg(0.0)
p: xfac[c2*0.05] form[c1/0.05] nosp afac[c5*0.625] ymin[c3] ymax[c4]
p: noxt noxn ytxt(-1) ynum(-1) xltd(-1) xstd(-1) itic(1) ylog
y: Dose [Gy/source]      
#------------------------------------------------------------------------------

wt: s(0.7)
\vspace{-3}
  part. &=& photon  
e:

#------------------------------------------------------------------------------
z: xorg[-1.03/0.05]
p: form[c1] xfac[c2] afac[c5] nosp notf
p: xmin( -15.00000    ) xmax(  35.00000    )
p: ymin(  0.000000    ) ymax(  3.000000    )

#------------------------------------------------------------------------------
 newpage:
#   no. =  4   part. = neutron 

'no. =  4'
msuc: {\huge [t-deposit] in r-z mesh}
msdr: {\it plotted by \ANGEL \version}
msdl: {\it calculated by \PHITS  3.24}

x: z [cm]
y: r [cm]
set: c1[ 0.060] c2[ 3.674] c5[ 0.800] c6[ 0.374] c7[ 0.000] c8[ 6.267]
p: h2fs form[c1] xfac[c2] afac[c5] scal[c6] xorg[c7] yorg[c8] nosp
set: c3[   2.111779E-11] c4[   1.744549E-02]
p: cmin[c3] cmax[c4]
p: dmin(1e-31)
p: zlog
p: xmin( -15.00000    ) xmax(  35.00000    )
p: ymin(  0.000000    ) ymax(  3.000000    )
#  nr =   1   nz = 225
# ( ( data(z,r), z = 1, nz ), r = nr, 1, -1 )

hc:  y =   1.500000     to   1.500000     by   3.000000     ; x =  -14.88889     to   34.88889     by  0.2222222     ;
  2.201E-03  2.233E-03  2.267E-03  2.302E-03  2.337E-03  2.375E-03  2.413E-03  2.450E-03  2.490E-03  2.533E-03
  2.575E-03  2.616E-03  2.661E-03  2.708E-03  2.757E-03  2.806E-03  2.858E-03  2.911E-03  5.187E-03  5.000E-03
  4.968E-03  4.970E-03  4.993E-03  5.043E-03  5.107E-03  5.171E-03  5.226E-03  5.291E-03  5.360E-03  5.438E-03
  5.526E-03  5.619E-03  5.727E-03  5.834E-03  5.945E-03  6.070E-03  6.196E-03  6.327E-03  6.472E-03  6.618E-03
  6.770E-03  6.938E-03  7.111E-03  7.284E-03  7.471E-03  7.671E-03  7.885E-03  8.109E-03  8.333E-03  8.566E-03
  8.818E-03  9.071E-03  9.347E-03  9.633E-03  9.937E-03  1.025E-02  1.057E-02  1.091E-02  1.126E-02  1.161E-02
  1.198E-02  1.236E-02  1.274E-02  1.313E-02  1.353E-02  1.392E-02  1.430E-02  8.220E-03  1.785E-03  1.675E-03
  1.572E-03  1.467E-03  1.379E-03  1.292E-03  1.207E-03  1.130E-03  1.063E-03  1.001E-03  9.354E-04  8.813E-04
  8.249E-04  7.801E-04  7.389E-04  6.945E-04  6.552E-04  6.194E-04  5.858E-04  5.551E-04  5.278E-04  5.015E-04
  4.743E-04  4.502E-04  4.306E-04  4.079E-04  3.873E-04  3.695E-04  3.497E-04  3.366E-04  3.215E-04  3.054E-04
  2.899E-04  2.755E-04  2.646E-04  2.530E-04  2.420E-04  2.315E-04  2.223E-04  2.128E-04  2.034E-04  1.944E-04
  1.853E-04  1.770E-04  1.689E-04  1.624E-04  1.554E-04  1.485E-04  1.413E-04  1.364E-04  1.312E-04  1.274E-04
  1.234E-04  1.162E-04  1.119E-04  1.084E-04  1.045E-04  1.007E-04  9.637E-05  9.328E-05  8.862E-05  8.527E-05
  8.145E-05  7.786E-05  7.621E-05  7.297E-05  7.087E-05  6.892E-05  6.666E-05  6.271E-05  6.005E-05  5.733E-05
  5.572E-05  5.397E-05  5.117E-05  5.056E-05  4.809E-05  4.674E-05  4.524E-05  4.300E-05  4.103E-05  4.016E-05
  3.899E-05  3.769E-05  3.610E-05  3.350E-05  3.265E-05  3.224E-05  2.984E-05  2.896E-05  2.908E-05  2.848E-05
  2.762E-05  2.638E-05  2.519E-05  2.443E-05  2.406E-05  2.374E-05  2.290E-05  2.166E-05  2.064E-05  2.032E-05
  1.939E-05  1.805E-05  1.826E-05  1.750E-05  1.699E-05  1.732E-05  1.721E-05  1.567E-05  1.575E-05  1.497E-05
  1.452E-05  1.362E-05  1.320E-05  1.314E-05  1.290E-05  1.249E-05  1.167E-05  1.139E-05  1.081E-05  1.010E-05
  1.029E-05  9.986E-06  9.712E-06  9.792E-06  9.557E-06  9.192E-06  8.564E-06  8.037E-06  8.181E-06  8.358E-06
  7.632E-06  7.475E-06  3.691E-06  0.000E+00  0.000E+00  0.000E+00  0.000E+00  0.000E+00  0.000E+00  0.000E+00
  0.000E+00  0.000E+00  0.000E+00  0.000E+00  0.000E+00  0.000E+00  0.000E+00  0.000E+00  0.000E+00  0.000E+00
  0.000E+00  0.000E+00  0.000E+00  0.000E+00  0.000E+00

#------------------------------------------------------------------------------
z: xorg(1.03)
p: xfac[c2*0.05] form[c1/0.05] notc noxt noyt dmin(1)
p: ymin(0) ymax(1) xmin(0) xmax(1) cmin(1) cmax(100) nosp
hc: y= 0.005 to 0.995 by 0.01 ; x= 0.5 to 0.5 by 1 ;
 1  2  3  4  5  6  7  8  9 10 11 12 13 14 15 16 17 18 19 20
21 22 23 24 25 26 27 28 29 30 31 32 33 34 35 36 37 38 39 40
41 42 43 44 45 46 47 48 49 50 51 52 53 54 55 56 57 58 59 60
61 62 63 64 65 66 67 68 69 70 71 72 73 74 75 76 77 78 79 80
81 82 83 84 85 86 87 88 89 90 91 92 93 94 95 96 97 98 99 100
z: xorg(0.0)
p: xfac[c2*0.05] form[c1/0.05] nosp afac[c5*0.625] ymin[c3] ymax[c4]
p: noxt noxn ytxt(-1) ynum(-1) xltd(-1) xstd(-1) itic(1) ylog
y: Dose [Gy/source]      
#------------------------------------------------------------------------------

wt: s(0.7)
\vspace{-3}
  part. &=& neutron 
e:

#------------------------------------------------------------------------------
z: xorg[-1.03/0.05]
p: form[c1] xfac[c2] afac[c5] nosp notf
p: xmin( -15.00000    ) xmax(  35.00000    )
p: ymin(  0.000000    ) ymax(  3.000000    )
 
# Information for Restart Calculation
# This calculation was newly started
# istdev =  2 # 1:Batch variance, 2:History variance
# resc2  = 9.08263099295251330E-05 # Total source weight or Total source weight / maxcas
# resc3  = 9.00000000000000000E+08 # Total history number or Total batch number
# maxcas =    10000000 # History / Batch, only used for istdev=1
# rijklst=   1.4539411243053338E-023 # Next initial random number
# bitrseed = 0011101100110001100100111011101011010110001110100100000001110110
