[ T-Deposit ]
    title = [t-deposit] in r-z mesh
     mesh =  r-z            # mesh type is r-z scoring mesh
       x0 =   0.000000      # center x-position of r-z mesh
       y0 =   0.000000      # center y-position of r-z mesh
   r-type =    2            # r-mesh is linear given by rmin, rmax and nr
     rmin =   0.000000      # minimum value of r-mesh points
     rmax =   3.000000      # maximum value of r-mesh points
#    rdel =   3.000000      # mesh width of r-mesh points
       nr =      1          # number of r-mesh points
#    data = ( r(i), i = 1, nr + 1 )
#           0.00000E+00  3.00000E+00
   z-type =    2            # z-mesh is linear given by zmin, zmax and nz
     zmin =  -15.00000      # minimum value of z-mesh points
     zmax =   35.00000      # maximum value of z-mesh points
#    zdel =  0.2222222      # mesh width of z-mesh points
       nz =    225          # number of z-mesh points
#    data = ( z(i), i = 1, nz + 1 )
#          -1.50000E+01 -1.47778E+01 -1.45556E+01 -1.43333E+01 -1.41111E+01
#          -1.38889E+01 -1.36667E+01 -1.34444E+01 -1.32222E+01 -1.30000E+01
#          -1.27778E+01 -1.25556E+01 -1.23333E+01 -1.21111E+01 -1.18889E+01
#          -1.16667E+01 -1.14444E+01 -1.12222E+01 -1.10000E+01 -1.07778E+01
#          -1.05556E+01 -1.03333E+01 -1.01111E+01 -9.88889E+00 -9.66667E+00
#          -9.44444E+00 -9.22222E+00 -9.00000E+00 -8.77778E+00 -8.55556E+00
#          -8.33333E+00 -8.11111E+00 -7.88889E+00 -7.66667E+00 -7.44444E+00
#          -7.22222E+00 -7.00000E+00 -6.77778E+00 -6.55556E+00 -6.33333E+00
#          -6.11111E+00 -5.88889E+00 -5.66667E+00 -5.44444E+00 -5.22222E+00
#          -5.00000E+00 -4.77778E+00 -4.55556E+00 -4.33333E+00 -4.11111E+00
#          -3.88889E+00 -3.66667E+00 -3.44444E+00 -3.22222E+00 -3.00000E+00
#          -2.77778E+00 -2.55556E+00 -2.33333E+00 -2.11111E+00 -1.88889E+00
#          -1.66667E+00 -1.44444E+00 -1.22222E+00 -1.00000E+00 -7.77778E-01
#          -5.55556E-01 -3.33333E-01 -1.11111E-01  1.11111E-01  3.33333E-01
#           5.55556E-01  7.77778E-01  1.00000E+00  1.22222E+00  1.44444E+00
#           1.66667E+00  1.88889E+00  2.11111E+00  2.33333E+00  2.55556E+00
#           2.77778E+00  3.00000E+00  3.22222E+00  3.44444E+00  3.66667E+00
#           3.88889E+00  4.11111E+00  4.33333E+00  4.55556E+00  4.77778E+00
#           5.00000E+00  5.22222E+00  5.44444E+00  5.66667E+00  5.88889E+00
#           6.11111E+00  6.33333E+00  6.55556E+00  6.77778E+00  7.00000E+00
#           7.22222E+00  7.44444E+00  7.66667E+00  7.88889E+00  8.11111E+00
#           8.33333E+00  8.55556E+00  8.77778E+00  9.00000E+00  9.22222E+00
#           9.44444E+00  9.66667E+00  9.88889E+00  1.01111E+01  1.03333E+01
#           1.05556E+01  1.07778E+01  1.10000E+01  1.12222E+01  1.14444E+01
#           1.16667E+01  1.18889E+01  1.21111E+01  1.23333E+01  1.25556E+01
#           1.27778E+01  1.30000E+01  1.32222E+01  1.34444E+01  1.36667E+01
#           1.38889E+01  1.41111E+01  1.43333E+01  1.45556E+01  1.47778E+01
#           1.50000E+01  1.52222E+01  1.54444E+01  1.56667E+01  1.58889E+01
#           1.61111E+01  1.63333E+01  1.65556E+01  1.67778E+01  1.70000E+01
#           1.72222E+01  1.74444E+01  1.76667E+01  1.78889E+01  1.81111E+01
#           1.83333E+01  1.85556E+01  1.87778E+01  1.90000E+01  1.92222E+01
#           1.94444E+01  1.96667E+01  1.98889E+01  2.01111E+01  2.03333E+01
#           2.05556E+01  2.07778E+01  2.10000E+01  2.12222E+01  2.14444E+01
#           2.16667E+01  2.18889E+01  2.21111E+01  2.23333E+01  2.25556E+01
#           2.27778E+01  2.30000E+01  2.32222E+01  2.34444E+01  2.36667E+01
#           2.38889E+01  2.41111E+01  2.43333E+01  2.45556E+01  2.47778E+01
#           2.50000E+01  2.52222E+01  2.54444E+01  2.56667E+01  2.58889E+01
#           2.61111E+01  2.63333E+01  2.65556E+01  2.67778E+01  2.70000E+01
#           2.72222E+01  2.74444E+01  2.76667E+01  2.78889E+01  2.81111E+01
#           2.83333E+01  2.85556E+01  2.87778E+01  2.90000E+01  2.92222E+01
#           2.94444E+01  2.96667E+01  2.98889E+01  3.01111E+01  3.03333E+01
#           3.05556E+01  3.07778E+01  3.10000E+01  3.12222E+01  3.14444E+01
#           3.16667E+01  3.18889E+01  3.21111E+01  3.23333E+01  3.25556E+01
#           3.27778E+01  3.30000E+01  3.32222E+01  3.34444E+01  3.36667E+01
#           3.38889E+01  3.41111E+01  3.43333E+01  3.45556E+01  3.47778E+01
#           3.50000E+01
     unit =    0            # unit is [Gy/source]
   letmat =    0            # (D=0) mat ID for LET, 0:real mat, <0: electron for H2O
  dedxfnc =    0            # (D=0) user defined multiplier, 0(no), 1, 2
 material =  all            # (D=all) number of specific material
   output =  dose           # total deposit energy
  deposit =    0            # (D=0) 0-> total deposit dist, 1-> each process
  2D-type =    3            # 1:Cont, 2:Clust, 3:Color, 4:xyz, 5:mat, 6:Clust+Cont, 7:Col+Cont
     axis =    rz           # axis of output
     file = deposit_r_all.out  # file name of output for the above axis
     part =  all        electron   photon     neutron  
# kf/name :  0          11         22         2112     
    gshow =    1            # 0: no 1:bnd, 2:bnd+mat, 3:bnd+reg 4:bnd+lat 5:bmp style
    resol =    1            # (D=1) resolution of gshow or rshow
    width = 0.5000000       # (D=0.5) width of lines for gshow or rshow
   epsout =    1            # (D=0) generate eps file by ANGEL
#    used :        main (  %)        temp (  %)       total (  %)
#  memory :         231 (  0)           0 (  0)         231 (  0)

#------------------------------------------------------------------------------
#newpage:
#   no. =  1   part. = all     

'no. =  1'
msuc: {\huge [t-deposit] in r-z mesh}
msdr: {\it plotted by \ANGEL \version}
msdl: {\it calculated by \PHITS  3.24}

x: z [cm]
y: r [cm]
set: c1[ 0.060] c2[ 3.674] c5[ 0.800] c6[ 0.374] c7[ 0.000] c8[ 6.267]
p: h2fs form[c1] xfac[c2] afac[c5] scal[c6] xorg[c7] yorg[c8] nosp
set: c3[1.0e-4] c4[1.0]
p: cmin[c3] cmax[c4]
p: dmin(1e-31)
p: zlog
p: xmin( -15.00000    ) xmax(  35.00000    )
p: ymin(  0.000000    ) ymax(  3.000000    )
#  nr =   1   nz = 225
# ( ( data(z,r), z = 1, nz ), r = nr, 1, -1 )

hc:  y =   1.500000     to   1.500000     by   3.000000     ; x =  -14.88889     to   34.88889     by  0.2222222     ;
  1.623E-02  2.003E-02  1.841E-02  2.114E-02  2.702E-02  1.869E-02  1.656E-02  2.723E-02  2.309E-02  2.115E-02
  1.977E-02  2.354E-02  2.203E-02  2.740E-02  2.295E-02  2.026E-02  1.883E-02  1.835E-02  1.437E-02  1.598E-02
  1.586E-02  1.558E-02  1.235E-02  1.147E-02  1.329E-02  1.696E-02  1.605E-02  1.819E-02  1.601E-02  1.831E-02
  1.547E-02  1.442E-02  1.748E-02  1.492E-02  1.432E-02  1.382E-02  1.583E-02  9.977E-03  1.150E-02  1.069E-02
  1.208E-02  1.444E-02  1.104E-02  1.180E-02  1.065E-02  1.083E-02  1.426E-02  1.199E-02  1.092E-02  1.012E-02
  1.067E-02  9.884E-03  1.006E-02  1.151E-02  1.074E-02  9.684E-03  1.230E-02  1.053E-02  7.880E-03  9.387E-03
  7.956E-03  9.563E-03  9.995E-03  9.358E-03  7.625E-03  8.053E-03  7.758E-03  9.132E-03  1.249E-02  1.231E-02
  1.223E-02  1.213E-02  1.206E-02  1.197E-02  1.188E-02  1.200E-02  1.189E-02  1.184E-02  1.211E-02  1.197E-02
  1.191E-02  1.207E-02  1.219E-02  1.227E-02  1.241E-02  1.247E-02  1.250E-02  1.275E-02  1.278E-02  1.298E-02
  1.314E-02  1.330E-02  1.330E-02  1.362E-02  1.383E-02  1.388E-02  1.419E-02  1.445E-02  1.463E-02  1.471E-02
  1.499E-02  1.513E-02  1.553E-02  1.574E-02  1.627E-02  1.645E-02  1.651E-02  1.694E-02  1.730E-02  1.771E-02
  1.790E-02  1.849E-02  1.869E-02  1.865E-02  1.908E-02  1.922E-02  1.971E-02  2.021E-02  2.037E-02  2.033E-02
  2.078E-02  2.128E-02  2.213E-02  2.174E-02  2.240E-02  2.280E-02  2.322E-02  2.369E-02  2.351E-02  2.426E-02
  2.483E-02  2.508E-02  2.510E-02  2.554E-02  2.612E-02  2.638E-02  2.715E-02  2.721E-02  2.780E-02  2.817E-02
  2.828E-02  2.893E-02  2.968E-02  2.974E-02  2.984E-02  3.035E-02  3.075E-02  3.145E-02  3.179E-02  3.175E-02
  3.275E-02  3.324E-02  3.345E-02  3.430E-02  3.458E-02  3.484E-02  3.534E-02  3.561E-02  3.560E-02  3.571E-02
  3.626E-02  3.737E-02  3.840E-02  3.916E-02  4.000E-02  4.012E-02  3.895E-02  3.927E-02  4.025E-02  4.108E-02
  4.025E-02  4.056E-02  4.100E-02  4.379E-02  4.274E-02  4.161E-02  4.267E-02  4.485E-02  4.473E-02  4.416E-02
  4.413E-02  4.475E-02  4.625E-02  4.475E-02  4.625E-02  4.804E-02  4.846E-02  5.006E-02  5.108E-02  5.082E-02
  4.985E-02  5.137E-02  5.173E-02  5.451E-02  5.340E-02  5.266E-02  5.393E-02  5.638E-02  5.459E-02  5.526E-02
  5.721E-02  5.820E-02  6.937E-02  0.000E+00  0.000E+00  0.000E+00  0.000E+00  0.000E+00  0.000E+00  0.000E+00
  0.000E+00  0.000E+00  0.000E+00  0.000E+00  0.000E+00  0.000E+00  0.000E+00  0.000E+00  0.000E+00  0.000E+00
  0.000E+00  0.000E+00  0.000E+00  0.000E+00  0.000E+00

#------------------------------------------------------------------------------
z: xorg(1.03)
p: xfac[c2*0.05] form[c1/0.05] notc noxt noyt dmin(1)
p: ymin(0) ymax(1) xmin(0) xmax(1) cmin(1) cmax(100) nosp
hc: y= 0.005 to 0.995 by 0.01 ; x= 0.5 to 0.5 by 1 ;
 1  2  3  4  5  6  7  8  9 10 11 12 13 14 15 16 17 18 19 20
21 22 23 24 25 26 27 28 29 30 31 32 33 34 35 36 37 38 39 40
41 42 43 44 45 46 47 48 49 50 51 52 53 54 55 56 57 58 59 60
61 62 63 64 65 66 67 68 69 70 71 72 73 74 75 76 77 78 79 80
81 82 83 84 85 86 87 88 89 90 91 92 93 94 95 96 97 98 99 100
z: xorg(0.0)
p: xfac[c2*0.05] form[c1/0.05] nosp afac[c5*0.625] ymin[c3] ymax[c4]
p: noxt noxn ytxt(-1) ynum(-1) xltd(-1) xstd(-1) itic(1) ylog
y: Relative Error
#------------------------------------------------------------------------------

wt: s(0.7)
\vspace{-3}
  part. &=& all     
e:

#------------------------------------------------------------------------------
z: xorg[-1.03/0.05]
p: form[c1] xfac[c2] afac[c5] nosp notf
p: xmin( -15.00000    ) xmax(  35.00000    )
p: ymin(  0.000000    ) ymax(  3.000000    )

#------------------------------------------------------------------------------
 newpage:
#   no. =  2   part. = electron

'no. =  2'
msuc: {\huge [t-deposit] in r-z mesh}
msdr: {\it plotted by \ANGEL \version}
msdl: {\it calculated by \PHITS  3.24}

x: z [cm]
y: r [cm]
set: c1[ 0.060] c2[ 3.674] c5[ 0.800] c6[ 0.374] c7[ 0.000] c8[ 6.267]
p: h2fs form[c1] xfac[c2] afac[c5] scal[c6] xorg[c7] yorg[c8] nosp
set: c3[1.0e-4] c4[1.0]
p: cmin[c3] cmax[c4]
p: dmin(1e-31)
p: zlog
p: xmin( -15.00000    ) xmax(  35.00000    )
p: ymin(  0.000000    ) ymax(  3.000000    )
#  nr =   1   nz = 225
# ( ( data(z,r), z = 1, nz ), r = nr, 1, -1 )

hc:  y =   1.500000     to   1.500000     by   3.000000     ; x =  -14.88889     to   34.88889     by  0.2222222     ;
  7.851E-02  9.006E-02  8.307E-02  8.872E-02  1.085E-01  7.954E-02  7.371E-02  1.071E-01  9.787E-02  8.581E-02
  8.402E-02  9.318E-02  9.287E-02  1.137E-01  9.492E-02  7.988E-02  7.776E-02  7.297E-02  8.792E-02  8.524E-02
  8.366E-02  7.962E-02  7.131E-02  6.766E-02  7.659E-02  9.125E-02  8.643E-02  8.849E-02  8.193E-02  8.903E-02
  7.748E-02  7.425E-02  8.104E-02  7.036E-02  7.019E-02  7.288E-02  8.052E-02  5.863E-02  6.767E-02  6.218E-02
  6.415E-02  7.636E-02  5.846E-02  6.316E-02  5.886E-02  5.731E-02  6.919E-02  6.059E-02  6.008E-02  5.860E-02
  5.863E-02  5.591E-02  5.459E-02  5.934E-02  5.778E-02  5.102E-02  6.284E-02  5.463E-02  4.420E-02  5.093E-02
  4.513E-02  5.027E-02  5.221E-02  4.979E-02  4.344E-02  4.464E-02  4.401E-02  2.722E-02  1.599E-02  1.523E-02
  1.480E-02  1.437E-02  1.403E-02  1.377E-02  1.351E-02  1.352E-02  1.327E-02  1.314E-02  1.337E-02  1.313E-02
  1.300E-02  1.312E-02  1.321E-02  1.329E-02  1.339E-02  1.343E-02  1.341E-02  1.363E-02  1.363E-02  1.385E-02
  1.400E-02  1.417E-02  1.416E-02  1.445E-02  1.468E-02  1.470E-02  1.499E-02  1.530E-02  1.545E-02  1.555E-02
  1.581E-02  1.594E-02  1.633E-02  1.655E-02  1.713E-02  1.729E-02  1.734E-02  1.780E-02  1.815E-02  1.857E-02
  1.879E-02  1.940E-02  1.959E-02  1.955E-02  2.001E-02  2.014E-02  2.060E-02  2.107E-02  2.121E-02  2.120E-02
  2.170E-02  2.219E-02  2.311E-02  2.265E-02  2.337E-02  2.376E-02  2.424E-02  2.472E-02  2.457E-02  2.524E-02
  2.589E-02  2.616E-02  2.618E-02  2.661E-02  2.713E-02  2.745E-02  2.830E-02  2.830E-02  2.890E-02  2.924E-02
  2.940E-02  3.007E-02  3.077E-02  3.081E-02  3.073E-02  3.133E-02  3.166E-02  3.243E-02  3.288E-02  3.282E-02
  3.384E-02  3.448E-02  3.463E-02  3.540E-02  3.557E-02  3.590E-02  3.629E-02  3.664E-02  3.662E-02  3.671E-02
  3.724E-02  3.847E-02  3.867E-02  4.027E-02  4.110E-02  4.110E-02  3.967E-02  4.004E-02  4.131E-02  4.201E-02
  4.135E-02  4.157E-02  4.189E-02  4.487E-02  4.377E-02  4.260E-02  4.345E-02  4.589E-02  4.580E-02  4.498E-02
  4.507E-02  4.559E-02  4.710E-02  4.561E-02  4.727E-02  4.897E-02  4.937E-02  5.096E-02  5.168E-02  5.167E-02
  5.067E-02  5.222E-02  5.263E-02  5.555E-02  5.447E-02  5.346E-02  5.483E-02  5.744E-02  5.547E-02  5.635E-02
  5.827E-02  5.920E-02  7.057E-02  0.000E+00  0.000E+00  0.000E+00  0.000E+00  0.000E+00  0.000E+00  0.000E+00
  0.000E+00  0.000E+00  0.000E+00  0.000E+00  0.000E+00  0.000E+00  0.000E+00  0.000E+00  0.000E+00  0.000E+00
  0.000E+00  0.000E+00  0.000E+00  0.000E+00  0.000E+00

#------------------------------------------------------------------------------
z: xorg(1.03)
p: xfac[c2*0.05] form[c1/0.05] notc noxt noyt dmin(1)
p: ymin(0) ymax(1) xmin(0) xmax(1) cmin(1) cmax(100) nosp
hc: y= 0.005 to 0.995 by 0.01 ; x= 0.5 to 0.5 by 1 ;
 1  2  3  4  5  6  7  8  9 10 11 12 13 14 15 16 17 18 19 20
21 22 23 24 25 26 27 28 29 30 31 32 33 34 35 36 37 38 39 40
41 42 43 44 45 46 47 48 49 50 51 52 53 54 55 56 57 58 59 60
61 62 63 64 65 66 67 68 69 70 71 72 73 74 75 76 77 78 79 80
81 82 83 84 85 86 87 88 89 90 91 92 93 94 95 96 97 98 99 100
z: xorg(0.0)
p: xfac[c2*0.05] form[c1/0.05] nosp afac[c5*0.625] ymin[c3] ymax[c4]
p: noxt noxn ytxt(-1) ynum(-1) xltd(-1) xstd(-1) itic(1) ylog
y: Relative Error
#------------------------------------------------------------------------------

wt: s(0.7)
\vspace{-3}
  part. &=& electron
e:

#------------------------------------------------------------------------------
z: xorg[-1.03/0.05]
p: form[c1] xfac[c2] afac[c5] nosp notf
p: xmin( -15.00000    ) xmax(  35.00000    )
p: ymin(  0.000000    ) ymax(  3.000000    )

#------------------------------------------------------------------------------
 newpage:
#   no. =  3   part. = photon  

'no. =  3'
msuc: {\huge [t-deposit] in r-z mesh}
msdr: {\it plotted by \ANGEL \version}
msdl: {\it calculated by \PHITS  3.24}

x: z [cm]
y: r [cm]
set: c1[ 0.060] c2[ 3.674] c5[ 0.800] c6[ 0.374] c7[ 0.000] c8[ 6.267]
p: h2fs form[c1] xfac[c2] afac[c5] scal[c6] xorg[c7] yorg[c8] nosp
set: c3[1.0e-4] c4[1.0]
p: cmin[c3] cmax[c4]
p: dmin(1e-31)
p: zlog
p: xmin( -15.00000    ) xmax(  35.00000    )
p: ymin(  0.000000    ) ymax(  3.000000    )
#  nr =   1   nz = 225
# ( ( data(z,r), z = 1, nz ), r = nr, 1, -1 )

hc:  y =   1.500000     to   1.500000     by   3.000000     ; x =  -14.88889     to   34.88889     by  0.2222222     ;
  0.000E+00  0.000E+00  0.000E+00  0.000E+00  0.000E+00  0.000E+00  0.000E+00  0.000E+00  0.000E+00  0.000E+00
  0.000E+00  0.000E+00  0.000E+00  0.000E+00  0.000E+00  0.000E+00  0.000E+00  0.000E+00  0.000E+00  0.000E+00
  0.000E+00  0.000E+00  0.000E+00  0.000E+00  0.000E+00  0.000E+00  0.000E+00  0.000E+00  0.000E+00  0.000E+00
  0.000E+00  0.000E+00  0.000E+00  0.000E+00  0.000E+00  0.000E+00  0.000E+00  0.000E+00  0.000E+00  0.000E+00
  0.000E+00  0.000E+00  0.000E+00  0.000E+00  0.000E+00  0.000E+00  0.000E+00  0.000E+00  0.000E+00  0.000E+00
  0.000E+00  0.000E+00  0.000E+00  0.000E+00  0.000E+00  0.000E+00  0.000E+00  0.000E+00  0.000E+00  0.000E+00
  0.000E+00  0.000E+00  0.000E+00  0.000E+00  0.000E+00  0.000E+00  0.000E+00  0.000E+00  1.000E+00  1.000E+00
  6.623E-01  4.502E-01  5.822E-01  5.191E-01  5.844E-01  1.000E+00  7.080E-01  8.884E-01  7.145E-01  5.349E-01
  8.024E-01  8.410E-01  0.000E+00  6.139E-01  5.086E-01  7.170E-01  7.390E-01  5.446E-01  5.496E-01  4.404E-01
  6.726E-01  5.586E-01  5.304E-01  4.856E-01  6.166E-01  0.000E+00  1.000E+00  7.132E-01  7.434E-01  4.570E-01
  7.354E-01  4.229E-01  6.267E-01  7.888E-01  5.877E-01  8.874E-01  1.000E+00  7.351E-01  1.000E+00  1.000E+00
  0.000E+00  1.000E+00  7.071E-01  7.389E-01  7.008E-01  5.889E-01  1.000E+00  0.000E+00  6.188E-01  6.777E-01
  7.686E-01  1.000E+00  5.175E-01  5.819E-01  1.000E+00  7.071E-01  1.000E+00  1.000E+00  7.089E-01  5.375E-01
  1.000E+00  7.071E-01  6.009E-01  7.310E-01  1.000E+00  0.000E+00  1.000E+00  6.364E-01  1.000E+00  1.000E+00
  5.025E-01  8.205E-01  1.000E+00  6.537E-01  0.000E+00  6.723E-01  1.000E+00  1.000E+00  7.768E-01  6.223E-01
  8.055E-01  7.867E-01  0.000E+00  1.000E+00  7.630E-01  8.038E-01  0.000E+00  0.000E+00  1.000E+00  8.685E-01
  6.395E-01  0.000E+00  1.000E+00  0.000E+00  7.071E-01  7.151E-01  0.000E+00  0.000E+00  1.000E+00  0.000E+00
  1.000E+00  0.000E+00  1.000E+00  0.000E+00  1.000E+00  1.000E+00  0.000E+00  7.071E-01  1.000E+00  0.000E+00
  0.000E+00  1.000E+00  0.000E+00  0.000E+00  0.000E+00  7.286E-01  0.000E+00  0.000E+00  0.000E+00  1.000E+00
  0.000E+00  1.000E+00  0.000E+00  0.000E+00  0.000E+00  0.000E+00  0.000E+00  0.000E+00  0.000E+00  0.000E+00
  0.000E+00  0.000E+00  0.000E+00  0.000E+00  0.000E+00  0.000E+00  0.000E+00  0.000E+00  0.000E+00  0.000E+00
  0.000E+00  0.000E+00  0.000E+00  0.000E+00  0.000E+00  0.000E+00  0.000E+00  0.000E+00  0.000E+00  0.000E+00
  0.000E+00  0.000E+00  0.000E+00  0.000E+00  0.000E+00

#------------------------------------------------------------------------------
z: xorg(1.03)
p: xfac[c2*0.05] form[c1/0.05] notc noxt noyt dmin(1)
p: ymin(0) ymax(1) xmin(0) xmax(1) cmin(1) cmax(100) nosp
hc: y= 0.005 to 0.995 by 0.01 ; x= 0.5 to 0.5 by 1 ;
 1  2  3  4  5  6  7  8  9 10 11 12 13 14 15 16 17 18 19 20
21 22 23 24 25 26 27 28 29 30 31 32 33 34 35 36 37 38 39 40
41 42 43 44 45 46 47 48 49 50 51 52 53 54 55 56 57 58 59 60
61 62 63 64 65 66 67 68 69 70 71 72 73 74 75 76 77 78 79 80
81 82 83 84 85 86 87 88 89 90 91 92 93 94 95 96 97 98 99 100
z: xorg(0.0)
p: xfac[c2*0.05] form[c1/0.05] nosp afac[c5*0.625] ymin[c3] ymax[c4]
p: noxt noxn ytxt(-1) ynum(-1) xltd(-1) xstd(-1) itic(1) ylog
y: Relative Error
#------------------------------------------------------------------------------

wt: s(0.7)
\vspace{-3}
  part. &=& photon  
e:

#------------------------------------------------------------------------------
z: xorg[-1.03/0.05]
p: form[c1] xfac[c2] afac[c5] nosp notf
p: xmin( -15.00000    ) xmax(  35.00000    )
p: ymin(  0.000000    ) ymax(  3.000000    )

#------------------------------------------------------------------------------
 newpage:
#   no. =  4   part. = neutron 

'no. =  4'
msuc: {\huge [t-deposit] in r-z mesh}
msdr: {\it plotted by \ANGEL \version}
msdl: {\it calculated by \PHITS  3.24}

x: z [cm]
y: r [cm]
set: c1[ 0.060] c2[ 3.674] c5[ 0.800] c6[ 0.374] c7[ 0.000] c8[ 6.267]
p: h2fs form[c1] xfac[c2] afac[c5] scal[c6] xorg[c7] yorg[c8] nosp
set: c3[1.0e-4] c4[1.0]
p: cmin[c3] cmax[c4]
p: dmin(1e-31)
p: zlog
p: xmin( -15.00000    ) xmax(  35.00000    )
p: ymin(  0.000000    ) ymax(  3.000000    )
#  nr =   1   nz = 225
# ( ( data(z,r), z = 1, nz ), r = nr, 1, -1 )

hc:  y =   1.500000     to   1.500000     by   3.000000     ; x =  -14.88889     to   34.88889     by  0.2222222     ;
  3.160E-03  3.152E-03  3.167E-03  3.154E-03  3.143E-03  3.128E-03  3.123E-03  3.144E-03  3.134E-03  3.115E-03
  3.109E-03  3.081E-03  3.063E-03  3.059E-03  3.091E-03  3.096E-03  3.065E-03  3.081E-03  2.346E-03  2.324E-03
  2.295E-03  2.249E-03  2.241E-03  2.316E-03  2.391E-03  2.392E-03  2.408E-03  2.381E-03  2.313E-03  2.321E-03
  2.325E-03  2.318E-03  2.271E-03  2.210E-03  2.210E-03  2.188E-03  2.174E-03  2.103E-03  2.132E-03  2.091E-03
  2.041E-03  2.031E-03  2.014E-03  1.977E-03  1.957E-03  1.913E-03  1.924E-03  1.872E-03  1.853E-03  1.803E-03
  1.793E-03  1.752E-03  1.774E-03  1.739E-03  1.721E-03  1.700E-03  1.684E-03  1.675E-03  1.685E-03  1.653E-03
  1.643E-03  1.658E-03  1.645E-03  1.648E-03  1.687E-03  1.705E-03  1.763E-03  2.060E-03  7.709E-03  8.114E-03
  8.372E-03  8.886E-03  9.412E-03  9.681E-03  1.043E-02  1.066E-02  1.098E-02  1.213E-02  1.267E-02  1.244E-02
  1.383E-02  1.486E-02  1.442E-02  1.493E-02  1.552E-02  1.607E-02  1.613E-02  1.682E-02  1.705E-02  1.834E-02
  1.943E-02  1.978E-02  2.109E-02  2.194E-02  2.228E-02  2.155E-02  2.264E-02  2.438E-02  2.418E-02  2.754E-02
  2.544E-02  2.568E-02  2.749E-02  2.773E-02  2.827E-02  2.937E-02  2.957E-02  2.994E-02  3.076E-02  3.053E-02
  3.302E-02  3.263E-02  3.360E-02  3.650E-02  4.177E-02  3.809E-02  3.823E-02  4.201E-02  4.307E-02  4.254E-02
  4.473E-02  4.307E-02  4.824E-02  4.705E-02  4.526E-02  4.635E-02  4.690E-02  6.082E-02  5.007E-02  4.739E-02
  4.764E-02  4.812E-02  5.478E-02  5.413E-02  5.800E-02  5.434E-02  5.541E-02  5.644E-02  5.768E-02  5.907E-02
  6.038E-02  6.143E-02  6.200E-02  6.280E-02  6.467E-02  7.127E-02  8.153E-02  7.961E-02  7.031E-02  7.525E-02
  7.368E-02  7.506E-02  7.557E-02  8.537E-02  8.963E-02  9.828E-02  8.799E-02  8.519E-02  9.234E-02  1.059E-01
  9.270E-02  1.070E-01  9.240E-02  9.688E-02  9.539E-02  1.030E-01  1.106E-01  1.008E-01  1.175E-01  1.731E-01
  1.122E-01  1.058E-01  1.074E-01  1.116E-01  1.219E-01  1.288E-01  1.605E-01  1.409E-01  1.228E-01  1.297E-01
  1.283E-01  1.257E-01  1.299E-01  1.348E-01  1.493E-01  1.404E-01  1.428E-01  1.443E-01  1.467E-01  1.516E-01
  1.500E-01  1.664E-01  1.680E-01  1.727E-01  1.813E-01  1.781E-01  1.776E-01  1.840E-01  1.786E-01  1.752E-01
  1.760E-01  1.717E-01  1.701E-01  0.000E+00  0.000E+00  0.000E+00  0.000E+00  0.000E+00  0.000E+00  0.000E+00
  0.000E+00  0.000E+00  0.000E+00  0.000E+00  0.000E+00  0.000E+00  0.000E+00  0.000E+00  0.000E+00  0.000E+00
  0.000E+00  0.000E+00  0.000E+00  0.000E+00  0.000E+00

#------------------------------------------------------------------------------
z: xorg(1.03)
p: xfac[c2*0.05] form[c1/0.05] notc noxt noyt dmin(1)
p: ymin(0) ymax(1) xmin(0) xmax(1) cmin(1) cmax(100) nosp
hc: y= 0.005 to 0.995 by 0.01 ; x= 0.5 to 0.5 by 1 ;
 1  2  3  4  5  6  7  8  9 10 11 12 13 14 15 16 17 18 19 20
21 22 23 24 25 26 27 28 29 30 31 32 33 34 35 36 37 38 39 40
41 42 43 44 45 46 47 48 49 50 51 52 53 54 55 56 57 58 59 60
61 62 63 64 65 66 67 68 69 70 71 72 73 74 75 76 77 78 79 80
81 82 83 84 85 86 87 88 89 90 91 92 93 94 95 96 97 98 99 100
z: xorg(0.0)
p: xfac[c2*0.05] form[c1/0.05] nosp afac[c5*0.625] ymin[c3] ymax[c4]
p: noxt noxn ytxt(-1) ynum(-1) xltd(-1) xstd(-1) itic(1) ylog
y: Relative Error
#------------------------------------------------------------------------------

wt: s(0.7)
\vspace{-3}
  part. &=& neutron 
e:

#------------------------------------------------------------------------------
z: xorg[-1.03/0.05]
p: form[c1] xfac[c2] afac[c5] nosp notf
p: xmin( -15.00000    ) xmax(  35.00000    )
p: ymin(  0.000000    ) ymax(  3.000000    )
 
# Information for Restart Calculation
# This calculation was newly started
# istdev =  2 # 1:Batch variance, 2:History variance
# resc2  = 1.00918122299596806E-05 # Total source weight or Total source weight / maxcas
# resc3  = 1.00000000000000000E+08 # Total history number or Total batch number
# maxcas =    10000000 # History / Batch, only used for istdev=1
# rijklst=  -2.2723022018578912E+152 # Next initial random number
# bitrseed = 1101111110010001010110101011011001110100110101001100011110000101
