[ T-Deposit ]
    title = [t-deposit] in r-z mesh
     mesh =  r-z            # mesh type is r-z scoring mesh
       x0 =   0.000000      # center x-position of r-z mesh
       y0 =   0.000000      # center y-position of r-z mesh
   r-type =    2            # r-mesh is linear given by rmin, rmax and nr
     rmin =   0.000000      # minimum value of r-mesh points
     rmax =   3.000000      # maximum value of r-mesh points
#    rdel =   3.000000      # mesh width of r-mesh points
       nr =      1          # number of r-mesh points
#    data = ( r(i), i = 1, nr + 1 )
#           0.00000E+00  3.00000E+00
   z-type =    2            # z-mesh is linear given by zmin, zmax and nz
     zmin =  -15.00000      # minimum value of z-mesh points
     zmax =   35.00000      # maximum value of z-mesh points
#    zdel =  0.2222222      # mesh width of z-mesh points
       nz =    225          # number of z-mesh points
#    data = ( z(i), i = 1, nz + 1 )
#          -1.50000E+01 -1.47778E+01 -1.45556E+01 -1.43333E+01 -1.41111E+01
#          -1.38889E+01 -1.36667E+01 -1.34444E+01 -1.32222E+01 -1.30000E+01
#          -1.27778E+01 -1.25556E+01 -1.23333E+01 -1.21111E+01 -1.18889E+01
#          -1.16667E+01 -1.14444E+01 -1.12222E+01 -1.10000E+01 -1.07778E+01
#          -1.05556E+01 -1.03333E+01 -1.01111E+01 -9.88889E+00 -9.66667E+00
#          -9.44444E+00 -9.22222E+00 -9.00000E+00 -8.77778E+00 -8.55556E+00
#          -8.33333E+00 -8.11111E+00 -7.88889E+00 -7.66667E+00 -7.44444E+00
#          -7.22222E+00 -7.00000E+00 -6.77778E+00 -6.55556E+00 -6.33333E+00
#          -6.11111E+00 -5.88889E+00 -5.66667E+00 -5.44444E+00 -5.22222E+00
#          -5.00000E+00 -4.77778E+00 -4.55556E+00 -4.33333E+00 -4.11111E+00
#          -3.88889E+00 -3.66667E+00 -3.44444E+00 -3.22222E+00 -3.00000E+00
#          -2.77778E+00 -2.55556E+00 -2.33333E+00 -2.11111E+00 -1.88889E+00
#          -1.66667E+00 -1.44444E+00 -1.22222E+00 -1.00000E+00 -7.77778E-01
#          -5.55556E-01 -3.33333E-01 -1.11111E-01  1.11111E-01  3.33333E-01
#           5.55556E-01  7.77778E-01  1.00000E+00  1.22222E+00  1.44444E+00
#           1.66667E+00  1.88889E+00  2.11111E+00  2.33333E+00  2.55556E+00
#           2.77778E+00  3.00000E+00  3.22222E+00  3.44444E+00  3.66667E+00
#           3.88889E+00  4.11111E+00  4.33333E+00  4.55556E+00  4.77778E+00
#           5.00000E+00  5.22222E+00  5.44444E+00  5.66667E+00  5.88889E+00
#           6.11111E+00  6.33333E+00  6.55556E+00  6.77778E+00  7.00000E+00
#           7.22222E+00  7.44444E+00  7.66667E+00  7.88889E+00  8.11111E+00
#           8.33333E+00  8.55556E+00  8.77778E+00  9.00000E+00  9.22222E+00
#           9.44444E+00  9.66667E+00  9.88889E+00  1.01111E+01  1.03333E+01
#           1.05556E+01  1.07778E+01  1.10000E+01  1.12222E+01  1.14444E+01
#           1.16667E+01  1.18889E+01  1.21111E+01  1.23333E+01  1.25556E+01
#           1.27778E+01  1.30000E+01  1.32222E+01  1.34444E+01  1.36667E+01
#           1.38889E+01  1.41111E+01  1.43333E+01  1.45556E+01  1.47778E+01
#           1.50000E+01  1.52222E+01  1.54444E+01  1.56667E+01  1.58889E+01
#           1.61111E+01  1.63333E+01  1.65556E+01  1.67778E+01  1.70000E+01
#           1.72222E+01  1.74444E+01  1.76667E+01  1.78889E+01  1.81111E+01
#           1.83333E+01  1.85556E+01  1.87778E+01  1.90000E+01  1.92222E+01
#           1.94444E+01  1.96667E+01  1.98889E+01  2.01111E+01  2.03333E+01
#           2.05556E+01  2.07778E+01  2.10000E+01  2.12222E+01  2.14444E+01
#           2.16667E+01  2.18889E+01  2.21111E+01  2.23333E+01  2.25556E+01
#           2.27778E+01  2.30000E+01  2.32222E+01  2.34444E+01  2.36667E+01
#           2.38889E+01  2.41111E+01  2.43333E+01  2.45556E+01  2.47778E+01
#           2.50000E+01  2.52222E+01  2.54444E+01  2.56667E+01  2.58889E+01
#           2.61111E+01  2.63333E+01  2.65556E+01  2.67778E+01  2.70000E+01
#           2.72222E+01  2.74444E+01  2.76667E+01  2.78889E+01  2.81111E+01
#           2.83333E+01  2.85556E+01  2.87778E+01  2.90000E+01  2.92222E+01
#           2.94444E+01  2.96667E+01  2.98889E+01  3.01111E+01  3.03333E+01
#           3.05556E+01  3.07778E+01  3.10000E+01  3.12222E+01  3.14444E+01
#           3.16667E+01  3.18889E+01  3.21111E+01  3.23333E+01  3.25556E+01
#           3.27778E+01  3.30000E+01  3.32222E+01  3.34444E+01  3.36667E+01
#           3.38889E+01  3.41111E+01  3.43333E+01  3.45556E+01  3.47778E+01
#           3.50000E+01
     unit =    0            # unit is [Gy/source]
   letmat =    0            # (D=0) mat ID for LET, 0:real mat, <0: electron for H2O
  dedxfnc =    0            # (D=0) user defined multiplier, 0(no), 1, 2
 material =  all            # (D=all) number of specific material
   output =  dose           # total deposit energy
  deposit =    0            # (D=0) 0-> total deposit dist, 1-> each process
  2D-type =    3            # 1:Cont, 2:Clust, 3:Color, 4:xyz, 5:mat, 6:Clust+Cont, 7:Col+Cont
     axis =    rz           # axis of output
     file = deposit_r_all.out  # file name of output for the above axis
     part =  all        electron   photon     neutron  
# kf/name :  0          11         22         2112     
    gshow =    1            # 0: no 1:bnd, 2:bnd+mat, 3:bnd+reg 4:bnd+lat 5:bmp style
    resol =    1            # (D=1) resolution of gshow or rshow
    width = 0.5000000       # (D=0.5) width of lines for gshow or rshow
   epsout =    1            # (D=0) generate eps file by ANGEL
#    used :        main (  %)        temp (  %)       total (  %)
#  memory :         231 (  0)           0 (  0)         231 (  0)

#------------------------------------------------------------------------------
#newpage:
#   no. =  1   part. = all     

'no. =  1'
msuc: {\huge [t-deposit] in r-z mesh}
msdr: {\it plotted by \ANGEL \version}
msdl: {\it calculated by \PHITS  3.24}

x: z [cm]
y: r [cm]
set: c1[ 0.060] c2[ 3.674] c5[ 0.800] c6[ 0.374] c7[ 0.000] c8[ 6.267]
p: h2fs form[c1] xfac[c2] afac[c5] scal[c6] xorg[c7] yorg[c8] nosp
set: c3[   1.822783E-09] c4[   1.769206E-02]
p: cmin[c3] cmax[c4]
p: dmin(1e-31)
p: zlog
p: xmin( -15.00000    ) xmax(  35.00000    )
p: ymin(  0.000000    ) ymax(  3.000000    )
#  nr =   1   nz = 225
# ( ( data(z,r), z = 1, nz ), r = nr, 1, -1 )

hc:  y =   1.500000     to   1.500000     by   3.000000     ; x =  -14.88889     to   34.88889     by  0.2222222     ;
  2.975E-03  3.134E-03  2.914E-03  3.110E-03  3.168E-03  3.095E-03  3.337E-03  3.288E-03  3.165E-03  3.362E-03
  3.462E-03  3.448E-03  3.488E-03  3.448E-03  3.577E-03  3.823E-03  3.906E-03  4.157E-03  6.266E-03  6.325E-03
  5.932E-03  6.713E-03  6.398E-03  6.106E-03  6.114E-03  6.012E-03  6.544E-03  6.674E-03  6.608E-03  6.688E-03
  7.438E-03  6.903E-03  7.559E-03  7.585E-03  7.419E-03  7.164E-03  8.074E-03  7.540E-03  7.661E-03  8.107E-03
  8.115E-03  8.267E-03  8.711E-03  9.032E-03  9.129E-03  9.935E-03  9.821E-03  1.018E-02  1.054E-02  1.090E-02
  1.056E-02  1.077E-02  1.115E-02  1.158E-02  1.211E-02  1.283E-02  1.257E-02  1.360E-02  1.399E-02  1.460E-02
  1.457E-02  1.515E-02  1.518E-02  1.596E-02  1.623E-02  1.688E-02  1.769E-02  1.237E-02  7.948E-03  8.239E-03
  9.247E-03  9.179E-03  1.000E-02  9.783E-03  1.008E-02  9.177E-03  1.033E-02  1.019E-02  9.686E-03  9.341E-03
  8.770E-03  9.291E-03  1.021E-02  9.201E-03  8.402E-03  8.128E-03  8.149E-03  8.763E-03  8.542E-03  7.826E-03
  8.030E-03  7.686E-03  7.205E-03  6.669E-03  6.450E-03  6.329E-03  5.948E-03  5.874E-03  5.419E-03  5.911E-03
  5.680E-03  5.122E-03  5.130E-03  4.721E-03  4.313E-03  4.487E-03  3.900E-03  4.039E-03  3.919E-03  3.841E-03
  3.523E-03  3.511E-03  3.232E-03  3.161E-03  2.983E-03  2.591E-03  2.797E-03  2.901E-03  2.800E-03  2.728E-03
  2.958E-03  2.367E-03  2.370E-03  2.522E-03  2.110E-03  1.807E-03  1.854E-03  2.049E-03  1.864E-03  1.826E-03
  1.682E-03  1.989E-03  1.848E-03  1.582E-03  1.722E-03  1.909E-03  1.548E-03  1.628E-03  1.540E-03  1.499E-03
  1.415E-03  1.278E-03  1.424E-03  1.480E-03  1.098E-03  1.146E-03  1.212E-03  1.029E-03  1.216E-03  1.186E-03
  1.041E-03  8.195E-04  1.067E-03  9.136E-04  7.916E-04  9.066E-04  9.263E-04  8.807E-04  9.597E-04  7.988E-04
  8.686E-04  8.186E-04  8.353E-04  7.149E-04  6.078E-04  7.039E-04  6.041E-04  8.068E-04  6.880E-04  8.537E-04
  7.207E-04  8.935E-04  7.688E-04  5.724E-04  6.359E-04  6.220E-04  6.515E-04  4.994E-04  4.671E-04  6.946E-04
  7.005E-04  7.416E-04  6.663E-04  6.729E-04  5.596E-04  4.819E-04  3.851E-04  4.541E-04  4.674E-04  5.477E-04
  5.254E-04  4.724E-04  3.512E-04  4.372E-04  3.987E-04  4.368E-04  3.263E-04  3.869E-04  4.128E-04  3.195E-04
  3.564E-04  3.925E-04  1.056E-04  0.000E+00  0.000E+00  0.000E+00  0.000E+00  0.000E+00  0.000E+00  0.000E+00
  0.000E+00  0.000E+00  0.000E+00  0.000E+00  0.000E+00  0.000E+00  0.000E+00  0.000E+00  0.000E+00  0.000E+00
  0.000E+00  0.000E+00  0.000E+00  0.000E+00  0.000E+00

#------------------------------------------------------------------------------
z: xorg(1.03)
p: xfac[c2*0.05] form[c1/0.05] notc noxt noyt dmin(1)
p: ymin(0) ymax(1) xmin(0) xmax(1) cmin(1) cmax(100) nosp
hc: y= 0.005 to 0.995 by 0.01 ; x= 0.5 to 0.5 by 1 ;
 1  2  3  4  5  6  7  8  9 10 11 12 13 14 15 16 17 18 19 20
21 22 23 24 25 26 27 28 29 30 31 32 33 34 35 36 37 38 39 40
41 42 43 44 45 46 47 48 49 50 51 52 53 54 55 56 57 58 59 60
61 62 63 64 65 66 67 68 69 70 71 72 73 74 75 76 77 78 79 80
81 82 83 84 85 86 87 88 89 90 91 92 93 94 95 96 97 98 99 100
z: xorg(0.0)
p: xfac[c2*0.05] form[c1/0.05] nosp afac[c5*0.625] ymin[c3] ymax[c4]
p: noxt noxn ytxt(-1) ynum(-1) xltd(-1) xstd(-1) itic(1) ylog
y: Dose [Gy/source]      
#------------------------------------------------------------------------------

wt: s(0.7)
\vspace{-3}
  part. &=& all     
e:

#------------------------------------------------------------------------------
z: xorg[-1.03/0.05]
p: form[c1] xfac[c2] afac[c5] nosp notf
p: xmin( -15.00000    ) xmax(  35.00000    )
p: ymin(  0.000000    ) ymax(  3.000000    )

#------------------------------------------------------------------------------
 newpage:
#   no. =  2   part. = electron

'no. =  2'
msuc: {\huge [t-deposit] in r-z mesh}
msdr: {\it plotted by \ANGEL \version}
msdl: {\it calculated by \PHITS  3.24}

x: z [cm]
y: r [cm]
set: c1[ 0.060] c2[ 3.674] c5[ 0.800] c6[ 0.374] c7[ 0.000] c8[ 6.267]
p: h2fs form[c1] xfac[c2] afac[c5] scal[c6] xorg[c7] yorg[c8] nosp
set: c3[   1.822783E-09] c4[   1.769206E-02]
p: cmin[c3] cmax[c4]
p: dmin(1e-31)
p: zlog
p: xmin( -15.00000    ) xmax(  35.00000    )
p: ymin(  0.000000    ) ymax(  3.000000    )
#  nr =   1   nz = 225
# ( ( data(z,r), z = 1, nz ), r = nr, 1, -1 )

hc:  y =   1.500000     to   1.500000     by   3.000000     ; x =  -14.88889     to   34.88889     by  0.2222222     ;
  7.365E-04  8.553E-04  5.966E-04  7.567E-04  7.790E-04  6.688E-04  8.895E-04  7.908E-04  6.300E-04  7.959E-04
  8.444E-04  8.022E-04  7.839E-04  6.954E-04  7.873E-04  9.762E-04  1.027E-03  1.232E-03  1.108E-03  1.374E-03
  9.820E-04  1.753E-03  1.411E-03  1.056E-03  1.034E-03  8.838E-04  1.313E-03  1.408E-03  1.293E-03  1.263E-03
  1.915E-03  1.312E-03  1.818E-03  1.780E-03  1.469E-03  1.128E-03  1.916E-03  1.257E-03  1.237E-03  1.461E-03
  1.309E-03  1.310E-03  1.572E-03  1.699E-03  1.593E-03  2.228E-03  1.968E-03  2.057E-03  2.224E-03  2.334E-03
  1.769E-03  1.737E-03  1.819E-03  1.919E-03  2.163E-03  2.573E-03  1.933E-03  2.709E-03  2.785E-03  3.032E-03
  2.571E-03  2.764E-03  2.364E-03  2.743E-03  2.662E-03  2.893E-03  3.269E-03  4.056E-03  6.109E-03  6.542E-03
  7.683E-03  7.689E-03  8.595E-03  8.504E-03  8.818E-03  8.040E-03  9.182E-03  9.109E-03  8.705E-03  8.393E-03
  7.932E-03  8.506E-03  9.446E-03  8.491E-03  7.753E-03  7.488E-03  7.521E-03  8.178E-03  7.986E-03  7.277E-03
  7.543E-03  7.222E-03  6.740E-03  6.234E-03  6.075E-03  5.979E-03  5.589E-03  5.537E-03  5.090E-03  5.581E-03
  5.346E-03  4.764E-03  4.830E-03  4.438E-03  4.009E-03  4.223E-03  3.642E-03  3.806E-03  3.700E-03  3.630E-03
  3.317E-03  3.301E-03  3.045E-03  2.982E-03  2.784E-03  2.423E-03  2.637E-03  2.750E-03  2.646E-03  2.575E-03
  2.812E-03  2.222E-03  2.246E-03  2.410E-03  2.007E-03  1.711E-03  1.739E-03  1.929E-03  1.760E-03  1.725E-03
  1.583E-03  1.887E-03  1.746E-03  1.484E-03  1.630E-03  1.814E-03  1.478E-03  1.551E-03  1.474E-03  1.437E-03
  1.338E-03  1.219E-03  1.365E-03  1.417E-03  1.030E-03  1.082E-03  1.160E-03  9.689E-04  1.159E-03  1.141E-03
  9.975E-04  7.791E-04  1.027E-03  8.764E-04  7.601E-04  8.616E-04  9.029E-04  8.557E-04  9.393E-04  7.760E-04
  8.407E-04  7.846E-04  8.191E-04  6.994E-04  5.929E-04  6.857E-04  5.879E-04  7.898E-04  6.755E-04  8.390E-04
  7.093E-04  8.811E-04  7.564E-04  5.610E-04  6.256E-04  6.118E-04  6.414E-04  4.896E-04  4.520E-04  6.798E-04
  6.864E-04  7.359E-04  6.509E-04  6.652E-04  5.532E-04  4.690E-04  3.787E-04  4.477E-04  4.466E-04  5.370E-04
  5.201E-04  4.672E-04  3.458E-04  4.318E-04  3.934E-04  4.302E-04  3.209E-04  3.815E-04  4.072E-04  3.111E-04
  3.466E-04  3.871E-04  1.032E-04  0.000E+00  0.000E+00  0.000E+00  0.000E+00  0.000E+00  0.000E+00  0.000E+00
  0.000E+00  0.000E+00  0.000E+00  0.000E+00  0.000E+00  0.000E+00  0.000E+00  0.000E+00  0.000E+00  0.000E+00
  0.000E+00  0.000E+00  0.000E+00  0.000E+00  0.000E+00

#------------------------------------------------------------------------------
z: xorg(1.03)
p: xfac[c2*0.05] form[c1/0.05] notc noxt noyt dmin(1)
p: ymin(0) ymax(1) xmin(0) xmax(1) cmin(1) cmax(100) nosp
hc: y= 0.005 to 0.995 by 0.01 ; x= 0.5 to 0.5 by 1 ;
 1  2  3  4  5  6  7  8  9 10 11 12 13 14 15 16 17 18 19 20
21 22 23 24 25 26 27 28 29 30 31 32 33 34 35 36 37 38 39 40
41 42 43 44 45 46 47 48 49 50 51 52 53 54 55 56 57 58 59 60
61 62 63 64 65 66 67 68 69 70 71 72 73 74 75 76 77 78 79 80
81 82 83 84 85 86 87 88 89 90 91 92 93 94 95 96 97 98 99 100
z: xorg(0.0)
p: xfac[c2*0.05] form[c1/0.05] nosp afac[c5*0.625] ymin[c3] ymax[c4]
p: noxt noxn ytxt(-1) ynum(-1) xltd(-1) xstd(-1) itic(1) ylog
y: Dose [Gy/source]      
#------------------------------------------------------------------------------

wt: s(0.7)
\vspace{-3}
  part. &=& electron
e:

#------------------------------------------------------------------------------
z: xorg[-1.03/0.05]
p: form[c1] xfac[c2] afac[c5] nosp notf
p: xmin( -15.00000    ) xmax(  35.00000    )
p: ymin(  0.000000    ) ymax(  3.000000    )

#------------------------------------------------------------------------------
 newpage:
#   no. =  3   part. = photon  

'no. =  3'
msuc: {\huge [t-deposit] in r-z mesh}
msdr: {\it plotted by \ANGEL \version}
msdl: {\it calculated by \PHITS  3.24}

x: z [cm]
y: r [cm]
set: c1[ 0.060] c2[ 3.674] c5[ 0.800] c6[ 0.374] c7[ 0.000] c8[ 6.267]
p: h2fs form[c1] xfac[c2] afac[c5] scal[c6] xorg[c7] yorg[c8] nosp
set: c3[   1.822783E-09] c4[   1.769206E-02]
p: cmin[c3] cmax[c4]
p: dmin(1e-31)
p: zlog
p: xmin( -15.00000    ) xmax(  35.00000    )
p: ymin(  0.000000    ) ymax(  3.000000    )
#  nr =   1   nz = 225
# ( ( data(z,r), z = 1, nz ), r = nr, 1, -1 )

hc:  y =   1.500000     to   1.500000     by   3.000000     ; x =  -14.88889     to   34.88889     by  0.2222222     ;
  0.000E+00  0.000E+00  0.000E+00  0.000E+00  0.000E+00  0.000E+00  0.000E+00  0.000E+00  0.000E+00  0.000E+00
  0.000E+00  0.000E+00  0.000E+00  0.000E+00  0.000E+00  0.000E+00  0.000E+00  0.000E+00  0.000E+00  0.000E+00
  0.000E+00  0.000E+00  0.000E+00  0.000E+00  0.000E+00  0.000E+00  0.000E+00  0.000E+00  0.000E+00  0.000E+00
  0.000E+00  0.000E+00  0.000E+00  0.000E+00  0.000E+00  0.000E+00  0.000E+00  0.000E+00  0.000E+00  0.000E+00
  0.000E+00  0.000E+00  0.000E+00  0.000E+00  0.000E+00  0.000E+00  0.000E+00  0.000E+00  0.000E+00  0.000E+00
  0.000E+00  0.000E+00  0.000E+00  0.000E+00  0.000E+00  0.000E+00  0.000E+00  0.000E+00  0.000E+00  0.000E+00
  0.000E+00  0.000E+00  0.000E+00  0.000E+00  0.000E+00  0.000E+00  0.000E+00  0.000E+00  6.203E-09  0.000E+00
  0.000E+00  0.000E+00  0.000E+00  0.000E+00  0.000E+00  0.000E+00  2.523E-08  0.000E+00  0.000E+00  1.823E-09
  0.000E+00  0.000E+00  0.000E+00  0.000E+00  5.202E-09  0.000E+00  5.244E-09  1.326E-08  2.564E-09  1.676E-08
  0.000E+00  0.000E+00  0.000E+00  0.000E+00  4.557E-09  0.000E+00  0.000E+00  8.203E-09  0.000E+00  2.076E-08
  0.000E+00  0.000E+00  1.326E-08  0.000E+00  2.182E-09  1.326E-08  0.000E+00  0.000E+00  0.000E+00  0.000E+00
  0.000E+00  0.000E+00  0.000E+00  0.000E+00  1.504E-08  0.000E+00  0.000E+00  0.000E+00  0.000E+00  0.000E+00
  0.000E+00  0.000E+00  0.000E+00  0.000E+00  0.000E+00  1.326E-08  0.000E+00  4.125E-09  6.504E-09  1.326E-08
  0.000E+00  0.000E+00  0.000E+00  0.000E+00  0.000E+00  0.000E+00  0.000E+00  0.000E+00  0.000E+00  0.000E+00
  8.213E-09  0.000E+00  1.192E-08  0.000E+00  0.000E+00  0.000E+00  0.000E+00  0.000E+00  0.000E+00  1.326E-08
  1.326E-08  4.567E-09  0.000E+00  0.000E+00  0.000E+00  1.326E-08  0.000E+00  0.000E+00  0.000E+00  0.000E+00
  0.000E+00  0.000E+00  0.000E+00  0.000E+00  2.653E-08  1.225E-08  0.000E+00  0.000E+00  0.000E+00  0.000E+00
  0.000E+00  0.000E+00  0.000E+00  0.000E+00  0.000E+00  5.344E-09  0.000E+00  0.000E+00  0.000E+00  0.000E+00
  0.000E+00  0.000E+00  0.000E+00  0.000E+00  0.000E+00  0.000E+00  0.000E+00  0.000E+00  0.000E+00  0.000E+00
  0.000E+00  0.000E+00  0.000E+00  0.000E+00  0.000E+00  0.000E+00  0.000E+00  0.000E+00  0.000E+00  0.000E+00
  0.000E+00  0.000E+00  0.000E+00  0.000E+00  0.000E+00  0.000E+00  0.000E+00  0.000E+00  0.000E+00  0.000E+00
  0.000E+00  0.000E+00  0.000E+00  0.000E+00  0.000E+00  0.000E+00  0.000E+00  0.000E+00  0.000E+00  0.000E+00
  0.000E+00  0.000E+00  0.000E+00  0.000E+00  0.000E+00

#------------------------------------------------------------------------------
z: xorg(1.03)
p: xfac[c2*0.05] form[c1/0.05] notc noxt noyt dmin(1)
p: ymin(0) ymax(1) xmin(0) xmax(1) cmin(1) cmax(100) nosp
hc: y= 0.005 to 0.995 by 0.01 ; x= 0.5 to 0.5 by 1 ;
 1  2  3  4  5  6  7  8  9 10 11 12 13 14 15 16 17 18 19 20
21 22 23 24 25 26 27 28 29 30 31 32 33 34 35 36 37 38 39 40
41 42 43 44 45 46 47 48 49 50 51 52 53 54 55 56 57 58 59 60
61 62 63 64 65 66 67 68 69 70 71 72 73 74 75 76 77 78 79 80
81 82 83 84 85 86 87 88 89 90 91 92 93 94 95 96 97 98 99 100
z: xorg(0.0)
p: xfac[c2*0.05] form[c1/0.05] nosp afac[c5*0.625] ymin[c3] ymax[c4]
p: noxt noxn ytxt(-1) ynum(-1) xltd(-1) xstd(-1) itic(1) ylog
y: Dose [Gy/source]      
#------------------------------------------------------------------------------

wt: s(0.7)
\vspace{-3}
  part. &=& photon  
e:

#------------------------------------------------------------------------------
z: xorg[-1.03/0.05]
p: form[c1] xfac[c2] afac[c5] nosp notf
p: xmin( -15.00000    ) xmax(  35.00000    )
p: ymin(  0.000000    ) ymax(  3.000000    )

#------------------------------------------------------------------------------
 newpage:
#   no. =  4   part. = neutron 

'no. =  4'
msuc: {\huge [t-deposit] in r-z mesh}
msdr: {\it plotted by \ANGEL \version}
msdl: {\it calculated by \PHITS  3.24}

x: z [cm]
y: r [cm]
set: c1[ 0.060] c2[ 3.674] c5[ 0.800] c6[ 0.374] c7[ 0.000] c8[ 6.267]
p: h2fs form[c1] xfac[c2] afac[c5] scal[c6] xorg[c7] yorg[c8] nosp
set: c3[   1.822783E-09] c4[   1.769206E-02]
p: cmin[c3] cmax[c4]
p: dmin(1e-31)
p: zlog
p: xmin( -15.00000    ) xmax(  35.00000    )
p: ymin(  0.000000    ) ymax(  3.000000    )
#  nr =   1   nz = 225
# ( ( data(z,r), z = 1, nz ), r = nr, 1, -1 )

hc:  y =   1.500000     to   1.500000     by   3.000000     ; x =  -14.88889     to   34.88889     by  0.2222222     ;
  2.238E-03  2.278E-03  2.318E-03  2.353E-03  2.389E-03  2.426E-03  2.448E-03  2.497E-03  2.535E-03  2.566E-03
  2.618E-03  2.646E-03  2.704E-03  2.753E-03  2.790E-03  2.847E-03  2.878E-03  2.925E-03  5.157E-03  4.944E-03
  4.943E-03  4.952E-03  4.980E-03  5.043E-03  5.073E-03  5.120E-03  5.228E-03  5.266E-03  5.315E-03  5.425E-03
  5.524E-03  5.591E-03  5.741E-03  5.805E-03  5.951E-03  6.036E-03  6.158E-03  6.284E-03  6.424E-03  6.646E-03
  6.806E-03  6.956E-03  7.139E-03  7.325E-03  7.516E-03  7.688E-03  7.853E-03  8.121E-03  8.314E-03  8.567E-03
  8.785E-03  9.019E-03  9.315E-03  9.647E-03  9.930E-03  1.024E-02  1.062E-02  1.088E-02  1.119E-02  1.156E-02
  1.198E-02  1.238E-02  1.281E-02  1.320E-02  1.356E-02  1.399E-02  1.442E-02  8.297E-03  1.770E-03  1.687E-03
  1.559E-03  1.466E-03  1.394E-03  1.262E-03  1.201E-03  1.107E-03  1.082E-03  9.873E-04  9.487E-04  8.911E-04
  8.138E-04  7.700E-04  7.025E-04  6.750E-04  6.263E-04  6.310E-04  5.971E-04  5.596E-04  5.472E-04  5.006E-04
  4.551E-04  4.304E-04  4.398E-04  4.103E-04  3.703E-04  3.375E-04  3.352E-04  3.180E-04  3.149E-04  3.017E-04
  2.976E-04  3.032E-04  2.899E-04  2.744E-04  2.582E-04  2.452E-04  2.431E-04  2.229E-04  1.953E-04  1.921E-04
  1.966E-04  1.905E-04  1.803E-04  1.784E-04  1.931E-04  1.642E-04  1.455E-04  1.447E-04  1.413E-04  1.458E-04
  1.371E-04  1.427E-04  1.226E-04  1.083E-04  9.882E-05  9.356E-05  1.155E-04  1.125E-04  1.048E-04  1.015E-04
  9.944E-05  9.834E-05  9.560E-05  9.561E-05  8.936E-05  8.146E-05  6.907E-05  7.145E-05  6.123E-05  5.898E-05
  5.924E-05  5.878E-05  5.661E-05  5.352E-05  5.615E-05  6.021E-05  4.405E-05  4.450E-05  4.072E-05  4.210E-05
  4.373E-05  4.041E-05  3.958E-05  3.717E-05  3.143E-05  4.088E-05  2.347E-05  2.120E-05  2.036E-05  2.282E-05
  2.791E-05  3.397E-05  1.622E-05  1.550E-05  1.416E-05  1.481E-05  1.618E-05  1.702E-05  1.255E-05  1.295E-05
  1.146E-05  1.239E-05  1.238E-05  1.145E-05  1.030E-05  1.023E-05  1.006E-05  9.769E-06  1.504E-05  1.475E-05
  1.414E-05  5.672E-06  5.962E-06  6.373E-06  6.371E-06  6.370E-06  6.372E-06  6.368E-06  6.364E-06  6.378E-06
  5.285E-06  5.105E-06  5.367E-06  5.367E-06  5.367E-06  5.368E-06  5.367E-06  5.369E-06  5.587E-06  8.410E-06
  9.782E-06  5.399E-06  2.312E-06  0.000E+00  0.000E+00  0.000E+00  0.000E+00  0.000E+00  0.000E+00  0.000E+00
  0.000E+00  0.000E+00  0.000E+00  0.000E+00  0.000E+00  0.000E+00  0.000E+00  0.000E+00  0.000E+00  0.000E+00
  0.000E+00  0.000E+00  0.000E+00  0.000E+00  0.000E+00

#------------------------------------------------------------------------------
z: xorg(1.03)
p: xfac[c2*0.05] form[c1/0.05] notc noxt noyt dmin(1)
p: ymin(0) ymax(1) xmin(0) xmax(1) cmin(1) cmax(100) nosp
hc: y= 0.005 to 0.995 by 0.01 ; x= 0.5 to 0.5 by 1 ;
 1  2  3  4  5  6  7  8  9 10 11 12 13 14 15 16 17 18 19 20
21 22 23 24 25 26 27 28 29 30 31 32 33 34 35 36 37 38 39 40
41 42 43 44 45 46 47 48 49 50 51 52 53 54 55 56 57 58 59 60
61 62 63 64 65 66 67 68 69 70 71 72 73 74 75 76 77 78 79 80
81 82 83 84 85 86 87 88 89 90 91 92 93 94 95 96 97 98 99 100
z: xorg(0.0)
p: xfac[c2*0.05] form[c1/0.05] nosp afac[c5*0.625] ymin[c3] ymax[c4]
p: noxt noxn ytxt(-1) ynum(-1) xltd(-1) xstd(-1) itic(1) ylog
y: Dose [Gy/source]      
#------------------------------------------------------------------------------

wt: s(0.7)
\vspace{-3}
  part. &=& neutron 
e:

#------------------------------------------------------------------------------
z: xorg[-1.03/0.05]
p: form[c1] xfac[c2] afac[c5] nosp notf
p: xmin( -15.00000    ) xmax(  35.00000    )
p: ymin(  0.000000    ) ymax(  3.000000    )
 
# Information for Restart Calculation
# This calculation was newly started
# istdev =  2 # 1:Batch variance, 2:History variance
# resc2  = 1.00918122271111685E-06 # Total source weight or Total source weight / maxcas
# resc3  = 1.00000000000000000E+07 # Total history number or Total batch number
# maxcas =     1000000 # History / Batch, only used for istdev=1
# rijklst=  -1.0909668918764960E-250 # Next initial random number
# bitrseed = 1000110000001000111111101100101001110101110010000011011101101000
