[ T-Deposit ]
    title = [t-deposit] in r-z mesh
     mesh =  r-z            # mesh type is r-z scoring mesh
       x0 =   0.000000      # center x-position of r-z mesh
       y0 =   0.000000      # center y-position of r-z mesh
   r-type =    2            # r-mesh is linear given by rmin, rmax and nr
     rmin =   0.000000      # minimum value of r-mesh points
     rmax =   3.000000      # maximum value of r-mesh points
#    rdel =   3.000000      # mesh width of r-mesh points
       nr =      1          # number of r-mesh points
#    data = ( r(i), i = 1, nr + 1 )
#           0.00000E+00  3.00000E+00
   z-type =    2            # z-mesh is linear given by zmin, zmax and nz
     zmin =  -15.00000      # minimum value of z-mesh points
     zmax =   35.00000      # maximum value of z-mesh points
#    zdel =  0.2222222      # mesh width of z-mesh points
       nz =    225          # number of z-mesh points
#    data = ( z(i), i = 1, nz + 1 )
#          -1.50000E+01 -1.47778E+01 -1.45556E+01 -1.43333E+01 -1.41111E+01
#          -1.38889E+01 -1.36667E+01 -1.34444E+01 -1.32222E+01 -1.30000E+01
#          -1.27778E+01 -1.25556E+01 -1.23333E+01 -1.21111E+01 -1.18889E+01
#          -1.16667E+01 -1.14444E+01 -1.12222E+01 -1.10000E+01 -1.07778E+01
#          -1.05556E+01 -1.03333E+01 -1.01111E+01 -9.88889E+00 -9.66667E+00
#          -9.44444E+00 -9.22222E+00 -9.00000E+00 -8.77778E+00 -8.55556E+00
#          -8.33333E+00 -8.11111E+00 -7.88889E+00 -7.66667E+00 -7.44444E+00
#          -7.22222E+00 -7.00000E+00 -6.77778E+00 -6.55556E+00 -6.33333E+00
#          -6.11111E+00 -5.88889E+00 -5.66667E+00 -5.44444E+00 -5.22222E+00
#          -5.00000E+00 -4.77778E+00 -4.55556E+00 -4.33333E+00 -4.11111E+00
#          -3.88889E+00 -3.66667E+00 -3.44444E+00 -3.22222E+00 -3.00000E+00
#          -2.77778E+00 -2.55556E+00 -2.33333E+00 -2.11111E+00 -1.88889E+00
#          -1.66667E+00 -1.44444E+00 -1.22222E+00 -1.00000E+00 -7.77778E-01
#          -5.55556E-01 -3.33333E-01 -1.11111E-01  1.11111E-01  3.33333E-01
#           5.55556E-01  7.77778E-01  1.00000E+00  1.22222E+00  1.44444E+00
#           1.66667E+00  1.88889E+00  2.11111E+00  2.33333E+00  2.55556E+00
#           2.77778E+00  3.00000E+00  3.22222E+00  3.44444E+00  3.66667E+00
#           3.88889E+00  4.11111E+00  4.33333E+00  4.55556E+00  4.77778E+00
#           5.00000E+00  5.22222E+00  5.44444E+00  5.66667E+00  5.88889E+00
#           6.11111E+00  6.33333E+00  6.55556E+00  6.77778E+00  7.00000E+00
#           7.22222E+00  7.44444E+00  7.66667E+00  7.88889E+00  8.11111E+00
#           8.33333E+00  8.55556E+00  8.77778E+00  9.00000E+00  9.22222E+00
#           9.44444E+00  9.66667E+00  9.88889E+00  1.01111E+01  1.03333E+01
#           1.05556E+01  1.07778E+01  1.10000E+01  1.12222E+01  1.14444E+01
#           1.16667E+01  1.18889E+01  1.21111E+01  1.23333E+01  1.25556E+01
#           1.27778E+01  1.30000E+01  1.32222E+01  1.34444E+01  1.36667E+01
#           1.38889E+01  1.41111E+01  1.43333E+01  1.45556E+01  1.47778E+01
#           1.50000E+01  1.52222E+01  1.54444E+01  1.56667E+01  1.58889E+01
#           1.61111E+01  1.63333E+01  1.65556E+01  1.67778E+01  1.70000E+01
#           1.72222E+01  1.74444E+01  1.76667E+01  1.78889E+01  1.81111E+01
#           1.83333E+01  1.85556E+01  1.87778E+01  1.90000E+01  1.92222E+01
#           1.94444E+01  1.96667E+01  1.98889E+01  2.01111E+01  2.03333E+01
#           2.05556E+01  2.07778E+01  2.10000E+01  2.12222E+01  2.14444E+01
#           2.16667E+01  2.18889E+01  2.21111E+01  2.23333E+01  2.25556E+01
#           2.27778E+01  2.30000E+01  2.32222E+01  2.34444E+01  2.36667E+01
#           2.38889E+01  2.41111E+01  2.43333E+01  2.45556E+01  2.47778E+01
#           2.50000E+01  2.52222E+01  2.54444E+01  2.56667E+01  2.58889E+01
#           2.61111E+01  2.63333E+01  2.65556E+01  2.67778E+01  2.70000E+01
#           2.72222E+01  2.74444E+01  2.76667E+01  2.78889E+01  2.81111E+01
#           2.83333E+01  2.85556E+01  2.87778E+01  2.90000E+01  2.92222E+01
#           2.94444E+01  2.96667E+01  2.98889E+01  3.01111E+01  3.03333E+01
#           3.05556E+01  3.07778E+01  3.10000E+01  3.12222E+01  3.14444E+01
#           3.16667E+01  3.18889E+01  3.21111E+01  3.23333E+01  3.25556E+01
#           3.27778E+01  3.30000E+01  3.32222E+01  3.34444E+01  3.36667E+01
#           3.38889E+01  3.41111E+01  3.43333E+01  3.45556E+01  3.47778E+01
#           3.50000E+01
     unit =    0            # unit is [Gy/source]
   letmat =    0            # (D=0) mat ID for LET, 0:real mat, <0: electron for H2O
  dedxfnc =    0            # (D=0) user defined multiplier, 0(no), 1, 2
 material =  all            # (D=all) number of specific material
   output =  dose           # total deposit energy
  deposit =    0            # (D=0) 0-> total deposit dist, 1-> each process
  2D-type =    3            # 1:Cont, 2:Clust, 3:Color, 4:xyz, 5:mat, 6:Clust+Cont, 7:Col+Cont
     axis =    rz           # axis of output
     file = deposit_r_all.out  # file name of output for the above axis
     part =  all        electron   photon     neutron  
# kf/name :  0          11         22         2112     
    gshow =    1            # 0: no 1:bnd, 2:bnd+mat, 3:bnd+reg 4:bnd+lat 5:bmp style
    resol =    1            # (D=1) resolution of gshow or rshow
    width = 0.5000000       # (D=0.5) width of lines for gshow or rshow
   epsout =    1            # (D=0) generate eps file by ANGEL
#    used :        main (  %)        temp (  %)       total (  %)
#  memory :         231 (  0)           0 (  0)         231 (  0)

#------------------------------------------------------------------------------
#newpage:
#   no. =  1   part. = all     

'no. =  1'
msuc: {\huge [t-deposit] in r-z mesh}
msdr: {\it plotted by \ANGEL \version}
msdl: {\it calculated by \PHITS  3.24}

x: z [cm]
y: r [cm]
set: c1[ 0.060] c2[ 3.674] c5[ 0.800] c6[ 0.374] c7[ 0.000] c8[ 6.267]
p: h2fs form[c1] xfac[c2] afac[c5] scal[c6] xorg[c7] yorg[c8] nosp
set: c3[1.0e-4] c4[1.0]
p: cmin[c3] cmax[c4]
p: dmin(1e-31)
p: zlog
p: xmin( -15.00000    ) xmax(  35.00000    )
p: ymin(  0.000000    ) ymax(  3.000000    )
#  nr =   1   nz = 225
# ( ( data(z,r), z = 1, nz ), r = nr, 1, -1 )

hc:  y =   1.500000     to   1.500000     by   3.000000     ; x =  -14.88889     to   34.88889     by  0.2222222     ;
  1.064E-02  1.062E-02  1.062E-02  1.056E-02  1.048E-02  1.037E-02  1.035E-02  1.096E-02  1.073E-02  1.082E-02
  1.061E-02  1.049E-02  1.043E-02  1.034E-02  1.034E-02  1.040E-02  1.018E-02  1.020E-02  1.043E-02  9.191E-03
  8.430E-03  8.487E-03  9.300E-03  0.000E+00  0.000E+00  0.000E+00  0.000E+00  0.000E+00  0.000E+00  0.000E+00
  0.000E+00  0.000E+00  0.000E+00  0.000E+00  0.000E+00  0.000E+00  0.000E+00  0.000E+00  0.000E+00  0.000E+00
  0.000E+00  0.000E+00  0.000E+00  0.000E+00  0.000E+00  0.000E+00  0.000E+00  0.000E+00  0.000E+00  0.000E+00
  0.000E+00  0.000E+00  0.000E+00  0.000E+00  0.000E+00  0.000E+00  0.000E+00  0.000E+00  0.000E+00  0.000E+00
  0.000E+00  0.000E+00  0.000E+00  0.000E+00  0.000E+00  0.000E+00  0.000E+00  1.117E-02  1.091E-02  1.092E-02
  1.098E-02  1.081E-02  1.134E-02  1.097E-02  1.089E-02  1.089E-02  1.086E-02  1.060E-02  1.072E-02  1.060E-02
  1.054E-02  1.072E-02  1.059E-02  1.049E-02  1.036E-02  1.073E-02  1.067E-02  1.041E-02  1.091E-02  1.068E-02
  1.067E-02  1.073E-02  1.084E-02  1.066E-02  1.056E-02  1.066E-02  1.081E-02  1.079E-02  1.100E-02  1.115E-02
  1.140E-02  1.174E-02  1.189E-02  1.174E-02  1.203E-02  1.177E-02  1.199E-02  1.220E-02  1.192E-02  1.209E-02
  1.225E-02  1.219E-02  1.264E-02  1.293E-02  1.573E-02  1.338E-02  1.301E-02  1.327E-02  1.333E-02  1.376E-02
  1.435E-02  1.498E-02  1.448E-02  1.416E-02  1.383E-02  1.412E-02  1.633E-02  1.708E-02  1.623E-02  1.586E-02
  1.629E-02  1.636E-02  1.629E-02  1.736E-02  1.690E-02  1.678E-02  1.728E-02  1.764E-02  1.676E-02  1.689E-02
  1.724E-02  1.737E-02  1.753E-02  1.829E-02  1.807E-02  2.025E-02  1.817E-02  1.846E-02  1.811E-02  1.854E-02
  1.934E-02  1.923E-02  1.949E-02  1.953E-02  1.909E-02  1.913E-02  1.938E-02  2.130E-02  1.967E-02  2.084E-02
  2.242E-02  2.985E-02  2.112E-02  2.115E-02  2.338E-02  2.165E-02  2.250E-02  2.259E-02  2.176E-02  2.219E-02
  2.269E-02  2.231E-02  2.259E-02  2.285E-02  2.312E-02  2.329E-02  2.393E-02  2.395E-02  2.633E-02  2.823E-02
  2.852E-02  2.431E-02  2.495E-02  2.487E-02  2.534E-02  2.588E-02  2.597E-02  2.628E-02  2.638E-02  2.659E-02
  2.693E-02  2.721E-02  2.719E-02  2.798E-02  2.863E-02  2.898E-02  2.946E-02  2.954E-02  2.993E-02  3.115E-02
  3.215E-02  3.136E-02  2.900E-02  2.870E-02  2.889E-02  2.899E-02  2.910E-02  2.917E-02  2.945E-02  2.954E-02
  2.970E-02  2.994E-02  2.996E-02  3.024E-02  3.075E-02  3.097E-02  3.104E-02  3.105E-02  3.113E-02  3.141E-02
  3.162E-02  3.168E-02  3.158E-02  3.171E-02  3.197E-02

#------------------------------------------------------------------------------
z: xorg(1.03)
p: xfac[c2*0.05] form[c1/0.05] notc noxt noyt dmin(1)
p: ymin(0) ymax(1) xmin(0) xmax(1) cmin(1) cmax(100) nosp
hc: y= 0.005 to 0.995 by 0.01 ; x= 0.5 to 0.5 by 1 ;
 1  2  3  4  5  6  7  8  9 10 11 12 13 14 15 16 17 18 19 20
21 22 23 24 25 26 27 28 29 30 31 32 33 34 35 36 37 38 39 40
41 42 43 44 45 46 47 48 49 50 51 52 53 54 55 56 57 58 59 60
61 62 63 64 65 66 67 68 69 70 71 72 73 74 75 76 77 78 79 80
81 82 83 84 85 86 87 88 89 90 91 92 93 94 95 96 97 98 99 100
z: xorg(0.0)
p: xfac[c2*0.05] form[c1/0.05] nosp afac[c5*0.625] ymin[c3] ymax[c4]
p: noxt noxn ytxt(-1) ynum(-1) xltd(-1) xstd(-1) itic(1) ylog
y: Relative Error
#------------------------------------------------------------------------------

wt: s(0.7)
\vspace{-3}
  part. &=& all     
e:

#------------------------------------------------------------------------------
z: xorg[-1.03/0.05]
p: form[c1] xfac[c2] afac[c5] nosp notf
p: xmin( -15.00000    ) xmax(  35.00000    )
p: ymin(  0.000000    ) ymax(  3.000000    )

#------------------------------------------------------------------------------
 newpage:
#   no. =  2   part. = electron

'no. =  2'
msuc: {\huge [t-deposit] in r-z mesh}
msdr: {\it plotted by \ANGEL \version}
msdl: {\it calculated by \PHITS  3.24}

x: z [cm]
y: r [cm]
set: c1[ 0.060] c2[ 3.674] c5[ 0.800] c6[ 0.374] c7[ 0.000] c8[ 6.267]
p: h2fs form[c1] xfac[c2] afac[c5] scal[c6] xorg[c7] yorg[c8] nosp
set: c3[1.0e-4] c4[1.0]
p: cmin[c3] cmax[c4]
p: dmin(1e-31)
p: zlog
p: xmin( -15.00000    ) xmax(  35.00000    )
p: ymin(  0.000000    ) ymax(  3.000000    )
#  nr =   1   nz = 225
# ( ( data(z,r), z = 1, nz ), r = nr, 1, -1 )

hc:  y =   1.500000     to   1.500000     by   3.000000     ; x =  -14.88889     to   34.88889     by  0.2222222     ;
  0.000E+00  0.000E+00  0.000E+00  0.000E+00  0.000E+00  0.000E+00  0.000E+00  0.000E+00  0.000E+00  0.000E+00
  0.000E+00  0.000E+00  0.000E+00  0.000E+00  0.000E+00  0.000E+00  0.000E+00  0.000E+00  0.000E+00  0.000E+00
  0.000E+00  0.000E+00  0.000E+00  0.000E+00  0.000E+00  0.000E+00  0.000E+00  0.000E+00  0.000E+00  0.000E+00
  0.000E+00  0.000E+00  0.000E+00  0.000E+00  0.000E+00  0.000E+00  0.000E+00  0.000E+00  0.000E+00  0.000E+00
  0.000E+00  0.000E+00  0.000E+00  0.000E+00  0.000E+00  0.000E+00  0.000E+00  0.000E+00  0.000E+00  0.000E+00
  0.000E+00  0.000E+00  0.000E+00  0.000E+00  0.000E+00  0.000E+00  0.000E+00  0.000E+00  0.000E+00  0.000E+00
  0.000E+00  0.000E+00  0.000E+00  0.000E+00  0.000E+00  0.000E+00  0.000E+00  0.000E+00  0.000E+00  0.000E+00
  0.000E+00  0.000E+00  0.000E+00  0.000E+00  0.000E+00  0.000E+00  0.000E+00  0.000E+00  0.000E+00  0.000E+00
  0.000E+00  0.000E+00  0.000E+00  0.000E+00  0.000E+00  0.000E+00  0.000E+00  0.000E+00  0.000E+00  0.000E+00
  0.000E+00  0.000E+00  0.000E+00  0.000E+00  0.000E+00  0.000E+00  0.000E+00  0.000E+00  0.000E+00  0.000E+00
  0.000E+00  0.000E+00  0.000E+00  0.000E+00  0.000E+00  0.000E+00  0.000E+00  0.000E+00  0.000E+00  0.000E+00
  0.000E+00  0.000E+00  0.000E+00  0.000E+00  0.000E+00  0.000E+00  0.000E+00  0.000E+00  0.000E+00  0.000E+00
  0.000E+00  0.000E+00  0.000E+00  0.000E+00  0.000E+00  0.000E+00  0.000E+00  0.000E+00  0.000E+00  0.000E+00
  0.000E+00  0.000E+00  0.000E+00  0.000E+00  0.000E+00  0.000E+00  0.000E+00  0.000E+00  0.000E+00  0.000E+00
  0.000E+00  0.000E+00  0.000E+00  0.000E+00  0.000E+00  0.000E+00  0.000E+00  0.000E+00  0.000E+00  0.000E+00
  0.000E+00  0.000E+00  0.000E+00  0.000E+00  0.000E+00  0.000E+00  0.000E+00  0.000E+00  0.000E+00  0.000E+00
  0.000E+00  0.000E+00  0.000E+00  0.000E+00  0.000E+00  0.000E+00  0.000E+00  0.000E+00  0.000E+00  0.000E+00
  0.000E+00  0.000E+00  0.000E+00  0.000E+00  0.000E+00  0.000E+00  0.000E+00  0.000E+00  0.000E+00  0.000E+00
  0.000E+00  0.000E+00  0.000E+00  0.000E+00  0.000E+00  0.000E+00  0.000E+00  0.000E+00  0.000E+00  0.000E+00
  0.000E+00  0.000E+00  0.000E+00  0.000E+00  0.000E+00  0.000E+00  0.000E+00  0.000E+00  0.000E+00  0.000E+00
  0.000E+00  0.000E+00  0.000E+00  0.000E+00  0.000E+00  0.000E+00  0.000E+00  0.000E+00  0.000E+00  0.000E+00
  0.000E+00  0.000E+00  0.000E+00  0.000E+00  0.000E+00  0.000E+00  0.000E+00  0.000E+00  0.000E+00  0.000E+00
  0.000E+00  0.000E+00  0.000E+00  0.000E+00  0.000E+00

#------------------------------------------------------------------------------
z: xorg(1.03)
p: xfac[c2*0.05] form[c1/0.05] notc noxt noyt dmin(1)
p: ymin(0) ymax(1) xmin(0) xmax(1) cmin(1) cmax(100) nosp
hc: y= 0.005 to 0.995 by 0.01 ; x= 0.5 to 0.5 by 1 ;
 1  2  3  4  5  6  7  8  9 10 11 12 13 14 15 16 17 18 19 20
21 22 23 24 25 26 27 28 29 30 31 32 33 34 35 36 37 38 39 40
41 42 43 44 45 46 47 48 49 50 51 52 53 54 55 56 57 58 59 60
61 62 63 64 65 66 67 68 69 70 71 72 73 74 75 76 77 78 79 80
81 82 83 84 85 86 87 88 89 90 91 92 93 94 95 96 97 98 99 100
z: xorg(0.0)
p: xfac[c2*0.05] form[c1/0.05] nosp afac[c5*0.625] ymin[c3] ymax[c4]
p: noxt noxn ytxt(-1) ynum(-1) xltd(-1) xstd(-1) itic(1) ylog
y: Relative Error
#------------------------------------------------------------------------------

wt: s(0.7)
\vspace{-3}
  part. &=& electron
e:

#------------------------------------------------------------------------------
z: xorg[-1.03/0.05]
p: form[c1] xfac[c2] afac[c5] nosp notf
p: xmin( -15.00000    ) xmax(  35.00000    )
p: ymin(  0.000000    ) ymax(  3.000000    )

#------------------------------------------------------------------------------
 newpage:
#   no. =  3   part. = photon  

'no. =  3'
msuc: {\huge [t-deposit] in r-z mesh}
msdr: {\it plotted by \ANGEL \version}
msdl: {\it calculated by \PHITS  3.24}

x: z [cm]
y: r [cm]
set: c1[ 0.060] c2[ 3.674] c5[ 0.800] c6[ 0.374] c7[ 0.000] c8[ 6.267]
p: h2fs form[c1] xfac[c2] afac[c5] scal[c6] xorg[c7] yorg[c8] nosp
set: c3[1.0e-4] c4[1.0]
p: cmin[c3] cmax[c4]
p: dmin(1e-31)
p: zlog
p: xmin( -15.00000    ) xmax(  35.00000    )
p: ymin(  0.000000    ) ymax(  3.000000    )
#  nr =   1   nz = 225
# ( ( data(z,r), z = 1, nz ), r = nr, 1, -1 )

hc:  y =   1.500000     to   1.500000     by   3.000000     ; x =  -14.88889     to   34.88889     by  0.2222222     ;
  2.818E-02  2.786E-02  2.746E-02  2.724E-02  2.686E-02  2.697E-02  2.692E-02  2.716E-02  2.762E-02  2.836E-02
  2.716E-02  2.752E-02  2.795E-02  2.792E-02  2.750E-02  2.835E-02  2.715E-02  2.685E-02  2.692E-02  2.395E-02
  2.104E-02  1.978E-02  2.300E-02  0.000E+00  0.000E+00  0.000E+00  0.000E+00  0.000E+00  0.000E+00  0.000E+00
  0.000E+00  0.000E+00  0.000E+00  0.000E+00  0.000E+00  0.000E+00  0.000E+00  0.000E+00  0.000E+00  0.000E+00
  0.000E+00  0.000E+00  0.000E+00  0.000E+00  0.000E+00  0.000E+00  0.000E+00  0.000E+00  0.000E+00  0.000E+00
  0.000E+00  0.000E+00  0.000E+00  0.000E+00  0.000E+00  0.000E+00  0.000E+00  0.000E+00  0.000E+00  0.000E+00
  0.000E+00  0.000E+00  0.000E+00  0.000E+00  0.000E+00  0.000E+00  0.000E+00  1.198E-02  1.190E-02  1.171E-02
  1.198E-02  1.150E-02  1.131E-02  1.154E-02  1.129E-02  1.128E-02  1.111E-02  1.093E-02  1.094E-02  1.079E-02
  1.060E-02  1.081E-02  1.077E-02  1.040E-02  1.035E-02  1.058E-02  1.053E-02  1.033E-02  1.078E-02  1.061E-02
  1.063E-02  1.068E-02  1.018E-02  1.037E-02  1.035E-02  1.043E-02  1.052E-02  1.049E-02  1.068E-02  1.085E-02
  1.072E-02  1.079E-02  1.105E-02  1.093E-02  1.125E-02  1.090E-02  1.100E-02  1.141E-02  1.125E-02  1.135E-02
  1.133E-02  1.116E-02  1.159E-02  1.155E-02  1.183E-02  1.201E-02  1.184E-02  1.192E-02  1.189E-02  1.242E-02
  1.232E-02  1.227E-02  1.270E-02  1.267E-02  1.262E-02  1.296E-02  1.309E-02  1.362E-02  1.363E-02  1.387E-02
  1.411E-02  1.408E-02  1.448E-02  1.426E-02  1.442E-02  1.485E-02  1.507E-02  1.483E-02  1.511E-02  1.526E-02
  1.559E-02  1.569E-02  1.574E-02  1.675E-02  1.587E-02  1.611E-02  1.617E-02  1.631E-02  1.640E-02  1.667E-02
  1.725E-02  1.697E-02  1.729E-02  1.751E-02  1.778E-02  1.788E-02  1.827E-02  2.042E-02  1.859E-02  1.894E-02
  1.893E-02  1.905E-02  1.939E-02  1.933E-02  2.191E-02  1.977E-02  2.055E-02  2.031E-02  2.041E-02  2.086E-02
  2.168E-02  2.111E-02  2.136E-02  2.157E-02  2.176E-02  2.185E-02  2.232E-02  2.232E-02  2.261E-02  2.285E-02
  2.321E-02  2.346E-02  2.402E-02  2.374E-02  2.418E-02  2.463E-02  2.460E-02  2.488E-02  2.498E-02  2.521E-02
  2.566E-02  2.591E-02  2.606E-02  2.685E-02  2.745E-02  2.780E-02  2.832E-02  2.836E-02  2.875E-02  2.890E-02
  2.844E-02  3.034E-02  2.857E-02  2.866E-02  2.887E-02  2.898E-02  2.910E-02  2.918E-02  2.943E-02  2.953E-02
  2.968E-02  2.993E-02  3.000E-02  3.027E-02  3.077E-02  3.098E-02  3.104E-02  3.106E-02  3.111E-02  3.135E-02
  3.156E-02  3.163E-02  3.152E-02  3.165E-02  3.191E-02

#------------------------------------------------------------------------------
z: xorg(1.03)
p: xfac[c2*0.05] form[c1/0.05] notc noxt noyt dmin(1)
p: ymin(0) ymax(1) xmin(0) xmax(1) cmin(1) cmax(100) nosp
hc: y= 0.005 to 0.995 by 0.01 ; x= 0.5 to 0.5 by 1 ;
 1  2  3  4  5  6  7  8  9 10 11 12 13 14 15 16 17 18 19 20
21 22 23 24 25 26 27 28 29 30 31 32 33 34 35 36 37 38 39 40
41 42 43 44 45 46 47 48 49 50 51 52 53 54 55 56 57 58 59 60
61 62 63 64 65 66 67 68 69 70 71 72 73 74 75 76 77 78 79 80
81 82 83 84 85 86 87 88 89 90 91 92 93 94 95 96 97 98 99 100
z: xorg(0.0)
p: xfac[c2*0.05] form[c1/0.05] nosp afac[c5*0.625] ymin[c3] ymax[c4]
p: noxt noxn ytxt(-1) ynum(-1) xltd(-1) xstd(-1) itic(1) ylog
y: Relative Error
#------------------------------------------------------------------------------

wt: s(0.7)
\vspace{-3}
  part. &=& photon  
e:

#------------------------------------------------------------------------------
z: xorg[-1.03/0.05]
p: form[c1] xfac[c2] afac[c5] nosp notf
p: xmin( -15.00000    ) xmax(  35.00000    )
p: ymin(  0.000000    ) ymax(  3.000000    )

#------------------------------------------------------------------------------
 newpage:
#   no. =  4   part. = neutron 

'no. =  4'
msuc: {\huge [t-deposit] in r-z mesh}
msdr: {\it plotted by \ANGEL \version}
msdl: {\it calculated by \PHITS  3.24}

x: z [cm]
y: r [cm]
set: c1[ 0.060] c2[ 3.674] c5[ 0.800] c6[ 0.374] c7[ 0.000] c8[ 6.267]
p: h2fs form[c1] xfac[c2] afac[c5] scal[c6] xorg[c7] yorg[c8] nosp
set: c3[1.0e-4] c4[1.0]
p: cmin[c3] cmax[c4]
p: dmin(1e-31)
p: zlog
p: xmin( -15.00000    ) xmax(  35.00000    )
p: ymin(  0.000000    ) ymax(  3.000000    )
#  nr =   1   nz = 225
# ( ( data(z,r), z = 1, nz ), r = nr, 1, -1 )

hc:  y =   1.500000     to   1.500000     by   3.000000     ; x =  -14.88889     to   34.88889     by  0.2222222     ;
  1.123E-02  1.129E-02  1.134E-02  1.131E-02  1.125E-02  1.110E-02  1.104E-02  1.190E-02  1.150E-02  1.149E-02
  1.139E-02  1.109E-02  1.095E-02  1.093E-02  1.096E-02  1.087E-02  1.073E-02  1.082E-02  7.923E-03  7.238E-03
  7.778E-03  8.493E-03  8.667E-03  0.000E+00  0.000E+00  0.000E+00  0.000E+00  0.000E+00  0.000E+00  0.000E+00
  0.000E+00  0.000E+00  0.000E+00  0.000E+00  0.000E+00  0.000E+00  0.000E+00  0.000E+00  0.000E+00  0.000E+00
  0.000E+00  0.000E+00  0.000E+00  0.000E+00  0.000E+00  0.000E+00  0.000E+00  0.000E+00  0.000E+00  0.000E+00
  0.000E+00  0.000E+00  0.000E+00  0.000E+00  0.000E+00  0.000E+00  0.000E+00  0.000E+00  0.000E+00  0.000E+00
  0.000E+00  0.000E+00  0.000E+00  0.000E+00  0.000E+00  0.000E+00  0.000E+00  2.602E-02  2.533E-02  2.895E-02
  2.760E-02  3.084E-02  4.027E-02  3.324E-02  3.685E-02  3.776E-02  4.143E-02  3.881E-02  4.289E-02  4.403E-02
  4.788E-02  4.955E-02  4.825E-02  5.592E-02  5.474E-02  6.114E-02  5.955E-02  5.882E-02  6.294E-02  6.119E-02
  6.098E-02  6.471E-02  8.266E-02  7.046E-02  7.129E-02  7.337E-02  7.653E-02  7.772E-02  8.067E-02  8.297E-02
  9.431E-02  1.007E-01  9.920E-02  9.858E-02  1.019E-01  1.045E-01  1.076E-01  1.035E-01  1.013E-01  1.030E-01
  1.028E-01  1.051E-01  1.095E-01  1.188E-01  1.678E-01  1.240E-01  1.254E-01  1.314E-01  1.333E-01  1.378E-01
  1.501E-01  1.608E-01  1.533E-01  1.509E-01  1.428E-01  1.461E-01  1.788E-01  1.880E-01  1.721E-01  1.554E-01
  1.589E-01  1.543E-01  1.616E-01  1.946E-01  1.739E-01  1.757E-01  1.993E-01  2.054E-01  1.946E-01  2.000E-01
  1.984E-01  1.994E-01  2.057E-01  2.123E-01  2.183E-01  2.637E-01  2.474E-01  2.480E-01  2.439E-01  2.428E-01
  2.399E-01  2.572E-01  2.650E-01  2.696E-01  2.741E-01  2.946E-01  3.095E-01  3.315E-01  3.411E-01  3.679E-01
  3.792E-01  5.256E-01  4.243E-01  4.435E-01  4.747E-01  4.609E-01  4.321E-01  4.256E-01  4.437E-01  4.300E-01
  4.529E-01  4.451E-01  4.454E-01  4.457E-01  4.475E-01  4.503E-01  4.579E-01  4.629E-01  4.634E-01  5.614E-01
  5.767E-01  5.185E-01  5.116E-01  5.090E-01  5.092E-01  5.092E-01  5.090E-01  5.094E-01  5.097E-01  5.094E-01
  5.668E-01  5.857E-01  5.922E-01  5.923E-01  5.922E-01  5.922E-01  5.922E-01  5.923E-01  5.709E-01  5.230E-01
  5.562E-01  5.888E-01  6.455E-01  6.863E-01  6.554E-01  5.451E-01  5.126E-01  4.824E-01  5.117E-01  5.203E-01
  5.203E-01  4.922E-01  4.662E-01  5.249E-01  6.841E-01  7.483E-01  8.965E-01  8.965E-01  7.927E-01  8.208E-01
  8.147E-01  7.926E-01  7.926E-01  7.926E-01  7.926E-01

#------------------------------------------------------------------------------
z: xorg(1.03)
p: xfac[c2*0.05] form[c1/0.05] notc noxt noyt dmin(1)
p: ymin(0) ymax(1) xmin(0) xmax(1) cmin(1) cmax(100) nosp
hc: y= 0.005 to 0.995 by 0.01 ; x= 0.5 to 0.5 by 1 ;
 1  2  3  4  5  6  7  8  9 10 11 12 13 14 15 16 17 18 19 20
21 22 23 24 25 26 27 28 29 30 31 32 33 34 35 36 37 38 39 40
41 42 43 44 45 46 47 48 49 50 51 52 53 54 55 56 57 58 59 60
61 62 63 64 65 66 67 68 69 70 71 72 73 74 75 76 77 78 79 80
81 82 83 84 85 86 87 88 89 90 91 92 93 94 95 96 97 98 99 100
z: xorg(0.0)
p: xfac[c2*0.05] form[c1/0.05] nosp afac[c5*0.625] ymin[c3] ymax[c4]
p: noxt noxn ytxt(-1) ynum(-1) xltd(-1) xstd(-1) itic(1) ylog
y: Relative Error
#------------------------------------------------------------------------------

wt: s(0.7)
\vspace{-3}
  part. &=& neutron 
e:

#------------------------------------------------------------------------------
z: xorg[-1.03/0.05]
p: form[c1] xfac[c2] afac[c5] nosp notf
p: xmin( -15.00000    ) xmax(  35.00000    )
p: ymin(  0.000000    ) ymax(  3.000000    )
 
# Information for Restart Calculation
# This calculation was restarted using deposit_r_all.out
# istdev =  1 # 1:Batch variance, 2:History variance
# resc2  = 8.24602078010631648E-10 # Total source weight or Total source weight / maxcas
# resc3  = 8.17100000000000000E+03 # Total history number or Total batch number
# maxcas =        1000 # History / Batch, only used for istdev=1
# rijklst=  -1.1130689071279443E-075 # Next initial random number
# bitrseed = 1011000001100000000111000100111001101110100110001111111100100111
