[ T-Deposit ]
    title = [t-deposit] in r-z mesh
     mesh =  r-z            # mesh type is r-z scoring mesh
       x0 =   0.000000      # center x-position of r-z mesh
       y0 =   0.000000      # center y-position of r-z mesh
   r-type =    2            # r-mesh is linear given by rmin, rmax and nr
     rmin =   0.000000      # minimum value of r-mesh points
     rmax =   3.000000      # maximum value of r-mesh points
#    rdel =   3.000000      # mesh width of r-mesh points
       nr =      1          # number of r-mesh points
#    data = ( r(i), i = 1, nr + 1 )
#           0.00000E+00  3.00000E+00
   z-type =    2            # z-mesh is linear given by zmin, zmax and nz
     zmin =  -15.00000      # minimum value of z-mesh points
     zmax =   35.00000      # maximum value of z-mesh points
#    zdel =  0.2222222      # mesh width of z-mesh points
       nz =    225          # number of z-mesh points
#    data = ( z(i), i = 1, nz + 1 )
#          -1.50000E+01 -1.47778E+01 -1.45556E+01 -1.43333E+01 -1.41111E+01
#          -1.38889E+01 -1.36667E+01 -1.34444E+01 -1.32222E+01 -1.30000E+01
#          -1.27778E+01 -1.25556E+01 -1.23333E+01 -1.21111E+01 -1.18889E+01
#          -1.16667E+01 -1.14444E+01 -1.12222E+01 -1.10000E+01 -1.07778E+01
#          -1.05556E+01 -1.03333E+01 -1.01111E+01 -9.88889E+00 -9.66667E+00
#          -9.44444E+00 -9.22222E+00 -9.00000E+00 -8.77778E+00 -8.55556E+00
#          -8.33333E+00 -8.11111E+00 -7.88889E+00 -7.66667E+00 -7.44444E+00
#          -7.22222E+00 -7.00000E+00 -6.77778E+00 -6.55556E+00 -6.33333E+00
#          -6.11111E+00 -5.88889E+00 -5.66667E+00 -5.44444E+00 -5.22222E+00
#          -5.00000E+00 -4.77778E+00 -4.55556E+00 -4.33333E+00 -4.11111E+00
#          -3.88889E+00 -3.66667E+00 -3.44444E+00 -3.22222E+00 -3.00000E+00
#          -2.77778E+00 -2.55556E+00 -2.33333E+00 -2.11111E+00 -1.88889E+00
#          -1.66667E+00 -1.44444E+00 -1.22222E+00 -1.00000E+00 -7.77778E-01
#          -5.55556E-01 -3.33333E-01 -1.11111E-01  1.11111E-01  3.33333E-01
#           5.55556E-01  7.77778E-01  1.00000E+00  1.22222E+00  1.44444E+00
#           1.66667E+00  1.88889E+00  2.11111E+00  2.33333E+00  2.55556E+00
#           2.77778E+00  3.00000E+00  3.22222E+00  3.44444E+00  3.66667E+00
#           3.88889E+00  4.11111E+00  4.33333E+00  4.55556E+00  4.77778E+00
#           5.00000E+00  5.22222E+00  5.44444E+00  5.66667E+00  5.88889E+00
#           6.11111E+00  6.33333E+00  6.55556E+00  6.77778E+00  7.00000E+00
#           7.22222E+00  7.44444E+00  7.66667E+00  7.88889E+00  8.11111E+00
#           8.33333E+00  8.55556E+00  8.77778E+00  9.00000E+00  9.22222E+00
#           9.44444E+00  9.66667E+00  9.88889E+00  1.01111E+01  1.03333E+01
#           1.05556E+01  1.07778E+01  1.10000E+01  1.12222E+01  1.14444E+01
#           1.16667E+01  1.18889E+01  1.21111E+01  1.23333E+01  1.25556E+01
#           1.27778E+01  1.30000E+01  1.32222E+01  1.34444E+01  1.36667E+01
#           1.38889E+01  1.41111E+01  1.43333E+01  1.45556E+01  1.47778E+01
#           1.50000E+01  1.52222E+01  1.54444E+01  1.56667E+01  1.58889E+01
#           1.61111E+01  1.63333E+01  1.65556E+01  1.67778E+01  1.70000E+01
#           1.72222E+01  1.74444E+01  1.76667E+01  1.78889E+01  1.81111E+01
#           1.83333E+01  1.85556E+01  1.87778E+01  1.90000E+01  1.92222E+01
#           1.94444E+01  1.96667E+01  1.98889E+01  2.01111E+01  2.03333E+01
#           2.05556E+01  2.07778E+01  2.10000E+01  2.12222E+01  2.14444E+01
#           2.16667E+01  2.18889E+01  2.21111E+01  2.23333E+01  2.25556E+01
#           2.27778E+01  2.30000E+01  2.32222E+01  2.34444E+01  2.36667E+01
#           2.38889E+01  2.41111E+01  2.43333E+01  2.45556E+01  2.47778E+01
#           2.50000E+01  2.52222E+01  2.54444E+01  2.56667E+01  2.58889E+01
#           2.61111E+01  2.63333E+01  2.65556E+01  2.67778E+01  2.70000E+01
#           2.72222E+01  2.74444E+01  2.76667E+01  2.78889E+01  2.81111E+01
#           2.83333E+01  2.85556E+01  2.87778E+01  2.90000E+01  2.92222E+01
#           2.94444E+01  2.96667E+01  2.98889E+01  3.01111E+01  3.03333E+01
#           3.05556E+01  3.07778E+01  3.10000E+01  3.12222E+01  3.14444E+01
#           3.16667E+01  3.18889E+01  3.21111E+01  3.23333E+01  3.25556E+01
#           3.27778E+01  3.30000E+01  3.32222E+01  3.34444E+01  3.36667E+01
#           3.38889E+01  3.41111E+01  3.43333E+01  3.45556E+01  3.47778E+01
#           3.50000E+01
     unit =    0            # unit is [Gy/source]
   letmat =    0            # (D=0) mat ID for LET, 0:real mat, <0: electron for H2O
  dedxfnc =    0            # (D=0) user defined multiplier, 0(no), 1, 2
 material =  all            # (D=all) number of specific material
   output =  dose           # total deposit energy
  deposit =    0            # (D=0) 0-> total deposit dist, 1-> each process
  2D-type =    3            # 1:Cont, 2:Clust, 3:Color, 4:xyz, 5:mat, 6:Clust+Cont, 7:Col+Cont
     axis =    rz           # axis of output
     file = deposit_r_all.out  # file name of output for the above axis
     part =  all        electron   photon     neutron  
# kf/name :  0          11         22         2112     
    gshow =    1            # 0: no 1:bnd, 2:bnd+mat, 3:bnd+reg 4:bnd+lat 5:bmp style
    resol =    1            # (D=1) resolution of gshow or rshow
    width = 0.5000000       # (D=0.5) width of lines for gshow or rshow
   epsout =    1            # (D=0) generate eps file by ANGEL
#    used :        main (  %)        temp (  %)       total (  %)
#  memory :         231 (  0)           0 (  0)         231 (  0)

#------------------------------------------------------------------------------
#newpage:
#   no. =  1   part. = all     

'no. =  1'
msuc: {\huge [t-deposit] in r-z mesh}
msdr: {\it plotted by \ANGEL \version}
msdl: {\it calculated by \PHITS  3.24}

x: z [cm]
y: r [cm]
set: c1[ 0.060] c2[ 3.674] c5[ 0.800] c6[ 0.374] c7[ 0.000] c8[ 6.267]
p: h2fs form[c1] xfac[c2] afac[c5] scal[c6] xorg[c7] yorg[c8] nosp
set: c3[1.0e-4] c4[1.0]
p: cmin[c3] cmax[c4]
p: dmin(1e-31)
p: zlog
p: xmin( -15.00000    ) xmax(  35.00000    )
p: ymin(  0.000000    ) ymax(  3.000000    )
#  nr =   1   nz = 225
# ( ( data(z,r), z = 1, nz ), r = nr, 1, -1 )

hc:  y =   1.500000     to   1.500000     by   3.000000     ; x =  -14.88889     to   34.88889     by  0.2222222     ;
  2.222E-01  2.126E-01  2.051E-01  2.493E-01  2.409E-01  2.458E-01  2.513E-01  2.610E-01  2.613E-01  2.579E-01
  2.539E-01  2.497E-01  2.553E-01  2.408E-01  2.137E-01  4.349E-01  2.843E-01  2.936E-01  1.977E-01  2.033E-01
  2.425E-01  2.478E-01  4.363E-01  1.794E-01  1.702E-01  1.673E-01  6.131E-02  5.056E-02  4.582E-02  4.652E-02
  5.230E-02  5.083E-02  6.451E-02  4.907E-02  5.468E-02  5.502E-02  4.668E-02  4.550E-02  4.326E-02  6.142E-02
  7.389E-02  8.225E-02  9.444E-02  9.754E-02  9.585E-02  5.800E-01  6.961E-01  3.661E-01  5.009E-01  3.540E-01
  4.181E-01  1.815E-01  1.573E-01  9.552E-02  9.407E-02  9.040E-02  1.838E-01  8.253E-02  7.829E-02  7.556E-02
  1.270E-01  7.482E-02  6.943E-02  5.952E-02  4.024E-01  2.700E-01  1.261E-01  3.150E-01  2.349E-01  2.426E-01
  2.894E-01  2.783E-01  2.685E-01  2.313E-01  3.050E-01  2.912E-01  2.541E-01  2.616E-01  2.685E-01  3.024E-01
  2.642E-01  3.274E-01  2.633E-01  2.325E-01  2.404E-01  2.675E-01  2.868E-01  2.629E-01  2.731E-01  2.538E-01
  2.493E-01  2.694E-01  2.576E-01  3.536E-01  3.451E-01  2.867E-01  3.051E-01  3.230E-01  3.363E-01  2.813E-01
  2.292E-01  3.053E-01  3.852E-01  3.872E-01  3.116E-01  3.562E-01  3.293E-01  3.724E-01  3.206E-01  3.103E-01
  2.718E-01  3.488E-01  4.009E-01  4.093E-01  3.704E-01  3.969E-01  3.384E-01  3.831E-01  4.814E-01  6.912E-01
  4.422E-01  3.238E-01  4.019E-01  4.907E-01  4.014E-01  6.365E-01  5.693E-01  5.058E-01  4.592E-01  7.499E-01
  5.643E-01  4.345E-01  7.354E-01  5.594E-01  5.166E-01  4.468E-01  4.759E-01  4.529E-01  4.351E-01  5.269E-01
  6.282E-01  5.428E-01  5.096E-01  4.712E-01  4.950E-01  7.589E-01  9.116E-01  6.793E-01  5.591E-01  5.170E-01
  8.163E-01  6.118E-01  5.591E-01  5.981E-01  6.093E-01  5.444E-01  5.704E-01  7.740E-01  5.908E-01  8.927E-01
  7.186E-01  9.742E-01  7.458E-01  9.975E-01  5.946E-01  6.580E-01  7.367E-01  9.174E-01  5.259E-01  9.918E-01
  6.486E-01  7.072E-01  7.115E-01  6.441E-01  7.072E-01  6.282E-01  9.859E-01  9.867E-01  7.960E-01  9.869E-01
  6.749E-01  9.990E-01  7.950E-01  9.096E-01  9.742E-01  7.935E-01  6.835E-01  7.891E-01  6.886E-01  8.770E-01
  6.438E-01  9.722E-01  6.527E-01  8.883E-01  1.000E+00  1.000E+00  9.933E-01  6.991E-01  5.653E-01  9.053E-01
  7.283E-01  1.000E+00  1.000E+00  0.000E+00  0.000E+00  0.000E+00  0.000E+00  0.000E+00  0.000E+00  0.000E+00
  0.000E+00  0.000E+00  0.000E+00  0.000E+00  0.000E+00  0.000E+00  0.000E+00  0.000E+00  0.000E+00  0.000E+00
  0.000E+00  0.000E+00  0.000E+00  0.000E+00  0.000E+00

#------------------------------------------------------------------------------
z: xorg(1.03)
p: xfac[c2*0.05] form[c1/0.05] notc noxt noyt dmin(1)
p: ymin(0) ymax(1) xmin(0) xmax(1) cmin(1) cmax(100) nosp
hc: y= 0.005 to 0.995 by 0.01 ; x= 0.5 to 0.5 by 1 ;
 1  2  3  4  5  6  7  8  9 10 11 12 13 14 15 16 17 18 19 20
21 22 23 24 25 26 27 28 29 30 31 32 33 34 35 36 37 38 39 40
41 42 43 44 45 46 47 48 49 50 51 52 53 54 55 56 57 58 59 60
61 62 63 64 65 66 67 68 69 70 71 72 73 74 75 76 77 78 79 80
81 82 83 84 85 86 87 88 89 90 91 92 93 94 95 96 97 98 99 100
z: xorg(0.0)
p: xfac[c2*0.05] form[c1/0.05] nosp afac[c5*0.625] ymin[c3] ymax[c4]
p: noxt noxn ytxt(-1) ynum(-1) xltd(-1) xstd(-1) itic(1) ylog
y: Relative Error
#------------------------------------------------------------------------------

wt: s(0.7)
\vspace{-3}
  part. &=& all     
e:

#------------------------------------------------------------------------------
z: xorg[-1.03/0.05]
p: form[c1] xfac[c2] afac[c5] nosp notf
p: xmin( -15.00000    ) xmax(  35.00000    )
p: ymin(  0.000000    ) ymax(  3.000000    )

#------------------------------------------------------------------------------
 newpage:
#   no. =  2   part. = electron

'no. =  2'
msuc: {\huge [t-deposit] in r-z mesh}
msdr: {\it plotted by \ANGEL \version}
msdl: {\it calculated by \PHITS  3.24}

x: z [cm]
y: r [cm]
set: c1[ 0.060] c2[ 3.674] c5[ 0.800] c6[ 0.374] c7[ 0.000] c8[ 6.267]
p: h2fs form[c1] xfac[c2] afac[c5] scal[c6] xorg[c7] yorg[c8] nosp
set: c3[1.0e-4] c4[1.0]
p: cmin[c3] cmax[c4]
p: dmin(1e-31)
p: zlog
p: xmin( -15.00000    ) xmax(  35.00000    )
p: ymin(  0.000000    ) ymax(  3.000000    )
#  nr =   1   nz = 225
# ( ( data(z,r), z = 1, nz ), r = nr, 1, -1 )

hc:  y =   1.500000     to   1.500000     by   3.000000     ; x =  -14.88889     to   34.88889     by  0.2222222     ;
  9.738E-01  8.472E-01  8.443E-01  6.511E-01  6.507E-01  6.504E-01  6.497E-01  6.501E-01  6.509E-01  6.501E-01
  6.495E-01  6.494E-01  6.492E-01  6.486E-01  6.413E-01  7.886E-01  6.799E-01  5.767E-01  5.674E-01  5.671E-01
  5.925E-01  6.351E-01  7.395E-01  6.736E-01  8.826E-01  8.819E-01  9.866E-01  0.000E+00  0.000E+00  0.000E+00
  0.000E+00  0.000E+00  0.000E+00  0.000E+00  0.000E+00  0.000E+00  0.000E+00  0.000E+00  0.000E+00  1.000E+00
  1.000E+00  7.151E-01  5.830E-01  5.785E-01  5.777E-01  9.006E-01  9.395E-01  8.020E-01  8.769E-01  8.008E-01
  8.414E-01  5.887E-01  5.915E-01  5.176E-01  5.182E-01  4.729E-01  5.486E-01  4.408E-01  4.900E-01  4.899E-01
  6.057E-01  4.905E-01  5.104E-01  5.796E-01  9.084E-01  8.214E-01  6.069E-01  6.380E-01  3.100E-01  3.522E-01
  3.454E-01  3.345E-01  2.936E-01  2.555E-01  3.647E-01  3.500E-01  2.803E-01  2.869E-01  2.908E-01  3.254E-01
  3.019E-01  3.546E-01  2.879E-01  2.429E-01  2.529E-01  2.822E-01  3.002E-01  2.706E-01  2.806E-01  2.631E-01
  2.558E-01  2.767E-01  2.658E-01  3.716E-01  3.572E-01  2.983E-01  3.199E-01  3.443E-01  3.796E-01  3.013E-01
  2.342E-01  3.154E-01  4.031E-01  4.220E-01  3.337E-01  3.837E-01  3.414E-01  3.838E-01  3.294E-01  3.187E-01
  2.769E-01  3.613E-01  4.142E-01  4.253E-01  3.822E-01  4.087E-01  3.470E-01  3.932E-01  5.041E-01  7.240E-01
  4.804E-01  3.425E-01  4.126E-01  4.912E-01  4.037E-01  6.781E-01  5.702E-01  5.071E-01  4.595E-01  7.503E-01
  5.646E-01  4.347E-01  7.365E-01  5.599E-01  5.173E-01  4.469E-01  4.762E-01  4.531E-01  4.352E-01  5.271E-01
  6.285E-01  5.431E-01  5.098E-01  4.712E-01  4.950E-01  7.590E-01  9.117E-01  6.799E-01  5.592E-01  5.174E-01
  8.165E-01  6.119E-01  5.592E-01  5.982E-01  6.098E-01  5.444E-01  5.704E-01  7.742E-01  5.909E-01  8.929E-01
  7.188E-01  9.745E-01  7.460E-01  1.000E+00  5.948E-01  6.580E-01  7.368E-01  9.175E-01  5.262E-01  1.000E+00
  6.486E-01  7.072E-01  7.115E-01  6.441E-01  7.073E-01  6.282E-01  9.861E-01  1.000E+00  7.961E-01  9.869E-01
  6.749E-01  1.000E+00  7.950E-01  9.097E-01  9.742E-01  7.935E-01  6.835E-01  7.891E-01  6.886E-01  8.770E-01
  6.438E-01  9.722E-01  6.527E-01  8.883E-01  1.000E+00  1.000E+00  9.933E-01  6.991E-01  5.653E-01  9.053E-01
  7.283E-01  1.000E+00  1.000E+00  0.000E+00  0.000E+00  0.000E+00  0.000E+00  0.000E+00  0.000E+00  0.000E+00
  0.000E+00  0.000E+00  0.000E+00  0.000E+00  0.000E+00  0.000E+00  0.000E+00  0.000E+00  0.000E+00  0.000E+00
  0.000E+00  0.000E+00  0.000E+00  0.000E+00  0.000E+00

#------------------------------------------------------------------------------
z: xorg(1.03)
p: xfac[c2*0.05] form[c1/0.05] notc noxt noyt dmin(1)
p: ymin(0) ymax(1) xmin(0) xmax(1) cmin(1) cmax(100) nosp
hc: y= 0.005 to 0.995 by 0.01 ; x= 0.5 to 0.5 by 1 ;
 1  2  3  4  5  6  7  8  9 10 11 12 13 14 15 16 17 18 19 20
21 22 23 24 25 26 27 28 29 30 31 32 33 34 35 36 37 38 39 40
41 42 43 44 45 46 47 48 49 50 51 52 53 54 55 56 57 58 59 60
61 62 63 64 65 66 67 68 69 70 71 72 73 74 75 76 77 78 79 80
81 82 83 84 85 86 87 88 89 90 91 92 93 94 95 96 97 98 99 100
z: xorg(0.0)
p: xfac[c2*0.05] form[c1/0.05] nosp afac[c5*0.625] ymin[c3] ymax[c4]
p: noxt noxn ytxt(-1) ynum(-1) xltd(-1) xstd(-1) itic(1) ylog
y: Relative Error
#------------------------------------------------------------------------------

wt: s(0.7)
\vspace{-3}
  part. &=& electron
e:

#------------------------------------------------------------------------------
z: xorg[-1.03/0.05]
p: form[c1] xfac[c2] afac[c5] nosp notf
p: xmin( -15.00000    ) xmax(  35.00000    )
p: ymin(  0.000000    ) ymax(  3.000000    )

#------------------------------------------------------------------------------
 newpage:
#   no. =  3   part. = photon  

'no. =  3'
msuc: {\huge [t-deposit] in r-z mesh}
msdr: {\it plotted by \ANGEL \version}
msdl: {\it calculated by \PHITS  3.24}

x: z [cm]
y: r [cm]
set: c1[ 0.060] c2[ 3.674] c5[ 0.800] c6[ 0.374] c7[ 0.000] c8[ 6.267]
p: h2fs form[c1] xfac[c2] afac[c5] scal[c6] xorg[c7] yorg[c8] nosp
set: c3[1.0e-4] c4[1.0]
p: cmin[c3] cmax[c4]
p: dmin(1e-31)
p: zlog
p: xmin( -15.00000    ) xmax(  35.00000    )
p: ymin(  0.000000    ) ymax(  3.000000    )
#  nr =   1   nz = 225
# ( ( data(z,r), z = 1, nz ), r = nr, 1, -1 )

hc:  y =   1.500000     to   1.500000     by   3.000000     ; x =  -14.88889     to   34.88889     by  0.2222222     ;
  0.000E+00  0.000E+00  0.000E+00  0.000E+00  0.000E+00  0.000E+00  0.000E+00  0.000E+00  0.000E+00  0.000E+00
  0.000E+00  0.000E+00  0.000E+00  0.000E+00  0.000E+00  0.000E+00  0.000E+00  0.000E+00  0.000E+00  0.000E+00
  0.000E+00  0.000E+00  0.000E+00  0.000E+00  0.000E+00  0.000E+00  0.000E+00  0.000E+00  0.000E+00  0.000E+00
  0.000E+00  0.000E+00  0.000E+00  0.000E+00  0.000E+00  0.000E+00  0.000E+00  0.000E+00  0.000E+00  0.000E+00
  0.000E+00  0.000E+00  0.000E+00  0.000E+00  0.000E+00  0.000E+00  0.000E+00  0.000E+00  0.000E+00  0.000E+00
  0.000E+00  0.000E+00  0.000E+00  0.000E+00  0.000E+00  0.000E+00  0.000E+00  0.000E+00  0.000E+00  0.000E+00
  0.000E+00  0.000E+00  0.000E+00  0.000E+00  0.000E+00  0.000E+00  0.000E+00  0.000E+00  0.000E+00  0.000E+00
  0.000E+00  0.000E+00  0.000E+00  0.000E+00  0.000E+00  0.000E+00  0.000E+00  0.000E+00  0.000E+00  0.000E+00
  0.000E+00  0.000E+00  0.000E+00  0.000E+00  0.000E+00  0.000E+00  0.000E+00  0.000E+00  0.000E+00  0.000E+00
  0.000E+00  0.000E+00  0.000E+00  0.000E+00  0.000E+00  0.000E+00  0.000E+00  0.000E+00  0.000E+00  0.000E+00
  0.000E+00  0.000E+00  0.000E+00  0.000E+00  0.000E+00  0.000E+00  0.000E+00  0.000E+00  0.000E+00  0.000E+00
  0.000E+00  0.000E+00  0.000E+00  0.000E+00  0.000E+00  0.000E+00  0.000E+00  0.000E+00  0.000E+00  0.000E+00
  0.000E+00  0.000E+00  0.000E+00  0.000E+00  0.000E+00  0.000E+00  0.000E+00  0.000E+00  0.000E+00  0.000E+00
  0.000E+00  0.000E+00  0.000E+00  0.000E+00  0.000E+00  0.000E+00  0.000E+00  0.000E+00  0.000E+00  0.000E+00
  0.000E+00  0.000E+00  0.000E+00  0.000E+00  0.000E+00  0.000E+00  0.000E+00  0.000E+00  0.000E+00  1.000E+00
  0.000E+00  0.000E+00  0.000E+00  0.000E+00  0.000E+00  0.000E+00  0.000E+00  0.000E+00  0.000E+00  0.000E+00
  0.000E+00  0.000E+00  0.000E+00  0.000E+00  0.000E+00  0.000E+00  0.000E+00  0.000E+00  0.000E+00  0.000E+00
  0.000E+00  0.000E+00  0.000E+00  0.000E+00  0.000E+00  0.000E+00  0.000E+00  0.000E+00  0.000E+00  0.000E+00
  0.000E+00  0.000E+00  0.000E+00  0.000E+00  0.000E+00  0.000E+00  0.000E+00  0.000E+00  0.000E+00  0.000E+00
  0.000E+00  0.000E+00  0.000E+00  0.000E+00  0.000E+00  0.000E+00  0.000E+00  0.000E+00  0.000E+00  0.000E+00
  0.000E+00  0.000E+00  0.000E+00  0.000E+00  0.000E+00  0.000E+00  0.000E+00  0.000E+00  0.000E+00  0.000E+00
  0.000E+00  0.000E+00  0.000E+00  0.000E+00  0.000E+00  0.000E+00  0.000E+00  0.000E+00  0.000E+00  0.000E+00
  0.000E+00  0.000E+00  0.000E+00  0.000E+00  0.000E+00

#------------------------------------------------------------------------------
z: xorg(1.03)
p: xfac[c2*0.05] form[c1/0.05] notc noxt noyt dmin(1)
p: ymin(0) ymax(1) xmin(0) xmax(1) cmin(1) cmax(100) nosp
hc: y= 0.005 to 0.995 by 0.01 ; x= 0.5 to 0.5 by 1 ;
 1  2  3  4  5  6  7  8  9 10 11 12 13 14 15 16 17 18 19 20
21 22 23 24 25 26 27 28 29 30 31 32 33 34 35 36 37 38 39 40
41 42 43 44 45 46 47 48 49 50 51 52 53 54 55 56 57 58 59 60
61 62 63 64 65 66 67 68 69 70 71 72 73 74 75 76 77 78 79 80
81 82 83 84 85 86 87 88 89 90 91 92 93 94 95 96 97 98 99 100
z: xorg(0.0)
p: xfac[c2*0.05] form[c1/0.05] nosp afac[c5*0.625] ymin[c3] ymax[c4]
p: noxt noxn ytxt(-1) ynum(-1) xltd(-1) xstd(-1) itic(1) ylog
y: Relative Error
#------------------------------------------------------------------------------

wt: s(0.7)
\vspace{-3}
  part. &=& photon  
e:

#------------------------------------------------------------------------------
z: xorg[-1.03/0.05]
p: form[c1] xfac[c2] afac[c5] nosp notf
p: xmin( -15.00000    ) xmax(  35.00000    )
p: ymin(  0.000000    ) ymax(  3.000000    )

#------------------------------------------------------------------------------
 newpage:
#   no. =  4   part. = neutron 

'no. =  4'
msuc: {\huge [t-deposit] in r-z mesh}
msdr: {\it plotted by \ANGEL \version}
msdl: {\it calculated by \PHITS  3.24}

x: z [cm]
y: r [cm]
set: c1[ 0.060] c2[ 3.674] c5[ 0.800] c6[ 0.374] c7[ 0.000] c8[ 6.267]
p: h2fs form[c1] xfac[c2] afac[c5] scal[c6] xorg[c7] yorg[c8] nosp
set: c3[1.0e-4] c4[1.0]
p: cmin[c3] cmax[c4]
p: dmin(1e-31)
p: zlog
p: xmin( -15.00000    ) xmax(  35.00000    )
p: ymin(  0.000000    ) ymax(  3.000000    )
#  nr =   1   nz = 225
# ( ( data(z,r), z = 1, nz ), r = nr, 1, -1 )

hc:  y =   1.500000     to   1.500000     by   3.000000     ; x =  -14.88889     to   34.88889     by  0.2222222     ;
  7.136E-02  7.506E-02  7.570E-02  7.539E-02  7.553E-02  7.115E-02  7.132E-02  6.828E-02  7.482E-02  8.412E-02
  8.684E-02  7.227E-02  6.885E-02  6.937E-02  7.451E-02  7.118E-02  6.788E-02  6.762E-02  4.307E-02  4.267E-02
  4.695E-02  5.048E-02  4.878E-02  5.613E-02  5.198E-02  5.789E-02  5.764E-02  5.056E-02  4.582E-02  4.652E-02
  5.230E-02  5.083E-02  6.451E-02  4.907E-02  5.468E-02  5.502E-02  4.668E-02  4.550E-02  4.326E-02  4.037E-02
  4.290E-02  4.567E-02  4.072E-02  4.563E-02  5.100E-02  3.932E-02  4.379E-02  3.850E-02  3.765E-02  3.652E-02
  4.494E-02  3.485E-02  3.759E-02  3.800E-02  3.820E-02  4.573E-02  4.769E-02  3.764E-02  3.965E-02  3.762E-02
  4.107E-02  3.975E-02  3.441E-02  3.570E-02  3.403E-02  3.488E-02  3.598E-02  4.201E-02  2.552E-01  2.765E-01
  1.750E-01  1.639E-01  1.737E-01  1.753E-01  2.720E-01  1.840E-01  1.888E-01  1.952E-01  2.029E-01  2.133E-01
  2.292E-01  2.552E-01  2.618E-01  2.911E-01  3.251E-01  3.315E-01  2.992E-01  3.312E-01  3.287E-01  3.401E-01
  3.485E-01  3.476E-01  3.646E-01  5.254E-01  5.537E-01  4.951E-01  4.666E-01  4.849E-01  5.746E-01  6.150E-01
  5.328E-01  4.734E-01  5.051E-01  5.098E-01  5.174E-01  5.259E-01  5.395E-01  7.635E-01  7.685E-01  7.729E-01
  7.801E-01  7.866E-01  8.278E-01  8.282E-01  8.311E-01  8.320E-01  8.368E-01  8.351E-01  8.308E-01  8.332E-01
  9.292E-01  9.869E-01  9.824E-01  1.468E-01  1.572E-01  1.722E-01  1.722E-01  1.644E-01  1.736E-01  1.909E-01
  1.960E-01  1.977E-01  2.116E-01  2.383E-01  2.451E-01  2.603E-01  2.832E-01  2.671E-01  3.046E-01  2.869E-01
  3.501E-01  3.621E-01  3.811E-01  3.795E-01  3.661E-01  4.014E-01  4.932E-01  3.270E-01  3.624E-01  4.216E-01
  4.586E-01  5.061E-01  6.399E-01  5.359E-01  6.104E-01  5.952E-01  3.761E-01  4.304E-01  4.607E-01  5.325E-01
  6.013E-01  6.954E-01  7.407E-01  6.228E-01  6.157E-01  6.960E-01  7.960E-01  7.861E-01  8.880E-01  1.000E+00
  1.000E+00  1.000E+00  0.000E+00  1.000E+00  7.325E-01  1.000E+00  1.000E+00  1.000E+00  9.658E-01  9.738E-01
  1.000E+00  1.000E+00  1.000E+00  1.000E+00  1.000E+00  0.000E+00  0.000E+00  0.000E+00  0.000E+00  0.000E+00
  0.000E+00  0.000E+00  0.000E+00  0.000E+00  0.000E+00  0.000E+00  0.000E+00  0.000E+00  0.000E+00  0.000E+00
  0.000E+00  0.000E+00  0.000E+00  0.000E+00  0.000E+00  0.000E+00  0.000E+00  0.000E+00  0.000E+00  0.000E+00
  0.000E+00  0.000E+00  0.000E+00  0.000E+00  0.000E+00  0.000E+00  0.000E+00  0.000E+00  0.000E+00  0.000E+00
  0.000E+00  0.000E+00  0.000E+00  0.000E+00  0.000E+00

#------------------------------------------------------------------------------
z: xorg(1.03)
p: xfac[c2*0.05] form[c1/0.05] notc noxt noyt dmin(1)
p: ymin(0) ymax(1) xmin(0) xmax(1) cmin(1) cmax(100) nosp
hc: y= 0.005 to 0.995 by 0.01 ; x= 0.5 to 0.5 by 1 ;
 1  2  3  4  5  6  7  8  9 10 11 12 13 14 15 16 17 18 19 20
21 22 23 24 25 26 27 28 29 30 31 32 33 34 35 36 37 38 39 40
41 42 43 44 45 46 47 48 49 50 51 52 53 54 55 56 57 58 59 60
61 62 63 64 65 66 67 68 69 70 71 72 73 74 75 76 77 78 79 80
81 82 83 84 85 86 87 88 89 90 91 92 93 94 95 96 97 98 99 100
z: xorg(0.0)
p: xfac[c2*0.05] form[c1/0.05] nosp afac[c5*0.625] ymin[c3] ymax[c4]
p: noxt noxn ytxt(-1) ynum(-1) xltd(-1) xstd(-1) itic(1) ylog
y: Relative Error
#------------------------------------------------------------------------------

wt: s(0.7)
\vspace{-3}
  part. &=& neutron 
e:

#------------------------------------------------------------------------------
z: xorg[-1.03/0.05]
p: form[c1] xfac[c2] afac[c5] nosp notf
p: xmin( -15.00000    ) xmax(  35.00000    )
p: ymin(  0.000000    ) ymax(  3.000000    )
 
# Information for Restart Calculation
# This calculation was newly started
# istdev =  2 # 1:Batch variance, 2:History variance
# resc2  = 2.01836244544406141E-08 # Total source weight or Total source weight / maxcas
# resc3  = 2.00000000000000000E+05 # Total history number or Total batch number
# maxcas =       10000 # History / Batch, only used for istdev=1
# rijklst=   3.5430395944448835E+294 # Next initial random number
# bitrseed = 0111110100010110001100001010110110100011111100000101000000001001
