[ T-Deposit ]
    title = [t-deposit] in r-z mesh
     mesh =  r-z            # mesh type is r-z scoring mesh
       x0 =   0.000000      # center x-position of r-z mesh
       y0 =   0.000000      # center y-position of r-z mesh
   r-type =    2            # r-mesh is linear given by rmin, rmax and nr
     rmin =   0.000000      # minimum value of r-mesh points
     rmax =   3.000000      # maximum value of r-mesh points
#    rdel =   3.000000      # mesh width of r-mesh points
       nr =      1          # number of r-mesh points
#    data = ( r(i), i = 1, nr + 1 )
#           0.00000E+00  3.00000E+00
   z-type =    2            # z-mesh is linear given by zmin, zmax and nz
     zmin =  -15.00000      # minimum value of z-mesh points
     zmax =   35.00000      # maximum value of z-mesh points
#    zdel =  0.2222222      # mesh width of z-mesh points
       nz =    225          # number of z-mesh points
#    data = ( z(i), i = 1, nz + 1 )
#          -1.50000E+01 -1.47778E+01 -1.45556E+01 -1.43333E+01 -1.41111E+01
#          -1.38889E+01 -1.36667E+01 -1.34444E+01 -1.32222E+01 -1.30000E+01
#          -1.27778E+01 -1.25556E+01 -1.23333E+01 -1.21111E+01 -1.18889E+01
#          -1.16667E+01 -1.14444E+01 -1.12222E+01 -1.10000E+01 -1.07778E+01
#          -1.05556E+01 -1.03333E+01 -1.01111E+01 -9.88889E+00 -9.66667E+00
#          -9.44444E+00 -9.22222E+00 -9.00000E+00 -8.77778E+00 -8.55556E+00
#          -8.33333E+00 -8.11111E+00 -7.88889E+00 -7.66667E+00 -7.44444E+00
#          -7.22222E+00 -7.00000E+00 -6.77778E+00 -6.55556E+00 -6.33333E+00
#          -6.11111E+00 -5.88889E+00 -5.66667E+00 -5.44444E+00 -5.22222E+00
#          -5.00000E+00 -4.77778E+00 -4.55556E+00 -4.33333E+00 -4.11111E+00
#          -3.88889E+00 -3.66667E+00 -3.44444E+00 -3.22222E+00 -3.00000E+00
#          -2.77778E+00 -2.55556E+00 -2.33333E+00 -2.11111E+00 -1.88889E+00
#          -1.66667E+00 -1.44444E+00 -1.22222E+00 -1.00000E+00 -7.77778E-01
#          -5.55556E-01 -3.33333E-01 -1.11111E-01  1.11111E-01  3.33333E-01
#           5.55556E-01  7.77778E-01  1.00000E+00  1.22222E+00  1.44444E+00
#           1.66667E+00  1.88889E+00  2.11111E+00  2.33333E+00  2.55556E+00
#           2.77778E+00  3.00000E+00  3.22222E+00  3.44444E+00  3.66667E+00
#           3.88889E+00  4.11111E+00  4.33333E+00  4.55556E+00  4.77778E+00
#           5.00000E+00  5.22222E+00  5.44444E+00  5.66667E+00  5.88889E+00
#           6.11111E+00  6.33333E+00  6.55556E+00  6.77778E+00  7.00000E+00
#           7.22222E+00  7.44444E+00  7.66667E+00  7.88889E+00  8.11111E+00
#           8.33333E+00  8.55556E+00  8.77778E+00  9.00000E+00  9.22222E+00
#           9.44444E+00  9.66667E+00  9.88889E+00  1.01111E+01  1.03333E+01
#           1.05556E+01  1.07778E+01  1.10000E+01  1.12222E+01  1.14444E+01
#           1.16667E+01  1.18889E+01  1.21111E+01  1.23333E+01  1.25556E+01
#           1.27778E+01  1.30000E+01  1.32222E+01  1.34444E+01  1.36667E+01
#           1.38889E+01  1.41111E+01  1.43333E+01  1.45556E+01  1.47778E+01
#           1.50000E+01  1.52222E+01  1.54444E+01  1.56667E+01  1.58889E+01
#           1.61111E+01  1.63333E+01  1.65556E+01  1.67778E+01  1.70000E+01
#           1.72222E+01  1.74444E+01  1.76667E+01  1.78889E+01  1.81111E+01
#           1.83333E+01  1.85556E+01  1.87778E+01  1.90000E+01  1.92222E+01
#           1.94444E+01  1.96667E+01  1.98889E+01  2.01111E+01  2.03333E+01
#           2.05556E+01  2.07778E+01  2.10000E+01  2.12222E+01  2.14444E+01
#           2.16667E+01  2.18889E+01  2.21111E+01  2.23333E+01  2.25556E+01
#           2.27778E+01  2.30000E+01  2.32222E+01  2.34444E+01  2.36667E+01
#           2.38889E+01  2.41111E+01  2.43333E+01  2.45556E+01  2.47778E+01
#           2.50000E+01  2.52222E+01  2.54444E+01  2.56667E+01  2.58889E+01
#           2.61111E+01  2.63333E+01  2.65556E+01  2.67778E+01  2.70000E+01
#           2.72222E+01  2.74444E+01  2.76667E+01  2.78889E+01  2.81111E+01
#           2.83333E+01  2.85556E+01  2.87778E+01  2.90000E+01  2.92222E+01
#           2.94444E+01  2.96667E+01  2.98889E+01  3.01111E+01  3.03333E+01
#           3.05556E+01  3.07778E+01  3.10000E+01  3.12222E+01  3.14444E+01
#           3.16667E+01  3.18889E+01  3.21111E+01  3.23333E+01  3.25556E+01
#           3.27778E+01  3.30000E+01  3.32222E+01  3.34444E+01  3.36667E+01
#           3.38889E+01  3.41111E+01  3.43333E+01  3.45556E+01  3.47778E+01
#           3.50000E+01
     unit =    0            # unit is [Gy/source]
   letmat =    0            # (D=0) mat ID for LET, 0:real mat, <0: electron for H2O
  dedxfnc =    0            # (D=0) user defined multiplier, 0(no), 1, 2
 material =  all            # (D=all) number of specific material
   output =  dose           # total deposit energy
  deposit =    0            # (D=0) 0-> total deposit dist, 1-> each process
  2D-type =    3            # 1:Cont, 2:Clust, 3:Color, 4:xyz, 5:mat, 6:Clust+Cont, 7:Col+Cont
     axis =    rz           # axis of output
     file = deposit_r_all.out  # file name of output for the above axis
     part =  all        electron   photon     neutron  
# kf/name :  0          11         22         2112     
    gshow =    1            # 0: no 1:bnd, 2:bnd+mat, 3:bnd+reg 4:bnd+lat 5:bmp style
    resol =    1            # (D=1) resolution of gshow or rshow
    width = 0.5000000       # (D=0.5) width of lines for gshow or rshow
   epsout =    1            # (D=0) generate eps file by ANGEL
#    used :        main (  %)        temp (  %)       total (  %)
#  memory :         231 (  0)           0 (  0)         231 (  0)

#------------------------------------------------------------------------------
#newpage:
#   no. =  1   part. = all     

'no. =  1'
msuc: {\huge [t-deposit] in r-z mesh}
msdr: {\it plotted by \ANGEL \version}
msdl: {\it calculated by \PHITS  3.24}

x: z [cm]
y: r [cm]
set: c1[ 0.060] c2[ 3.674] c5[ 0.800] c6[ 0.374] c7[ 0.000] c8[ 6.267]
p: h2fs form[c1] xfac[c2] afac[c5] scal[c6] xorg[c7] yorg[c8] nosp
set: c3[1.0e-4] c4[1.0]
p: cmin[c3] cmax[c4]
p: dmin(1e-31)
p: zlog
p: xmin( -15.00000    ) xmax(  35.00000    )
p: ymin(  0.000000    ) ymax(  3.000000    )
#  nr =   1   nz = 225
# ( ( data(z,r), z = 1, nz ), r = nr, 1, -1 )

hc:  y =   1.500000     to   1.500000     by   3.000000     ; x =  -14.88889     to   34.88889     by  0.2222222     ;
  4.764E-02  9.634E-02  3.700E-02  8.125E-02  6.201E-02  4.083E-02  6.317E-02  5.604E-02  3.741E-02  6.078E-02
  8.426E-02  6.386E-02  5.147E-02  3.760E-02  4.151E-02  5.056E-02  5.609E-02  5.876E-02  3.529E-02  6.017E-02
  3.370E-02  5.570E-02  3.901E-02  2.674E-02  2.947E-02  2.021E-02  4.038E-02  5.077E-02  3.966E-02  3.714E-02
  6.515E-02  3.486E-02  6.391E-02  6.174E-02  3.953E-02  2.561E-02  8.523E-02  2.931E-02  2.698E-02  3.705E-02
  2.675E-02  2.495E-02  3.044E-02  3.644E-02  2.721E-02  4.679E-02  4.598E-02  4.070E-02  5.410E-02  4.302E-02
  2.473E-02  2.301E-02  2.656E-02  2.805E-02  3.360E-02  3.758E-02  1.855E-02  4.531E-02  2.814E-02  3.358E-02
  2.508E-02  2.840E-02  2.159E-02  2.958E-02  2.608E-02  2.798E-02  3.203E-02  3.181E-02  3.937E-02  3.932E-02
  3.826E-02  3.745E-02  3.736E-02  3.730E-02  3.665E-02  3.850E-02  3.788E-02  3.680E-02  3.740E-02  3.797E-02
  3.880E-02  3.768E-02  3.794E-02  3.872E-02  4.128E-02  4.086E-02  3.918E-02  4.105E-02  4.096E-02  3.994E-02
  4.059E-02  4.159E-02  4.193E-02  4.284E-02  4.460E-02  4.336E-02  4.426E-02  4.566E-02  4.760E-02  4.571E-02
  4.656E-02  4.771E-02  4.861E-02  4.964E-02  5.179E-02  5.222E-02  5.372E-02  5.172E-02  5.338E-02  5.540E-02
  5.648E-02  5.791E-02  5.818E-02  5.863E-02  6.291E-02  6.074E-02  6.246E-02  6.180E-02  6.331E-02  6.276E-02
  6.404E-02  6.572E-02  7.142E-02  6.924E-02  7.369E-02  7.330E-02  7.292E-02  7.837E-02  7.475E-02  7.799E-02
  7.782E-02  7.962E-02  7.955E-02  8.044E-02  8.185E-02  7.817E-02  8.369E-02  8.290E-02  8.380E-02  9.268E-02
  9.083E-02  8.539E-02  9.820E-02  9.174E-02  9.364E-02  9.881E-02  1.032E-01  1.010E-01  9.445E-02  9.323E-02
  1.002E-01  1.036E-01  1.054E-01  1.154E-01  1.188E-01  1.063E-01  1.118E-01  1.175E-01  1.104E-01  1.187E-01
  1.233E-01  1.211E-01  1.159E-01  1.258E-01  1.259E-01  1.258E-01  1.337E-01  1.228E-01  1.341E-01  1.298E-01
  1.351E-01  1.197E-01  1.174E-01  1.288E-01  1.349E-01  1.281E-01  1.400E-01  1.516E-01  1.439E-01  1.286E-01
  1.343E-01  1.502E-01  1.394E-01  1.468E-01  1.435E-01  1.459E-01  1.573E-01  1.708E-01  1.740E-01  1.613E-01
  1.382E-01  1.667E-01  1.614E-01  1.653E-01  1.758E-01  1.553E-01  1.768E-01  1.871E-01  1.875E-01  1.897E-01
  1.780E-01  1.895E-01  2.140E-01  0.000E+00  0.000E+00  0.000E+00  0.000E+00  0.000E+00  0.000E+00  0.000E+00
  0.000E+00  0.000E+00  0.000E+00  0.000E+00  0.000E+00  0.000E+00  0.000E+00  0.000E+00  0.000E+00  0.000E+00
  0.000E+00  0.000E+00  0.000E+00  0.000E+00  0.000E+00

#------------------------------------------------------------------------------
z: xorg(1.03)
p: xfac[c2*0.05] form[c1/0.05] notc noxt noyt dmin(1)
p: ymin(0) ymax(1) xmin(0) xmax(1) cmin(1) cmax(100) nosp
hc: y= 0.005 to 0.995 by 0.01 ; x= 0.5 to 0.5 by 1 ;
 1  2  3  4  5  6  7  8  9 10 11 12 13 14 15 16 17 18 19 20
21 22 23 24 25 26 27 28 29 30 31 32 33 34 35 36 37 38 39 40
41 42 43 44 45 46 47 48 49 50 51 52 53 54 55 56 57 58 59 60
61 62 63 64 65 66 67 68 69 70 71 72 73 74 75 76 77 78 79 80
81 82 83 84 85 86 87 88 89 90 91 92 93 94 95 96 97 98 99 100
z: xorg(0.0)
p: xfac[c2*0.05] form[c1/0.05] nosp afac[c5*0.625] ymin[c3] ymax[c4]
p: noxt noxn ytxt(-1) ynum(-1) xltd(-1) xstd(-1) itic(1) ylog
y: Relative Error
#------------------------------------------------------------------------------

wt: s(0.7)
\vspace{-3}
  part. &=& all     
e:

#------------------------------------------------------------------------------
z: xorg[-1.03/0.05]
p: form[c1] xfac[c2] afac[c5] nosp notf
p: xmin( -15.00000    ) xmax(  35.00000    )
p: ymin(  0.000000    ) ymax(  3.000000    )

#------------------------------------------------------------------------------
 newpage:
#   no. =  2   part. = electron

'no. =  2'
msuc: {\huge [t-deposit] in r-z mesh}
msdr: {\it plotted by \ANGEL \version}
msdl: {\it calculated by \PHITS  3.24}

x: z [cm]
y: r [cm]
set: c1[ 0.060] c2[ 3.674] c5[ 0.800] c6[ 0.374] c7[ 0.000] c8[ 6.267]
p: h2fs form[c1] xfac[c2] afac[c5] scal[c6] xorg[c7] yorg[c8] nosp
set: c3[1.0e-4] c4[1.0]
p: cmin[c3] cmax[c4]
p: dmin(1e-31)
p: zlog
p: xmin( -15.00000    ) xmax(  35.00000    )
p: ymin(  0.000000    ) ymax(  3.000000    )
#  nr =   1   nz = 225
# ( ( data(z,r), z = 1, nz ), r = nr, 1, -1 )

hc:  y =   1.500000     to   1.500000     by   3.000000     ; x =  -14.88889     to   34.88889     by  0.2222222     ;
  1.900E-01  3.520E-01  1.764E-01  3.324E-01  2.502E-01  1.854E-01  2.355E-01  2.306E-01  1.834E-01  2.546E-01
  3.441E-01  2.724E-01  2.264E-01  1.823E-01  1.853E-01  1.959E-01  2.114E-01  1.969E-01  1.969E-01  2.759E-01
  2.004E-01  2.122E-01  1.742E-01  1.501E-01  1.698E-01  1.296E-01  1.988E-01  2.392E-01  2.006E-01  1.942E-01
  2.522E-01  1.807E-01  2.647E-01  2.622E-01  1.977E-01  1.584E-01  3.586E-01  1.728E-01  1.637E-01  2.033E-01
  1.620E-01  1.538E-01  1.662E-01  1.914E-01  1.525E-01  2.074E-01  2.282E-01  2.000E-01  2.554E-01  1.998E-01
  1.450E-01  1.396E-01  1.601E-01  1.667E-01  1.862E-01  1.860E-01  1.164E-01  2.263E-01  1.397E-01  1.605E-01
  1.399E-01  1.586E-01  1.301E-01  1.701E-01  1.567E-01  1.612E-01  1.715E-01  9.598E-02  5.030E-02  4.897E-02
  4.573E-02  4.431E-02  4.303E-02  4.265E-02  4.140E-02  4.354E-02  4.214E-02  4.059E-02  4.124E-02  4.183E-02
  4.259E-02  4.093E-02  4.060E-02  4.162E-02  4.452E-02  4.410E-02  4.211E-02  4.370E-02  4.356E-02  4.249E-02
  4.298E-02  4.394E-02  4.440E-02  4.551E-02  4.718E-02  4.571E-02  4.671E-02  4.813E-02  5.037E-02  4.794E-02
  4.894E-02  5.036E-02  5.130E-02  5.248E-02  5.470E-02  5.510E-02  5.704E-02  5.455E-02  5.600E-02  5.809E-02
  5.965E-02  6.115E-02  6.137E-02  6.180E-02  6.651E-02  6.444E-02  6.563E-02  6.475E-02  6.648E-02  6.579E-02
  6.693E-02  6.933E-02  7.498E-02  7.201E-02  7.707E-02  7.704E-02  7.698E-02  8.252E-02  7.865E-02  8.214E-02
  8.219E-02  8.350E-02  8.340E-02  8.487E-02  8.595E-02  8.140E-02  8.721E-02  8.648E-02  8.711E-02  9.625E-02
  9.481E-02  8.911E-02  1.021E-01  9.530E-02  9.821E-02  1.034E-01  1.068E-01  1.051E-01  9.742E-02  9.645E-02
  1.042E-01  1.084E-01  1.091E-01  1.199E-01  1.233E-01  1.100E-01  1.145E-01  1.205E-01  1.126E-01  1.218E-01
  1.269E-01  1.246E-01  1.179E-01  1.283E-01  1.286E-01  1.285E-01  1.369E-01  1.252E-01  1.364E-01  1.318E-01
  1.372E-01  1.212E-01  1.191E-01  1.311E-01  1.369E-01  1.300E-01  1.420E-01  1.543E-01  1.479E-01  1.308E-01
  1.366E-01  1.513E-01  1.413E-01  1.476E-01  1.445E-01  1.459E-01  1.589E-01  1.724E-01  1.663E-01  1.630E-01
  1.395E-01  1.684E-01  1.637E-01  1.672E-01  1.780E-01  1.573E-01  1.795E-01  1.895E-01  1.900E-01  1.943E-01
  1.824E-01  1.920E-01  2.183E-01  0.000E+00  0.000E+00  0.000E+00  0.000E+00  0.000E+00  0.000E+00  0.000E+00
  0.000E+00  0.000E+00  0.000E+00  0.000E+00  0.000E+00  0.000E+00  0.000E+00  0.000E+00  0.000E+00  0.000E+00
  0.000E+00  0.000E+00  0.000E+00  0.000E+00  0.000E+00

#------------------------------------------------------------------------------
z: xorg(1.03)
p: xfac[c2*0.05] form[c1/0.05] notc noxt noyt dmin(1)
p: ymin(0) ymax(1) xmin(0) xmax(1) cmin(1) cmax(100) nosp
hc: y= 0.005 to 0.995 by 0.01 ; x= 0.5 to 0.5 by 1 ;
 1  2  3  4  5  6  7  8  9 10 11 12 13 14 15 16 17 18 19 20
21 22 23 24 25 26 27 28 29 30 31 32 33 34 35 36 37 38 39 40
41 42 43 44 45 46 47 48 49 50 51 52 53 54 55 56 57 58 59 60
61 62 63 64 65 66 67 68 69 70 71 72 73 74 75 76 77 78 79 80
81 82 83 84 85 86 87 88 89 90 91 92 93 94 95 96 97 98 99 100
z: xorg(0.0)
p: xfac[c2*0.05] form[c1/0.05] nosp afac[c5*0.625] ymin[c3] ymax[c4]
p: noxt noxn ytxt(-1) ynum(-1) xltd(-1) xstd(-1) itic(1) ylog
y: Relative Error
#------------------------------------------------------------------------------

wt: s(0.7)
\vspace{-3}
  part. &=& electron
e:

#------------------------------------------------------------------------------
z: xorg[-1.03/0.05]
p: form[c1] xfac[c2] afac[c5] nosp notf
p: xmin( -15.00000    ) xmax(  35.00000    )
p: ymin(  0.000000    ) ymax(  3.000000    )

#------------------------------------------------------------------------------
 newpage:
#   no. =  3   part. = photon  

'no. =  3'
msuc: {\huge [t-deposit] in r-z mesh}
msdr: {\it plotted by \ANGEL \version}
msdl: {\it calculated by \PHITS  3.24}

x: z [cm]
y: r [cm]
set: c1[ 0.060] c2[ 3.674] c5[ 0.800] c6[ 0.374] c7[ 0.000] c8[ 6.267]
p: h2fs form[c1] xfac[c2] afac[c5] scal[c6] xorg[c7] yorg[c8] nosp
set: c3[1.0e-4] c4[1.0]
p: cmin[c3] cmax[c4]
p: dmin(1e-31)
p: zlog
p: xmin( -15.00000    ) xmax(  35.00000    )
p: ymin(  0.000000    ) ymax(  3.000000    )
#  nr =   1   nz = 225
# ( ( data(z,r), z = 1, nz ), r = nr, 1, -1 )

hc:  y =   1.500000     to   1.500000     by   3.000000     ; x =  -14.88889     to   34.88889     by  0.2222222     ;
  0.000E+00  0.000E+00  0.000E+00  0.000E+00  0.000E+00  0.000E+00  0.000E+00  0.000E+00  0.000E+00  0.000E+00
  0.000E+00  0.000E+00  0.000E+00  0.000E+00  0.000E+00  0.000E+00  0.000E+00  0.000E+00  0.000E+00  0.000E+00
  0.000E+00  0.000E+00  0.000E+00  0.000E+00  0.000E+00  0.000E+00  0.000E+00  0.000E+00  0.000E+00  0.000E+00
  0.000E+00  0.000E+00  0.000E+00  0.000E+00  0.000E+00  0.000E+00  0.000E+00  0.000E+00  0.000E+00  0.000E+00
  0.000E+00  0.000E+00  0.000E+00  0.000E+00  0.000E+00  0.000E+00  0.000E+00  0.000E+00  0.000E+00  0.000E+00
  0.000E+00  0.000E+00  0.000E+00  0.000E+00  0.000E+00  0.000E+00  0.000E+00  0.000E+00  0.000E+00  0.000E+00
  0.000E+00  0.000E+00  0.000E+00  0.000E+00  0.000E+00  0.000E+00  0.000E+00  0.000E+00  1.000E+00  0.000E+00
  0.000E+00  0.000E+00  0.000E+00  0.000E+00  0.000E+00  0.000E+00  7.080E-01  0.000E+00  0.000E+00  1.000E+00
  0.000E+00  0.000E+00  0.000E+00  0.000E+00  1.000E+00  0.000E+00  1.000E+00  1.000E+00  1.000E+00  8.184E-01
  0.000E+00  0.000E+00  0.000E+00  0.000E+00  1.000E+00  0.000E+00  0.000E+00  1.000E+00  0.000E+00  7.338E-01
  0.000E+00  0.000E+00  1.000E+00  0.000E+00  1.000E+00  1.000E+00  0.000E+00  0.000E+00  0.000E+00  0.000E+00
  0.000E+00  0.000E+00  0.000E+00  0.000E+00  8.896E-01  0.000E+00  0.000E+00  0.000E+00  0.000E+00  0.000E+00
  0.000E+00  0.000E+00  0.000E+00  0.000E+00  0.000E+00  1.000E+00  0.000E+00  1.000E+00  7.089E-01  1.000E+00
  0.000E+00  0.000E+00  0.000E+00  0.000E+00  0.000E+00  0.000E+00  0.000E+00  0.000E+00  0.000E+00  0.000E+00
  7.895E-01  0.000E+00  1.000E+00  0.000E+00  0.000E+00  0.000E+00  0.000E+00  0.000E+00  0.000E+00  1.000E+00
  1.000E+00  1.000E+00  0.000E+00  0.000E+00  0.000E+00  1.000E+00  0.000E+00  0.000E+00  0.000E+00  0.000E+00
  0.000E+00  0.000E+00  0.000E+00  0.000E+00  7.071E-01  1.000E+00  0.000E+00  0.000E+00  0.000E+00  0.000E+00
  0.000E+00  0.000E+00  0.000E+00  0.000E+00  0.000E+00  1.000E+00  0.000E+00  0.000E+00  0.000E+00  0.000E+00
  0.000E+00  0.000E+00  0.000E+00  0.000E+00  0.000E+00  0.000E+00  0.000E+00  0.000E+00  0.000E+00  0.000E+00
  0.000E+00  0.000E+00  0.000E+00  0.000E+00  0.000E+00  0.000E+00  0.000E+00  0.000E+00  0.000E+00  0.000E+00
  0.000E+00  0.000E+00  0.000E+00  0.000E+00  0.000E+00  0.000E+00  0.000E+00  0.000E+00  0.000E+00  0.000E+00
  0.000E+00  0.000E+00  0.000E+00  0.000E+00  0.000E+00  0.000E+00  0.000E+00  0.000E+00  0.000E+00  0.000E+00
  0.000E+00  0.000E+00  0.000E+00  0.000E+00  0.000E+00

#------------------------------------------------------------------------------
z: xorg(1.03)
p: xfac[c2*0.05] form[c1/0.05] notc noxt noyt dmin(1)
p: ymin(0) ymax(1) xmin(0) xmax(1) cmin(1) cmax(100) nosp
hc: y= 0.005 to 0.995 by 0.01 ; x= 0.5 to 0.5 by 1 ;
 1  2  3  4  5  6  7  8  9 10 11 12 13 14 15 16 17 18 19 20
21 22 23 24 25 26 27 28 29 30 31 32 33 34 35 36 37 38 39 40
41 42 43 44 45 46 47 48 49 50 51 52 53 54 55 56 57 58 59 60
61 62 63 64 65 66 67 68 69 70 71 72 73 74 75 76 77 78 79 80
81 82 83 84 85 86 87 88 89 90 91 92 93 94 95 96 97 98 99 100
z: xorg(0.0)
p: xfac[c2*0.05] form[c1/0.05] nosp afac[c5*0.625] ymin[c3] ymax[c4]
p: noxt noxn ytxt(-1) ynum(-1) xltd(-1) xstd(-1) itic(1) ylog
y: Relative Error
#------------------------------------------------------------------------------

wt: s(0.7)
\vspace{-3}
  part. &=& photon  
e:

#------------------------------------------------------------------------------
z: xorg[-1.03/0.05]
p: form[c1] xfac[c2] afac[c5] nosp notf
p: xmin( -15.00000    ) xmax(  35.00000    )
p: ymin(  0.000000    ) ymax(  3.000000    )

#------------------------------------------------------------------------------
 newpage:
#   no. =  4   part. = neutron 

'no. =  4'
msuc: {\huge [t-deposit] in r-z mesh}
msdr: {\it plotted by \ANGEL \version}
msdl: {\it calculated by \PHITS  3.24}

x: z [cm]
y: r [cm]
set: c1[ 0.060] c2[ 3.674] c5[ 0.800] c6[ 0.374] c7[ 0.000] c8[ 6.267]
p: h2fs form[c1] xfac[c2] afac[c5] scal[c6] xorg[c7] yorg[c8] nosp
set: c3[1.0e-4] c4[1.0]
p: cmin[c3] cmax[c4]
p: dmin(1e-31)
p: zlog
p: xmin( -15.00000    ) xmax(  35.00000    )
p: ymin(  0.000000    ) ymax(  3.000000    )
#  nr =   1   nz = 225
# ( ( data(z,r), z = 1, nz ), r = nr, 1, -1 )

hc:  y =   1.500000     to   1.500000     by   3.000000     ; x =  -14.88889     to   34.88889     by  0.2222222     ;
  9.993E-03  1.003E-02  1.008E-02  1.011E-02  1.009E-02  9.951E-03  9.852E-03  1.056E-02  1.018E-02  1.014E-02
  1.008E-02  9.937E-03  9.895E-03  9.882E-03  9.854E-03  9.882E-03  9.789E-03  9.677E-03  7.015E-03  6.560E-03
  6.967E-03  7.534E-03  7.119E-03  7.102E-03  7.319E-03  7.273E-03  7.723E-03  7.184E-03  7.074E-03  7.165E-03
  7.106E-03  7.292E-03  7.334E-03  6.788E-03  6.890E-03  6.847E-03  6.688E-03  6.474E-03  6.385E-03  6.787E-03
  6.701E-03  6.312E-03  6.174E-03  6.355E-03  6.085E-03  5.973E-03  5.787E-03  5.953E-03  5.894E-03  5.646E-03
  5.529E-03  5.439E-03  5.494E-03  5.705E-03  5.451E-03  5.433E-03  5.588E-03  5.465E-03  5.218E-03  5.147E-03
  5.172E-03  5.177E-03  5.267E-03  5.251E-03  5.301E-03  5.388E-03  5.602E-03  6.356E-03  2.345E-02  2.655E-02
  2.558E-02  2.792E-02  3.505E-02  2.977E-02  3.278E-02  3.345E-02  3.652E-02  3.495E-02  3.806E-02  3.858E-02
  4.186E-02  4.493E-02  4.258E-02  4.951E-02  4.833E-02  5.363E-02  5.305E-02  5.429E-02  5.725E-02  5.598E-02
  5.432E-02  5.736E-02  7.177E-02  6.307E-02  6.453E-02  6.517E-02  6.754E-02  6.862E-02  7.228E-02  7.415E-02
  8.142E-02  8.708E-02  8.647E-02  8.771E-02  8.962E-02  9.163E-02  9.356E-02  9.224E-02  9.144E-02  9.306E-02
  9.326E-02  9.605E-02  1.000E-01  1.085E-01  1.499E-01  1.125E-01  1.138E-01  1.237E-01  1.209E-01  1.620E-01
  1.344E-01  1.440E-01  1.383E-01  1.366E-01  1.323E-01  1.353E-01  1.651E-01  1.730E-01  1.577E-01  1.433E-01
  1.479E-01  1.423E-01  1.693E-01  1.800E-01  1.600E-01  1.718E-01  1.822E-01  1.874E-01  1.779E-01  1.820E-01
  1.808E-01  1.816E-01  1.861E-01  1.932E-01  1.978E-01  2.344E-01  2.242E-01  2.246E-01  2.213E-01  2.205E-01
  2.184E-01  2.312E-01  2.369E-01  2.401E-01  2.432E-01  3.995E-01  2.867E-01  3.045E-01  3.120E-01  3.309E-01
  3.419E-01  4.920E-01  3.985E-01  4.150E-01  4.409E-01  4.297E-01  4.055E-01  4.005E-01  4.110E-01  3.997E-01
  4.136E-01  4.066E-01  4.069E-01  4.141E-01  4.475E-01  4.502E-01  4.577E-01  4.628E-01  4.634E-01  5.614E-01
  5.768E-01  5.185E-01  5.117E-01  5.091E-01  5.092E-01  5.092E-01  5.091E-01  5.095E-01  5.098E-01  5.095E-01
  5.669E-01  5.858E-01  5.922E-01  5.923E-01  5.923E-01  5.922E-01  5.922E-01  5.921E-01  5.703E-01  5.227E-01
  5.563E-01  5.888E-01  6.354E-01  0.000E+00  0.000E+00  0.000E+00  0.000E+00  0.000E+00  0.000E+00  0.000E+00
  0.000E+00  0.000E+00  0.000E+00  0.000E+00  0.000E+00  0.000E+00  0.000E+00  0.000E+00  0.000E+00  0.000E+00
  0.000E+00  0.000E+00  0.000E+00  0.000E+00  0.000E+00

#------------------------------------------------------------------------------
z: xorg(1.03)
p: xfac[c2*0.05] form[c1/0.05] notc noxt noyt dmin(1)
p: ymin(0) ymax(1) xmin(0) xmax(1) cmin(1) cmax(100) nosp
hc: y= 0.005 to 0.995 by 0.01 ; x= 0.5 to 0.5 by 1 ;
 1  2  3  4  5  6  7  8  9 10 11 12 13 14 15 16 17 18 19 20
21 22 23 24 25 26 27 28 29 30 31 32 33 34 35 36 37 38 39 40
41 42 43 44 45 46 47 48 49 50 51 52 53 54 55 56 57 58 59 60
61 62 63 64 65 66 67 68 69 70 71 72 73 74 75 76 77 78 79 80
81 82 83 84 85 86 87 88 89 90 91 92 93 94 95 96 97 98 99 100
z: xorg(0.0)
p: xfac[c2*0.05] form[c1/0.05] nosp afac[c5*0.625] ymin[c3] ymax[c4]
p: noxt noxn ytxt(-1) ynum(-1) xltd(-1) xstd(-1) itic(1) ylog
y: Relative Error
#------------------------------------------------------------------------------

wt: s(0.7)
\vspace{-3}
  part. &=& neutron 
e:

#------------------------------------------------------------------------------
z: xorg[-1.03/0.05]
p: form[c1] xfac[c2] afac[c5] nosp notf
p: xmin( -15.00000    ) xmax(  35.00000    )
p: ymin(  0.000000    ) ymax(  3.000000    )
 
# Information for Restart Calculation
# This calculation was newly started
# istdev =  2 # 1:Batch variance, 2:History variance
# resc2  = 1.00918122271111685E-06 # Total source weight or Total source weight / maxcas
# resc3  = 1.00000000000000000E+07 # Total history number or Total batch number
# maxcas =     1000000 # History / Batch, only used for istdev=1
# rijklst=  -1.0909668918764960E-250 # Next initial random number
# bitrseed = 1000110000001000111111101100101001110101110010000011011101101000
