[ T-Deposit ]
    title = [t-deposit] in r-z mesh
     mesh =  r-z            # mesh type is r-z scoring mesh
       x0 =   0.000000      # center x-position of r-z mesh
       y0 =   0.000000      # center y-position of r-z mesh
   r-type =    2            # r-mesh is linear given by rmin, rmax and nr
     rmin =   0.000000      # minimum value of r-mesh points
     rmax =   3.000000      # maximum value of r-mesh points
#    rdel =   3.000000      # mesh width of r-mesh points
       nr =      1          # number of r-mesh points
#    data = ( r(i), i = 1, nr + 1 )
#           0.00000E+00  3.00000E+00
   z-type =    2            # z-mesh is linear given by zmin, zmax and nz
     zmin =  -15.00000      # minimum value of z-mesh points
     zmax =   35.00000      # maximum value of z-mesh points
#    zdel =  0.2222222      # mesh width of z-mesh points
       nz =    225          # number of z-mesh points
#    data = ( z(i), i = 1, nz + 1 )
#          -1.50000E+01 -1.47778E+01 -1.45556E+01 -1.43333E+01 -1.41111E+01
#          -1.38889E+01 -1.36667E+01 -1.34444E+01 -1.32222E+01 -1.30000E+01
#          -1.27778E+01 -1.25556E+01 -1.23333E+01 -1.21111E+01 -1.18889E+01
#          -1.16667E+01 -1.14444E+01 -1.12222E+01 -1.10000E+01 -1.07778E+01
#          -1.05556E+01 -1.03333E+01 -1.01111E+01 -9.88889E+00 -9.66667E+00
#          -9.44444E+00 -9.22222E+00 -9.00000E+00 -8.77778E+00 -8.55556E+00
#          -8.33333E+00 -8.11111E+00 -7.88889E+00 -7.66667E+00 -7.44444E+00
#          -7.22222E+00 -7.00000E+00 -6.77778E+00 -6.55556E+00 -6.33333E+00
#          -6.11111E+00 -5.88889E+00 -5.66667E+00 -5.44444E+00 -5.22222E+00
#          -5.00000E+00 -4.77778E+00 -4.55556E+00 -4.33333E+00 -4.11111E+00
#          -3.88889E+00 -3.66667E+00 -3.44444E+00 -3.22222E+00 -3.00000E+00
#          -2.77778E+00 -2.55556E+00 -2.33333E+00 -2.11111E+00 -1.88889E+00
#          -1.66667E+00 -1.44444E+00 -1.22222E+00 -1.00000E+00 -7.77778E-01
#          -5.55556E-01 -3.33333E-01 -1.11111E-01  1.11111E-01  3.33333E-01
#           5.55556E-01  7.77778E-01  1.00000E+00  1.22222E+00  1.44444E+00
#           1.66667E+00  1.88889E+00  2.11111E+00  2.33333E+00  2.55556E+00
#           2.77778E+00  3.00000E+00  3.22222E+00  3.44444E+00  3.66667E+00
#           3.88889E+00  4.11111E+00  4.33333E+00  4.55556E+00  4.77778E+00
#           5.00000E+00  5.22222E+00  5.44444E+00  5.66667E+00  5.88889E+00
#           6.11111E+00  6.33333E+00  6.55556E+00  6.77778E+00  7.00000E+00
#           7.22222E+00  7.44444E+00  7.66667E+00  7.88889E+00  8.11111E+00
#           8.33333E+00  8.55556E+00  8.77778E+00  9.00000E+00  9.22222E+00
#           9.44444E+00  9.66667E+00  9.88889E+00  1.01111E+01  1.03333E+01
#           1.05556E+01  1.07778E+01  1.10000E+01  1.12222E+01  1.14444E+01
#           1.16667E+01  1.18889E+01  1.21111E+01  1.23333E+01  1.25556E+01
#           1.27778E+01  1.30000E+01  1.32222E+01  1.34444E+01  1.36667E+01
#           1.38889E+01  1.41111E+01  1.43333E+01  1.45556E+01  1.47778E+01
#           1.50000E+01  1.52222E+01  1.54444E+01  1.56667E+01  1.58889E+01
#           1.61111E+01  1.63333E+01  1.65556E+01  1.67778E+01  1.70000E+01
#           1.72222E+01  1.74444E+01  1.76667E+01  1.78889E+01  1.81111E+01
#           1.83333E+01  1.85556E+01  1.87778E+01  1.90000E+01  1.92222E+01
#           1.94444E+01  1.96667E+01  1.98889E+01  2.01111E+01  2.03333E+01
#           2.05556E+01  2.07778E+01  2.10000E+01  2.12222E+01  2.14444E+01
#           2.16667E+01  2.18889E+01  2.21111E+01  2.23333E+01  2.25556E+01
#           2.27778E+01  2.30000E+01  2.32222E+01  2.34444E+01  2.36667E+01
#           2.38889E+01  2.41111E+01  2.43333E+01  2.45556E+01  2.47778E+01
#           2.50000E+01  2.52222E+01  2.54444E+01  2.56667E+01  2.58889E+01
#           2.61111E+01  2.63333E+01  2.65556E+01  2.67778E+01  2.70000E+01
#           2.72222E+01  2.74444E+01  2.76667E+01  2.78889E+01  2.81111E+01
#           2.83333E+01  2.85556E+01  2.87778E+01  2.90000E+01  2.92222E+01
#           2.94444E+01  2.96667E+01  2.98889E+01  3.01111E+01  3.03333E+01
#           3.05556E+01  3.07778E+01  3.10000E+01  3.12222E+01  3.14444E+01
#           3.16667E+01  3.18889E+01  3.21111E+01  3.23333E+01  3.25556E+01
#           3.27778E+01  3.30000E+01  3.32222E+01  3.34444E+01  3.36667E+01
#           3.38889E+01  3.41111E+01  3.43333E+01  3.45556E+01  3.47778E+01
#           3.50000E+01
     unit =    0            # unit is [Gy/source]
   letmat =    0            # (D=0) mat ID for LET, 0:real mat, <0: electron for H2O
  dedxfnc =    0            # (D=0) user defined multiplier, 0(no), 1, 2
 material =  all            # (D=all) number of specific material
   output =  dose           # total deposit energy
  deposit =    0            # (D=0) 0-> total deposit dist, 1-> each process
  2D-type =    3            # 1:Cont, 2:Clust, 3:Color, 4:xyz, 5:mat, 6:Clust+Cont, 7:Col+Cont
     axis =    rz           # axis of output
     file = deposit_r_all.out  # file name of output for the above axis
     part =  all        electron   photon     neutron  
# kf/name :  0          11         22         2112     
    gshow =    1            # 0: no 1:bnd, 2:bnd+mat, 3:bnd+reg 4:bnd+lat 5:bmp style
    resol =    1            # (D=1) resolution of gshow or rshow
    width = 0.5000000       # (D=0.5) width of lines for gshow or rshow
   epsout =    1            # (D=0) generate eps file by ANGEL
#    used :        main (  %)        temp (  %)       total (  %)
#  memory :         231 (  0)           0 (  0)         231 (  0)

#------------------------------------------------------------------------------
#newpage:
#   no. =  1   part. = all     

'no. =  1'
msuc: {\huge [t-deposit] in r-z mesh}
msdr: {\it plotted by \ANGEL \version}
msdl: {\it calculated by \PHITS  3.24}

x: z [cm]
y: r [cm]
set: c1[ 0.060] c2[ 3.674] c5[ 0.800] c6[ 0.374] c7[ 0.000] c8[ 6.267]
p: h2fs form[c1] xfac[c2] afac[c5] scal[c6] xorg[c7] yorg[c8] nosp
set: c3[1.0e-4] c4[1.0]
p: cmin[c3] cmax[c4]
p: dmin(1e-31)
p: zlog
p: xmin( -15.00000    ) xmax(  35.00000    )
p: ymin(  0.000000    ) ymax(  3.000000    )
#  nr =   1   nz = 225
# ( ( data(z,r), z = 1, nz ), r = nr, 1, -1 )

hc:  y =   1.500000     to   1.500000     by   3.000000     ; x =  -14.88889     to   34.88889     by  0.2222222     ;
  5.908E-02  4.306E-02  3.955E-02  3.923E-02  5.688E-02  7.466E-02  8.978E-02  1.521E-01  1.004E-01  1.481E-01
  5.502E-02  7.796E-02  5.069E-02  6.616E-02  7.961E-02  1.622E-01  1.241E-01  7.288E-02  1.137E-01  6.010E-02
  2.792E-02  2.925E-02  1.046E-02  9.518E-03  9.787E-03  1.016E-02  1.037E-02  1.070E-02  1.127E-02  1.164E-02
  1.228E-02  1.277E-02  1.334E-02  1.354E-02  1.422E-02  1.480E-02  1.565E-02  1.593E-02  1.652E-02  1.670E-02
  1.728E-02  1.837E-02  1.862E-02  1.943E-02  1.972E-02  2.022E-02  2.135E-02  2.223E-02  2.171E-02  2.270E-02
  2.408E-02  2.366E-02  2.491E-02  2.559E-02  2.575E-02  2.612E-02  2.743E-02  2.786E-02  2.667E-02  2.758E-02
  2.728E-02  3.021E-02  2.799E-02  3.102E-02  2.766E-02  2.713E-02  2.604E-02  2.604E-02  7.420E-02  7.419E-02
  7.796E-02  7.857E-02  7.945E-02  8.300E-02  8.462E-02  9.163E-02  8.859E-02  9.138E-02  8.872E-02  8.834E-02
  9.272E-02  9.086E-02  9.297E-02  9.115E-02  9.916E-02  9.701E-02  9.723E-02  9.812E-02  9.406E-02  1.041E-01
  1.068E-01  9.757E-02  9.287E-02  9.801E-02  1.007E-01  1.166E-01  1.106E-01  1.091E-01  1.136E-01  1.179E-01
  1.144E-01  1.164E-01  1.229E-01  1.276E-01  1.216E-01  1.254E-01  1.209E-01  1.181E-01  1.311E-01  1.318E-01
  1.179E-01  1.278E-01  1.297E-01  1.261E-01  1.324E-01  1.417E-01  1.377E-01  1.508E-01  1.470E-01  1.432E-01
  1.412E-01  1.365E-01  1.465E-01  1.407E-01  1.450E-01  1.529E-01  1.596E-01  1.544E-01  1.456E-01  1.543E-01
  1.428E-01  1.415E-01  1.349E-01  1.451E-01  1.523E-01  1.503E-01  1.385E-01  1.372E-01  1.424E-01  1.439E-01
  1.579E-01  1.399E-01  1.586E-01  1.579E-01  1.645E-01  1.584E-01  1.721E-01  2.089E-01  1.853E-01  1.727E-01
  1.757E-01  1.950E-01  1.816E-01  1.771E-01  2.256E-01  1.907E-01  1.846E-01  1.770E-01  1.777E-01  1.946E-01
  1.906E-01  1.772E-01  1.802E-01  1.933E-01  2.338E-01  2.096E-01  2.057E-01  1.886E-01  2.100E-01  2.055E-01
  1.980E-01  1.921E-01  1.862E-01  1.874E-01  2.214E-01  2.079E-01  1.956E-01  2.229E-01  2.282E-01  1.896E-01
  1.794E-01  2.082E-01  2.079E-01  2.001E-01  1.968E-01  2.534E-01  2.426E-01  2.560E-01  2.329E-01  2.012E-01
  2.595E-01  2.286E-01  2.257E-01  2.464E-01  2.548E-01  2.523E-01  2.743E-01  2.663E-01  2.518E-01  2.506E-01
  2.229E-01  2.227E-01  2.831E-01  0.000E+00  0.000E+00  0.000E+00  0.000E+00  0.000E+00  0.000E+00  0.000E+00
  0.000E+00  0.000E+00  0.000E+00  0.000E+00  0.000E+00  0.000E+00  0.000E+00  0.000E+00  0.000E+00  0.000E+00
  0.000E+00  0.000E+00  0.000E+00  0.000E+00  0.000E+00

#------------------------------------------------------------------------------
z: xorg(1.03)
p: xfac[c2*0.05] form[c1/0.05] notc noxt noyt dmin(1)
p: ymin(0) ymax(1) xmin(0) xmax(1) cmin(1) cmax(100) nosp
hc: y= 0.005 to 0.995 by 0.01 ; x= 0.5 to 0.5 by 1 ;
 1  2  3  4  5  6  7  8  9 10 11 12 13 14 15 16 17 18 19 20
21 22 23 24 25 26 27 28 29 30 31 32 33 34 35 36 37 38 39 40
41 42 43 44 45 46 47 48 49 50 51 52 53 54 55 56 57 58 59 60
61 62 63 64 65 66 67 68 69 70 71 72 73 74 75 76 77 78 79 80
81 82 83 84 85 86 87 88 89 90 91 92 93 94 95 96 97 98 99 100
z: xorg(0.0)
p: xfac[c2*0.05] form[c1/0.05] nosp afac[c5*0.625] ymin[c3] ymax[c4]
p: noxt noxn ytxt(-1) ynum(-1) xltd(-1) xstd(-1) itic(1) ylog
y: Relative Error
#------------------------------------------------------------------------------

wt: s(0.7)
\vspace{-3}
  part. &=& all     
e:

#------------------------------------------------------------------------------
z: xorg[-1.03/0.05]
p: form[c1] xfac[c2] afac[c5] nosp notf
p: xmin( -15.00000    ) xmax(  35.00000    )
p: ymin(  0.000000    ) ymax(  3.000000    )

#------------------------------------------------------------------------------
 newpage:
#   no. =  2   part. = electron

'no. =  2'
msuc: {\huge [t-deposit] in r-z mesh}
msdr: {\it plotted by \ANGEL \version}
msdl: {\it calculated by \PHITS  3.24}

x: z [cm]
y: r [cm]
set: c1[ 0.060] c2[ 3.674] c5[ 0.800] c6[ 0.374] c7[ 0.000] c8[ 6.267]
p: h2fs form[c1] xfac[c2] afac[c5] scal[c6] xorg[c7] yorg[c8] nosp
set: c3[1.0e-4] c4[1.0]
p: cmin[c3] cmax[c4]
p: dmin(1e-31)
p: zlog
p: xmin( -15.00000    ) xmax(  35.00000    )
p: ymin(  0.000000    ) ymax(  3.000000    )
#  nr =   1   nz = 225
# ( ( data(z,r), z = 1, nz ), r = nr, 1, -1 )

hc:  y =   1.500000     to   1.500000     by   3.000000     ; x =  -14.88889     to   34.88889     by  0.2222222     ;
  4.098E-01  3.691E-01  3.879E-01  3.900E-01  3.972E-01  3.584E-01  3.417E-01  5.231E-01  3.877E-01  5.539E-01
  3.165E-01  3.591E-01  3.135E-01  3.497E-01  3.547E-01  4.445E-01  4.902E-01  3.578E-01  6.175E-01  4.984E-01
  3.953E-01  3.348E-01  2.752E-01  1.335E-01  1.357E-01  1.276E-01  1.212E-01  1.523E-01  1.337E-01  1.328E-01
  1.435E-01  1.290E-01  1.275E-01  1.325E-01  1.188E-01  1.643E-01  2.072E-01  1.961E-01  1.439E-01  1.219E-01
  1.162E-01  1.344E-01  1.225E-01  2.096E-01  1.617E-01  1.208E-01  1.462E-01  1.266E-01  1.209E-01  1.361E-01
  2.933E-01  1.612E-01  1.894E-01  1.325E-01  1.233E-01  2.143E-01  2.211E-01  2.138E-01  1.474E-01  1.372E-01
  1.726E-01  3.643E-01  1.568E-01  3.310E-01  2.188E-01  2.299E-01  2.104E-01  1.416E-01  1.013E-01  9.942E-02
  1.017E-01  1.016E-01  1.002E-01  1.034E-01  1.065E-01  1.124E-01  1.091E-01  1.109E-01  1.099E-01  1.052E-01
  1.106E-01  1.060E-01  1.064E-01  1.061E-01  1.126E-01  1.096E-01  1.095E-01  1.091E-01  1.034E-01  1.156E-01
  1.169E-01  1.051E-01  1.007E-01  1.071E-01  1.087E-01  1.240E-01  1.196E-01  1.184E-01  1.247E-01  1.292E-01
  1.218E-01  1.266E-01  1.312E-01  1.378E-01  1.306E-01  1.330E-01  1.280E-01  1.241E-01  1.383E-01  1.385E-01
  1.242E-01  1.351E-01  1.340E-01  1.293E-01  1.385E-01  1.499E-01  1.450E-01  1.567E-01  1.545E-01  1.480E-01
  1.468E-01  1.415E-01  1.516E-01  1.449E-01  1.506E-01  1.611E-01  1.681E-01  1.619E-01  1.512E-01  1.615E-01
  1.480E-01  1.465E-01  1.393E-01  1.510E-01  1.588E-01  1.564E-01  1.415E-01  1.408E-01  1.461E-01  1.475E-01
  1.639E-01  1.451E-01  1.632E-01  1.630E-01  1.708E-01  1.634E-01  1.774E-01  2.205E-01  1.917E-01  1.755E-01
  1.789E-01  1.992E-01  1.846E-01  1.799E-01  2.289E-01  1.936E-01  1.870E-01  1.785E-01  1.794E-01  1.993E-01
  1.960E-01  1.800E-01  1.838E-01  1.975E-01  2.410E-01  2.155E-01  2.108E-01  1.931E-01  2.128E-01  2.073E-01
  1.984E-01  1.924E-01  1.865E-01  1.878E-01  2.219E-01  2.083E-01  1.960E-01  2.234E-01  2.288E-01  1.900E-01
  1.797E-01  2.085E-01  2.083E-01  2.005E-01  1.972E-01  2.542E-01  2.445E-01  2.564E-01  2.329E-01  2.012E-01
  2.595E-01  2.286E-01  2.257E-01  2.464E-01  2.549E-01  2.526E-01  2.768E-01  2.677E-01  2.533E-01  2.547E-01
  2.281E-01  2.237E-01  2.848E-01  0.000E+00  0.000E+00  0.000E+00  0.000E+00  0.000E+00  0.000E+00  0.000E+00
  0.000E+00  0.000E+00  0.000E+00  0.000E+00  0.000E+00  0.000E+00  0.000E+00  0.000E+00  0.000E+00  0.000E+00
  0.000E+00  0.000E+00  0.000E+00  0.000E+00  0.000E+00

#------------------------------------------------------------------------------
z: xorg(1.03)
p: xfac[c2*0.05] form[c1/0.05] notc noxt noyt dmin(1)
p: ymin(0) ymax(1) xmin(0) xmax(1) cmin(1) cmax(100) nosp
hc: y= 0.005 to 0.995 by 0.01 ; x= 0.5 to 0.5 by 1 ;
 1  2  3  4  5  6  7  8  9 10 11 12 13 14 15 16 17 18 19 20
21 22 23 24 25 26 27 28 29 30 31 32 33 34 35 36 37 38 39 40
41 42 43 44 45 46 47 48 49 50 51 52 53 54 55 56 57 58 59 60
61 62 63 64 65 66 67 68 69 70 71 72 73 74 75 76 77 78 79 80
81 82 83 84 85 86 87 88 89 90 91 92 93 94 95 96 97 98 99 100
z: xorg(0.0)
p: xfac[c2*0.05] form[c1/0.05] nosp afac[c5*0.625] ymin[c3] ymax[c4]
p: noxt noxn ytxt(-1) ynum(-1) xltd(-1) xstd(-1) itic(1) ylog
y: Relative Error
#------------------------------------------------------------------------------

wt: s(0.7)
\vspace{-3}
  part. &=& electron
e:

#------------------------------------------------------------------------------
z: xorg[-1.03/0.05]
p: form[c1] xfac[c2] afac[c5] nosp notf
p: xmin( -15.00000    ) xmax(  35.00000    )
p: ymin(  0.000000    ) ymax(  3.000000    )

#------------------------------------------------------------------------------
 newpage:
#   no. =  3   part. = photon  

'no. =  3'
msuc: {\huge [t-deposit] in r-z mesh}
msdr: {\it plotted by \ANGEL \version}
msdl: {\it calculated by \PHITS  3.24}

x: z [cm]
y: r [cm]
set: c1[ 0.060] c2[ 3.674] c5[ 0.800] c6[ 0.374] c7[ 0.000] c8[ 6.267]
p: h2fs form[c1] xfac[c2] afac[c5] scal[c6] xorg[c7] yorg[c8] nosp
set: c3[1.0e-4] c4[1.0]
p: cmin[c3] cmax[c4]
p: dmin(1e-31)
p: zlog
p: xmin( -15.00000    ) xmax(  35.00000    )
p: ymin(  0.000000    ) ymax(  3.000000    )
#  nr =   1   nz = 225
# ( ( data(z,r), z = 1, nz ), r = nr, 1, -1 )

hc:  y =   1.500000     to   1.500000     by   3.000000     ; x =  -14.88889     to   34.88889     by  0.2222222     ;
  0.000E+00  0.000E+00  0.000E+00  0.000E+00  0.000E+00  0.000E+00  0.000E+00  0.000E+00  0.000E+00  0.000E+00
  0.000E+00  0.000E+00  0.000E+00  0.000E+00  0.000E+00  0.000E+00  0.000E+00  0.000E+00  0.000E+00  0.000E+00
  0.000E+00  0.000E+00  0.000E+00  0.000E+00  0.000E+00  0.000E+00  0.000E+00  0.000E+00  0.000E+00  0.000E+00
  0.000E+00  0.000E+00  0.000E+00  0.000E+00  0.000E+00  0.000E+00  0.000E+00  0.000E+00  0.000E+00  0.000E+00
  0.000E+00  0.000E+00  0.000E+00  0.000E+00  0.000E+00  0.000E+00  0.000E+00  0.000E+00  0.000E+00  0.000E+00
  0.000E+00  0.000E+00  0.000E+00  1.000E+00  0.000E+00  0.000E+00  0.000E+00  0.000E+00  0.000E+00  0.000E+00
  0.000E+00  0.000E+00  0.000E+00  0.000E+00  0.000E+00  0.000E+00  0.000E+00  0.000E+00  0.000E+00  0.000E+00
  0.000E+00  0.000E+00  0.000E+00  0.000E+00  0.000E+00  1.000E+00  1.000E+00  0.000E+00  1.000E+00  0.000E+00
  0.000E+00  0.000E+00  0.000E+00  0.000E+00  1.000E+00  0.000E+00  0.000E+00  1.000E+00  0.000E+00  0.000E+00
  0.000E+00  0.000E+00  0.000E+00  1.000E+00  0.000E+00  0.000E+00  0.000E+00  0.000E+00  0.000E+00  0.000E+00
  0.000E+00  0.000E+00  0.000E+00  0.000E+00  0.000E+00  1.000E+00  0.000E+00  0.000E+00  0.000E+00  0.000E+00
  0.000E+00  0.000E+00  0.000E+00  0.000E+00  1.000E+00  0.000E+00  0.000E+00  0.000E+00  0.000E+00  0.000E+00
  0.000E+00  0.000E+00  1.000E+00  0.000E+00  0.000E+00  0.000E+00  0.000E+00  0.000E+00  0.000E+00  1.000E+00
  0.000E+00  0.000E+00  0.000E+00  0.000E+00  0.000E+00  0.000E+00  0.000E+00  0.000E+00  0.000E+00  0.000E+00
  0.000E+00  0.000E+00  0.000E+00  0.000E+00  0.000E+00  0.000E+00  0.000E+00  0.000E+00  0.000E+00  1.000E+00
  0.000E+00  0.000E+00  0.000E+00  0.000E+00  0.000E+00  1.000E+00  0.000E+00  0.000E+00  0.000E+00  0.000E+00
  1.000E+00  0.000E+00  0.000E+00  0.000E+00  7.071E-01  0.000E+00  0.000E+00  0.000E+00  0.000E+00  0.000E+00
  0.000E+00  0.000E+00  0.000E+00  0.000E+00  0.000E+00  0.000E+00  0.000E+00  0.000E+00  0.000E+00  0.000E+00
  0.000E+00  0.000E+00  0.000E+00  0.000E+00  0.000E+00  0.000E+00  0.000E+00  0.000E+00  0.000E+00  0.000E+00
  0.000E+00  0.000E+00  0.000E+00  0.000E+00  0.000E+00  0.000E+00  0.000E+00  0.000E+00  0.000E+00  0.000E+00
  0.000E+00  0.000E+00  0.000E+00  0.000E+00  0.000E+00  0.000E+00  0.000E+00  0.000E+00  0.000E+00  0.000E+00
  0.000E+00  0.000E+00  0.000E+00  0.000E+00  0.000E+00  0.000E+00  0.000E+00  0.000E+00  0.000E+00  0.000E+00
  0.000E+00  0.000E+00  0.000E+00  0.000E+00  0.000E+00

#------------------------------------------------------------------------------
z: xorg(1.03)
p: xfac[c2*0.05] form[c1/0.05] notc noxt noyt dmin(1)
p: ymin(0) ymax(1) xmin(0) xmax(1) cmin(1) cmax(100) nosp
hc: y= 0.005 to 0.995 by 0.01 ; x= 0.5 to 0.5 by 1 ;
 1  2  3  4  5  6  7  8  9 10 11 12 13 14 15 16 17 18 19 20
21 22 23 24 25 26 27 28 29 30 31 32 33 34 35 36 37 38 39 40
41 42 43 44 45 46 47 48 49 50 51 52 53 54 55 56 57 58 59 60
61 62 63 64 65 66 67 68 69 70 71 72 73 74 75 76 77 78 79 80
81 82 83 84 85 86 87 88 89 90 91 92 93 94 95 96 97 98 99 100
z: xorg(0.0)
p: xfac[c2*0.05] form[c1/0.05] nosp afac[c5*0.625] ymin[c3] ymax[c4]
p: noxt noxn ytxt(-1) ynum(-1) xltd(-1) xstd(-1) itic(1) ylog
y: Relative Error
#------------------------------------------------------------------------------

wt: s(0.7)
\vspace{-3}
  part. &=& photon  
e:

#------------------------------------------------------------------------------
z: xorg[-1.03/0.05]
p: form[c1] xfac[c2] afac[c5] nosp notf
p: xmin( -15.00000    ) xmax(  35.00000    )
p: ymin(  0.000000    ) ymax(  3.000000    )

#------------------------------------------------------------------------------
 newpage:
#   no. =  4   part. = neutron 

'no. =  4'
msuc: {\huge [t-deposit] in r-z mesh}
msdr: {\it plotted by \ANGEL \version}
msdl: {\it calculated by \PHITS  3.24}

x: z [cm]
y: r [cm]
set: c1[ 0.060] c2[ 3.674] c5[ 0.800] c6[ 0.374] c7[ 0.000] c8[ 6.267]
p: h2fs form[c1] xfac[c2] afac[c5] scal[c6] xorg[c7] yorg[c8] nosp
set: c3[1.0e-4] c4[1.0]
p: cmin[c3] cmax[c4]
p: dmin(1e-31)
p: zlog
p: xmin( -15.00000    ) xmax(  35.00000    )
p: ymin(  0.000000    ) ymax(  3.000000    )
#  nr =   1   nz = 225
# ( ( data(z,r), z = 1, nz ), r = nr, 1, -1 )

hc:  y =   1.500000     to   1.500000     by   3.000000     ; x =  -14.88889     to   34.88889     by  0.2222222     ;
  1.243E-02  1.263E-02  1.272E-02  1.290E-02  1.290E-02  1.276E-02  1.277E-02  1.301E-02  1.355E-02  1.367E-02
  1.371E-02  1.378E-02  1.383E-02  1.399E-02  1.414E-02  1.445E-02  1.438E-02  1.463E-02  8.700E-03  7.945E-03
  8.383E-03  9.647E-03  1.042E-02  9.539E-03  9.807E-03  1.018E-02  1.040E-02  1.072E-02  1.131E-02  1.168E-02
  1.233E-02  1.282E-02  1.340E-02  1.361E-02  1.430E-02  1.485E-02  1.562E-02  1.588E-02  1.663E-02  1.685E-02
  1.745E-02  1.854E-02  1.881E-02  1.925E-02  1.985E-02  2.048E-02  2.158E-02  2.252E-02  2.202E-02  2.298E-02
  2.333E-02  2.388E-02  2.493E-02  2.602E-02  2.622E-02  2.597E-02  2.745E-02  2.785E-02  2.709E-02  2.811E-02
  2.762E-02  2.808E-02  2.844E-02  2.761E-02  2.775E-02  2.705E-02  2.623E-02  2.648E-02  4.727E-02  5.046E-02
  5.384E-02  5.567E-02  6.229E-02  6.033E-02  5.952E-02  6.043E-02  6.829E-02  7.003E-02  7.145E-02  7.377E-02
  7.853E-02  9.425E-02  9.183E-02  1.002E-01  9.625E-02  1.046E-01  1.065E-01  1.133E-01  1.191E-01  1.154E-01
  1.042E-01  1.104E-01  1.729E-01  1.507E-01  1.230E-01  1.265E-01  1.364E-01  1.334E-01  1.897E-01  1.745E-01
  1.575E-01  1.582E-01  1.629E-01  1.738E-01  1.824E-01  1.736E-01  1.852E-01  1.826E-01  1.953E-01  2.019E-01
  2.690E-01  2.026E-01  2.000E-01  2.372E-01  2.205E-01  2.166E-01  2.172E-01  2.252E-01  2.260E-01  2.419E-01
  2.572E-01  2.753E-01  2.634E-01  2.612E-01  3.137E-01  3.196E-01  3.315E-01  3.144E-01  2.754E-01  2.751E-01
  2.865E-01  2.974E-01  2.965E-01  3.105E-01  3.027E-01  3.581E-01  3.608E-01  3.703E-01  3.499E-01  3.475E-01
  3.345E-01  3.336E-01  3.660E-01  3.946E-01  4.116E-01  5.217E-01  6.243E-01  6.188E-01  5.471E-01  5.584E-01
  5.264E-01  5.264E-01  5.617E-01  5.825E-01  6.250E-01  7.038E-01  7.041E-01  7.047E-01  6.643E-01  6.039E-01
  5.763E-01  6.191E-01  6.095E-01  6.094E-01  6.093E-01  6.093E-01  6.094E-01  6.012E-01  7.127E-01  7.291E-01
  9.510E-01  9.938E-01  9.950E-01  9.972E-01  9.979E-01  9.989E-01  9.983E-01  9.988E-01  9.990E-01  9.995E-01
  9.996E-01  9.997E-01  9.998E-01  9.998E-01  9.997E-01  9.534E-01  9.825E-01  9.589E-01  9.892E-01  1.000E+00
  1.000E+00  1.000E+00  1.000E+00  1.000E+00  1.000E+00  9.979E-01  9.997E-01  9.999E-01  8.686E-01  7.632E-01
  8.070E-01  9.743E-01  9.743E-01  0.000E+00  0.000E+00  0.000E+00  0.000E+00  0.000E+00  0.000E+00  0.000E+00
  0.000E+00  0.000E+00  0.000E+00  0.000E+00  0.000E+00  0.000E+00  0.000E+00  0.000E+00  0.000E+00  0.000E+00
  0.000E+00  0.000E+00  0.000E+00  0.000E+00  0.000E+00

#------------------------------------------------------------------------------
z: xorg(1.03)
p: xfac[c2*0.05] form[c1/0.05] notc noxt noyt dmin(1)
p: ymin(0) ymax(1) xmin(0) xmax(1) cmin(1) cmax(100) nosp
hc: y= 0.005 to 0.995 by 0.01 ; x= 0.5 to 0.5 by 1 ;
 1  2  3  4  5  6  7  8  9 10 11 12 13 14 15 16 17 18 19 20
21 22 23 24 25 26 27 28 29 30 31 32 33 34 35 36 37 38 39 40
41 42 43 44 45 46 47 48 49 50 51 52 53 54 55 56 57 58 59 60
61 62 63 64 65 66 67 68 69 70 71 72 73 74 75 76 77 78 79 80
81 82 83 84 85 86 87 88 89 90 91 92 93 94 95 96 97 98 99 100
z: xorg(0.0)
p: xfac[c2*0.05] form[c1/0.05] nosp afac[c5*0.625] ymin[c3] ymax[c4]
p: noxt noxn ytxt(-1) ynum(-1) xltd(-1) xstd(-1) itic(1) ylog
y: Relative Error
#------------------------------------------------------------------------------

wt: s(0.7)
\vspace{-3}
  part. &=& neutron 
e:

#------------------------------------------------------------------------------
z: xorg[-1.03/0.05]
p: form[c1] xfac[c2] afac[c5] nosp notf
p: xmin( -15.00000    ) xmax(  35.00000    )
p: ymin(  0.000000    ) ymax(  3.000000    )
 
# Information for Restart Calculation
# This calculation was newly started
# istdev =  2 # 1:Batch variance, 2:History variance
# resc2  = 1.00918122271111685E-06 # Total source weight or Total source weight / maxcas
# resc3  = 1.00000000000000000E+07 # Total history number or Total batch number
# maxcas =     1000000 # History / Batch, only used for istdev=1
# rijklst=  -1.0909668918764960E-250 # Next initial random number
# bitrseed = 1000110000001000111111101100101001110101110010000011011101101000
