[ T-Deposit ]
    title = [t-deposit] in r-z mesh
     mesh =  r-z            # mesh type is r-z scoring mesh
       x0 =   0.000000      # center x-position of r-z mesh
       y0 =   0.000000      # center y-position of r-z mesh
   r-type =    2            # r-mesh is linear given by rmin, rmax and nr
     rmin =   0.000000      # minimum value of r-mesh points
     rmax =   3.000000      # maximum value of r-mesh points
#    rdel =   3.000000      # mesh width of r-mesh points
       nr =      1          # number of r-mesh points
#    data = ( r(i), i = 1, nr + 1 )
#           0.00000E+00  3.00000E+00
   z-type =    2            # z-mesh is linear given by zmin, zmax and nz
     zmin =  -15.00000      # minimum value of z-mesh points
     zmax =   35.00000      # maximum value of z-mesh points
#    zdel =  0.2222222      # mesh width of z-mesh points
       nz =    225          # number of z-mesh points
#    data = ( z(i), i = 1, nz + 1 )
#          -1.50000E+01 -1.47778E+01 -1.45556E+01 -1.43333E+01 -1.41111E+01
#          -1.38889E+01 -1.36667E+01 -1.34444E+01 -1.32222E+01 -1.30000E+01
#          -1.27778E+01 -1.25556E+01 -1.23333E+01 -1.21111E+01 -1.18889E+01
#          -1.16667E+01 -1.14444E+01 -1.12222E+01 -1.10000E+01 -1.07778E+01
#          -1.05556E+01 -1.03333E+01 -1.01111E+01 -9.88889E+00 -9.66667E+00
#          -9.44444E+00 -9.22222E+00 -9.00000E+00 -8.77778E+00 -8.55556E+00
#          -8.33333E+00 -8.11111E+00 -7.88889E+00 -7.66667E+00 -7.44444E+00
#          -7.22222E+00 -7.00000E+00 -6.77778E+00 -6.55556E+00 -6.33333E+00
#          -6.11111E+00 -5.88889E+00 -5.66667E+00 -5.44444E+00 -5.22222E+00
#          -5.00000E+00 -4.77778E+00 -4.55556E+00 -4.33333E+00 -4.11111E+00
#          -3.88889E+00 -3.66667E+00 -3.44444E+00 -3.22222E+00 -3.00000E+00
#          -2.77778E+00 -2.55556E+00 -2.33333E+00 -2.11111E+00 -1.88889E+00
#          -1.66667E+00 -1.44444E+00 -1.22222E+00 -1.00000E+00 -7.77778E-01
#          -5.55556E-01 -3.33333E-01 -1.11111E-01  1.11111E-01  3.33333E-01
#           5.55556E-01  7.77778E-01  1.00000E+00  1.22222E+00  1.44444E+00
#           1.66667E+00  1.88889E+00  2.11111E+00  2.33333E+00  2.55556E+00
#           2.77778E+00  3.00000E+00  3.22222E+00  3.44444E+00  3.66667E+00
#           3.88889E+00  4.11111E+00  4.33333E+00  4.55556E+00  4.77778E+00
#           5.00000E+00  5.22222E+00  5.44444E+00  5.66667E+00  5.88889E+00
#           6.11111E+00  6.33333E+00  6.55556E+00  6.77778E+00  7.00000E+00
#           7.22222E+00  7.44444E+00  7.66667E+00  7.88889E+00  8.11111E+00
#           8.33333E+00  8.55556E+00  8.77778E+00  9.00000E+00  9.22222E+00
#           9.44444E+00  9.66667E+00  9.88889E+00  1.01111E+01  1.03333E+01
#           1.05556E+01  1.07778E+01  1.10000E+01  1.12222E+01  1.14444E+01
#           1.16667E+01  1.18889E+01  1.21111E+01  1.23333E+01  1.25556E+01
#           1.27778E+01  1.30000E+01  1.32222E+01  1.34444E+01  1.36667E+01
#           1.38889E+01  1.41111E+01  1.43333E+01  1.45556E+01  1.47778E+01
#           1.50000E+01  1.52222E+01  1.54444E+01  1.56667E+01  1.58889E+01
#           1.61111E+01  1.63333E+01  1.65556E+01  1.67778E+01  1.70000E+01
#           1.72222E+01  1.74444E+01  1.76667E+01  1.78889E+01  1.81111E+01
#           1.83333E+01  1.85556E+01  1.87778E+01  1.90000E+01  1.92222E+01
#           1.94444E+01  1.96667E+01  1.98889E+01  2.01111E+01  2.03333E+01
#           2.05556E+01  2.07778E+01  2.10000E+01  2.12222E+01  2.14444E+01
#           2.16667E+01  2.18889E+01  2.21111E+01  2.23333E+01  2.25556E+01
#           2.27778E+01  2.30000E+01  2.32222E+01  2.34444E+01  2.36667E+01
#           2.38889E+01  2.41111E+01  2.43333E+01  2.45556E+01  2.47778E+01
#           2.50000E+01  2.52222E+01  2.54444E+01  2.56667E+01  2.58889E+01
#           2.61111E+01  2.63333E+01  2.65556E+01  2.67778E+01  2.70000E+01
#           2.72222E+01  2.74444E+01  2.76667E+01  2.78889E+01  2.81111E+01
#           2.83333E+01  2.85556E+01  2.87778E+01  2.90000E+01  2.92222E+01
#           2.94444E+01  2.96667E+01  2.98889E+01  3.01111E+01  3.03333E+01
#           3.05556E+01  3.07778E+01  3.10000E+01  3.12222E+01  3.14444E+01
#           3.16667E+01  3.18889E+01  3.21111E+01  3.23333E+01  3.25556E+01
#           3.27778E+01  3.30000E+01  3.32222E+01  3.34444E+01  3.36667E+01
#           3.38889E+01  3.41111E+01  3.43333E+01  3.45556E+01  3.47778E+01
#           3.50000E+01
     unit =    0            # unit is [Gy/source]
   letmat =    0            # (D=0) mat ID for LET, 0:real mat, <0: electron for H2O
  dedxfnc =    0            # (D=0) user defined multiplier, 0(no), 1, 2
 material =  all            # (D=all) number of specific material
   output =  dose           # total deposit energy
  deposit =    0            # (D=0) 0-> total deposit dist, 1-> each process
  2D-type =    3            # 1:Cont, 2:Clust, 3:Color, 4:xyz, 5:mat, 6:Clust+Cont, 7:Col+Cont
     axis =    rz           # axis of output
     file = deposit_r_all.out  # file name of output for the above axis
     part =  all        electron   photon     neutron  
# kf/name :  0          11         22         2112     
    gshow =    1            # 0: no 1:bnd, 2:bnd+mat, 3:bnd+reg 4:bnd+lat 5:bmp style
    resol =    1            # (D=1) resolution of gshow or rshow
    width = 0.5000000       # (D=0.5) width of lines for gshow or rshow
   epsout =    1            # (D=0) generate eps file by ANGEL
#    used :        main (  %)        temp (  %)       total (  %)
#  memory :         231 (  0)           0 (  0)         231 (  0)

#------------------------------------------------------------------------------
#newpage:
#   no. =  1   part. = all     

'no. =  1'
msuc: {\huge [t-deposit] in r-z mesh}
msdr: {\it plotted by \ANGEL \version}
msdl: {\it calculated by \PHITS  3.24}

x: z [cm]
y: r [cm]
set: c1[ 0.060] c2[ 3.674] c5[ 0.800] c6[ 0.374] c7[ 0.000] c8[ 6.267]
p: h2fs form[c1] xfac[c2] afac[c5] scal[c6] xorg[c7] yorg[c8] nosp
set: c3[   3.980366E-10] c4[   2.780565E-01]
p: cmin[c3] cmax[c4]
p: dmin(1e-31)
p: zlog
p: xmin( -15.00000    ) xmax(  35.00000    )
p: ymin(  0.000000    ) ymax(  3.000000    )
#  nr =   1   nz = 225
# ( ( data(z,r), z = 1, nz ), r = nr, 1, -1 )

hc:  y =   1.500000     to   1.500000     by   3.000000     ; x =  -14.88889     to   34.88889     by  0.2222222     ;
  1.711E-03  1.669E-03  1.655E-03  1.662E-03  1.773E-03  1.937E-03  2.080E-03  2.172E-03  2.091E-03  2.143E-03
  1.902E-03  2.006E-03  1.877E-03  1.947E-03  2.029E-03  2.491E-03  2.095E-03  1.970E-03  4.634E-03  3.998E-03
  3.707E-03  3.766E-03  1.182E-01  2.618E-01  2.749E-01  2.781E-01  2.637E-01  2.471E-01  2.312E-01  2.154E-01
  2.006E-01  1.871E-01  1.734E-01  1.563E-01  1.429E-01  1.332E-01  1.262E-01  1.169E-01  1.094E-01  1.041E-01
  9.734E-02  9.077E-02  8.539E-02  7.934E-02  7.373E-02  6.670E-02  6.506E-02  6.324E-02  5.828E-02  5.466E-02
  5.270E-02  5.090E-02  5.000E-02  4.659E-02  4.388E-02  4.232E-02  4.146E-02  4.151E-02  3.954E-02  4.013E-02
  3.887E-02  3.957E-02  4.116E-02  4.271E-02  4.498E-02  5.023E-02  6.112E-02  3.999E-02  1.912E-03  1.943E-03
  2.002E-03  1.933E-03  1.975E-03  1.936E-03  1.699E-03  1.679E-03  1.679E-03  1.638E-03  1.395E-03  1.548E-03
  1.427E-03  1.553E-03  1.629E-03  1.393E-03  1.474E-03  1.436E-03  1.405E-03  1.524E-03  1.530E-03  1.383E-03
  1.207E-03  1.420E-03  1.574E-03  1.348E-03  1.245E-03  1.173E-03  1.093E-03  1.045E-03  9.845E-04  9.302E-04
  1.197E-03  8.882E-04  1.035E-03  7.860E-04  9.166E-04  1.011E-03  8.644E-04  8.752E-04  7.346E-04  7.482E-04
  8.318E-04  8.124E-04  7.441E-04  9.262E-04  7.599E-04  5.773E-04  6.341E-04  7.659E-04  6.002E-04  7.338E-04
  7.162E-04  7.369E-04  7.543E-04  7.779E-04  7.489E-04  4.869E-04  4.703E-04  5.859E-04  6.166E-04  5.031E-04
  6.229E-04  6.231E-04  6.795E-04  5.107E-04  5.964E-04  6.005E-04  7.273E-04  7.817E-04  7.527E-04  8.252E-04
  5.820E-04  5.606E-04  6.287E-04  4.950E-04  4.852E-04  6.335E-04  4.383E-04  3.067E-04  3.221E-04  4.411E-04
  4.418E-04  3.757E-04  4.548E-04  4.318E-04  3.370E-04  2.681E-04  3.171E-04  4.937E-04  4.582E-04  3.365E-04
  4.251E-04  4.954E-04  4.012E-04  3.765E-04  2.706E-04  2.863E-04  3.378E-04  3.544E-04  3.042E-04  4.090E-04
  3.314E-04  4.147E-04  4.202E-04  3.193E-04  2.960E-04  3.157E-04  3.398E-04  3.151E-04  2.416E-04  3.435E-04
  4.061E-04  4.111E-04  3.523E-04  3.384E-04  3.190E-04  2.294E-04  1.841E-04  2.014E-04  2.863E-04  3.756E-04
  3.184E-04  2.671E-04  2.471E-04  2.002E-04  1.362E-04  1.767E-04  1.318E-04  2.427E-04  2.427E-04  2.440E-04
  2.089E-04  2.786E-04  1.083E-04  0.000E+00  0.000E+00  0.000E+00  0.000E+00  0.000E+00  0.000E+00  0.000E+00
  0.000E+00  0.000E+00  0.000E+00  0.000E+00  0.000E+00  0.000E+00  0.000E+00  0.000E+00  0.000E+00  0.000E+00
  0.000E+00  0.000E+00  0.000E+00  0.000E+00  0.000E+00

#------------------------------------------------------------------------------
z: xorg(1.03)
p: xfac[c2*0.05] form[c1/0.05] notc noxt noyt dmin(1)
p: ymin(0) ymax(1) xmin(0) xmax(1) cmin(1) cmax(100) nosp
hc: y= 0.005 to 0.995 by 0.01 ; x= 0.5 to 0.5 by 1 ;
 1  2  3  4  5  6  7  8  9 10 11 12 13 14 15 16 17 18 19 20
21 22 23 24 25 26 27 28 29 30 31 32 33 34 35 36 37 38 39 40
41 42 43 44 45 46 47 48 49 50 51 52 53 54 55 56 57 58 59 60
61 62 63 64 65 66 67 68 69 70 71 72 73 74 75 76 77 78 79 80
81 82 83 84 85 86 87 88 89 90 91 92 93 94 95 96 97 98 99 100
z: xorg(0.0)
p: xfac[c2*0.05] form[c1/0.05] nosp afac[c5*0.625] ymin[c3] ymax[c4]
p: noxt noxn ytxt(-1) ynum(-1) xltd(-1) xstd(-1) itic(1) ylog
y: Dose [Gy/source]      
#------------------------------------------------------------------------------

wt: s(0.7)
\vspace{-3}
  part. &=& all     
e:

#------------------------------------------------------------------------------
z: xorg[-1.03/0.05]
p: form[c1] xfac[c2] afac[c5] nosp notf
p: xmin( -15.00000    ) xmax(  35.00000    )
p: ymin(  0.000000    ) ymax(  3.000000    )

#------------------------------------------------------------------------------
 newpage:
#   no. =  2   part. = electron

'no. =  2'
msuc: {\huge [t-deposit] in r-z mesh}
msdr: {\it plotted by \ANGEL \version}
msdl: {\it calculated by \PHITS  3.24}

x: z [cm]
y: r [cm]
set: c1[ 0.060] c2[ 3.674] c5[ 0.800] c6[ 0.374] c7[ 0.000] c8[ 6.267]
p: h2fs form[c1] xfac[c2] afac[c5] scal[c6] xorg[c7] yorg[c8] nosp
set: c3[   3.980366E-10] c4[   2.780565E-01]
p: cmin[c3] cmax[c4]
p: dmin(1e-31)
p: zlog
p: xmin( -15.00000    ) xmax(  35.00000    )
p: ymin(  0.000000    ) ymax(  3.000000    )
#  nr =   1   nz = 225
# ( ( data(z,r), z = 1, nz ), r = nr, 1, -1 )

hc:  y =   1.500000     to   1.500000     by   3.000000     ; x =  -14.88889     to   34.88889     by  0.2222222     ;
  2.426E-04  1.879E-04  1.615E-04  1.597E-04  2.490E-04  3.998E-04  5.434E-04  6.302E-04  5.391E-04  5.716E-04
  3.236E-04  4.313E-04  2.953E-04  3.629E-04  4.510E-04  9.073E-04  5.283E-04  3.960E-04  8.519E-04  4.789E-04
  2.512E-04  3.136E-04  5.825E-04  8.272E-04  1.048E-03  1.074E-03  1.009E-03  1.123E-03  1.217E-03  1.195E-03
  1.532E-03  1.042E-03  1.198E-03  1.312E-03  1.151E-03  1.667E-03  1.672E-03  1.806E-03  1.621E-03  1.557E-03
  1.506E-03  1.465E-03  1.379E-03  1.842E-03  1.292E-03  1.210E-03  1.147E-03  1.092E-03  1.231E-03  9.151E-04
  1.446E-03  1.464E-03  1.629E-03  1.167E-03  1.108E-03  1.361E-03  1.230E-03  1.389E-03  1.004E-03  1.199E-03
  1.145E-03  1.463E-03  1.169E-03  2.138E-03  1.263E-03  1.497E-03  1.100E-03  1.062E-03  1.379E-03  1.426E-03
  1.513E-03  1.473E-03  1.539E-03  1.536E-03  1.334E-03  1.341E-03  1.347E-03  1.326E-03  1.110E-03  1.288E-03
  1.184E-03  1.314E-03  1.406E-03  1.177E-03  1.287E-03  1.259E-03  1.236E-03  1.358E-03  1.358E-03  1.227E-03
  1.057E-03  1.276E-03  1.413E-03  1.210E-03  1.138E-03  1.069E-03  9.917E-04  9.579E-04  8.842E-04  8.401E-04
  1.119E-03  8.112E-04  9.607E-04  7.227E-04  8.446E-04  9.498E-04  8.134E-04  8.299E-04  6.943E-04  7.098E-04
  7.819E-04  7.648E-04  6.891E-04  8.673E-04  7.243E-04  5.421E-04  5.998E-04  7.354E-04  5.693E-04  7.088E-04
  6.870E-04  7.086E-04  7.276E-04  7.545E-04  7.185E-04  4.589E-04  4.433E-04  5.558E-04  5.921E-04  4.789E-04
  5.993E-04  6.003E-04  6.499E-04  4.887E-04  5.696E-04  5.736E-04  7.109E-04  7.596E-04  7.319E-04  8.033E-04
  5.590E-04  5.382E-04  6.093E-04  4.778E-04  4.648E-04  6.059E-04  4.125E-04  2.791E-04  2.941E-04  4.332E-04
  4.332E-04  3.670E-04  4.469E-04  4.242E-04  3.318E-04  2.636E-04  3.126E-04  4.892E-04  4.534E-04  3.274E-04
  4.114E-04  4.866E-04  3.921E-04  3.674E-04  2.614E-04  2.772E-04  3.287E-04  3.450E-04  2.998E-04  4.050E-04
  3.307E-04  4.141E-04  4.195E-04  3.186E-04  2.953E-04  3.150E-04  3.392E-04  3.145E-04  2.409E-04  3.428E-04
  4.054E-04  4.104E-04  3.516E-04  3.378E-04  3.183E-04  2.287E-04  1.826E-04  2.011E-04  2.863E-04  3.756E-04
  3.183E-04  2.671E-04  2.471E-04  2.002E-04  1.362E-04  1.766E-04  1.305E-04  2.415E-04  2.412E-04  2.397E-04
  2.032E-04  2.772E-04  1.077E-04  0.000E+00  0.000E+00  0.000E+00  0.000E+00  0.000E+00  0.000E+00  0.000E+00
  0.000E+00  0.000E+00  0.000E+00  0.000E+00  0.000E+00  0.000E+00  0.000E+00  0.000E+00  0.000E+00  0.000E+00
  0.000E+00  0.000E+00  0.000E+00  0.000E+00  0.000E+00

#------------------------------------------------------------------------------
z: xorg(1.03)
p: xfac[c2*0.05] form[c1/0.05] notc noxt noyt dmin(1)
p: ymin(0) ymax(1) xmin(0) xmax(1) cmin(1) cmax(100) nosp
hc: y= 0.005 to 0.995 by 0.01 ; x= 0.5 to 0.5 by 1 ;
 1  2  3  4  5  6  7  8  9 10 11 12 13 14 15 16 17 18 19 20
21 22 23 24 25 26 27 28 29 30 31 32 33 34 35 36 37 38 39 40
41 42 43 44 45 46 47 48 49 50 51 52 53 54 55 56 57 58 59 60
61 62 63 64 65 66 67 68 69 70 71 72 73 74 75 76 77 78 79 80
81 82 83 84 85 86 87 88 89 90 91 92 93 94 95 96 97 98 99 100
z: xorg(0.0)
p: xfac[c2*0.05] form[c1/0.05] nosp afac[c5*0.625] ymin[c3] ymax[c4]
p: noxt noxn ytxt(-1) ynum(-1) xltd(-1) xstd(-1) itic(1) ylog
y: Dose [Gy/source]      
#------------------------------------------------------------------------------

wt: s(0.7)
\vspace{-3}
  part. &=& electron
e:

#------------------------------------------------------------------------------
z: xorg[-1.03/0.05]
p: form[c1] xfac[c2] afac[c5] nosp notf
p: xmin( -15.00000    ) xmax(  35.00000    )
p: ymin(  0.000000    ) ymax(  3.000000    )

#------------------------------------------------------------------------------
 newpage:
#   no. =  3   part. = photon  

'no. =  3'
msuc: {\huge [t-deposit] in r-z mesh}
msdr: {\it plotted by \ANGEL \version}
msdl: {\it calculated by \PHITS  3.24}

x: z [cm]
y: r [cm]
set: c1[ 0.060] c2[ 3.674] c5[ 0.800] c6[ 0.374] c7[ 0.000] c8[ 6.267]
p: h2fs form[c1] xfac[c2] afac[c5] scal[c6] xorg[c7] yorg[c8] nosp
set: c3[   3.980366E-10] c4[   2.780565E-01]
p: cmin[c3] cmax[c4]
p: dmin(1e-31)
p: zlog
p: xmin( -15.00000    ) xmax(  35.00000    )
p: ymin(  0.000000    ) ymax(  3.000000    )
#  nr =   1   nz = 225
# ( ( data(z,r), z = 1, nz ), r = nr, 1, -1 )

hc:  y =   1.500000     to   1.500000     by   3.000000     ; x =  -14.88889     to   34.88889     by  0.2222222     ;
  0.000E+00  0.000E+00  0.000E+00  0.000E+00  0.000E+00  0.000E+00  0.000E+00  0.000E+00  0.000E+00  0.000E+00
  0.000E+00  0.000E+00  0.000E+00  0.000E+00  0.000E+00  0.000E+00  0.000E+00  0.000E+00  0.000E+00  0.000E+00
  0.000E+00  0.000E+00  0.000E+00  0.000E+00  0.000E+00  0.000E+00  0.000E+00  0.000E+00  0.000E+00  0.000E+00
  0.000E+00  0.000E+00  0.000E+00  0.000E+00  0.000E+00  0.000E+00  0.000E+00  0.000E+00  0.000E+00  0.000E+00
  0.000E+00  0.000E+00  0.000E+00  0.000E+00  0.000E+00  0.000E+00  0.000E+00  0.000E+00  0.000E+00  0.000E+00
  0.000E+00  0.000E+00  0.000E+00  1.267E-08  0.000E+00  0.000E+00  0.000E+00  0.000E+00  0.000E+00  0.000E+00
  0.000E+00  0.000E+00  0.000E+00  0.000E+00  0.000E+00  0.000E+00  0.000E+00  0.000E+00  0.000E+00  0.000E+00
  0.000E+00  0.000E+00  0.000E+00  0.000E+00  0.000E+00  1.317E-08  1.326E-08  0.000E+00  1.326E-08  0.000E+00
  0.000E+00  0.000E+00  0.000E+00  0.000E+00  1.326E-08  0.000E+00  0.000E+00  1.326E-08  0.000E+00  0.000E+00
  0.000E+00  0.000E+00  0.000E+00  1.326E-08  0.000E+00  0.000E+00  0.000E+00  0.000E+00  0.000E+00  0.000E+00
  0.000E+00  0.000E+00  0.000E+00  0.000E+00  0.000E+00  1.326E-08  0.000E+00  0.000E+00  0.000E+00  0.000E+00
  0.000E+00  0.000E+00  0.000E+00  0.000E+00  1.326E-08  0.000E+00  0.000E+00  0.000E+00  0.000E+00  0.000E+00
  0.000E+00  0.000E+00  8.964E-09  0.000E+00  0.000E+00  0.000E+00  0.000E+00  0.000E+00  0.000E+00  1.326E-08
  0.000E+00  0.000E+00  0.000E+00  0.000E+00  0.000E+00  0.000E+00  0.000E+00  0.000E+00  0.000E+00  0.000E+00
  0.000E+00  0.000E+00  0.000E+00  0.000E+00  0.000E+00  0.000E+00  0.000E+00  0.000E+00  0.000E+00  1.326E-08
  0.000E+00  0.000E+00  0.000E+00  0.000E+00  0.000E+00  1.326E-08  0.000E+00  0.000E+00  0.000E+00  0.000E+00
  1.326E-08  0.000E+00  0.000E+00  0.000E+00  2.653E-08  0.000E+00  0.000E+00  0.000E+00  0.000E+00  0.000E+00
  0.000E+00  0.000E+00  0.000E+00  0.000E+00  0.000E+00  0.000E+00  0.000E+00  0.000E+00  0.000E+00  0.000E+00
  0.000E+00  0.000E+00  0.000E+00  0.000E+00  0.000E+00  0.000E+00  0.000E+00  0.000E+00  0.000E+00  0.000E+00
  0.000E+00  0.000E+00  0.000E+00  0.000E+00  0.000E+00  0.000E+00  0.000E+00  0.000E+00  0.000E+00  0.000E+00
  0.000E+00  0.000E+00  0.000E+00  0.000E+00  0.000E+00  0.000E+00  0.000E+00  0.000E+00  0.000E+00  0.000E+00
  0.000E+00  0.000E+00  0.000E+00  0.000E+00  0.000E+00  0.000E+00  0.000E+00  0.000E+00  0.000E+00  0.000E+00
  0.000E+00  0.000E+00  0.000E+00  0.000E+00  0.000E+00

#------------------------------------------------------------------------------
z: xorg(1.03)
p: xfac[c2*0.05] form[c1/0.05] notc noxt noyt dmin(1)
p: ymin(0) ymax(1) xmin(0) xmax(1) cmin(1) cmax(100) nosp
hc: y= 0.005 to 0.995 by 0.01 ; x= 0.5 to 0.5 by 1 ;
 1  2  3  4  5  6  7  8  9 10 11 12 13 14 15 16 17 18 19 20
21 22 23 24 25 26 27 28 29 30 31 32 33 34 35 36 37 38 39 40
41 42 43 44 45 46 47 48 49 50 51 52 53 54 55 56 57 58 59 60
61 62 63 64 65 66 67 68 69 70 71 72 73 74 75 76 77 78 79 80
81 82 83 84 85 86 87 88 89 90 91 92 93 94 95 96 97 98 99 100
z: xorg(0.0)
p: xfac[c2*0.05] form[c1/0.05] nosp afac[c5*0.625] ymin[c3] ymax[c4]
p: noxt noxn ytxt(-1) ynum(-1) xltd(-1) xstd(-1) itic(1) ylog
y: Dose [Gy/source]      
#------------------------------------------------------------------------------

wt: s(0.7)
\vspace{-3}
  part. &=& photon  
e:

#------------------------------------------------------------------------------
z: xorg[-1.03/0.05]
p: form[c1] xfac[c2] afac[c5] nosp notf
p: xmin( -15.00000    ) xmax(  35.00000    )
p: ymin(  0.000000    ) ymax(  3.000000    )

#------------------------------------------------------------------------------
 newpage:
#   no. =  4   part. = neutron 

'no. =  4'
msuc: {\huge [t-deposit] in r-z mesh}
msdr: {\it plotted by \ANGEL \version}
msdl: {\it calculated by \PHITS  3.24}

x: z [cm]
y: r [cm]
set: c1[ 0.060] c2[ 3.674] c5[ 0.800] c6[ 0.374] c7[ 0.000] c8[ 6.267]
p: h2fs form[c1] xfac[c2] afac[c5] scal[c6] xorg[c7] yorg[c8] nosp
set: c3[   3.980366E-10] c4[   2.780565E-01]
p: cmin[c3] cmax[c4]
p: dmin(1e-31)
p: zlog
p: xmin( -15.00000    ) xmax(  35.00000    )
p: ymin(  0.000000    ) ymax(  3.000000    )
#  nr =   1   nz = 225
# ( ( data(z,r), z = 1, nz ), r = nr, 1, -1 )

hc:  y =   1.500000     to   1.500000     by   3.000000     ; x =  -14.88889     to   34.88889     by  0.2222222     ;
  1.468E-03  1.481E-03  1.494E-03  1.503E-03  1.524E-03  1.538E-03  1.536E-03  1.541E-03  1.552E-03  1.572E-03
  1.579E-03  1.575E-03  1.581E-03  1.584E-03  1.578E-03  1.583E-03  1.567E-03  1.574E-03  3.782E-03  3.519E-03
  3.456E-03  3.453E-03  1.176E-01  2.609E-01  2.738E-01  2.770E-01  2.627E-01  2.460E-01  2.299E-01  2.141E-01
  1.990E-01  1.860E-01  1.722E-01  1.550E-01  1.418E-01  1.315E-01  1.246E-01  1.151E-01  1.078E-01  1.025E-01
  9.583E-02  8.931E-02  8.401E-02  7.750E-02  7.244E-02  6.548E-02  6.391E-02  6.215E-02  5.705E-02  5.374E-02
  5.125E-02  4.943E-02  4.837E-02  4.542E-02  4.278E-02  4.095E-02  4.023E-02  4.013E-02  3.854E-02  3.892E-02
  3.772E-02  3.811E-02  3.999E-02  4.057E-02  4.372E-02  4.873E-02  6.002E-02  3.892E-02  5.334E-04  5.170E-04
  4.897E-04  4.601E-04  4.328E-04  3.998E-04  3.642E-04  3.303E-04  3.317E-04  3.020E-04  2.837E-04  2.607E-04
  2.431E-04  2.389E-04  2.129E-04  2.132E-04  1.863E-04  1.754E-04  1.642E-04  1.622E-04  1.575E-04  1.475E-04
  1.345E-04  1.272E-04  1.412E-04  1.215E-04  9.703E-05  9.138E-05  8.704E-05  8.622E-05  1.003E-04  9.010E-05
  7.758E-05  7.695E-05  6.739E-05  6.279E-05  6.650E-05  6.069E-05  5.095E-05  4.529E-05  4.024E-05  3.839E-05
  4.985E-05  4.474E-05  3.927E-05  4.310E-05  3.552E-05  3.228E-05  3.297E-05  3.046E-05  3.098E-05  2.503E-05
  2.921E-05  2.828E-05  2.670E-05  2.339E-05  3.046E-05  2.808E-05  2.706E-05  3.013E-05  2.455E-05  2.418E-05
  2.361E-05  2.286E-05  2.301E-05  2.207E-05  2.681E-05  2.695E-05  1.643E-05  2.212E-05  2.079E-05  2.190E-05
  2.303E-05  2.241E-05  1.941E-05  1.724E-05  2.041E-05  2.377E-05  1.760E-05  1.728E-05  1.340E-05  7.930E-06
  8.639E-06  8.640E-06  7.876E-06  7.573E-06  5.157E-06  4.478E-06  4.476E-06  4.473E-06  4.765E-06  9.078E-06
  1.370E-05  8.771E-06  9.106E-06  9.108E-06  9.110E-06  9.110E-06  9.109E-06  9.467E-06  4.378E-06  3.948E-06
  7.162E-07  6.846E-07  6.844E-07  6.832E-07  6.825E-07  6.817E-07  6.815E-07  6.812E-07  6.810E-07  6.807E-07
  6.806E-07  6.806E-07  6.805E-07  6.805E-07  6.806E-07  7.145E-07  1.516E-06  2.690E-07  1.093E-08  1.081E-08
  1.081E-08  8.921E-09  4.358E-09  3.457E-08  3.980E-10  1.791E-07  1.282E-06  1.282E-06  1.496E-06  4.319E-06
  5.699E-06  1.316E-06  6.581E-07  0.000E+00  0.000E+00  0.000E+00  0.000E+00  0.000E+00  0.000E+00  0.000E+00
  0.000E+00  0.000E+00  0.000E+00  0.000E+00  0.000E+00  0.000E+00  0.000E+00  0.000E+00  0.000E+00  0.000E+00
  0.000E+00  0.000E+00  0.000E+00  0.000E+00  0.000E+00

#------------------------------------------------------------------------------
z: xorg(1.03)
p: xfac[c2*0.05] form[c1/0.05] notc noxt noyt dmin(1)
p: ymin(0) ymax(1) xmin(0) xmax(1) cmin(1) cmax(100) nosp
hc: y= 0.005 to 0.995 by 0.01 ; x= 0.5 to 0.5 by 1 ;
 1  2  3  4  5  6  7  8  9 10 11 12 13 14 15 16 17 18 19 20
21 22 23 24 25 26 27 28 29 30 31 32 33 34 35 36 37 38 39 40
41 42 43 44 45 46 47 48 49 50 51 52 53 54 55 56 57 58 59 60
61 62 63 64 65 66 67 68 69 70 71 72 73 74 75 76 77 78 79 80
81 82 83 84 85 86 87 88 89 90 91 92 93 94 95 96 97 98 99 100
z: xorg(0.0)
p: xfac[c2*0.05] form[c1/0.05] nosp afac[c5*0.625] ymin[c3] ymax[c4]
p: noxt noxn ytxt(-1) ynum(-1) xltd(-1) xstd(-1) itic(1) ylog
y: Dose [Gy/source]      
#------------------------------------------------------------------------------

wt: s(0.7)
\vspace{-3}
  part. &=& neutron 
e:

#------------------------------------------------------------------------------
z: xorg[-1.03/0.05]
p: form[c1] xfac[c2] afac[c5] nosp notf
p: xmin( -15.00000    ) xmax(  35.00000    )
p: ymin(  0.000000    ) ymax(  3.000000    )
 
# Information for Restart Calculation
# This calculation was newly started
# istdev =  2 # 1:Batch variance, 2:History variance
# resc2  = 1.00918122271111685E-06 # Total source weight or Total source weight / maxcas
# resc3  = 1.00000000000000000E+07 # Total history number or Total batch number
# maxcas =     1000000 # History / Batch, only used for istdev=1
# rijklst=  -1.0909668918764960E-250 # Next initial random number
# bitrseed = 1000110000001000111111101100101001110101110010000011011101101000
