[ T-Deposit ]
    title = [t-deposit] in r-z mesh
     mesh =  r-z            # mesh type is r-z scoring mesh
       x0 =   0.000000      # center x-position of r-z mesh
       y0 =   0.000000      # center y-position of r-z mesh
   r-type =    2            # r-mesh is linear given by rmin, rmax and nr
     rmin =   0.000000      # minimum value of r-mesh points
     rmax =   3.000000      # maximum value of r-mesh points
#    rdel =   3.000000      # mesh width of r-mesh points
       nr =      1          # number of r-mesh points
#    data = ( r(i), i = 1, nr + 1 )
#           0.00000E+00  3.00000E+00
   z-type =    2            # z-mesh is linear given by zmin, zmax and nz
     zmin =  -15.00000      # minimum value of z-mesh points
     zmax =   35.00000      # maximum value of z-mesh points
#    zdel =  0.2222222      # mesh width of z-mesh points
       nz =    225          # number of z-mesh points
#    data = ( z(i), i = 1, nz + 1 )
#          -1.50000E+01 -1.47778E+01 -1.45556E+01 -1.43333E+01 -1.41111E+01
#          -1.38889E+01 -1.36667E+01 -1.34444E+01 -1.32222E+01 -1.30000E+01
#          -1.27778E+01 -1.25556E+01 -1.23333E+01 -1.21111E+01 -1.18889E+01
#          -1.16667E+01 -1.14444E+01 -1.12222E+01 -1.10000E+01 -1.07778E+01
#          -1.05556E+01 -1.03333E+01 -1.01111E+01 -9.88889E+00 -9.66667E+00
#          -9.44444E+00 -9.22222E+00 -9.00000E+00 -8.77778E+00 -8.55556E+00
#          -8.33333E+00 -8.11111E+00 -7.88889E+00 -7.66667E+00 -7.44444E+00
#          -7.22222E+00 -7.00000E+00 -6.77778E+00 -6.55556E+00 -6.33333E+00
#          -6.11111E+00 -5.88889E+00 -5.66667E+00 -5.44444E+00 -5.22222E+00
#          -5.00000E+00 -4.77778E+00 -4.55556E+00 -4.33333E+00 -4.11111E+00
#          -3.88889E+00 -3.66667E+00 -3.44444E+00 -3.22222E+00 -3.00000E+00
#          -2.77778E+00 -2.55556E+00 -2.33333E+00 -2.11111E+00 -1.88889E+00
#          -1.66667E+00 -1.44444E+00 -1.22222E+00 -1.00000E+00 -7.77778E-01
#          -5.55556E-01 -3.33333E-01 -1.11111E-01  1.11111E-01  3.33333E-01
#           5.55556E-01  7.77778E-01  1.00000E+00  1.22222E+00  1.44444E+00
#           1.66667E+00  1.88889E+00  2.11111E+00  2.33333E+00  2.55556E+00
#           2.77778E+00  3.00000E+00  3.22222E+00  3.44444E+00  3.66667E+00
#           3.88889E+00  4.11111E+00  4.33333E+00  4.55556E+00  4.77778E+00
#           5.00000E+00  5.22222E+00  5.44444E+00  5.66667E+00  5.88889E+00
#           6.11111E+00  6.33333E+00  6.55556E+00  6.77778E+00  7.00000E+00
#           7.22222E+00  7.44444E+00  7.66667E+00  7.88889E+00  8.11111E+00
#           8.33333E+00  8.55556E+00  8.77778E+00  9.00000E+00  9.22222E+00
#           9.44444E+00  9.66667E+00  9.88889E+00  1.01111E+01  1.03333E+01
#           1.05556E+01  1.07778E+01  1.10000E+01  1.12222E+01  1.14444E+01
#           1.16667E+01  1.18889E+01  1.21111E+01  1.23333E+01  1.25556E+01
#           1.27778E+01  1.30000E+01  1.32222E+01  1.34444E+01  1.36667E+01
#           1.38889E+01  1.41111E+01  1.43333E+01  1.45556E+01  1.47778E+01
#           1.50000E+01  1.52222E+01  1.54444E+01  1.56667E+01  1.58889E+01
#           1.61111E+01  1.63333E+01  1.65556E+01  1.67778E+01  1.70000E+01
#           1.72222E+01  1.74444E+01  1.76667E+01  1.78889E+01  1.81111E+01
#           1.83333E+01  1.85556E+01  1.87778E+01  1.90000E+01  1.92222E+01
#           1.94444E+01  1.96667E+01  1.98889E+01  2.01111E+01  2.03333E+01
#           2.05556E+01  2.07778E+01  2.10000E+01  2.12222E+01  2.14444E+01
#           2.16667E+01  2.18889E+01  2.21111E+01  2.23333E+01  2.25556E+01
#           2.27778E+01  2.30000E+01  2.32222E+01  2.34444E+01  2.36667E+01
#           2.38889E+01  2.41111E+01  2.43333E+01  2.45556E+01  2.47778E+01
#           2.50000E+01  2.52222E+01  2.54444E+01  2.56667E+01  2.58889E+01
#           2.61111E+01  2.63333E+01  2.65556E+01  2.67778E+01  2.70000E+01
#           2.72222E+01  2.74444E+01  2.76667E+01  2.78889E+01  2.81111E+01
#           2.83333E+01  2.85556E+01  2.87778E+01  2.90000E+01  2.92222E+01
#           2.94444E+01  2.96667E+01  2.98889E+01  3.01111E+01  3.03333E+01
#           3.05556E+01  3.07778E+01  3.10000E+01  3.12222E+01  3.14444E+01
#           3.16667E+01  3.18889E+01  3.21111E+01  3.23333E+01  3.25556E+01
#           3.27778E+01  3.30000E+01  3.32222E+01  3.34444E+01  3.36667E+01
#           3.38889E+01  3.41111E+01  3.43333E+01  3.45556E+01  3.47778E+01
#           3.50000E+01
     unit =    0            # unit is [Gy/source]
   letmat =    0            # (D=0) mat ID for LET, 0:real mat, <0: electron for H2O
  dedxfnc =    0            # (D=0) user defined multiplier, 0(no), 1, 2
 material =  all            # (D=all) number of specific material
   output =  dose           # total deposit energy
  deposit =    0            # (D=0) 0-> total deposit dist, 1-> each process
  2D-type =    3            # 1:Cont, 2:Clust, 3:Color, 4:xyz, 5:mat, 6:Clust+Cont, 7:Col+Cont
     axis =    rz           # axis of output
     file = deposit_r_all.out  # file name of output for the above axis
     part =  all        electron   photon     neutron    alpha    
# kf/name :  0          11         22         2112       2000004  
    gshow =    1            # 0: no 1:bnd, 2:bnd+mat, 3:bnd+reg 4:bnd+lat 5:bmp style
    resol =    1            # (D=1) resolution of gshow or rshow
    width = 0.5000000       # (D=0.5) width of lines for gshow or rshow
   epsout =    1            # (D=0) generate eps file by ANGEL
#    used :        main (  %)        temp (  %)       total (  %)
#  memory :         231 (  0)           0 (  0)         231 (  0)

#------------------------------------------------------------------------------
#newpage:
#   no. =  1   part. = all     

'no. =  1'
msuc: {\huge [t-deposit] in r-z mesh}
msdr: {\it plotted by \ANGEL \version}
msdl: {\it calculated by \PHITS  3.24}

x: z [cm]
y: r [cm]
set: c1[ 0.060] c2[ 3.674] c5[ 0.800] c6[ 0.374] c7[ 0.000] c8[ 6.267]
p: h2fs form[c1] xfac[c2] afac[c5] scal[c6] xorg[c7] yorg[c8] nosp
set: c3[   7.022167E-11] c4[   2.361316E-02]
p: cmin[c3] cmax[c4]
p: dmin(1e-31)
p: zlog
p: xmin( -15.00000    ) xmax(  35.00000    )
p: ymin(  0.000000    ) ymax(  3.000000    )
#  nr =   1   nz = 225
# ( ( data(z,r), z = 1, nz ), r = nr, 1, -1 )

hc:  y =   1.500000     to   1.500000     by   3.000000     ; x =  -14.88889     to   34.88889     by  0.2222222     ;
  2.703E-03  2.888E-03  2.812E-03  2.905E-03  3.007E-03  2.999E-03  3.132E-03  3.186E-03  3.173E-03  3.329E-03
  3.321E-03  3.327E-03  3.437E-03  3.493E-03  3.578E-03  3.686E-03  3.621E-03  3.650E-03  6.054E-03  5.928E-03
  5.814E-03  5.786E-03  5.719E-03  5.727E-03  5.989E-03  5.992E-03  6.131E-03  6.253E-03  6.328E-03  6.652E-03
  6.692E-03  6.647E-03  6.901E-03  7.020E-03  7.255E-03  7.569E-03  7.661E-03  7.662E-03  7.900E-03  8.155E-03
  8.267E-03  8.502E-03  8.777E-03  8.749E-03  8.956E-03  8.989E-03  9.426E-03  9.646E-03  1.001E-02  1.035E-02
  1.044E-02  1.077E-02  1.106E-02  1.162E-02  1.194E-02  1.224E-02  1.276E-02  1.301E-02  1.346E-02  1.375E-02
  1.452E-02  1.509E-02  1.551E-02  1.630E-02  1.667E-02  1.711E-02  1.777E-02  2.031E-02  2.361E-02  2.310E-02
  2.219E-02  2.105E-02  1.939E-02  1.792E-02  1.609E-02  1.475E-02  1.347E-02  1.218E-02  1.125E-02  1.010E-02
  9.229E-03  8.651E-03  7.965E-03  7.384E-03  6.789E-03  6.445E-03  5.851E-03  5.636E-03  5.307E-03  5.036E-03
  4.593E-03  4.506E-03  4.171E-03  4.024E-03  3.878E-03  3.600E-03  3.528E-03  3.304E-03  3.261E-03  3.079E-03
  2.933E-03  2.724E-03  2.666E-03  2.625E-03  2.520E-03  2.367E-03  2.347E-03  2.259E-03  2.168E-03  2.041E-03
  1.949E-03  1.994E-03  1.912E-03  1.802E-03  1.754E-03  1.695E-03  1.716E-03  1.634E-03  1.586E-03  1.562E-03
  1.549E-03  1.434E-03  1.378E-03  1.438E-03  1.308E-03  1.307E-03  1.219E-03  1.224E-03  1.180E-03  1.143E-03
  1.200E-03  1.136E-03  1.110E-03  1.059E-03  1.048E-03  1.036E-03  1.008E-03  9.573E-04  9.337E-04  9.617E-04
  9.639E-04  9.660E-04  9.737E-04  8.904E-04  8.792E-04  8.690E-04  8.336E-04  8.135E-04  7.491E-04  7.790E-04
  7.439E-04  6.975E-04  6.637E-04  7.165E-04  6.657E-04  7.001E-04  6.515E-04  7.051E-04  6.490E-04  6.767E-04
  5.750E-04  5.858E-04  5.459E-04  5.525E-04  6.228E-04  5.971E-04  5.544E-04  5.105E-04  4.921E-04  4.722E-04
  5.186E-04  4.731E-04  4.297E-04  4.486E-04  4.423E-04  4.021E-04  4.444E-04  4.450E-04  4.023E-04  3.909E-04
  4.023E-04  3.892E-04  3.495E-04  3.877E-04  4.020E-04  3.824E-04  3.624E-04  3.085E-04  3.049E-04  3.258E-04
  3.423E-04  3.092E-04  3.100E-04  3.200E-04  3.084E-04  2.790E-04  2.964E-04  2.890E-04  2.883E-04  2.648E-04
  2.435E-04  2.269E-04  1.167E-04  0.000E+00  0.000E+00  0.000E+00  0.000E+00  0.000E+00  0.000E+00  0.000E+00
  0.000E+00  0.000E+00  0.000E+00  0.000E+00  0.000E+00  0.000E+00  0.000E+00  0.000E+00  0.000E+00  0.000E+00
  0.000E+00  0.000E+00  0.000E+00  0.000E+00  0.000E+00

#------------------------------------------------------------------------------
z: xorg(1.03)
p: xfac[c2*0.05] form[c1/0.05] notc noxt noyt dmin(1)
p: ymin(0) ymax(1) xmin(0) xmax(1) cmin(1) cmax(100) nosp
hc: y= 0.005 to 0.995 by 0.01 ; x= 0.5 to 0.5 by 1 ;
 1  2  3  4  5  6  7  8  9 10 11 12 13 14 15 16 17 18 19 20
21 22 23 24 25 26 27 28 29 30 31 32 33 34 35 36 37 38 39 40
41 42 43 44 45 46 47 48 49 50 51 52 53 54 55 56 57 58 59 60
61 62 63 64 65 66 67 68 69 70 71 72 73 74 75 76 77 78 79 80
81 82 83 84 85 86 87 88 89 90 91 92 93 94 95 96 97 98 99 100
z: xorg(0.0)
p: xfac[c2*0.05] form[c1/0.05] nosp afac[c5*0.625] ymin[c3] ymax[c4]
p: noxt noxn ytxt(-1) ynum(-1) xltd(-1) xstd(-1) itic(1) ylog
y: Dose [Gy/source]      
#------------------------------------------------------------------------------

wt: s(0.7)
\vspace{-3}
  part. &=& all     
e:

#------------------------------------------------------------------------------
z: xorg[-1.03/0.05]
p: form[c1] xfac[c2] afac[c5] nosp notf
p: xmin( -15.00000    ) xmax(  35.00000    )
p: ymin(  0.000000    ) ymax(  3.000000    )

#------------------------------------------------------------------------------
 newpage:
#   no. =  2   part. = electron

'no. =  2'
msuc: {\huge [t-deposit] in r-z mesh}
msdr: {\it plotted by \ANGEL \version}
msdl: {\it calculated by \PHITS  3.24}

x: z [cm]
y: r [cm]
set: c1[ 0.060] c2[ 3.674] c5[ 0.800] c6[ 0.374] c7[ 0.000] c8[ 6.267]
p: h2fs form[c1] xfac[c2] afac[c5] scal[c6] xorg[c7] yorg[c8] nosp
set: c3[   7.022167E-11] c4[   2.361316E-02]
p: cmin[c3] cmax[c4]
p: dmin(1e-31)
p: zlog
p: xmin( -15.00000    ) xmax(  35.00000    )
p: ymin(  0.000000    ) ymax(  3.000000    )
#  nr =   1   nz = 225
# ( ( data(z,r), z = 1, nz ), r = nr, 1, -1 )

hc:  y =   1.500000     to   1.500000     by   3.000000     ; x =  -14.88889     to   34.88889     by  0.2222222     ;
  6.156E-04  7.741E-04  6.727E-04  7.390E-04  8.123E-04  7.765E-04  8.802E-04  9.062E-04  8.623E-04  9.853E-04
  9.478E-04  9.336E-04  1.017E-03  1.045E-03  1.089E-03  1.163E-03  1.072E-03  1.070E-03  1.217E-03  1.299E-03
  1.252E-03  1.232E-03  1.164E-03  1.134E-03  1.380E-03  1.359E-03  1.454E-03  1.507E-03  1.504E-03  1.749E-03
  1.721E-03  1.597E-03  1.747E-03  1.771E-03  1.907E-03  2.124E-03  2.117E-03  2.012E-03  2.124E-03  2.272E-03
  2.281E-03  2.399E-03  2.542E-03  2.379E-03  2.452E-03  2.338E-03  2.614E-03  2.645E-03  2.854E-03  2.988E-03
  2.882E-03  3.011E-03  3.063E-03  3.397E-03  3.472E-03  3.519E-03  3.766E-03  3.711E-03  3.860E-03  3.846E-03
  4.282E-03  4.513E-03  4.589E-03  5.034E-03  5.011E-03  5.094E-03  5.363E-03  9.841E-03  1.694E-02  1.813E-02
  1.840E-02  1.812E-02  1.701E-02  1.598E-02  1.453E-02  1.345E-02  1.239E-02  1.129E-02  1.050E-02  9.440E-03
  8.652E-03  8.139E-03  7.532E-03  7.000E-03  6.444E-03  6.148E-03  5.604E-03  5.418E-03  5.114E-03  4.858E-03
  4.434E-03  4.360E-03  4.036E-03  3.891E-03  3.761E-03  3.499E-03  3.437E-03  3.231E-03  3.196E-03  3.021E-03
  2.884E-03  2.683E-03  2.625E-03  2.584E-03  2.477E-03  2.333E-03  2.319E-03  2.231E-03  2.142E-03  2.015E-03
  1.925E-03  1.967E-03  1.889E-03  1.782E-03  1.736E-03  1.677E-03  1.699E-03  1.616E-03  1.569E-03  1.549E-03
  1.539E-03  1.424E-03  1.368E-03  1.428E-03  1.299E-03  1.296E-03  1.210E-03  1.215E-03  1.169E-03  1.133E-03
  1.189E-03  1.128E-03  1.099E-03  1.051E-03  1.039E-03  1.027E-03  1.003E-03  9.519E-04  9.281E-04  9.538E-04
  9.591E-04  9.607E-04  9.681E-04  8.837E-04  8.750E-04  8.633E-04  8.309E-04  8.123E-04  7.478E-04  7.768E-04
  7.419E-04  6.953E-04  6.627E-04  7.152E-04  6.643E-04  6.984E-04  6.494E-04  7.048E-04  6.490E-04  6.764E-04
  5.739E-04  5.853E-04  5.459E-04  5.523E-04  6.222E-04  5.971E-04  5.544E-04  5.102E-04  4.910E-04  4.722E-04
  5.185E-04  4.731E-04  4.284E-04  4.486E-04  4.420E-04  4.021E-04  4.444E-04  4.449E-04  4.021E-04  3.894E-04
  4.016E-04  3.892E-04  3.495E-04  3.877E-04  4.020E-04  3.824E-04  3.624E-04  3.076E-04  3.038E-04  3.244E-04
  3.409E-04  3.080E-04  3.085E-04  3.177E-04  3.073E-04  2.777E-04  2.950E-04  2.890E-04  2.883E-04  2.648E-04
  2.435E-04  2.269E-04  1.167E-04  0.000E+00  0.000E+00  0.000E+00  0.000E+00  0.000E+00  0.000E+00  0.000E+00
  0.000E+00  0.000E+00  0.000E+00  0.000E+00  0.000E+00  0.000E+00  0.000E+00  0.000E+00  0.000E+00  0.000E+00
  0.000E+00  0.000E+00  0.000E+00  0.000E+00  0.000E+00

#------------------------------------------------------------------------------
z: xorg(1.03)
p: xfac[c2*0.05] form[c1/0.05] notc noxt noyt dmin(1)
p: ymin(0) ymax(1) xmin(0) xmax(1) cmin(1) cmax(100) nosp
hc: y= 0.005 to 0.995 by 0.01 ; x= 0.5 to 0.5 by 1 ;
 1  2  3  4  5  6  7  8  9 10 11 12 13 14 15 16 17 18 19 20
21 22 23 24 25 26 27 28 29 30 31 32 33 34 35 36 37 38 39 40
41 42 43 44 45 46 47 48 49 50 51 52 53 54 55 56 57 58 59 60
61 62 63 64 65 66 67 68 69 70 71 72 73 74 75 76 77 78 79 80
81 82 83 84 85 86 87 88 89 90 91 92 93 94 95 96 97 98 99 100
z: xorg(0.0)
p: xfac[c2*0.05] form[c1/0.05] nosp afac[c5*0.625] ymin[c3] ymax[c4]
p: noxt noxn ytxt(-1) ynum(-1) xltd(-1) xstd(-1) itic(1) ylog
y: Dose [Gy/source]      
#------------------------------------------------------------------------------

wt: s(0.7)
\vspace{-3}
  part. &=& electron
e:

#------------------------------------------------------------------------------
z: xorg[-1.03/0.05]
p: form[c1] xfac[c2] afac[c5] nosp notf
p: xmin( -15.00000    ) xmax(  35.00000    )
p: ymin(  0.000000    ) ymax(  3.000000    )

#------------------------------------------------------------------------------
 newpage:
#   no. =  3   part. = photon  

'no. =  3'
msuc: {\huge [t-deposit] in r-z mesh}
msdr: {\it plotted by \ANGEL \version}
msdl: {\it calculated by \PHITS  3.24}

x: z [cm]
y: r [cm]
set: c1[ 0.060] c2[ 3.674] c5[ 0.800] c6[ 0.374] c7[ 0.000] c8[ 6.267]
p: h2fs form[c1] xfac[c2] afac[c5] scal[c6] xorg[c7] yorg[c8] nosp
set: c3[   7.022167E-11] c4[   2.361316E-02]
p: cmin[c3] cmax[c4]
p: dmin(1e-31)
p: zlog
p: xmin( -15.00000    ) xmax(  35.00000    )
p: ymin(  0.000000    ) ymax(  3.000000    )
#  nr =   1   nz = 225
# ( ( data(z,r), z = 1, nz ), r = nr, 1, -1 )

hc:  y =   1.500000     to   1.500000     by   3.000000     ; x =  -14.88889     to   34.88889     by  0.2222222     ;
  0.000E+00  0.000E+00  0.000E+00  0.000E+00  0.000E+00  0.000E+00  0.000E+00  0.000E+00  0.000E+00  0.000E+00
  0.000E+00  0.000E+00  0.000E+00  0.000E+00  0.000E+00  0.000E+00  0.000E+00  0.000E+00  0.000E+00  0.000E+00
  0.000E+00  0.000E+00  0.000E+00  0.000E+00  0.000E+00  0.000E+00  0.000E+00  0.000E+00  0.000E+00  0.000E+00
  0.000E+00  0.000E+00  0.000E+00  0.000E+00  0.000E+00  0.000E+00  0.000E+00  0.000E+00  0.000E+00  0.000E+00
  0.000E+00  0.000E+00  0.000E+00  0.000E+00  0.000E+00  0.000E+00  0.000E+00  0.000E+00  0.000E+00  0.000E+00
  0.000E+00  0.000E+00  0.000E+00  0.000E+00  0.000E+00  0.000E+00  0.000E+00  0.000E+00  0.000E+00  0.000E+00
  0.000E+00  0.000E+00  0.000E+00  0.000E+00  0.000E+00  0.000E+00  0.000E+00  2.084E-09  3.491E-09  0.000E+00
  1.960E-10  2.211E-09  6.098E-09  0.000E+00  3.435E-09  1.715E-09  5.661E-09  1.756E-09  1.692E-09  1.743E-09
  3.194E-09  2.647E-09  1.894E-10  4.816E-09  4.667E-10  3.126E-09  1.220E-09  9.379E-10  3.149E-09  1.530E-09
  2.535E-09  2.770E-09  3.074E-09  1.886E-09  2.924E-09  0.000E+00  1.575E-09  2.653E-09  2.515E-09  5.996E-10
  1.959E-09  1.326E-09  2.521E-10  3.211E-09  2.640E-09  0.000E+00  3.973E-09  1.220E-09  3.979E-09  4.046E-09
  1.942E-10  1.326E-09  3.665E-09  1.326E-09  5.031E-09  0.000E+00  1.369E-09  2.501E-09  0.000E+00  6.400E-10
  1.326E-09  3.354E-10  0.000E+00  1.405E-09  2.214E-10  0.000E+00  1.326E-09  2.902E-09  2.459E-09  2.036E-10
  2.405E-09  0.000E+00  0.000E+00  1.621E-09  2.948E-09  0.000E+00  3.057E-09  3.167E-10  1.176E-09  7.815E-10
  1.066E-09  0.000E+00  1.326E-09  2.449E-09  1.326E-09  1.915E-10  0.000E+00  1.326E-09  0.000E+00  9.977E-10
  2.182E-10  8.447E-10  0.000E+00  2.653E-09  0.000E+00  1.324E-09  1.326E-09  9.734E-10  1.754E-09  0.000E+00
  1.326E-09  2.410E-09  1.326E-09  0.000E+00  5.395E-10  0.000E+00  3.501E-10  2.653E-09  4.620E-10  0.000E+00
  0.000E+00  0.000E+00  0.000E+00  1.326E-09  9.505E-10  5.201E-10  1.326E-09  1.326E-09  0.000E+00  0.000E+00
  0.000E+00  0.000E+00  0.000E+00  0.000E+00  0.000E+00  0.000E+00  7.086E-10  1.326E-09  0.000E+00  1.100E-09
  1.326E-09  3.604E-10  1.326E-09  0.000E+00  0.000E+00  6.931E-10  0.000E+00  0.000E+00  0.000E+00  1.326E-09
  1.326E-09  0.000E+00  3.681E-10  0.000E+00  0.000E+00  0.000E+00  0.000E+00  0.000E+00  0.000E+00  0.000E+00
  0.000E+00  0.000E+00  0.000E+00  0.000E+00  0.000E+00  0.000E+00  0.000E+00  0.000E+00  0.000E+00  0.000E+00
  0.000E+00  0.000E+00  0.000E+00  0.000E+00  0.000E+00

#------------------------------------------------------------------------------
z: xorg(1.03)
p: xfac[c2*0.05] form[c1/0.05] notc noxt noyt dmin(1)
p: ymin(0) ymax(1) xmin(0) xmax(1) cmin(1) cmax(100) nosp
hc: y= 0.005 to 0.995 by 0.01 ; x= 0.5 to 0.5 by 1 ;
 1  2  3  4  5  6  7  8  9 10 11 12 13 14 15 16 17 18 19 20
21 22 23 24 25 26 27 28 29 30 31 32 33 34 35 36 37 38 39 40
41 42 43 44 45 46 47 48 49 50 51 52 53 54 55 56 57 58 59 60
61 62 63 64 65 66 67 68 69 70 71 72 73 74 75 76 77 78 79 80
81 82 83 84 85 86 87 88 89 90 91 92 93 94 95 96 97 98 99 100
z: xorg(0.0)
p: xfac[c2*0.05] form[c1/0.05] nosp afac[c5*0.625] ymin[c3] ymax[c4]
p: noxt noxn ytxt(-1) ynum(-1) xltd(-1) xstd(-1) itic(1) ylog
y: Dose [Gy/source]      
#------------------------------------------------------------------------------

wt: s(0.7)
\vspace{-3}
  part. &=& photon  
e:

#------------------------------------------------------------------------------
z: xorg[-1.03/0.05]
p: form[c1] xfac[c2] afac[c5] nosp notf
p: xmin( -15.00000    ) xmax(  35.00000    )
p: ymin(  0.000000    ) ymax(  3.000000    )

#------------------------------------------------------------------------------
 newpage:
#   no. =  4   part. = neutron 

'no. =  4'
msuc: {\huge [t-deposit] in r-z mesh}
msdr: {\it plotted by \ANGEL \version}
msdl: {\it calculated by \PHITS  3.24}

x: z [cm]
y: r [cm]
set: c1[ 0.060] c2[ 3.674] c5[ 0.800] c6[ 0.374] c7[ 0.000] c8[ 6.267]
p: h2fs form[c1] xfac[c2] afac[c5] scal[c6] xorg[c7] yorg[c8] nosp
set: c3[   7.022167E-11] c4[   2.361316E-02]
p: cmin[c3] cmax[c4]
p: dmin(1e-31)
p: zlog
p: xmin( -15.00000    ) xmax(  35.00000    )
p: ymin(  0.000000    ) ymax(  3.000000    )
#  nr =   1   nz = 225
# ( ( data(z,r), z = 1, nz ), r = nr, 1, -1 )

hc:  y =   1.500000     to   1.500000     by   3.000000     ; x =  -14.88889     to   34.88889     by  0.2222222     ;
  2.084E-03  2.111E-03  2.136E-03  2.162E-03  2.191E-03  2.218E-03  2.248E-03  2.276E-03  2.307E-03  2.339E-03
  2.370E-03  2.389E-03  2.416E-03  2.444E-03  2.485E-03  2.519E-03  2.545E-03  2.577E-03  4.833E-03  4.625E-03
  4.558E-03  4.551E-03  4.553E-03  4.591E-03  4.607E-03  4.631E-03  4.675E-03  4.740E-03  4.813E-03  4.890E-03
  4.965E-03  5.047E-03  5.151E-03  5.246E-03  5.345E-03  5.442E-03  5.541E-03  5.647E-03  5.769E-03  5.879E-03
  5.983E-03  6.100E-03  6.231E-03  6.367E-03  6.500E-03  6.648E-03  6.808E-03  6.997E-03  7.155E-03  7.354E-03
  7.551E-03  7.754E-03  7.981E-03  8.210E-03  8.463E-03  8.714E-03  8.983E-03  9.292E-03  9.588E-03  9.898E-03
  1.023E-02  1.056E-02  1.091E-02  1.126E-02  1.164E-02  1.201E-02  1.240E-02  1.045E-02  6.641E-03  4.935E-03
  3.743E-03  2.910E-03  2.354E-03  1.913E-03  1.545E-03  1.278E-03  1.064E-03  8.800E-04  7.374E-04  6.449E-04
  5.651E-04  5.041E-04  4.234E-04  3.747E-04  3.354E-04  2.886E-04  2.428E-04  2.134E-04  1.877E-04  1.725E-04
  1.538E-04  1.383E-04  1.272E-04  1.252E-04  1.100E-04  9.532E-05  8.561E-05  7.095E-05  5.852E-05  5.352E-05
  4.312E-05  3.848E-05  3.977E-05  3.768E-05  3.782E-05  3.120E-05  2.590E-05  2.610E-05  2.448E-05  2.287E-05
  2.313E-05  2.324E-05  2.128E-05  1.948E-05  1.566E-05  1.638E-05  1.527E-05  1.469E-05  1.541E-05  1.021E-05
  9.882E-06  1.009E-05  9.857E-06  7.299E-06  6.983E-06  6.965E-06  8.543E-06  8.755E-06  9.451E-06  8.319E-06
  7.328E-06  7.096E-06  7.563E-06  6.004E-06  8.016E-06  4.458E-06  4.058E-06  3.288E-06  2.866E-06  2.588E-06
  2.585E-06  2.581E-06  2.581E-06  2.476E-06  2.651E-06  2.717E-06  1.675E-06  1.223E-06  1.224E-06  1.224E-06
  1.224E-06  1.014E-06  9.953E-07  9.050E-07  3.040E-07  9.534E-08  1.136E-07  1.934E-09  7.022E-11  2.127E-10
  0.000E+00  0.000E+00  0.000E+00  0.000E+00  0.000E+00  0.000E+00  0.000E+00  0.000E+00  0.000E+00  0.000E+00
  0.000E+00  0.000E+00  0.000E+00  0.000E+00  0.000E+00  0.000E+00  0.000E+00  0.000E+00  0.000E+00  0.000E+00
  0.000E+00  0.000E+00  0.000E+00  0.000E+00  0.000E+00  0.000E+00  0.000E+00  0.000E+00  0.000E+00  0.000E+00
  0.000E+00  0.000E+00  0.000E+00  0.000E+00  0.000E+00  0.000E+00  0.000E+00  0.000E+00  0.000E+00  0.000E+00
  0.000E+00  0.000E+00  0.000E+00  0.000E+00  0.000E+00  0.000E+00  0.000E+00  0.000E+00  0.000E+00  0.000E+00
  0.000E+00  0.000E+00  0.000E+00  0.000E+00  0.000E+00  0.000E+00  0.000E+00  0.000E+00  0.000E+00  0.000E+00
  0.000E+00  0.000E+00  0.000E+00  0.000E+00  0.000E+00

#------------------------------------------------------------------------------
z: xorg(1.03)
p: xfac[c2*0.05] form[c1/0.05] notc noxt noyt dmin(1)
p: ymin(0) ymax(1) xmin(0) xmax(1) cmin(1) cmax(100) nosp
hc: y= 0.005 to 0.995 by 0.01 ; x= 0.5 to 0.5 by 1 ;
 1  2  3  4  5  6  7  8  9 10 11 12 13 14 15 16 17 18 19 20
21 22 23 24 25 26 27 28 29 30 31 32 33 34 35 36 37 38 39 40
41 42 43 44 45 46 47 48 49 50 51 52 53 54 55 56 57 58 59 60
61 62 63 64 65 66 67 68 69 70 71 72 73 74 75 76 77 78 79 80
81 82 83 84 85 86 87 88 89 90 91 92 93 94 95 96 97 98 99 100
z: xorg(0.0)
p: xfac[c2*0.05] form[c1/0.05] nosp afac[c5*0.625] ymin[c3] ymax[c4]
p: noxt noxn ytxt(-1) ynum(-1) xltd(-1) xstd(-1) itic(1) ylog
y: Dose [Gy/source]      
#------------------------------------------------------------------------------

wt: s(0.7)
\vspace{-3}
  part. &=& neutron 
e:

#------------------------------------------------------------------------------
z: xorg[-1.03/0.05]
p: form[c1] xfac[c2] afac[c5] nosp notf
p: xmin( -15.00000    ) xmax(  35.00000    )
p: ymin(  0.000000    ) ymax(  3.000000    )

#------------------------------------------------------------------------------
 newpage:
#   no. =  5   part. = alpha   

'no. =  5'
msuc: {\huge [t-deposit] in r-z mesh}
msdr: {\it plotted by \ANGEL \version}
msdl: {\it calculated by \PHITS  3.24}

x: z [cm]
y: r [cm]
set: c1[ 0.060] c2[ 3.674] c5[ 0.800] c6[ 0.374] c7[ 0.000] c8[ 6.267]
p: h2fs form[c1] xfac[c2] afac[c5] scal[c6] xorg[c7] yorg[c8] nosp
set: c3[   7.022167E-11] c4[   2.361316E-02]
p: cmin[c3] cmax[c4]
p: dmin(1e-31)
p: zlog
p: xmin( -15.00000    ) xmax(  35.00000    )
p: ymin(  0.000000    ) ymax(  3.000000    )
#  nr =   1   nz = 225
# ( ( data(z,r), z = 1, nz ), r = nr, 1, -1 )

hc:  y =   1.500000     to   1.500000     by   3.000000     ; x =  -14.88889     to   34.88889     by  0.2222222     ;
  0.000E+00  0.000E+00  0.000E+00  0.000E+00  0.000E+00  0.000E+00  0.000E+00  0.000E+00  0.000E+00  0.000E+00
  0.000E+00  0.000E+00  0.000E+00  0.000E+00  0.000E+00  0.000E+00  0.000E+00  0.000E+00  0.000E+00  0.000E+00
  0.000E+00  0.000E+00  0.000E+00  0.000E+00  0.000E+00  0.000E+00  0.000E+00  0.000E+00  0.000E+00  0.000E+00
  0.000E+00  0.000E+00  0.000E+00  0.000E+00  0.000E+00  0.000E+00  0.000E+00  0.000E+00  0.000E+00  0.000E+00
  0.000E+00  0.000E+00  0.000E+00  0.000E+00  0.000E+00  0.000E+00  0.000E+00  0.000E+00  0.000E+00  0.000E+00
  0.000E+00  0.000E+00  0.000E+00  0.000E+00  0.000E+00  0.000E+00  0.000E+00  0.000E+00  0.000E+00  0.000E+00
  0.000E+00  0.000E+00  0.000E+00  0.000E+00  0.000E+00  0.000E+00  0.000E+00  0.000E+00  0.000E+00  0.000E+00
  0.000E+00  0.000E+00  0.000E+00  0.000E+00  0.000E+00  0.000E+00  0.000E+00  0.000E+00  0.000E+00  0.000E+00
  0.000E+00  0.000E+00  0.000E+00  0.000E+00  0.000E+00  0.000E+00  0.000E+00  0.000E+00  0.000E+00  0.000E+00
  0.000E+00  0.000E+00  0.000E+00  0.000E+00  0.000E+00  0.000E+00  0.000E+00  0.000E+00  0.000E+00  0.000E+00
  0.000E+00  0.000E+00  0.000E+00  0.000E+00  0.000E+00  0.000E+00  0.000E+00  0.000E+00  0.000E+00  0.000E+00
  0.000E+00  0.000E+00  0.000E+00  0.000E+00  0.000E+00  0.000E+00  0.000E+00  0.000E+00  0.000E+00  0.000E+00
  0.000E+00  0.000E+00  0.000E+00  0.000E+00  0.000E+00  0.000E+00  0.000E+00  0.000E+00  0.000E+00  0.000E+00
  0.000E+00  0.000E+00  0.000E+00  0.000E+00  0.000E+00  0.000E+00  0.000E+00  0.000E+00  0.000E+00  0.000E+00
  0.000E+00  0.000E+00  0.000E+00  0.000E+00  0.000E+00  0.000E+00  0.000E+00  0.000E+00  0.000E+00  0.000E+00
  0.000E+00  0.000E+00  0.000E+00  0.000E+00  0.000E+00  0.000E+00  0.000E+00  0.000E+00  0.000E+00  0.000E+00
  0.000E+00  0.000E+00  0.000E+00  0.000E+00  0.000E+00  0.000E+00  0.000E+00  0.000E+00  0.000E+00  0.000E+00
  0.000E+00  0.000E+00  0.000E+00  0.000E+00  0.000E+00  0.000E+00  0.000E+00  0.000E+00  0.000E+00  0.000E+00
  0.000E+00  0.000E+00  0.000E+00  0.000E+00  0.000E+00  0.000E+00  0.000E+00  0.000E+00  0.000E+00  0.000E+00
  0.000E+00  0.000E+00  0.000E+00  0.000E+00  0.000E+00  0.000E+00  0.000E+00  0.000E+00  0.000E+00  0.000E+00
  0.000E+00  0.000E+00  0.000E+00  0.000E+00  0.000E+00  0.000E+00  0.000E+00  0.000E+00  0.000E+00  0.000E+00
  0.000E+00  0.000E+00  0.000E+00  0.000E+00  0.000E+00  0.000E+00  0.000E+00  0.000E+00  0.000E+00  0.000E+00
  0.000E+00  0.000E+00  0.000E+00  0.000E+00  0.000E+00

#------------------------------------------------------------------------------
z: xorg(1.03)
p: xfac[c2*0.05] form[c1/0.05] notc noxt noyt dmin(1)
p: ymin(0) ymax(1) xmin(0) xmax(1) cmin(1) cmax(100) nosp
hc: y= 0.005 to 0.995 by 0.01 ; x= 0.5 to 0.5 by 1 ;
 1  2  3  4  5  6  7  8  9 10 11 12 13 14 15 16 17 18 19 20
21 22 23 24 25 26 27 28 29 30 31 32 33 34 35 36 37 38 39 40
41 42 43 44 45 46 47 48 49 50 51 52 53 54 55 56 57 58 59 60
61 62 63 64 65 66 67 68 69 70 71 72 73 74 75 76 77 78 79 80
81 82 83 84 85 86 87 88 89 90 91 92 93 94 95 96 97 98 99 100
z: xorg(0.0)
p: xfac[c2*0.05] form[c1/0.05] nosp afac[c5*0.625] ymin[c3] ymax[c4]
p: noxt noxn ytxt(-1) ynum(-1) xltd(-1) xstd(-1) itic(1) ylog
y: Dose [Gy/source]      
#------------------------------------------------------------------------------

wt: s(0.7)
\vspace{-3}
  part. &=& alpha   
e:

#------------------------------------------------------------------------------
z: xorg[-1.03/0.05]
p: form[c1] xfac[c2] afac[c5] nosp notf
p: xmin( -15.00000    ) xmax(  35.00000    )
p: ymin(  0.000000    ) ymax(  3.000000    )
 
# Information for Restart Calculation
# This calculation was newly started
# istdev =  2 # 1:Batch variance, 2:History variance
# resc2  = 1.00918122299596806E-05 # Total source weight or Total source weight / maxcas
# resc3  = 1.00000000000000000E+08 # Total history number or Total batch number
# maxcas =    10000000 # History / Batch, only used for istdev=1
# rijklst=  -2.2723022018578912E+152 # Next initial random number
# bitrseed = 1101111110010001010110101011011001110100110101001100011110000101
