[ T-Deposit ]
    title = [t-deposit] in r-z mesh
     mesh =  r-z            # mesh type is r-z scoring mesh
       x0 =   0.000000      # center x-position of r-z mesh
       y0 =   0.000000      # center y-position of r-z mesh
   r-type =    2            # r-mesh is linear given by rmin, rmax and nr
     rmin =   0.000000      # minimum value of r-mesh points
     rmax =   3.000000      # maximum value of r-mesh points
#    rdel =   3.000000      # mesh width of r-mesh points
       nr =      1          # number of r-mesh points
#    data = ( r(i), i = 1, nr + 1 )
#           0.00000E+00  3.00000E+00
   z-type =    2            # z-mesh is linear given by zmin, zmax and nz
     zmin =  -15.00000      # minimum value of z-mesh points
     zmax =   35.00000      # maximum value of z-mesh points
#    zdel =  0.2222222      # mesh width of z-mesh points
       nz =    225          # number of z-mesh points
#    data = ( z(i), i = 1, nz + 1 )
#          -1.50000E+01 -1.47778E+01 -1.45556E+01 -1.43333E+01 -1.41111E+01
#          -1.38889E+01 -1.36667E+01 -1.34444E+01 -1.32222E+01 -1.30000E+01
#          -1.27778E+01 -1.25556E+01 -1.23333E+01 -1.21111E+01 -1.18889E+01
#          -1.16667E+01 -1.14444E+01 -1.12222E+01 -1.10000E+01 -1.07778E+01
#          -1.05556E+01 -1.03333E+01 -1.01111E+01 -9.88889E+00 -9.66667E+00
#          -9.44444E+00 -9.22222E+00 -9.00000E+00 -8.77778E+00 -8.55556E+00
#          -8.33333E+00 -8.11111E+00 -7.88889E+00 -7.66667E+00 -7.44444E+00
#          -7.22222E+00 -7.00000E+00 -6.77778E+00 -6.55556E+00 -6.33333E+00
#          -6.11111E+00 -5.88889E+00 -5.66667E+00 -5.44444E+00 -5.22222E+00
#          -5.00000E+00 -4.77778E+00 -4.55556E+00 -4.33333E+00 -4.11111E+00
#          -3.88889E+00 -3.66667E+00 -3.44444E+00 -3.22222E+00 -3.00000E+00
#          -2.77778E+00 -2.55556E+00 -2.33333E+00 -2.11111E+00 -1.88889E+00
#          -1.66667E+00 -1.44444E+00 -1.22222E+00 -1.00000E+00 -7.77778E-01
#          -5.55556E-01 -3.33333E-01 -1.11111E-01  1.11111E-01  3.33333E-01
#           5.55556E-01  7.77778E-01  1.00000E+00  1.22222E+00  1.44444E+00
#           1.66667E+00  1.88889E+00  2.11111E+00  2.33333E+00  2.55556E+00
#           2.77778E+00  3.00000E+00  3.22222E+00  3.44444E+00  3.66667E+00
#           3.88889E+00  4.11111E+00  4.33333E+00  4.55556E+00  4.77778E+00
#           5.00000E+00  5.22222E+00  5.44444E+00  5.66667E+00  5.88889E+00
#           6.11111E+00  6.33333E+00  6.55556E+00  6.77778E+00  7.00000E+00
#           7.22222E+00  7.44444E+00  7.66667E+00  7.88889E+00  8.11111E+00
#           8.33333E+00  8.55556E+00  8.77778E+00  9.00000E+00  9.22222E+00
#           9.44444E+00  9.66667E+00  9.88889E+00  1.01111E+01  1.03333E+01
#           1.05556E+01  1.07778E+01  1.10000E+01  1.12222E+01  1.14444E+01
#           1.16667E+01  1.18889E+01  1.21111E+01  1.23333E+01  1.25556E+01
#           1.27778E+01  1.30000E+01  1.32222E+01  1.34444E+01  1.36667E+01
#           1.38889E+01  1.41111E+01  1.43333E+01  1.45556E+01  1.47778E+01
#           1.50000E+01  1.52222E+01  1.54444E+01  1.56667E+01  1.58889E+01
#           1.61111E+01  1.63333E+01  1.65556E+01  1.67778E+01  1.70000E+01
#           1.72222E+01  1.74444E+01  1.76667E+01  1.78889E+01  1.81111E+01
#           1.83333E+01  1.85556E+01  1.87778E+01  1.90000E+01  1.92222E+01
#           1.94444E+01  1.96667E+01  1.98889E+01  2.01111E+01  2.03333E+01
#           2.05556E+01  2.07778E+01  2.10000E+01  2.12222E+01  2.14444E+01
#           2.16667E+01  2.18889E+01  2.21111E+01  2.23333E+01  2.25556E+01
#           2.27778E+01  2.30000E+01  2.32222E+01  2.34444E+01  2.36667E+01
#           2.38889E+01  2.41111E+01  2.43333E+01  2.45556E+01  2.47778E+01
#           2.50000E+01  2.52222E+01  2.54444E+01  2.56667E+01  2.58889E+01
#           2.61111E+01  2.63333E+01  2.65556E+01  2.67778E+01  2.70000E+01
#           2.72222E+01  2.74444E+01  2.76667E+01  2.78889E+01  2.81111E+01
#           2.83333E+01  2.85556E+01  2.87778E+01  2.90000E+01  2.92222E+01
#           2.94444E+01  2.96667E+01  2.98889E+01  3.01111E+01  3.03333E+01
#           3.05556E+01  3.07778E+01  3.10000E+01  3.12222E+01  3.14444E+01
#           3.16667E+01  3.18889E+01  3.21111E+01  3.23333E+01  3.25556E+01
#           3.27778E+01  3.30000E+01  3.32222E+01  3.34444E+01  3.36667E+01
#           3.38889E+01  3.41111E+01  3.43333E+01  3.45556E+01  3.47778E+01
#           3.50000E+01
     unit =    0            # unit is [Gy/source]
   letmat =    0            # (D=0) mat ID for LET, 0:real mat, <0: electron for H2O
  dedxfnc =    0            # (D=0) user defined multiplier, 0(no), 1, 2
 material =  all            # (D=all) number of specific material
   output =  dose           # total deposit energy
  deposit =    0            # (D=0) 0-> total deposit dist, 1-> each process
  2D-type =    3            # 1:Cont, 2:Clust, 3:Color, 4:xyz, 5:mat, 6:Clust+Cont, 7:Col+Cont
     axis =    rz           # axis of output
     file = deposit_r_all.out  # file name of output for the above axis
     part =  all        electron   photon     neutron  
# kf/name :  0          11         22         2112     
    gshow =    1            # 0: no 1:bnd, 2:bnd+mat, 3:bnd+reg 4:bnd+lat 5:bmp style
    resol =    1            # (D=1) resolution of gshow or rshow
    width = 0.5000000       # (D=0.5) width of lines for gshow or rshow
   epsout =    1            # (D=0) generate eps file by ANGEL
#    used :        main (  %)        temp (  %)       total (  %)
#  memory :         231 (  0)           0 (  0)         231 (  0)

#------------------------------------------------------------------------------
#newpage:
#   no. =  1   part. = all     

'no. =  1'
msuc: {\huge [t-deposit] in r-z mesh}
msdr: {\it plotted by \ANGEL \version}
msdl: {\it calculated by \PHITS  3.24}

x: z [cm]
y: r [cm]
set: c1[ 0.060] c2[ 3.674] c5[ 0.800] c6[ 0.374] c7[ 0.000] c8[ 6.267]
p: h2fs form[c1] xfac[c2] afac[c5] scal[c6] xorg[c7] yorg[c8] nosp
set: c3[   1.946754E-10] c4[   1.734257E-02]
p: cmin[c3] cmax[c4]
p: dmin(1e-31)
p: zlog
p: xmin( -15.00000    ) xmax(  35.00000    )
p: ymin(  0.000000    ) ymax(  3.000000    )
#  nr =   1   nz = 225
# ( ( data(z,r), z = 1, nz ), r = nr, 1, -1 )

hc:  y =   1.500000     to   1.500000     by   3.000000     ; x =  -14.88889     to   34.88889     by  0.2222222     ;
  2.783E-03  2.887E-03  2.929E-03  3.037E-03  3.128E-03  3.115E-03  3.125E-03  3.306E-03  3.274E-03  3.380E-03
  3.384E-03  3.508E-03  3.487E-03  3.560E-03  3.632E-03  3.757E-03  3.765E-03  3.886E-03  6.200E-03  6.159E-03
  6.121E-03  6.167E-03  6.023E-03  6.065E-03  6.175E-03  6.354E-03  6.430E-03  6.661E-03  6.649E-03  6.845E-03
  6.900E-03  6.971E-03  7.315E-03  7.406E-03  7.487E-03  7.506E-03  7.717E-03  7.619E-03  7.809E-03  7.996E-03
  8.339E-03  8.571E-03  8.778E-03  8.980E-03  9.156E-03  9.488E-03  9.983E-03  1.016E-02  1.021E-02  1.038E-02
  1.081E-02  1.103E-02  1.146E-02  1.196E-02  1.221E-02  1.263E-02  1.316E-02  1.352E-02  1.368E-02  1.424E-02
  1.455E-02  1.528E-02  1.577E-02  1.619E-02  1.640E-02  1.695E-02  1.734E-02  1.234E-02  7.815E-03  8.431E-03
  8.666E-03  9.116E-03  9.447E-03  9.525E-03  9.705E-03  9.618E-03  9.733E-03  9.690E-03  9.533E-03  9.638E-03
  9.563E-03  9.447E-03  9.191E-03  8.780E-03  8.682E-03  8.391E-03  8.381E-03  8.199E-03  8.021E-03  7.698E-03
  7.509E-03  7.128E-03  6.965E-03  6.813E-03  6.380E-03  6.340E-03  6.152E-03  5.752E-03  5.593E-03  5.335E-03
  5.340E-03  5.058E-03  5.005E-03  4.707E-03  4.511E-03  4.333E-03  4.302E-03  4.061E-03  3.849E-03  3.791E-03
  3.523E-03  3.350E-03  3.238E-03  3.202E-03  3.209E-03  3.037E-03  2.872E-03  2.804E-03  2.695E-03  2.672E-03
  2.584E-03  2.453E-03  2.347E-03  2.341E-03  2.186E-03  2.160E-03  2.058E-03  2.046E-03  1.923E-03  1.969E-03
  1.835E-03  1.800E-03  1.751E-03  1.734E-03  1.727E-03  1.647E-03  1.519E-03  1.502E-03  1.472E-03  1.450E-03
  1.363E-03  1.310E-03  1.333E-03  1.296E-03  1.229E-03  1.247E-03  1.271E-03  1.157E-03  1.095E-03  1.093E-03
  1.089E-03  9.898E-04  9.541E-04  1.009E-03  9.715E-04  9.310E-04  9.555E-04  8.793E-04  9.208E-04  8.975E-04
  8.870E-04  7.929E-04  7.952E-04  7.784E-04  7.373E-04  7.676E-04  7.771E-04  7.686E-04  7.075E-04  7.568E-04
  6.878E-04  6.964E-04  7.104E-04  6.363E-04  6.686E-04  6.629E-04  6.436E-04  6.144E-04  5.721E-04  6.375E-04
  6.012E-04  6.262E-04  6.325E-04  5.985E-04  5.572E-04  5.190E-04  4.719E-04  5.032E-04  4.877E-04  4.686E-04
  4.762E-04  4.667E-04  4.541E-04  4.467E-04  3.958E-04  4.427E-04  4.010E-04  4.141E-04  4.110E-04  3.941E-04
  3.899E-04  3.495E-04  1.860E-04  0.000E+00  0.000E+00  0.000E+00  0.000E+00  0.000E+00  0.000E+00  0.000E+00
  0.000E+00  0.000E+00  0.000E+00  0.000E+00  0.000E+00  0.000E+00  0.000E+00  0.000E+00  0.000E+00  0.000E+00
  0.000E+00  0.000E+00  0.000E+00  0.000E+00  0.000E+00

#------------------------------------------------------------------------------
z: xorg(1.03)
p: xfac[c2*0.05] form[c1/0.05] notc noxt noyt dmin(1)
p: ymin(0) ymax(1) xmin(0) xmax(1) cmin(1) cmax(100) nosp
hc: y= 0.005 to 0.995 by 0.01 ; x= 0.5 to 0.5 by 1 ;
 1  2  3  4  5  6  7  8  9 10 11 12 13 14 15 16 17 18 19 20
21 22 23 24 25 26 27 28 29 30 31 32 33 34 35 36 37 38 39 40
41 42 43 44 45 46 47 48 49 50 51 52 53 54 55 56 57 58 59 60
61 62 63 64 65 66 67 68 69 70 71 72 73 74 75 76 77 78 79 80
81 82 83 84 85 86 87 88 89 90 91 92 93 94 95 96 97 98 99 100
z: xorg(0.0)
p: xfac[c2*0.05] form[c1/0.05] nosp afac[c5*0.625] ymin[c3] ymax[c4]
p: noxt noxn ytxt(-1) ynum(-1) xltd(-1) xstd(-1) itic(1) ylog
y: Dose [Gy/source]      
#------------------------------------------------------------------------------

wt: s(0.7)
\vspace{-3}
  part. &=& all     
e:

#------------------------------------------------------------------------------
z: xorg[-1.03/0.05]
p: form[c1] xfac[c2] afac[c5] nosp notf
p: xmin( -15.00000    ) xmax(  35.00000    )
p: ymin(  0.000000    ) ymax(  3.000000    )

#------------------------------------------------------------------------------
 newpage:
#   no. =  2   part. = electron

'no. =  2'
msuc: {\huge [t-deposit] in r-z mesh}
msdr: {\it plotted by \ANGEL \version}
msdl: {\it calculated by \PHITS  3.24}

x: z [cm]
y: r [cm]
set: c1[ 0.060] c2[ 3.674] c5[ 0.800] c6[ 0.374] c7[ 0.000] c8[ 6.267]
p: h2fs form[c1] xfac[c2] afac[c5] scal[c6] xorg[c7] yorg[c8] nosp
set: c3[   1.946754E-10] c4[   1.734257E-02]
p: cmin[c3] cmax[c4]
p: dmin(1e-31)
p: zlog
p: xmin( -15.00000    ) xmax(  35.00000    )
p: ymin(  0.000000    ) ymax(  3.000000    )
#  nr =   1   nz = 225
# ( ( data(z,r), z = 1, nz ), r = nr, 1, -1 )

hc:  y =   1.500000     to   1.500000     by   3.000000     ; x =  -14.88889     to   34.88889     by  0.2222222     ;
  5.679E-04  6.369E-04  6.429E-04  7.187E-04  7.756E-04  7.254E-04  6.936E-04  8.357E-04  7.629E-04  8.272E-04
  7.896E-04  8.807E-04  8.219E-04  8.545E-04  8.732E-04  9.440E-04  9.046E-04  9.692E-04  1.004E-03  1.146E-03
  1.152E-03  1.198E-03  1.029E-03  1.006E-03  1.052E-03  1.172E-03  1.185E-03  1.362E-03  1.291E-03  1.401E-03
  1.368E-03  1.342E-03  1.568E-03  1.559E-03  1.515E-03  1.411E-03  1.507E-03  1.273E-03  1.310E-03  1.356E-03
  1.556E-03  1.609E-03  1.620E-03  1.660E-03  1.634E-03  1.773E-03  2.044E-03  1.993E-03  1.831E-03  1.773E-03
  1.947E-03  1.926E-03  2.086E-03  2.302E-03  2.248E-03  2.372E-03  2.559E-03  2.581E-03  2.399E-03  2.596E-03
  2.526E-03  2.877E-03  2.990E-03  3.010E-03  2.828E-03  3.009E-03  2.997E-03  4.082E-03  6.017E-03  6.728E-03
  7.077E-03  7.621E-03  8.031E-03  8.206E-03  8.456E-03  8.452E-03  8.630E-03  8.645E-03  8.555E-03  8.713E-03
  8.695E-03  8.616E-03  8.403E-03  8.047E-03  7.985E-03  7.727E-03  7.756E-03  7.611E-03  7.468E-03  7.165E-03
  6.996E-03  6.637E-03  6.489E-03  6.368E-03  5.968E-03  5.950E-03  5.766E-03  5.378E-03  5.237E-03  5.002E-03
  5.022E-03  4.758E-03  4.720E-03  4.434E-03  4.250E-03  4.085E-03  4.068E-03  3.836E-03  3.641E-03  3.594E-03
  3.322E-03  3.164E-03  3.062E-03  3.030E-03  3.030E-03  2.875E-03  2.721E-03  2.657E-03  2.551E-03  2.537E-03
  2.454E-03  2.332E-03  2.235E-03  2.232E-03  2.085E-03  2.056E-03  1.957E-03  1.940E-03  1.827E-03  1.878E-03
  1.748E-03  1.716E-03  1.667E-03  1.653E-03  1.643E-03  1.568E-03  1.449E-03  1.434E-03  1.409E-03  1.391E-03
  1.301E-03  1.254E-03  1.281E-03  1.246E-03  1.173E-03  1.195E-03  1.222E-03  1.109E-03  1.052E-03  1.050E-03
  1.047E-03  9.488E-04  9.168E-04  9.725E-04  9.356E-04  8.942E-04  9.218E-04  8.489E-04  8.917E-04  8.682E-04
  8.558E-04  7.638E-04  7.652E-04  7.531E-04  7.144E-04  7.448E-04  7.525E-04  7.468E-04  6.863E-04  7.314E-04
  6.664E-04  6.779E-04  6.931E-04  6.186E-04  6.507E-04  6.440E-04  6.223E-04  5.968E-04  5.542E-04  6.193E-04
  5.862E-04  6.134E-04  6.195E-04  5.854E-04  5.429E-04  5.043E-04  4.585E-04  4.933E-04  4.754E-04  4.597E-04
  4.678E-04  4.582E-04  4.454E-04  4.372E-04  3.868E-04  4.334E-04  3.915E-04  4.049E-04  4.012E-04  3.838E-04
  3.822E-04  3.413E-04  1.827E-04  0.000E+00  0.000E+00  0.000E+00  0.000E+00  0.000E+00  0.000E+00  0.000E+00
  0.000E+00  0.000E+00  0.000E+00  0.000E+00  0.000E+00  0.000E+00  0.000E+00  0.000E+00  0.000E+00  0.000E+00
  0.000E+00  0.000E+00  0.000E+00  0.000E+00  0.000E+00

#------------------------------------------------------------------------------
z: xorg(1.03)
p: xfac[c2*0.05] form[c1/0.05] notc noxt noyt dmin(1)
p: ymin(0) ymax(1) xmin(0) xmax(1) cmin(1) cmax(100) nosp
hc: y= 0.005 to 0.995 by 0.01 ; x= 0.5 to 0.5 by 1 ;
 1  2  3  4  5  6  7  8  9 10 11 12 13 14 15 16 17 18 19 20
21 22 23 24 25 26 27 28 29 30 31 32 33 34 35 36 37 38 39 40
41 42 43 44 45 46 47 48 49 50 51 52 53 54 55 56 57 58 59 60
61 62 63 64 65 66 67 68 69 70 71 72 73 74 75 76 77 78 79 80
81 82 83 84 85 86 87 88 89 90 91 92 93 94 95 96 97 98 99 100
z: xorg(0.0)
p: xfac[c2*0.05] form[c1/0.05] nosp afac[c5*0.625] ymin[c3] ymax[c4]
p: noxt noxn ytxt(-1) ynum(-1) xltd(-1) xstd(-1) itic(1) ylog
y: Dose [Gy/source]      
#------------------------------------------------------------------------------

wt: s(0.7)
\vspace{-3}
  part. &=& electron
e:

#------------------------------------------------------------------------------
z: xorg[-1.03/0.05]
p: form[c1] xfac[c2] afac[c5] nosp notf
p: xmin( -15.00000    ) xmax(  35.00000    )
p: ymin(  0.000000    ) ymax(  3.000000    )

#------------------------------------------------------------------------------
 newpage:
#   no. =  3   part. = photon  

'no. =  3'
msuc: {\huge [t-deposit] in r-z mesh}
msdr: {\it plotted by \ANGEL \version}
msdl: {\it calculated by \PHITS  3.24}

x: z [cm]
y: r [cm]
set: c1[ 0.060] c2[ 3.674] c5[ 0.800] c6[ 0.374] c7[ 0.000] c8[ 6.267]
p: h2fs form[c1] xfac[c2] afac[c5] scal[c6] xorg[c7] yorg[c8] nosp
set: c3[   1.946754E-10] c4[   1.734257E-02]
p: cmin[c3] cmax[c4]
p: dmin(1e-31)
p: zlog
p: xmin( -15.00000    ) xmax(  35.00000    )
p: ymin(  0.000000    ) ymax(  3.000000    )
#  nr =   1   nz = 225
# ( ( data(z,r), z = 1, nz ), r = nr, 1, -1 )

hc:  y =   1.500000     to   1.500000     by   3.000000     ; x =  -14.88889     to   34.88889     by  0.2222222     ;
  0.000E+00  0.000E+00  0.000E+00  0.000E+00  0.000E+00  0.000E+00  0.000E+00  0.000E+00  0.000E+00  0.000E+00
  0.000E+00  0.000E+00  0.000E+00  0.000E+00  0.000E+00  0.000E+00  0.000E+00  0.000E+00  0.000E+00  0.000E+00
  0.000E+00  0.000E+00  0.000E+00  0.000E+00  0.000E+00  0.000E+00  0.000E+00  0.000E+00  0.000E+00  0.000E+00
  0.000E+00  0.000E+00  0.000E+00  0.000E+00  0.000E+00  0.000E+00  0.000E+00  0.000E+00  0.000E+00  0.000E+00
  0.000E+00  0.000E+00  0.000E+00  0.000E+00  0.000E+00  0.000E+00  0.000E+00  0.000E+00  0.000E+00  0.000E+00
  0.000E+00  0.000E+00  0.000E+00  0.000E+00  0.000E+00  0.000E+00  0.000E+00  0.000E+00  0.000E+00  0.000E+00
  0.000E+00  0.000E+00  0.000E+00  0.000E+00  0.000E+00  0.000E+00  0.000E+00  0.000E+00  6.203E-10  6.619E-10
  2.707E-09  3.765E-09  3.558E-09  3.692E-09  3.186E-09  8.970E-10  2.523E-09  1.389E-09  2.316E-09  2.804E-09
  1.682E-09  1.073E-09  0.000E+00  2.833E-09  3.663E-09  1.909E-09  1.507E-09  3.973E-09  3.517E-09  5.406E-09
  1.584E-09  3.685E-09  2.941E-09  4.959E-09  1.630E-09  0.000E+00  1.947E-10  1.889E-09  1.507E-09  3.960E-09
  1.666E-09  6.492E-09  2.747E-09  1.441E-09  2.688E-09  1.509E-09  6.893E-10  5.867E-10  1.326E-09  1.326E-09
  0.000E+00  3.451E-10  2.653E-09  2.036E-09  2.077E-09  3.064E-09  7.992E-10  0.000E+00  3.127E-09  1.625E-09
  6.082E-10  9.098E-10  3.745E-09  1.384E-09  3.943E-10  2.653E-09  5.299E-10  4.125E-10  6.504E-10  3.152E-09
  1.320E-09  2.653E-09  2.975E-09  1.909E-09  3.650E-10  0.000E+00  5.203E-10  2.996E-09  1.252E-09  5.559E-10
  4.037E-09  1.293E-09  1.192E-09  2.393E-09  0.000E+00  2.041E-09  8.973E-10  1.326E-09  1.824E-09  3.098E-09
  1.716E-09  1.783E-09  0.000E+00  1.326E-09  1.888E-09  1.722E-09  0.000E+00  0.000E+00  1.326E-09  1.548E-09
  1.657E-09  0.000E+00  9.290E-10  0.000E+00  2.653E-09  2.130E-09  0.000E+00  0.000E+00  1.978E-10  0.000E+00
  1.326E-09  0.000E+00  1.326E-09  0.000E+00  5.074E-10  5.344E-10  0.000E+00  2.653E-09  3.670E-10  0.000E+00
  0.000E+00  5.582E-10  0.000E+00  0.000E+00  0.000E+00  1.021E-09  0.000E+00  0.000E+00  0.000E+00  1.989E-10
  0.000E+00  6.022E-10  0.000E+00  0.000E+00  0.000E+00  0.000E+00  0.000E+00  0.000E+00  0.000E+00  0.000E+00
  0.000E+00  0.000E+00  0.000E+00  0.000E+00  0.000E+00  0.000E+00  0.000E+00  0.000E+00  0.000E+00  0.000E+00
  0.000E+00  0.000E+00  0.000E+00  0.000E+00  0.000E+00  0.000E+00  0.000E+00  0.000E+00  0.000E+00  0.000E+00
  0.000E+00  0.000E+00  0.000E+00  0.000E+00  0.000E+00

#------------------------------------------------------------------------------
z: xorg(1.03)
p: xfac[c2*0.05] form[c1/0.05] notc noxt noyt dmin(1)
p: ymin(0) ymax(1) xmin(0) xmax(1) cmin(1) cmax(100) nosp
hc: y= 0.005 to 0.995 by 0.01 ; x= 0.5 to 0.5 by 1 ;
 1  2  3  4  5  6  7  8  9 10 11 12 13 14 15 16 17 18 19 20
21 22 23 24 25 26 27 28 29 30 31 32 33 34 35 36 37 38 39 40
41 42 43 44 45 46 47 48 49 50 51 52 53 54 55 56 57 58 59 60
61 62 63 64 65 66 67 68 69 70 71 72 73 74 75 76 77 78 79 80
81 82 83 84 85 86 87 88 89 90 91 92 93 94 95 96 97 98 99 100
z: xorg(0.0)
p: xfac[c2*0.05] form[c1/0.05] nosp afac[c5*0.625] ymin[c3] ymax[c4]
p: noxt noxn ytxt(-1) ynum(-1) xltd(-1) xstd(-1) itic(1) ylog
y: Dose [Gy/source]      
#------------------------------------------------------------------------------

wt: s(0.7)
\vspace{-3}
  part. &=& photon  
e:

#------------------------------------------------------------------------------
z: xorg[-1.03/0.05]
p: form[c1] xfac[c2] afac[c5] nosp notf
p: xmin( -15.00000    ) xmax(  35.00000    )
p: ymin(  0.000000    ) ymax(  3.000000    )

#------------------------------------------------------------------------------
 newpage:
#   no. =  4   part. = neutron 

'no. =  4'
msuc: {\huge [t-deposit] in r-z mesh}
msdr: {\it plotted by \ANGEL \version}
msdl: {\it calculated by \PHITS  3.24}

x: z [cm]
y: r [cm]
set: c1[ 0.060] c2[ 3.674] c5[ 0.800] c6[ 0.374] c7[ 0.000] c8[ 6.267]
p: h2fs form[c1] xfac[c2] afac[c5] scal[c6] xorg[c7] yorg[c8] nosp
set: c3[   1.946754E-10] c4[   1.734257E-02]
p: cmin[c3] cmax[c4]
p: dmin(1e-31)
p: zlog
p: xmin( -15.00000    ) xmax(  35.00000    )
p: ymin(  0.000000    ) ymax(  3.000000    )
#  nr =   1   nz = 225
# ( ( data(z,r), z = 1, nz ), r = nr, 1, -1 )

hc:  y =   1.500000     to   1.500000     by   3.000000     ; x =  -14.88889     to   34.88889     by  0.2222222     ;
  2.211E-03  2.246E-03  2.282E-03  2.314E-03  2.348E-03  2.384E-03  2.425E-03  2.464E-03  2.504E-03  2.546E-03
  2.588E-03  2.622E-03  2.660E-03  2.702E-03  2.755E-03  2.810E-03  2.857E-03  2.912E-03  5.192E-03  5.008E-03
  4.962E-03  4.961E-03  4.988E-03  5.048E-03  5.110E-03  5.175E-03  5.241E-03  5.296E-03  5.355E-03  5.441E-03
  5.529E-03  5.626E-03  5.738E-03  5.840E-03  5.965E-03  6.087E-03  6.202E-03  6.337E-03  6.492E-03  6.636E-03
  6.779E-03  6.953E-03  7.137E-03  7.312E-03  7.511E-03  7.705E-03  7.930E-03  8.153E-03  8.369E-03  8.601E-03
  8.849E-03  9.089E-03  9.366E-03  9.652E-03  9.949E-03  1.025E-02  1.059E-02  1.092E-02  1.127E-02  1.164E-02
  1.202E-02  1.240E-02  1.277E-02  1.317E-02  1.356E-02  1.393E-02  1.433E-02  8.236E-03  1.766E-03  1.671E-03
  1.564E-03  1.467E-03  1.375E-03  1.286E-03  1.212E-03  1.128E-03  1.054E-03  1.001E-03  9.429E-04  8.840E-04
  8.393E-04  7.969E-04  7.499E-04  7.079E-04  6.678E-04  6.282E-04  5.907E-04  5.576E-04  5.294E-04  5.085E-04
  4.833E-04  4.670E-04  4.495E-04  4.239E-04  3.979E-04  3.707E-04  3.556E-04  3.480E-04  3.293E-04  3.158E-04
  2.957E-04  2.770E-04  2.692E-04  2.562E-04  2.432E-04  2.329E-04  2.201E-04  2.102E-04  1.953E-04  1.851E-04
  1.824E-04  1.702E-04  1.626E-04  1.617E-04  1.657E-04  1.506E-04  1.360E-04  1.335E-04  1.279E-04  1.218E-04
  1.204E-04  1.124E-04  1.083E-04  1.032E-04  9.788E-05  9.553E-05  9.379E-05  9.938E-05  9.102E-05  8.453E-05
  8.090E-05  7.972E-05  8.075E-05  7.697E-05  7.641E-05  7.182E-05  6.640E-05  6.294E-05  6.130E-05  5.733E-05
  5.585E-05  5.384E-05  5.020E-05  4.767E-05  4.837E-05  4.694E-05  4.443E-05  4.220E-05  3.889E-05  3.883E-05
  3.820E-05  3.759E-05  3.515E-05  3.437E-05  3.206E-05  3.274E-05  2.976E-05  2.840E-05  2.773E-05  2.856E-05
  2.770E-05  2.655E-05  2.377E-05  2.328E-05  2.128E-05  2.070E-05  2.132E-05  1.979E-05  1.978E-05  2.369E-05
  2.023E-05  1.799E-05  1.660E-05  1.692E-05  1.640E-05  1.695E-05  1.702E-05  1.552E-05  1.405E-05  1.369E-05
  1.396E-05  1.217E-05  1.189E-05  1.272E-05  1.316E-05  1.197E-05  1.110E-05  9.744E-06  9.066E-06  8.520E-06
  8.326E-06  8.155E-06  8.302E-06  8.819E-06  8.938E-06  8.015E-06  7.925E-06  7.975E-06  8.159E-06  8.263E-06
  7.610E-06  7.002E-06  3.330E-06  0.000E+00  0.000E+00  0.000E+00  0.000E+00  0.000E+00  0.000E+00  0.000E+00
  0.000E+00  0.000E+00  0.000E+00  0.000E+00  0.000E+00  0.000E+00  0.000E+00  0.000E+00  0.000E+00  0.000E+00
  0.000E+00  0.000E+00  0.000E+00  0.000E+00  0.000E+00

#------------------------------------------------------------------------------
z: xorg(1.03)
p: xfac[c2*0.05] form[c1/0.05] notc noxt noyt dmin(1)
p: ymin(0) ymax(1) xmin(0) xmax(1) cmin(1) cmax(100) nosp
hc: y= 0.005 to 0.995 by 0.01 ; x= 0.5 to 0.5 by 1 ;
 1  2  3  4  5  6  7  8  9 10 11 12 13 14 15 16 17 18 19 20
21 22 23 24 25 26 27 28 29 30 31 32 33 34 35 36 37 38 39 40
41 42 43 44 45 46 47 48 49 50 51 52 53 54 55 56 57 58 59 60
61 62 63 64 65 66 67 68 69 70 71 72 73 74 75 76 77 78 79 80
81 82 83 84 85 86 87 88 89 90 91 92 93 94 95 96 97 98 99 100
z: xorg(0.0)
p: xfac[c2*0.05] form[c1/0.05] nosp afac[c5*0.625] ymin[c3] ymax[c4]
p: noxt noxn ytxt(-1) ynum(-1) xltd(-1) xstd(-1) itic(1) ylog
y: Dose [Gy/source]      
#------------------------------------------------------------------------------

wt: s(0.7)
\vspace{-3}
  part. &=& neutron 
e:

#------------------------------------------------------------------------------
z: xorg[-1.03/0.05]
p: form[c1] xfac[c2] afac[c5] nosp notf
p: xmin( -15.00000    ) xmax(  35.00000    )
p: ymin(  0.000000    ) ymax(  3.000000    )
 
# Information for Restart Calculation
# This calculation was newly started
# istdev =  2 # 1:Batch variance, 2:History variance
# resc2  = 1.00918122299596806E-05 # Total source weight or Total source weight / maxcas
# resc3  = 1.00000000000000000E+08 # Total history number or Total batch number
# maxcas =    10000000 # History / Batch, only used for istdev=1
# rijklst=  -2.2723022018578912E+152 # Next initial random number
# bitrseed = 1101111110010001010110101011011001110100110101001100011110000101
