[ T-Deposit ]
    title = [t-deposit] in r-z mesh
     mesh =  r-z            # mesh type is r-z scoring mesh
       x0 =   0.000000      # center x-position of r-z mesh
       y0 =   0.000000      # center y-position of r-z mesh
   r-type =    2            # r-mesh is linear given by rmin, rmax and nr
     rmin =   0.000000      # minimum value of r-mesh points
     rmax =   3.000000      # maximum value of r-mesh points
#    rdel =   3.000000      # mesh width of r-mesh points
       nr =      1          # number of r-mesh points
#    data = ( r(i), i = 1, nr + 1 )
#           0.00000E+00  3.00000E+00
   z-type =    2            # z-mesh is linear given by zmin, zmax and nz
     zmin =  -15.00000      # minimum value of z-mesh points
     zmax =   35.00000      # maximum value of z-mesh points
#    zdel =  0.2222222      # mesh width of z-mesh points
       nz =    225          # number of z-mesh points
#    data = ( z(i), i = 1, nz + 1 )
#          -1.50000E+01 -1.47778E+01 -1.45556E+01 -1.43333E+01 -1.41111E+01
#          -1.38889E+01 -1.36667E+01 -1.34444E+01 -1.32222E+01 -1.30000E+01
#          -1.27778E+01 -1.25556E+01 -1.23333E+01 -1.21111E+01 -1.18889E+01
#          -1.16667E+01 -1.14444E+01 -1.12222E+01 -1.10000E+01 -1.07778E+01
#          -1.05556E+01 -1.03333E+01 -1.01111E+01 -9.88889E+00 -9.66667E+00
#          -9.44444E+00 -9.22222E+00 -9.00000E+00 -8.77778E+00 -8.55556E+00
#          -8.33333E+00 -8.11111E+00 -7.88889E+00 -7.66667E+00 -7.44444E+00
#          -7.22222E+00 -7.00000E+00 -6.77778E+00 -6.55556E+00 -6.33333E+00
#          -6.11111E+00 -5.88889E+00 -5.66667E+00 -5.44444E+00 -5.22222E+00
#          -5.00000E+00 -4.77778E+00 -4.55556E+00 -4.33333E+00 -4.11111E+00
#          -3.88889E+00 -3.66667E+00 -3.44444E+00 -3.22222E+00 -3.00000E+00
#          -2.77778E+00 -2.55556E+00 -2.33333E+00 -2.11111E+00 -1.88889E+00
#          -1.66667E+00 -1.44444E+00 -1.22222E+00 -1.00000E+00 -7.77778E-01
#          -5.55556E-01 -3.33333E-01 -1.11111E-01  1.11111E-01  3.33333E-01
#           5.55556E-01  7.77778E-01  1.00000E+00  1.22222E+00  1.44444E+00
#           1.66667E+00  1.88889E+00  2.11111E+00  2.33333E+00  2.55556E+00
#           2.77778E+00  3.00000E+00  3.22222E+00  3.44444E+00  3.66667E+00
#           3.88889E+00  4.11111E+00  4.33333E+00  4.55556E+00  4.77778E+00
#           5.00000E+00  5.22222E+00  5.44444E+00  5.66667E+00  5.88889E+00
#           6.11111E+00  6.33333E+00  6.55556E+00  6.77778E+00  7.00000E+00
#           7.22222E+00  7.44444E+00  7.66667E+00  7.88889E+00  8.11111E+00
#           8.33333E+00  8.55556E+00  8.77778E+00  9.00000E+00  9.22222E+00
#           9.44444E+00  9.66667E+00  9.88889E+00  1.01111E+01  1.03333E+01
#           1.05556E+01  1.07778E+01  1.10000E+01  1.12222E+01  1.14444E+01
#           1.16667E+01  1.18889E+01  1.21111E+01  1.23333E+01  1.25556E+01
#           1.27778E+01  1.30000E+01  1.32222E+01  1.34444E+01  1.36667E+01
#           1.38889E+01  1.41111E+01  1.43333E+01  1.45556E+01  1.47778E+01
#           1.50000E+01  1.52222E+01  1.54444E+01  1.56667E+01  1.58889E+01
#           1.61111E+01  1.63333E+01  1.65556E+01  1.67778E+01  1.70000E+01
#           1.72222E+01  1.74444E+01  1.76667E+01  1.78889E+01  1.81111E+01
#           1.83333E+01  1.85556E+01  1.87778E+01  1.90000E+01  1.92222E+01
#           1.94444E+01  1.96667E+01  1.98889E+01  2.01111E+01  2.03333E+01
#           2.05556E+01  2.07778E+01  2.10000E+01  2.12222E+01  2.14444E+01
#           2.16667E+01  2.18889E+01  2.21111E+01  2.23333E+01  2.25556E+01
#           2.27778E+01  2.30000E+01  2.32222E+01  2.34444E+01  2.36667E+01
#           2.38889E+01  2.41111E+01  2.43333E+01  2.45556E+01  2.47778E+01
#           2.50000E+01  2.52222E+01  2.54444E+01  2.56667E+01  2.58889E+01
#           2.61111E+01  2.63333E+01  2.65556E+01  2.67778E+01  2.70000E+01
#           2.72222E+01  2.74444E+01  2.76667E+01  2.78889E+01  2.81111E+01
#           2.83333E+01  2.85556E+01  2.87778E+01  2.90000E+01  2.92222E+01
#           2.94444E+01  2.96667E+01  2.98889E+01  3.01111E+01  3.03333E+01
#           3.05556E+01  3.07778E+01  3.10000E+01  3.12222E+01  3.14444E+01
#           3.16667E+01  3.18889E+01  3.21111E+01  3.23333E+01  3.25556E+01
#           3.27778E+01  3.30000E+01  3.32222E+01  3.34444E+01  3.36667E+01
#           3.38889E+01  3.41111E+01  3.43333E+01  3.45556E+01  3.47778E+01
#           3.50000E+01
     unit =    0            # unit is [Gy/source]
   letmat =    0            # (D=0) mat ID for LET, 0:real mat, <0: electron for H2O
  dedxfnc =    0            # (D=0) user defined multiplier, 0(no), 1, 2
 material =  all            # (D=all) number of specific material
   output =  dose           # total deposit energy
  deposit =    0            # (D=0) 0-> total deposit dist, 1-> each process
  2D-type =    3            # 1:Cont, 2:Clust, 3:Color, 4:xyz, 5:mat, 6:Clust+Cont, 7:Col+Cont
     axis =    rz           # axis of output
     file = deposit_r_all.out  # file name of output for the above axis
     part =  all        electron   photon     neutron  
# kf/name :  0          11         22         2112     
    gshow =    1            # 0: no 1:bnd, 2:bnd+mat, 3:bnd+reg 4:bnd+lat 5:bmp style
    resol =    1            # (D=1) resolution of gshow or rshow
    width = 0.5000000       # (D=0.5) width of lines for gshow or rshow
   epsout =    1            # (D=0) generate eps file by ANGEL
#    used :        main (  %)        temp (  %)       total (  %)
#  memory :         231 (  0)           0 (  0)         231 (  0)

#------------------------------------------------------------------------------
#newpage:
#   no. =  1   part. = all     

'no. =  1'
msuc: {\huge [t-deposit] in r-z mesh}
msdr: {\it plotted by \ANGEL \version}
msdl: {\it calculated by \PHITS  3.24}

x: z [cm]
y: r [cm]
set: c1[ 0.060] c2[ 3.674] c5[ 0.800] c6[ 0.374] c7[ 0.000] c8[ 6.267]
p: h2fs form[c1] xfac[c2] afac[c5] scal[c6] xorg[c7] yorg[c8] nosp
set: c3[   5.730258E-10] c4[   7.871569E-03]
p: cmin[c3] cmax[c4]
p: dmin(1e-31)
p: zlog
p: xmin( -15.00000    ) xmax(  35.00000    )
p: ymin(  0.000000    ) ymax(  3.000000    )
#  nr =   1   nz = 225
# ( ( data(z,r), z = 1, nz ), r = nr, 1, -1 )

hc:  y =   1.500000     to   1.500000     by   3.000000     ; x =  -14.88889     to   34.88889     by  0.2222222     ;
  1.961E-03  1.759E-03  1.755E-03  1.753E-03  1.857E-03  2.021E-03  2.294E-03  2.363E-03  2.190E-03  2.324E-03
  2.054E-03  2.173E-03  1.956E-03  2.084E-03  2.179E-03  2.601E-03  2.322E-03  2.136E-03  5.127E-03  4.772E-03
  4.558E-03  4.501E-03  4.033E-03  4.488E-03  4.387E-03  5.112E-03  4.215E-03  4.343E-03  4.638E-03  5.324E-03
  5.452E-03  4.962E-03  4.917E-03  4.433E-03  4.952E-03  4.677E-03  4.548E-03  4.436E-03  4.346E-03  4.513E-03
  4.701E-03  4.581E-03  4.680E-03  4.866E-03  4.901E-03  4.536E-03  5.545E-03  4.774E-03  4.421E-03  4.994E-03
  4.971E-03  4.660E-03  4.992E-03  4.878E-03  6.043E-03  5.250E-03  5.302E-03  5.250E-03  5.778E-03  5.665E-03
  6.143E-03  6.289E-03  6.319E-03  6.241E-03  6.644E-03  7.281E-03  7.872E-03  5.650E-03  4.240E-03  4.293E-03
  3.936E-03  4.059E-03  3.998E-03  4.166E-03  4.223E-03  4.225E-03  4.232E-03  3.916E-03  3.749E-03  3.569E-03
  3.086E-03  3.352E-03  3.546E-03  3.524E-03  3.376E-03  3.327E-03  3.346E-03  3.606E-03  3.127E-03  2.671E-03
  2.534E-03  2.593E-03  2.404E-03  2.688E-03  2.387E-03  2.311E-03  2.308E-03  2.238E-03  1.836E-03  1.896E-03
  2.118E-03  1.843E-03  1.792E-03  1.711E-03  1.689E-03  1.626E-03  1.450E-03  1.503E-03  1.522E-03  1.448E-03
  1.428E-03  1.348E-03  1.136E-03  1.322E-03  1.263E-03  1.090E-03  1.143E-03  1.333E-03  1.203E-03  1.248E-03
  1.199E-03  1.126E-03  1.204E-03  1.275E-03  1.028E-03  7.855E-04  8.440E-04  9.342E-04  9.711E-04  7.708E-04
  8.546E-04  9.171E-04  9.399E-04  6.210E-04  6.778E-04  7.731E-04  9.407E-04  9.584E-04  8.356E-04  9.163E-04
  7.052E-04  7.332E-04  7.055E-04  7.020E-04  6.671E-04  7.916E-04  6.676E-04  5.425E-04  5.602E-04  6.090E-04
  5.367E-04  5.768E-04  5.567E-04  5.296E-04  4.313E-04  3.394E-04  3.466E-04  4.775E-04  4.811E-04  4.403E-04
  5.057E-04  4.774E-04  3.995E-04  4.344E-04  3.200E-04  4.452E-04  3.994E-04  4.416E-04  3.851E-04  4.561E-04
  3.841E-04  4.770E-04  4.524E-04  3.384E-04  3.337E-04  3.417E-04  3.780E-04  3.609E-04  2.727E-04  3.678E-04
  4.462E-04  4.708E-04  3.798E-04  3.617E-04  4.007E-04  3.068E-04  2.661E-04  3.226E-04  3.337E-04  4.781E-04
  3.364E-04  3.471E-04  2.959E-04  2.608E-04  2.445E-04  2.477E-04  1.613E-04  2.729E-04  2.543E-04  2.731E-04
  2.319E-04  3.120E-04  1.114E-04  0.000E+00  0.000E+00  0.000E+00  0.000E+00  0.000E+00  0.000E+00  0.000E+00
  0.000E+00  0.000E+00  0.000E+00  0.000E+00  0.000E+00  0.000E+00  0.000E+00  0.000E+00  0.000E+00  0.000E+00
  0.000E+00  0.000E+00  0.000E+00  0.000E+00  0.000E+00

#------------------------------------------------------------------------------
z: xorg(1.03)
p: xfac[c2*0.05] form[c1/0.05] notc noxt noyt dmin(1)
p: ymin(0) ymax(1) xmin(0) xmax(1) cmin(1) cmax(100) nosp
hc: y= 0.005 to 0.995 by 0.01 ; x= 0.5 to 0.5 by 1 ;
 1  2  3  4  5  6  7  8  9 10 11 12 13 14 15 16 17 18 19 20
21 22 23 24 25 26 27 28 29 30 31 32 33 34 35 36 37 38 39 40
41 42 43 44 45 46 47 48 49 50 51 52 53 54 55 56 57 58 59 60
61 62 63 64 65 66 67 68 69 70 71 72 73 74 75 76 77 78 79 80
81 82 83 84 85 86 87 88 89 90 91 92 93 94 95 96 97 98 99 100
z: xorg(0.0)
p: xfac[c2*0.05] form[c1/0.05] nosp afac[c5*0.625] ymin[c3] ymax[c4]
p: noxt noxn ytxt(-1) ynum(-1) xltd(-1) xstd(-1) itic(1) ylog
y: Dose [Gy/source]      
#------------------------------------------------------------------------------

wt: s(0.7)
\vspace{-3}
  part. &=& all     
e:

#------------------------------------------------------------------------------
z: xorg[-1.03/0.05]
p: form[c1] xfac[c2] afac[c5] nosp notf
p: xmin( -15.00000    ) xmax(  35.00000    )
p: ymin(  0.000000    ) ymax(  3.000000    )

#------------------------------------------------------------------------------
 newpage:
#   no. =  2   part. = electron

'no. =  2'
msuc: {\huge [t-deposit] in r-z mesh}
msdr: {\it plotted by \ANGEL \version}
msdl: {\it calculated by \PHITS  3.24}

x: z [cm]
y: r [cm]
set: c1[ 0.060] c2[ 3.674] c5[ 0.800] c6[ 0.374] c7[ 0.000] c8[ 6.267]
p: h2fs form[c1] xfac[c2] afac[c5] scal[c6] xorg[c7] yorg[c8] nosp
set: c3[   5.730258E-10] c4[   7.871569E-03]
p: cmin[c3] cmax[c4]
p: dmin(1e-31)
p: zlog
p: xmin( -15.00000    ) xmax(  35.00000    )
p: ymin(  0.000000    ) ymax(  3.000000    )
#  nr =   1   nz = 225
# ( ( data(z,r), z = 1, nz ), r = nr, 1, -1 )

hc:  y =   1.500000     to   1.500000     by   3.000000     ; x =  -14.88889     to   34.88889     by  0.2222222     ;
  4.287E-04  2.159E-04  2.010E-04  1.904E-04  2.757E-04  4.290E-04  7.029E-04  7.696E-04  5.808E-04  6.991E-04
  4.188E-04  5.397E-04  3.226E-04  4.562E-04  5.629E-04  9.874E-04  7.347E-04  5.365E-04  1.320E-03  1.241E-03
  1.090E-03  1.066E-03  6.554E-04  1.095E-03  1.033E-03  1.746E-03  8.497E-04  9.469E-04  1.168E-03  1.805E-03
  1.876E-03  1.415E-03  1.392E-03  9.201E-04  1.416E-03  1.127E-03  1.045E-03  9.789E-04  8.659E-04  1.015E-03
  1.228E-03  1.103E-03  1.249E-03  1.400E-03  1.461E-03  1.080E-03  2.070E-03  1.286E-03  9.377E-04  1.458E-03
  1.406E-03  1.037E-03  1.313E-03  1.127E-03  2.221E-03  1.386E-03  1.348E-03  1.202E-03  1.556E-03  1.325E-03
  1.638E-03  1.646E-03  1.525E-03  1.273E-03  1.481E-03  1.888E-03  2.141E-03  1.976E-03  2.859E-03  2.966E-03
  2.734E-03  2.899E-03  2.929E-03  3.190E-03  3.319E-03  3.372E-03  3.409E-03  3.167E-03  3.036E-03  2.899E-03
  2.528E-03  2.818E-03  3.047E-03  3.063E-03  2.949E-03  2.920E-03  2.976E-03  3.260E-03  2.793E-03  2.357E-03
  2.256E-03  2.337E-03  2.150E-03  2.457E-03  2.166E-03  2.115E-03  2.114E-03  2.055E-03  1.649E-03  1.719E-03
  1.933E-03  1.665E-03  1.634E-03  1.567E-03  1.528E-03  1.489E-03  1.315E-03  1.379E-03  1.423E-03  1.355E-03
  1.320E-03  1.257E-03  1.052E-03  1.241E-03  1.186E-03  1.009E-03  1.074E-03  1.270E-03  1.142E-03  1.199E-03
  1.142E-03  1.065E-03  1.152E-03  1.234E-03  9.860E-04  7.393E-04  8.060E-04  8.929E-04  9.241E-04  7.241E-04
  8.059E-04  8.678E-04  8.899E-04  5.770E-04  6.263E-04  7.238E-04  9.059E-04  9.198E-04  8.021E-04  8.827E-04
  6.701E-04  6.989E-04  6.744E-04  6.677E-04  6.284E-04  7.530E-04  6.306E-04  5.020E-04  5.134E-04  5.832E-04
  5.174E-04  5.600E-04  5.407E-04  5.138E-04  4.202E-04  3.312E-04  3.407E-04  4.716E-04  4.755E-04  4.312E-04
  4.916E-04  4.686E-04  3.890E-04  4.234E-04  3.083E-04  4.308E-04  3.886E-04  4.306E-04  3.772E-04  4.483E-04
  3.792E-04  4.693E-04  4.497E-04  3.377E-04  3.330E-04  3.410E-04  3.773E-04  3.603E-04  2.720E-04  3.671E-04
  4.456E-04  4.701E-04  3.791E-04  3.610E-04  4.000E-04  3.060E-04  2.646E-04  3.223E-04  3.337E-04  4.781E-04
  3.364E-04  3.471E-04  2.959E-04  2.608E-04  2.445E-04  2.475E-04  1.601E-04  2.716E-04  2.528E-04  2.687E-04
  2.262E-04  3.106E-04  1.107E-04  0.000E+00  0.000E+00  0.000E+00  0.000E+00  0.000E+00  0.000E+00  0.000E+00
  0.000E+00  0.000E+00  0.000E+00  0.000E+00  0.000E+00  0.000E+00  0.000E+00  0.000E+00  0.000E+00  0.000E+00
  0.000E+00  0.000E+00  0.000E+00  0.000E+00  0.000E+00

#------------------------------------------------------------------------------
z: xorg(1.03)
p: xfac[c2*0.05] form[c1/0.05] notc noxt noyt dmin(1)
p: ymin(0) ymax(1) xmin(0) xmax(1) cmin(1) cmax(100) nosp
hc: y= 0.005 to 0.995 by 0.01 ; x= 0.5 to 0.5 by 1 ;
 1  2  3  4  5  6  7  8  9 10 11 12 13 14 15 16 17 18 19 20
21 22 23 24 25 26 27 28 29 30 31 32 33 34 35 36 37 38 39 40
41 42 43 44 45 46 47 48 49 50 51 52 53 54 55 56 57 58 59 60
61 62 63 64 65 66 67 68 69 70 71 72 73 74 75 76 77 78 79 80
81 82 83 84 85 86 87 88 89 90 91 92 93 94 95 96 97 98 99 100
z: xorg(0.0)
p: xfac[c2*0.05] form[c1/0.05] nosp afac[c5*0.625] ymin[c3] ymax[c4]
p: noxt noxn ytxt(-1) ynum(-1) xltd(-1) xstd(-1) itic(1) ylog
y: Dose [Gy/source]      
#------------------------------------------------------------------------------

wt: s(0.7)
\vspace{-3}
  part. &=& electron
e:

#------------------------------------------------------------------------------
z: xorg[-1.03/0.05]
p: form[c1] xfac[c2] afac[c5] nosp notf
p: xmin( -15.00000    ) xmax(  35.00000    )
p: ymin(  0.000000    ) ymax(  3.000000    )

#------------------------------------------------------------------------------
 newpage:
#   no. =  3   part. = photon  

'no. =  3'
msuc: {\huge [t-deposit] in r-z mesh}
msdr: {\it plotted by \ANGEL \version}
msdl: {\it calculated by \PHITS  3.24}

x: z [cm]
y: r [cm]
set: c1[ 0.060] c2[ 3.674] c5[ 0.800] c6[ 0.374] c7[ 0.000] c8[ 6.267]
p: h2fs form[c1] xfac[c2] afac[c5] scal[c6] xorg[c7] yorg[c8] nosp
set: c3[   5.730258E-10] c4[   7.871569E-03]
p: cmin[c3] cmax[c4]
p: dmin(1e-31)
p: zlog
p: xmin( -15.00000    ) xmax(  35.00000    )
p: ymin(  0.000000    ) ymax(  3.000000    )
#  nr =   1   nz = 225
# ( ( data(z,r), z = 1, nz ), r = nr, 1, -1 )

hc:  y =   1.500000     to   1.500000     by   3.000000     ; x =  -14.88889     to   34.88889     by  0.2222222     ;
  0.000E+00  0.000E+00  0.000E+00  0.000E+00  0.000E+00  0.000E+00  0.000E+00  0.000E+00  0.000E+00  0.000E+00
  0.000E+00  0.000E+00  0.000E+00  0.000E+00  0.000E+00  0.000E+00  0.000E+00  0.000E+00  0.000E+00  0.000E+00
  0.000E+00  0.000E+00  0.000E+00  0.000E+00  0.000E+00  0.000E+00  0.000E+00  0.000E+00  0.000E+00  0.000E+00
  0.000E+00  0.000E+00  0.000E+00  0.000E+00  0.000E+00  0.000E+00  0.000E+00  0.000E+00  0.000E+00  0.000E+00
  0.000E+00  0.000E+00  0.000E+00  0.000E+00  0.000E+00  0.000E+00  0.000E+00  0.000E+00  0.000E+00  0.000E+00
  0.000E+00  0.000E+00  0.000E+00  0.000E+00  0.000E+00  0.000E+00  0.000E+00  0.000E+00  0.000E+00  0.000E+00
  0.000E+00  0.000E+00  0.000E+00  0.000E+00  0.000E+00  0.000E+00  0.000E+00  0.000E+00  0.000E+00  0.000E+00
  1.326E-08  1.242E-08  0.000E+00  0.000E+00  0.000E+00  0.000E+00  2.523E-08  0.000E+00  0.000E+00  0.000E+00
  0.000E+00  1.326E-08  7.793E-09  0.000E+00  0.000E+00  0.000E+00  0.000E+00  1.326E-08  0.000E+00  4.100E-09
  0.000E+00  0.000E+00  0.000E+00  0.000E+00  0.000E+00  0.000E+00  0.000E+00  0.000E+00  0.000E+00  0.000E+00
  0.000E+00  0.000E+00  0.000E+00  0.000E+00  2.182E-09  1.326E-08  0.000E+00  0.000E+00  0.000E+00  0.000E+00
  0.000E+00  0.000E+00  0.000E+00  0.000E+00  1.504E-08  0.000E+00  0.000E+00  0.000E+00  0.000E+00  0.000E+00
  0.000E+00  0.000E+00  0.000E+00  0.000E+00  0.000E+00  0.000E+00  0.000E+00  0.000E+00  0.000E+00  1.326E-08
  0.000E+00  0.000E+00  0.000E+00  0.000E+00  0.000E+00  0.000E+00  0.000E+00  0.000E+00  0.000E+00  0.000E+00
  0.000E+00  0.000E+00  0.000E+00  0.000E+00  0.000E+00  0.000E+00  0.000E+00  0.000E+00  0.000E+00  1.326E-08
  0.000E+00  0.000E+00  0.000E+00  0.000E+00  0.000E+00  1.326E-08  0.000E+00  0.000E+00  0.000E+00  0.000E+00
  2.252E-08  0.000E+00  0.000E+00  0.000E+00  2.653E-08  0.000E+00  0.000E+00  0.000E+00  0.000E+00  0.000E+00
  0.000E+00  0.000E+00  0.000E+00  0.000E+00  0.000E+00  0.000E+00  0.000E+00  0.000E+00  0.000E+00  0.000E+00
  0.000E+00  0.000E+00  0.000E+00  0.000E+00  0.000E+00  0.000E+00  0.000E+00  0.000E+00  0.000E+00  4.599E-09
  0.000E+00  0.000E+00  0.000E+00  0.000E+00  0.000E+00  0.000E+00  0.000E+00  0.000E+00  0.000E+00  0.000E+00
  0.000E+00  0.000E+00  0.000E+00  0.000E+00  0.000E+00  0.000E+00  0.000E+00  0.000E+00  0.000E+00  0.000E+00
  0.000E+00  0.000E+00  0.000E+00  0.000E+00  0.000E+00  0.000E+00  0.000E+00  0.000E+00  0.000E+00  0.000E+00
  0.000E+00  0.000E+00  0.000E+00  0.000E+00  0.000E+00

#------------------------------------------------------------------------------
z: xorg(1.03)
p: xfac[c2*0.05] form[c1/0.05] notc noxt noyt dmin(1)
p: ymin(0) ymax(1) xmin(0) xmax(1) cmin(1) cmax(100) nosp
hc: y= 0.005 to 0.995 by 0.01 ; x= 0.5 to 0.5 by 1 ;
 1  2  3  4  5  6  7  8  9 10 11 12 13 14 15 16 17 18 19 20
21 22 23 24 25 26 27 28 29 30 31 32 33 34 35 36 37 38 39 40
41 42 43 44 45 46 47 48 49 50 51 52 53 54 55 56 57 58 59 60
61 62 63 64 65 66 67 68 69 70 71 72 73 74 75 76 77 78 79 80
81 82 83 84 85 86 87 88 89 90 91 92 93 94 95 96 97 98 99 100
z: xorg(0.0)
p: xfac[c2*0.05] form[c1/0.05] nosp afac[c5*0.625] ymin[c3] ymax[c4]
p: noxt noxn ytxt(-1) ynum(-1) xltd(-1) xstd(-1) itic(1) ylog
y: Dose [Gy/source]      
#------------------------------------------------------------------------------

wt: s(0.7)
\vspace{-3}
  part. &=& photon  
e:

#------------------------------------------------------------------------------
z: xorg[-1.03/0.05]
p: form[c1] xfac[c2] afac[c5] nosp notf
p: xmin( -15.00000    ) xmax(  35.00000    )
p: ymin(  0.000000    ) ymax(  3.000000    )

#------------------------------------------------------------------------------
 newpage:
#   no. =  4   part. = neutron 

'no. =  4'
msuc: {\huge [t-deposit] in r-z mesh}
msdr: {\it plotted by \ANGEL \version}
msdl: {\it calculated by \PHITS  3.24}

x: z [cm]
y: r [cm]
set: c1[ 0.060] c2[ 3.674] c5[ 0.800] c6[ 0.374] c7[ 0.000] c8[ 6.267]
p: h2fs form[c1] xfac[c2] afac[c5] scal[c6] xorg[c7] yorg[c8] nosp
set: c3[   5.730258E-10] c4[   7.871569E-03]
p: cmin[c3] cmax[c4]
p: dmin(1e-31)
p: zlog
p: xmin( -15.00000    ) xmax(  35.00000    )
p: ymin(  0.000000    ) ymax(  3.000000    )
#  nr =   1   nz = 225
# ( ( data(z,r), z = 1, nz ), r = nr, 1, -1 )

hc:  y =   1.500000     to   1.500000     by   3.000000     ; x =  -14.88889     to   34.88889     by  0.2222222     ;
  1.532E-03  1.543E-03  1.554E-03  1.563E-03  1.582E-03  1.592E-03  1.591E-03  1.593E-03  1.609E-03  1.625E-03
  1.635E-03  1.633E-03  1.634E-03  1.627E-03  1.616E-03  1.613E-03  1.587E-03  1.600E-03  3.807E-03  3.532E-03
  3.468E-03  3.435E-03  3.377E-03  3.393E-03  3.354E-03  3.366E-03  3.366E-03  3.396E-03  3.469E-03  3.520E-03
  3.577E-03  3.546E-03  3.526E-03  3.513E-03  3.536E-03  3.551E-03  3.503E-03  3.457E-03  3.480E-03  3.498E-03
  3.473E-03  3.477E-03  3.431E-03  3.465E-03  3.440E-03  3.456E-03  3.475E-03  3.488E-03  3.478E-03  3.530E-03
  3.559E-03  3.616E-03  3.673E-03  3.745E-03  3.816E-03  3.858E-03  3.948E-03  4.042E-03  4.216E-03  4.333E-03
  4.499E-03  4.637E-03  4.788E-03  4.962E-03  5.156E-03  5.386E-03  5.724E-03  3.668E-03  1.373E-03  1.293E-03
  1.196E-03  1.156E-03  1.060E-03  9.632E-04  8.878E-04  8.111E-04  7.882E-04  7.142E-04  6.738E-04  6.194E-04
  5.530E-04  5.344E-04  4.902E-04  4.542E-04  4.183E-04  3.938E-04  3.604E-04  3.449E-04  3.289E-04  2.955E-04
  2.722E-04  2.461E-04  2.537E-04  2.195E-04  2.032E-04  1.866E-04  1.829E-04  1.748E-04  1.715E-04  1.684E-04
  1.656E-04  1.613E-04  1.509E-04  1.430E-04  1.400E-04  1.318E-04  1.258E-04  1.131E-04  9.885E-05  9.061E-05
  1.010E-04  9.160E-05  8.075E-05  8.174E-05  7.750E-05  7.814E-05  6.801E-05  6.110E-05  6.050E-05  4.917E-05
  5.584E-05  5.901E-05  5.168E-05  4.145E-05  4.190E-05  3.794E-05  3.801E-05  4.132E-05  4.321E-05  4.672E-05
  4.876E-05  4.584E-05  4.349E-05  4.403E-05  5.148E-05  4.930E-05  3.479E-05  3.855E-05  3.349E-05  3.339E-05
  3.505E-05  3.430E-05  3.104E-05  2.878E-05  2.992E-05  3.476E-05  2.869E-05  2.826E-05  2.385E-05  1.848E-05
  1.929E-05  1.681E-05  1.605E-05  1.585E-05  1.113E-05  8.134E-06  5.888E-06  5.842E-06  5.623E-06  9.090E-06
  1.408E-05  8.784E-06  1.041E-05  1.096E-05  1.096E-05  1.096E-05  1.075E-05  1.105E-05  7.917E-06  7.821E-06
  4.890E-06  7.652E-06  2.644E-06  6.882E-07  6.858E-07  6.861E-07  6.846E-07  6.838E-07  6.853E-07  6.835E-07
  6.826E-07  6.832E-07  6.838E-07  6.831E-07  6.826E-07  7.169E-07  1.519E-06  2.707E-07  1.230E-08  1.160E-08
  1.132E-08  1.001E-08  5.480E-09  3.509E-08  5.730E-10  1.791E-07  1.282E-06  1.282E-06  1.496E-06  4.319E-06
  5.700E-06  1.316E-06  6.581E-07  0.000E+00  0.000E+00  0.000E+00  0.000E+00  0.000E+00  0.000E+00  0.000E+00
  0.000E+00  0.000E+00  0.000E+00  0.000E+00  0.000E+00  0.000E+00  0.000E+00  0.000E+00  0.000E+00  0.000E+00
  0.000E+00  0.000E+00  0.000E+00  0.000E+00  0.000E+00

#------------------------------------------------------------------------------
z: xorg(1.03)
p: xfac[c2*0.05] form[c1/0.05] notc noxt noyt dmin(1)
p: ymin(0) ymax(1) xmin(0) xmax(1) cmin(1) cmax(100) nosp
hc: y= 0.005 to 0.995 by 0.01 ; x= 0.5 to 0.5 by 1 ;
 1  2  3  4  5  6  7  8  9 10 11 12 13 14 15 16 17 18 19 20
21 22 23 24 25 26 27 28 29 30 31 32 33 34 35 36 37 38 39 40
41 42 43 44 45 46 47 48 49 50 51 52 53 54 55 56 57 58 59 60
61 62 63 64 65 66 67 68 69 70 71 72 73 74 75 76 77 78 79 80
81 82 83 84 85 86 87 88 89 90 91 92 93 94 95 96 97 98 99 100
z: xorg(0.0)
p: xfac[c2*0.05] form[c1/0.05] nosp afac[c5*0.625] ymin[c3] ymax[c4]
p: noxt noxn ytxt(-1) ynum(-1) xltd(-1) xstd(-1) itic(1) ylog
y: Dose [Gy/source]      
#------------------------------------------------------------------------------

wt: s(0.7)
\vspace{-3}
  part. &=& neutron 
e:

#------------------------------------------------------------------------------
z: xorg[-1.03/0.05]
p: form[c1] xfac[c2] afac[c5] nosp notf
p: xmin( -15.00000    ) xmax(  35.00000    )
p: ymin(  0.000000    ) ymax(  3.000000    )
 
# Information for Restart Calculation
# This calculation was newly started
# istdev =  2 # 1:Batch variance, 2:History variance
# resc2  = 1.00918122271111685E-06 # Total source weight or Total source weight / maxcas
# resc3  = 1.00000000000000000E+07 # Total history number or Total batch number
# maxcas =     1000000 # History / Batch, only used for istdev=1
# rijklst=  -1.0909668918764960E-250 # Next initial random number
# bitrseed = 1000110000001000111111101100101001110101110010000011011101101000
