[ T-Deposit ]
    title = [t-deposit] in r-z mesh
     mesh =  r-z            # mesh type is r-z scoring mesh
       x0 =   0.000000      # center x-position of r-z mesh
       y0 =   0.000000      # center y-position of r-z mesh
   r-type =    2            # r-mesh is linear given by rmin, rmax and nr
     rmin =   0.000000      # minimum value of r-mesh points
     rmax =   3.000000      # maximum value of r-mesh points
#    rdel =   3.000000      # mesh width of r-mesh points
       nr =      1          # number of r-mesh points
#    data = ( r(i), i = 1, nr + 1 )
#           0.00000E+00  3.00000E+00
   z-type =    2            # z-mesh is linear given by zmin, zmax and nz
     zmin =  -15.00000      # minimum value of z-mesh points
     zmax =   35.00000      # maximum value of z-mesh points
#    zdel =  0.2222222      # mesh width of z-mesh points
       nz =    225          # number of z-mesh points
#    data = ( z(i), i = 1, nz + 1 )
#          -1.50000E+01 -1.47778E+01 -1.45556E+01 -1.43333E+01 -1.41111E+01
#          -1.38889E+01 -1.36667E+01 -1.34444E+01 -1.32222E+01 -1.30000E+01
#          -1.27778E+01 -1.25556E+01 -1.23333E+01 -1.21111E+01 -1.18889E+01
#          -1.16667E+01 -1.14444E+01 -1.12222E+01 -1.10000E+01 -1.07778E+01
#          -1.05556E+01 -1.03333E+01 -1.01111E+01 -9.88889E+00 -9.66667E+00
#          -9.44444E+00 -9.22222E+00 -9.00000E+00 -8.77778E+00 -8.55556E+00
#          -8.33333E+00 -8.11111E+00 -7.88889E+00 -7.66667E+00 -7.44444E+00
#          -7.22222E+00 -7.00000E+00 -6.77778E+00 -6.55556E+00 -6.33333E+00
#          -6.11111E+00 -5.88889E+00 -5.66667E+00 -5.44444E+00 -5.22222E+00
#          -5.00000E+00 -4.77778E+00 -4.55556E+00 -4.33333E+00 -4.11111E+00
#          -3.88889E+00 -3.66667E+00 -3.44444E+00 -3.22222E+00 -3.00000E+00
#          -2.77778E+00 -2.55556E+00 -2.33333E+00 -2.11111E+00 -1.88889E+00
#          -1.66667E+00 -1.44444E+00 -1.22222E+00 -1.00000E+00 -7.77778E-01
#          -5.55556E-01 -3.33333E-01 -1.11111E-01  1.11111E-01  3.33333E-01
#           5.55556E-01  7.77778E-01  1.00000E+00  1.22222E+00  1.44444E+00
#           1.66667E+00  1.88889E+00  2.11111E+00  2.33333E+00  2.55556E+00
#           2.77778E+00  3.00000E+00  3.22222E+00  3.44444E+00  3.66667E+00
#           3.88889E+00  4.11111E+00  4.33333E+00  4.55556E+00  4.77778E+00
#           5.00000E+00  5.22222E+00  5.44444E+00  5.66667E+00  5.88889E+00
#           6.11111E+00  6.33333E+00  6.55556E+00  6.77778E+00  7.00000E+00
#           7.22222E+00  7.44444E+00  7.66667E+00  7.88889E+00  8.11111E+00
#           8.33333E+00  8.55556E+00  8.77778E+00  9.00000E+00  9.22222E+00
#           9.44444E+00  9.66667E+00  9.88889E+00  1.01111E+01  1.03333E+01
#           1.05556E+01  1.07778E+01  1.10000E+01  1.12222E+01  1.14444E+01
#           1.16667E+01  1.18889E+01  1.21111E+01  1.23333E+01  1.25556E+01
#           1.27778E+01  1.30000E+01  1.32222E+01  1.34444E+01  1.36667E+01
#           1.38889E+01  1.41111E+01  1.43333E+01  1.45556E+01  1.47778E+01
#           1.50000E+01  1.52222E+01  1.54444E+01  1.56667E+01  1.58889E+01
#           1.61111E+01  1.63333E+01  1.65556E+01  1.67778E+01  1.70000E+01
#           1.72222E+01  1.74444E+01  1.76667E+01  1.78889E+01  1.81111E+01
#           1.83333E+01  1.85556E+01  1.87778E+01  1.90000E+01  1.92222E+01
#           1.94444E+01  1.96667E+01  1.98889E+01  2.01111E+01  2.03333E+01
#           2.05556E+01  2.07778E+01  2.10000E+01  2.12222E+01  2.14444E+01
#           2.16667E+01  2.18889E+01  2.21111E+01  2.23333E+01  2.25556E+01
#           2.27778E+01  2.30000E+01  2.32222E+01  2.34444E+01  2.36667E+01
#           2.38889E+01  2.41111E+01  2.43333E+01  2.45556E+01  2.47778E+01
#           2.50000E+01  2.52222E+01  2.54444E+01  2.56667E+01  2.58889E+01
#           2.61111E+01  2.63333E+01  2.65556E+01  2.67778E+01  2.70000E+01
#           2.72222E+01  2.74444E+01  2.76667E+01  2.78889E+01  2.81111E+01
#           2.83333E+01  2.85556E+01  2.87778E+01  2.90000E+01  2.92222E+01
#           2.94444E+01  2.96667E+01  2.98889E+01  3.01111E+01  3.03333E+01
#           3.05556E+01  3.07778E+01  3.10000E+01  3.12222E+01  3.14444E+01
#           3.16667E+01  3.18889E+01  3.21111E+01  3.23333E+01  3.25556E+01
#           3.27778E+01  3.30000E+01  3.32222E+01  3.34444E+01  3.36667E+01
#           3.38889E+01  3.41111E+01  3.43333E+01  3.45556E+01  3.47778E+01
#           3.50000E+01
     unit =    0            # unit is [Gy/source]
   letmat =    0            # (D=0) mat ID for LET, 0:real mat, <0: electron for H2O
  dedxfnc =    0            # (D=0) user defined multiplier, 0(no), 1, 2
 material =  all            # (D=all) number of specific material
   output =  dose           # total deposit energy
  deposit =    0            # (D=0) 0-> total deposit dist, 1-> each process
  2D-type =    3            # 1:Cont, 2:Clust, 3:Color, 4:xyz, 5:mat, 6:Clust+Cont, 7:Col+Cont
     axis =    rz           # axis of output
     file = deposit_r_all.out  # file name of output for the above axis
     part =  all        electron   photon     neutron  
# kf/name :  0          11         22         2112     
    gshow =    1            # 0: no 1:bnd, 2:bnd+mat, 3:bnd+reg 4:bnd+lat 5:bmp style
    resol =    1            # (D=1) resolution of gshow or rshow
    width = 0.5000000       # (D=0.5) width of lines for gshow or rshow
   epsout =    1            # (D=0) generate eps file by ANGEL
#    used :        main (  %)        temp (  %)       total (  %)
#  memory :         231 (  0)           0 (  0)         231 (  0)

#------------------------------------------------------------------------------
#newpage:
#   no. =  1   part. = all     

'no. =  1'
msuc: {\huge [t-deposit] in r-z mesh}
msdr: {\it plotted by \ANGEL \version}
msdl: {\it calculated by \PHITS  3.24}

x: z [cm]
y: r [cm]
set: c1[ 0.060] c2[ 3.674] c5[ 0.800] c6[ 0.374] c7[ 0.000] c8[ 6.267]
p: h2fs form[c1] xfac[c2] afac[c5] scal[c6] xorg[c7] yorg[c8] nosp
set: c3[1.0e-4] c4[1.0]
p: cmin[c3] cmax[c4]
p: dmin(1e-31)
p: zlog
p: xmin( -15.00000    ) xmax(  35.00000    )
p: ymin(  0.000000    ) ymax(  3.000000    )
#  nr =   1   nz = 225
# ( ( data(z,r), z = 1, nz ), r = nr, 1, -1 )

hc:  y =   1.500000     to   1.500000     by   3.000000     ; x =  -14.88889     to   34.88889     by  0.2222222     ;
  1.025E-01  4.252E-02  3.918E-02  3.745E-02  5.235E-02  6.939E-02  8.888E-02  1.431E-01  9.017E-02  1.399E-01
  6.051E-02  7.954E-02  5.151E-02  6.928E-02  8.178E-02  1.556E-01  1.203E-01  7.836E-02  1.092E-01  9.167E-02
  9.962E-02  7.968E-02  4.805E-02  9.568E-02  6.953E-02  1.298E-01  4.730E-02  5.620E-02  6.290E-02  8.769E-02
  7.512E-02  6.003E-02  7.304E-02  4.263E-02  6.777E-02  5.762E-02  4.916E-02  4.521E-02  4.107E-02  5.506E-02
  9.798E-02  6.559E-02  7.554E-02  7.227E-02  7.233E-02  5.115E-02  1.108E-01  8.158E-02  4.107E-02  7.304E-02
  6.197E-02  4.566E-02  5.795E-02  5.387E-02  1.175E-01  5.097E-02  4.769E-02  4.722E-02  5.869E-02  4.228E-02
  7.803E-02  6.236E-02  5.184E-02  3.913E-02  3.968E-02  5.470E-02  6.007E-02  4.345E-02  5.338E-02  5.369E-02
  5.310E-02  5.538E-02  5.457E-02  5.390E-02  5.374E-02  5.632E-02  5.436E-02  5.575E-02  5.974E-02  6.255E-02
  6.383E-02  6.098E-02  6.219E-02  6.236E-02  6.488E-02  6.339E-02  6.227E-02  6.268E-02  6.446E-02  6.666E-02
  6.927E-02  6.953E-02  6.935E-02  7.048E-02  7.077E-02  7.371E-02  7.408E-02  7.818E-02  7.992E-02  7.277E-02
  7.980E-02  7.966E-02  8.176E-02  8.357E-02  8.850E-02  9.053E-02  8.764E-02  8.429E-02  9.271E-02  9.619E-02
  9.319E-02  9.411E-02  1.000E-01  9.393E-02  9.655E-02  1.039E-01  1.020E-01  9.856E-02  1.049E-01  9.673E-02
  1.014E-01  9.978E-02  1.083E-01  1.079E-01  1.150E-01  1.213E-01  1.107E-01  1.196E-01  1.187E-01  1.178E-01
  1.166E-01  1.152E-01  1.146E-01  1.282E-01  1.317E-01  1.258E-01  1.217E-01  1.201E-01  1.237E-01  1.296E-01
  1.374E-01  1.269E-01  1.401E-01  1.307E-01  1.433E-01  1.367E-01  1.422E-01  1.536E-01  1.472E-01  1.495E-01
  1.468E-01  1.593E-01  1.501E-01  1.514E-01  1.826E-01  1.677E-01  1.670E-01  1.724E-01  1.621E-01  1.759E-01
  1.779E-01  1.786E-01  1.692E-01  1.764E-01  2.085E-01  1.704E-01  1.722E-01  1.753E-01  1.818E-01  1.939E-01
  1.926E-01  1.743E-01  1.799E-01  1.785E-01  2.084E-01  1.963E-01  1.831E-01  2.056E-01  2.113E-01  1.797E-01
  1.673E-01  1.899E-01  1.911E-01  1.930E-01  1.709E-01  2.096E-01  2.082E-01  2.128E-01  2.073E-01  1.880E-01
  2.356E-01  2.019E-01  2.052E-01  2.173E-01  2.459E-01  2.220E-01  2.435E-01  2.512E-01  2.273E-01  2.422E-01
  2.134E-01  2.116E-01  2.817E-01  0.000E+00  0.000E+00  0.000E+00  0.000E+00  0.000E+00  0.000E+00  0.000E+00
  0.000E+00  0.000E+00  0.000E+00  0.000E+00  0.000E+00  0.000E+00  0.000E+00  0.000E+00  0.000E+00  0.000E+00
  0.000E+00  0.000E+00  0.000E+00  0.000E+00  0.000E+00

#------------------------------------------------------------------------------
z: xorg(1.03)
p: xfac[c2*0.05] form[c1/0.05] notc noxt noyt dmin(1)
p: ymin(0) ymax(1) xmin(0) xmax(1) cmin(1) cmax(100) nosp
hc: y= 0.005 to 0.995 by 0.01 ; x= 0.5 to 0.5 by 1 ;
 1  2  3  4  5  6  7  8  9 10 11 12 13 14 15 16 17 18 19 20
21 22 23 24 25 26 27 28 29 30 31 32 33 34 35 36 37 38 39 40
41 42 43 44 45 46 47 48 49 50 51 52 53 54 55 56 57 58 59 60
61 62 63 64 65 66 67 68 69 70 71 72 73 74 75 76 77 78 79 80
81 82 83 84 85 86 87 88 89 90 91 92 93 94 95 96 97 98 99 100
z: xorg(0.0)
p: xfac[c2*0.05] form[c1/0.05] nosp afac[c5*0.625] ymin[c3] ymax[c4]
p: noxt noxn ytxt(-1) ynum(-1) xltd(-1) xstd(-1) itic(1) ylog
y: Relative Error
#------------------------------------------------------------------------------

wt: s(0.7)
\vspace{-3}
  part. &=& all     
e:

#------------------------------------------------------------------------------
z: xorg[-1.03/0.05]
p: form[c1] xfac[c2] afac[c5] nosp notf
p: xmin( -15.00000    ) xmax(  35.00000    )
p: ymin(  0.000000    ) ymax(  3.000000    )

#------------------------------------------------------------------------------
 newpage:
#   no. =  2   part. = electron

'no. =  2'
msuc: {\huge [t-deposit] in r-z mesh}
msdr: {\it plotted by \ANGEL \version}
msdl: {\it calculated by \PHITS  3.24}

x: z [cm]
y: r [cm]
set: c1[ 0.060] c2[ 3.674] c5[ 0.800] c6[ 0.374] c7[ 0.000] c8[ 6.267]
p: h2fs form[c1] xfac[c2] afac[c5] scal[c6] xorg[c7] yorg[c8] nosp
set: c3[1.0e-4] c4[1.0]
p: cmin[c3] cmax[c4]
p: dmin(1e-31)
p: zlog
p: xmin( -15.00000    ) xmax(  35.00000    )
p: ymin(  0.000000    ) ymax(  3.000000    )
#  nr =   1   nz = 225
# ( ( data(z,r), z = 1, nz ), r = nr, 1, -1 )

hc:  y =   1.500000     to   1.500000     by   3.000000     ; x =  -14.88889     to   34.88889     by  0.2222222     ;
  4.667E-01  3.348E-01  3.280E-01  3.287E-01  3.449E-01  3.235E-01  2.887E-01  4.387E-01  3.380E-01  4.642E-01
  2.920E-01  3.176E-01  3.046E-01  3.126E-01  3.140E-01  4.091E-01  3.789E-01  3.090E-01  4.232E-01  3.518E-01
  4.155E-01  3.351E-01  2.920E-01  3.907E-01  2.933E-01  3.797E-01  2.311E-01  2.552E-01  2.479E-01  2.580E-01
  2.173E-01  2.091E-01  2.569E-01  2.024E-01  2.360E-01  2.374E-01  2.120E-01  2.026E-01  2.028E-01  2.426E-01
  3.743E-01  2.707E-01  2.820E-01  2.500E-01  2.417E-01  2.127E-01  2.964E-01  3.018E-01  1.908E-01  2.492E-01
  2.178E-01  2.026E-01  2.188E-01  2.311E-01  3.193E-01  1.915E-01  1.856E-01  2.041E-01  2.165E-01  1.783E-01
  2.915E-01  2.368E-01  2.132E-01  1.864E-01  1.754E-01  2.094E-01  2.191E-01  1.226E-01  7.787E-02  7.580E-02
  7.520E-02  7.628E-02  7.314E-02  6.943E-02  6.743E-02  6.923E-02  6.621E-02  6.759E-02  7.175E-02  7.519E-02
  7.707E-02  7.181E-02  7.158E-02  7.095E-02  7.341E-02  7.128E-02  6.943E-02  6.888E-02  7.141E-02  7.424E-02
  7.721E-02  7.661E-02  7.650E-02  7.616E-02  7.691E-02  7.979E-02  8.017E-02  8.441E-02  8.560E-02  7.924E-02
  8.617E-02  8.703E-02  8.869E-02  9.058E-02  9.573E-02  9.824E-02  9.520E-02  9.057E-02  9.874E-02  1.023E-01
  9.927E-02  1.005E-01  1.074E-01  9.950E-02  1.024E-01  1.113E-01  1.082E-01  1.031E-01  1.101E-01  1.004E-01
  1.058E-01  1.046E-01  1.128E-01  1.114E-01  1.196E-01  1.274E-01  1.156E-01  1.248E-01  1.241E-01  1.246E-01
  1.230E-01  1.209E-01  1.197E-01  1.369E-01  1.413E-01  1.333E-01  1.260E-01  1.246E-01  1.284E-01  1.342E-01
  1.440E-01  1.325E-01  1.460E-01  1.364E-01  1.499E-01  1.419E-01  1.475E-01  1.616E-01  1.520E-01  1.525E-01
  1.517E-01  1.637E-01  1.542E-01  1.556E-01  1.871E-01  1.714E-01  1.696E-01  1.744E-01  1.639E-01  1.791E-01
  1.823E-01  1.816E-01  1.731E-01  1.805E-01  2.155E-01  1.750E-01  1.763E-01  1.793E-01  1.852E-01  1.969E-01
  1.947E-01  1.765E-01  1.809E-01  1.788E-01  2.089E-01  1.967E-01  1.834E-01  2.060E-01  2.118E-01  1.800E-01
  1.675E-01  1.901E-01  1.915E-01  1.934E-01  1.712E-01  2.100E-01  2.093E-01  2.130E-01  2.073E-01  1.881E-01
  2.356E-01  2.019E-01  2.052E-01  2.173E-01  2.459E-01  2.222E-01  2.453E-01  2.523E-01  2.285E-01  2.458E-01
  2.178E-01  2.124E-01  2.833E-01  0.000E+00  0.000E+00  0.000E+00  0.000E+00  0.000E+00  0.000E+00  0.000E+00
  0.000E+00  0.000E+00  0.000E+00  0.000E+00  0.000E+00  0.000E+00  0.000E+00  0.000E+00  0.000E+00  0.000E+00
  0.000E+00  0.000E+00  0.000E+00  0.000E+00  0.000E+00

#------------------------------------------------------------------------------
z: xorg(1.03)
p: xfac[c2*0.05] form[c1/0.05] notc noxt noyt dmin(1)
p: ymin(0) ymax(1) xmin(0) xmax(1) cmin(1) cmax(100) nosp
hc: y= 0.005 to 0.995 by 0.01 ; x= 0.5 to 0.5 by 1 ;
 1  2  3  4  5  6  7  8  9 10 11 12 13 14 15 16 17 18 19 20
21 22 23 24 25 26 27 28 29 30 31 32 33 34 35 36 37 38 39 40
41 42 43 44 45 46 47 48 49 50 51 52 53 54 55 56 57 58 59 60
61 62 63 64 65 66 67 68 69 70 71 72 73 74 75 76 77 78 79 80
81 82 83 84 85 86 87 88 89 90 91 92 93 94 95 96 97 98 99 100
z: xorg(0.0)
p: xfac[c2*0.05] form[c1/0.05] nosp afac[c5*0.625] ymin[c3] ymax[c4]
p: noxt noxn ytxt(-1) ynum(-1) xltd(-1) xstd(-1) itic(1) ylog
y: Relative Error
#------------------------------------------------------------------------------

wt: s(0.7)
\vspace{-3}
  part. &=& electron
e:

#------------------------------------------------------------------------------
z: xorg[-1.03/0.05]
p: form[c1] xfac[c2] afac[c5] nosp notf
p: xmin( -15.00000    ) xmax(  35.00000    )
p: ymin(  0.000000    ) ymax(  3.000000    )

#------------------------------------------------------------------------------
 newpage:
#   no. =  3   part. = photon  

'no. =  3'
msuc: {\huge [t-deposit] in r-z mesh}
msdr: {\it plotted by \ANGEL \version}
msdl: {\it calculated by \PHITS  3.24}

x: z [cm]
y: r [cm]
set: c1[ 0.060] c2[ 3.674] c5[ 0.800] c6[ 0.374] c7[ 0.000] c8[ 6.267]
p: h2fs form[c1] xfac[c2] afac[c5] scal[c6] xorg[c7] yorg[c8] nosp
set: c3[1.0e-4] c4[1.0]
p: cmin[c3] cmax[c4]
p: dmin(1e-31)
p: zlog
p: xmin( -15.00000    ) xmax(  35.00000    )
p: ymin(  0.000000    ) ymax(  3.000000    )
#  nr =   1   nz = 225
# ( ( data(z,r), z = 1, nz ), r = nr, 1, -1 )

hc:  y =   1.500000     to   1.500000     by   3.000000     ; x =  -14.88889     to   34.88889     by  0.2222222     ;
  0.000E+00  0.000E+00  0.000E+00  0.000E+00  0.000E+00  0.000E+00  0.000E+00  0.000E+00  0.000E+00  0.000E+00
  0.000E+00  0.000E+00  0.000E+00  0.000E+00  0.000E+00  0.000E+00  0.000E+00  0.000E+00  0.000E+00  0.000E+00
  0.000E+00  0.000E+00  0.000E+00  0.000E+00  0.000E+00  0.000E+00  0.000E+00  0.000E+00  0.000E+00  0.000E+00
  0.000E+00  0.000E+00  0.000E+00  0.000E+00  0.000E+00  0.000E+00  0.000E+00  0.000E+00  0.000E+00  0.000E+00
  0.000E+00  0.000E+00  0.000E+00  0.000E+00  0.000E+00  0.000E+00  0.000E+00  0.000E+00  0.000E+00  0.000E+00
  0.000E+00  0.000E+00  0.000E+00  0.000E+00  0.000E+00  0.000E+00  0.000E+00  0.000E+00  0.000E+00  0.000E+00
  0.000E+00  0.000E+00  0.000E+00  0.000E+00  0.000E+00  0.000E+00  0.000E+00  0.000E+00  0.000E+00  0.000E+00
  1.000E+00  1.000E+00  0.000E+00  0.000E+00  0.000E+00  0.000E+00  7.080E-01  0.000E+00  0.000E+00  0.000E+00
  0.000E+00  1.000E+00  1.000E+00  0.000E+00  0.000E+00  0.000E+00  0.000E+00  1.000E+00  0.000E+00  1.000E+00
  0.000E+00  0.000E+00  0.000E+00  0.000E+00  0.000E+00  0.000E+00  0.000E+00  0.000E+00  0.000E+00  0.000E+00
  0.000E+00  0.000E+00  0.000E+00  0.000E+00  1.000E+00  1.000E+00  0.000E+00  0.000E+00  0.000E+00  0.000E+00
  0.000E+00  0.000E+00  0.000E+00  0.000E+00  8.896E-01  0.000E+00  0.000E+00  0.000E+00  0.000E+00  0.000E+00
  0.000E+00  0.000E+00  0.000E+00  0.000E+00  0.000E+00  0.000E+00  0.000E+00  0.000E+00  0.000E+00  1.000E+00
  0.000E+00  0.000E+00  0.000E+00  0.000E+00  0.000E+00  0.000E+00  0.000E+00  0.000E+00  0.000E+00  0.000E+00
  0.000E+00  0.000E+00  0.000E+00  0.000E+00  0.000E+00  0.000E+00  0.000E+00  0.000E+00  0.000E+00  1.000E+00
  0.000E+00  0.000E+00  0.000E+00  0.000E+00  0.000E+00  1.000E+00  0.000E+00  0.000E+00  0.000E+00  0.000E+00
  7.182E-01  0.000E+00  0.000E+00  0.000E+00  7.071E-01  0.000E+00  0.000E+00  0.000E+00  0.000E+00  0.000E+00
  0.000E+00  0.000E+00  0.000E+00  0.000E+00  0.000E+00  0.000E+00  0.000E+00  0.000E+00  0.000E+00  0.000E+00
  0.000E+00  0.000E+00  0.000E+00  0.000E+00  0.000E+00  0.000E+00  0.000E+00  0.000E+00  0.000E+00  1.000E+00
  0.000E+00  0.000E+00  0.000E+00  0.000E+00  0.000E+00  0.000E+00  0.000E+00  0.000E+00  0.000E+00  0.000E+00
  0.000E+00  0.000E+00  0.000E+00  0.000E+00  0.000E+00  0.000E+00  0.000E+00  0.000E+00  0.000E+00  0.000E+00
  0.000E+00  0.000E+00  0.000E+00  0.000E+00  0.000E+00  0.000E+00  0.000E+00  0.000E+00  0.000E+00  0.000E+00
  0.000E+00  0.000E+00  0.000E+00  0.000E+00  0.000E+00

#------------------------------------------------------------------------------
z: xorg(1.03)
p: xfac[c2*0.05] form[c1/0.05] notc noxt noyt dmin(1)
p: ymin(0) ymax(1) xmin(0) xmax(1) cmin(1) cmax(100) nosp
hc: y= 0.005 to 0.995 by 0.01 ; x= 0.5 to 0.5 by 1 ;
 1  2  3  4  5  6  7  8  9 10 11 12 13 14 15 16 17 18 19 20
21 22 23 24 25 26 27 28 29 30 31 32 33 34 35 36 37 38 39 40
41 42 43 44 45 46 47 48 49 50 51 52 53 54 55 56 57 58 59 60
61 62 63 64 65 66 67 68 69 70 71 72 73 74 75 76 77 78 79 80
81 82 83 84 85 86 87 88 89 90 91 92 93 94 95 96 97 98 99 100
z: xorg(0.0)
p: xfac[c2*0.05] form[c1/0.05] nosp afac[c5*0.625] ymin[c3] ymax[c4]
p: noxt noxn ytxt(-1) ynum(-1) xltd(-1) xstd(-1) itic(1) ylog
y: Relative Error
#------------------------------------------------------------------------------

wt: s(0.7)
\vspace{-3}
  part. &=& photon  
e:

#------------------------------------------------------------------------------
z: xorg[-1.03/0.05]
p: form[c1] xfac[c2] afac[c5] nosp notf
p: xmin( -15.00000    ) xmax(  35.00000    )
p: ymin(  0.000000    ) ymax(  3.000000    )

#------------------------------------------------------------------------------
 newpage:
#   no. =  4   part. = neutron 

'no. =  4'
msuc: {\huge [t-deposit] in r-z mesh}
msdr: {\it plotted by \ANGEL \version}
msdl: {\it calculated by \PHITS  3.24}

x: z [cm]
y: r [cm]
set: c1[ 0.060] c2[ 3.674] c5[ 0.800] c6[ 0.374] c7[ 0.000] c8[ 6.267]
p: h2fs form[c1] xfac[c2] afac[c5] scal[c6] xorg[c7] yorg[c8] nosp
set: c3[1.0e-4] c4[1.0]
p: cmin[c3] cmax[c4]
p: dmin(1e-31)
p: zlog
p: xmin( -15.00000    ) xmax(  35.00000    )
p: ymin(  0.000000    ) ymax(  3.000000    )
#  nr =   1   nz = 225
# ( ( data(z,r), z = 1, nz ), r = nr, 1, -1 )

hc:  y =   1.500000     to   1.500000     by   3.000000     ; x =  -14.88889     to   34.88889     by  0.2222222     ;
  1.229E-02  1.246E-02  1.255E-02  1.274E-02  1.275E-02  1.263E-02  1.264E-02  1.286E-02  1.336E-02  1.347E-02
  1.349E-02  1.358E-02  1.366E-02  1.378E-02  1.391E-02  1.427E-02  1.420E-02  1.455E-02  8.783E-03  8.085E-03
  8.582E-03  9.667E-03  9.023E-03  1.119E-02  1.069E-02  1.033E-02  1.033E-02  1.019E-02  9.864E-03  9.657E-03
  1.132E-02  9.560E-03  9.834E-03  9.126E-03  9.047E-03  9.252E-03  8.812E-03  8.727E-03  9.127E-03  9.318E-03
  8.902E-03  9.346E-03  8.643E-03  9.520E-03  9.084E-03  9.420E-03  9.308E-03  9.355E-03  8.649E-03  9.027E-03
  9.023E-03  8.985E-03  9.135E-03  8.935E-03  8.708E-03  8.549E-03  8.957E-03  8.662E-03  9.238E-03  8.825E-03
  9.411E-03  9.326E-03  8.316E-03  8.364E-03  8.499E-03  8.628E-03  1.015E-02  1.027E-02  2.704E-02  3.060E-02
  3.007E-02  3.397E-02  3.676E-02  3.519E-02  3.811E-02  3.939E-02  4.498E-02  4.287E-02  4.481E-02  4.549E-02
  4.744E-02  5.434E-02  5.439E-02  6.558E-02  6.472E-02  6.812E-02  6.592E-02  7.182E-02  7.677E-02  7.426E-02
  7.137E-02  7.522E-02  1.069E-01  8.268E-02  8.583E-02  8.567E-02  9.040E-02  9.099E-02  1.003E-01  1.014E-01
  1.191E-01  1.218E-01  1.191E-01  1.158E-01  1.163E-01  1.165E-01  1.203E-01  1.300E-01  1.296E-01  1.324E-01
  1.612E-01  1.382E-01  1.370E-01  1.573E-01  1.461E-01  1.704E-01  1.470E-01  1.564E-01  1.666E-01  1.738E-01
  2.198E-01  2.465E-01  2.099E-01  1.935E-01  1.997E-01  1.985E-01  2.021E-01  2.002E-01  1.992E-01  2.077E-01
  2.180E-01  2.153E-01  2.204E-01  2.256E-01  2.200E-01  2.432E-01  2.419E-01  2.799E-01  2.557E-01  2.597E-01
  2.491E-01  2.516E-01  2.756E-01  2.886E-01  2.936E-01  3.845E-01  4.207E-01  4.175E-01  3.710E-01  3.614E-01
  3.523E-01  3.765E-01  3.890E-01  3.932E-01  3.935E-01  4.808E-01  5.821E-01  5.866E-01  5.824E-01  6.031E-01
  5.613E-01  6.181E-01  5.474E-01  5.336E-01  5.336E-01  5.336E-01  5.381E-01  5.343E-01  5.951E-01  6.164E-01
  8.635E-01  9.138E-01  7.829E-01  9.899E-01  9.930E-01  9.926E-01  9.939E-01  9.949E-01  9.927E-01  9.955E-01
  9.967E-01  9.958E-01  9.950E-01  9.960E-01  9.967E-01  9.502E-01  9.805E-01  9.529E-01  8.831E-01  9.347E-01
  9.566E-01  8.981E-01  8.211E-01  9.853E-01  7.588E-01  9.979E-01  9.997E-01  9.999E-01  8.686E-01  7.631E-01
  8.070E-01  9.743E-01  9.743E-01  0.000E+00  0.000E+00  0.000E+00  0.000E+00  0.000E+00  0.000E+00  0.000E+00
  0.000E+00  0.000E+00  0.000E+00  0.000E+00  0.000E+00  0.000E+00  0.000E+00  0.000E+00  0.000E+00  0.000E+00
  0.000E+00  0.000E+00  0.000E+00  0.000E+00  0.000E+00

#------------------------------------------------------------------------------
z: xorg(1.03)
p: xfac[c2*0.05] form[c1/0.05] notc noxt noyt dmin(1)
p: ymin(0) ymax(1) xmin(0) xmax(1) cmin(1) cmax(100) nosp
hc: y= 0.005 to 0.995 by 0.01 ; x= 0.5 to 0.5 by 1 ;
 1  2  3  4  5  6  7  8  9 10 11 12 13 14 15 16 17 18 19 20
21 22 23 24 25 26 27 28 29 30 31 32 33 34 35 36 37 38 39 40
41 42 43 44 45 46 47 48 49 50 51 52 53 54 55 56 57 58 59 60
61 62 63 64 65 66 67 68 69 70 71 72 73 74 75 76 77 78 79 80
81 82 83 84 85 86 87 88 89 90 91 92 93 94 95 96 97 98 99 100
z: xorg(0.0)
p: xfac[c2*0.05] form[c1/0.05] nosp afac[c5*0.625] ymin[c3] ymax[c4]
p: noxt noxn ytxt(-1) ynum(-1) xltd(-1) xstd(-1) itic(1) ylog
y: Relative Error
#------------------------------------------------------------------------------

wt: s(0.7)
\vspace{-3}
  part. &=& neutron 
e:

#------------------------------------------------------------------------------
z: xorg[-1.03/0.05]
p: form[c1] xfac[c2] afac[c5] nosp notf
p: xmin( -15.00000    ) xmax(  35.00000    )
p: ymin(  0.000000    ) ymax(  3.000000    )
 
# Information for Restart Calculation
# This calculation was newly started
# istdev =  2 # 1:Batch variance, 2:History variance
# resc2  = 1.00918122271111685E-06 # Total source weight or Total source weight / maxcas
# resc3  = 1.00000000000000000E+07 # Total history number or Total batch number
# maxcas =     1000000 # History / Batch, only used for istdev=1
# rijklst=  -1.0909668918764960E-250 # Next initial random number
# bitrseed = 1000110000001000111111101100101001110101110010000011011101101000
