[ T-Deposit ]
    title = [t-deposit] in r-z mesh
     mesh =  r-z            # mesh type is r-z scoring mesh
       x0 =   0.000000      # center x-position of r-z mesh
       y0 =   0.000000      # center y-position of r-z mesh
   r-type =    2            # r-mesh is linear given by rmin, rmax and nr
     rmin =   0.000000      # minimum value of r-mesh points
     rmax =   3.000000      # maximum value of r-mesh points
#    rdel =   3.000000      # mesh width of r-mesh points
       nr =      1          # number of r-mesh points
#    data = ( r(i), i = 1, nr + 1 )
#           0.00000E+00  3.00000E+00
   z-type =    2            # z-mesh is linear given by zmin, zmax and nz
     zmin =  -15.00000      # minimum value of z-mesh points
     zmax =   35.00000      # maximum value of z-mesh points
#    zdel =  0.2222222      # mesh width of z-mesh points
       nz =    225          # number of z-mesh points
#    data = ( z(i), i = 1, nz + 1 )
#          -1.50000E+01 -1.47778E+01 -1.45556E+01 -1.43333E+01 -1.41111E+01
#          -1.38889E+01 -1.36667E+01 -1.34444E+01 -1.32222E+01 -1.30000E+01
#          -1.27778E+01 -1.25556E+01 -1.23333E+01 -1.21111E+01 -1.18889E+01
#          -1.16667E+01 -1.14444E+01 -1.12222E+01 -1.10000E+01 -1.07778E+01
#          -1.05556E+01 -1.03333E+01 -1.01111E+01 -9.88889E+00 -9.66667E+00
#          -9.44444E+00 -9.22222E+00 -9.00000E+00 -8.77778E+00 -8.55556E+00
#          -8.33333E+00 -8.11111E+00 -7.88889E+00 -7.66667E+00 -7.44444E+00
#          -7.22222E+00 -7.00000E+00 -6.77778E+00 -6.55556E+00 -6.33333E+00
#          -6.11111E+00 -5.88889E+00 -5.66667E+00 -5.44444E+00 -5.22222E+00
#          -5.00000E+00 -4.77778E+00 -4.55556E+00 -4.33333E+00 -4.11111E+00
#          -3.88889E+00 -3.66667E+00 -3.44444E+00 -3.22222E+00 -3.00000E+00
#          -2.77778E+00 -2.55556E+00 -2.33333E+00 -2.11111E+00 -1.88889E+00
#          -1.66667E+00 -1.44444E+00 -1.22222E+00 -1.00000E+00 -7.77778E-01
#          -5.55556E-01 -3.33333E-01 -1.11111E-01  1.11111E-01  3.33333E-01
#           5.55556E-01  7.77778E-01  1.00000E+00  1.22222E+00  1.44444E+00
#           1.66667E+00  1.88889E+00  2.11111E+00  2.33333E+00  2.55556E+00
#           2.77778E+00  3.00000E+00  3.22222E+00  3.44444E+00  3.66667E+00
#           3.88889E+00  4.11111E+00  4.33333E+00  4.55556E+00  4.77778E+00
#           5.00000E+00  5.22222E+00  5.44444E+00  5.66667E+00  5.88889E+00
#           6.11111E+00  6.33333E+00  6.55556E+00  6.77778E+00  7.00000E+00
#           7.22222E+00  7.44444E+00  7.66667E+00  7.88889E+00  8.11111E+00
#           8.33333E+00  8.55556E+00  8.77778E+00  9.00000E+00  9.22222E+00
#           9.44444E+00  9.66667E+00  9.88889E+00  1.01111E+01  1.03333E+01
#           1.05556E+01  1.07778E+01  1.10000E+01  1.12222E+01  1.14444E+01
#           1.16667E+01  1.18889E+01  1.21111E+01  1.23333E+01  1.25556E+01
#           1.27778E+01  1.30000E+01  1.32222E+01  1.34444E+01  1.36667E+01
#           1.38889E+01  1.41111E+01  1.43333E+01  1.45556E+01  1.47778E+01
#           1.50000E+01  1.52222E+01  1.54444E+01  1.56667E+01  1.58889E+01
#           1.61111E+01  1.63333E+01  1.65556E+01  1.67778E+01  1.70000E+01
#           1.72222E+01  1.74444E+01  1.76667E+01  1.78889E+01  1.81111E+01
#           1.83333E+01  1.85556E+01  1.87778E+01  1.90000E+01  1.92222E+01
#           1.94444E+01  1.96667E+01  1.98889E+01  2.01111E+01  2.03333E+01
#           2.05556E+01  2.07778E+01  2.10000E+01  2.12222E+01  2.14444E+01
#           2.16667E+01  2.18889E+01  2.21111E+01  2.23333E+01  2.25556E+01
#           2.27778E+01  2.30000E+01  2.32222E+01  2.34444E+01  2.36667E+01
#           2.38889E+01  2.41111E+01  2.43333E+01  2.45556E+01  2.47778E+01
#           2.50000E+01  2.52222E+01  2.54444E+01  2.56667E+01  2.58889E+01
#           2.61111E+01  2.63333E+01  2.65556E+01  2.67778E+01  2.70000E+01
#           2.72222E+01  2.74444E+01  2.76667E+01  2.78889E+01  2.81111E+01
#           2.83333E+01  2.85556E+01  2.87778E+01  2.90000E+01  2.92222E+01
#           2.94444E+01  2.96667E+01  2.98889E+01  3.01111E+01  3.03333E+01
#           3.05556E+01  3.07778E+01  3.10000E+01  3.12222E+01  3.14444E+01
#           3.16667E+01  3.18889E+01  3.21111E+01  3.23333E+01  3.25556E+01
#           3.27778E+01  3.30000E+01  3.32222E+01  3.34444E+01  3.36667E+01
#           3.38889E+01  3.41111E+01  3.43333E+01  3.45556E+01  3.47778E+01
#           3.50000E+01
     unit =    0            # unit is [Gy/source]
   letmat =    0            # (D=0) mat ID for LET, 0:real mat, <0: electron for H2O
  dedxfnc =    0            # (D=0) user defined multiplier, 0(no), 1, 2
 material =  all            # (D=all) number of specific material
   output =  dose           # total deposit energy
  deposit =    0            # (D=0) 0-> total deposit dist, 1-> each process
  2D-type =    3            # 1:Cont, 2:Clust, 3:Color, 4:xyz, 5:mat, 6:Clust+Cont, 7:Col+Cont
     axis =    rz           # axis of output
     file = deposit_r_all.out  # file name of output for the above axis
     part =  all        electron   photon     neutron  
# kf/name :  0          11         22         2112     
    gshow =    1            # 0: no 1:bnd, 2:bnd+mat, 3:bnd+reg 4:bnd+lat 5:bmp style
    resol =    1            # (D=1) resolution of gshow or rshow
    width = 0.5000000       # (D=0.5) width of lines for gshow or rshow
   epsout =    1            # (D=0) generate eps file by ANGEL
#    used :        main (  %)        temp (  %)       total (  %)
#  memory :         231 (  0)           0 (  0)         231 (  0)

#------------------------------------------------------------------------------
#newpage:
#   no. =  1   part. = all     

'no. =  1'
msuc: {\huge [t-deposit] in r-z mesh}
msdr: {\it plotted by \ANGEL \version}
msdl: {\it calculated by \PHITS  3.24}

x: z [cm]
y: r [cm]
set: c1[ 0.060] c2[ 3.674] c5[ 0.800] c6[ 0.374] c7[ 0.000] c8[ 6.267]
p: h2fs form[c1] xfac[c2] afac[c5] scal[c6] xorg[c7] yorg[c8] nosp
set: c3[   8.927500E-05] c4[   3.770765E-03]
p: cmin[c3] cmax[c4]
p: dmin(1e-31)
p: zlog
p: xmin( -15.00000    ) xmax(  35.00000    )
p: ymin(  0.000000    ) ymax(  3.000000    )
#  nr =   1   nz = 225
# ( ( data(z,r), z = 1, nz ), r = nr, 1, -1 )

hc:  y =   1.500000     to   1.500000     by   3.000000     ; x =  -14.88889     to   34.88889     by  0.2222222     ;
  1.362E-03  1.629E-03  1.364E-03  1.349E-03  1.333E-03  1.420E-03  1.571E-03  1.496E-03  1.353E-03  1.499E-03
  1.507E-03  1.401E-03  1.338E-03  1.390E-03  1.436E-03  1.631E-03  1.751E-03  1.629E-03  3.771E-03  3.483E-03
  3.276E-03  3.493E-03  3.403E-03  3.111E-03  3.119E-03  3.225E-03  3.106E-03  3.388E-03  3.119E-03  3.143E-03
  3.217E-03  2.945E-03  3.223E-03  3.344E-03  2.918E-03  2.848E-03  3.061E-03  3.234E-03  3.126E-03  3.057E-03
  3.043E-03  3.021E-03  2.900E-03  2.856E-03  2.891E-03  3.089E-03  3.278E-03  3.445E-03  3.155E-03  2.980E-03
  3.221E-03  3.011E-03  3.012E-03  2.837E-03  3.331E-03  3.364E-03  3.141E-03  3.422E-03  3.140E-03  3.103E-03
  2.960E-03  2.914E-03  2.767E-03  2.840E-03  2.759E-03  2.952E-03  2.676E-03  2.609E-03  2.636E-03  2.510E-03
  2.477E-03  2.437E-03  2.550E-03  2.498E-03  2.366E-03  2.835E-03  2.647E-03  2.275E-03  2.163E-03  2.211E-03
  2.103E-03  2.143E-03  2.054E-03  2.343E-03  1.918E-03  1.898E-03  1.838E-03  1.816E-03  1.771E-03  1.753E-03
  1.863E-03  1.882E-03  1.859E-03  1.702E-03  1.788E-03  1.644E-03  1.621E-03  1.524E-03  1.600E-03  1.771E-03
  1.521E-03  1.474E-03  1.465E-03  1.416E-03  1.304E-03  1.304E-03  1.319E-03  1.401E-03  1.438E-03  1.221E-03
  1.246E-03  1.391E-03  1.163E-03  1.148E-03  1.183E-03  1.118E-03  1.147E-03  1.257E-03  1.182E-03  1.152E-03
  1.506E-03  1.327E-03  1.570E-03  1.576E-03  1.296E-03  1.282E-03  1.523E-03  1.244E-03  1.462E-03  1.442E-03
  1.155E-03  1.166E-03  1.093E-03  1.185E-03  1.397E-03  1.371E-03  9.579E-04  1.184E-03  1.085E-03  1.092E-03
  9.676E-04  9.398E-04  9.834E-04  1.155E-03  1.067E-03  9.665E-04  7.578E-04  8.323E-04  7.348E-04  7.179E-04
  7.259E-04  7.210E-04  8.642E-04  8.060E-04  1.508E-03  1.203E-03  9.897E-04  9.904E-04  1.034E-03  8.207E-04
  7.283E-04  7.207E-04  6.861E-04  6.749E-04  6.686E-04  6.729E-04  6.428E-04  7.657E-04  6.832E-04  6.669E-04
  9.443E-04  1.038E-03  1.052E-03  6.775E-04  6.484E-04  5.924E-04  6.320E-04  7.067E-04  7.692E-04  7.362E-04
  7.454E-04  5.592E-04  6.257E-04  5.713E-04  6.246E-04  5.870E-04  5.704E-04  5.474E-04  5.403E-04  5.254E-04
  5.964E-04  6.410E-04  6.210E-04  6.354E-04  5.160E-04  5.233E-04  4.652E-04  5.150E-04  6.511E-04  5.300E-04
  7.957E-04  4.819E-04  2.328E-04  0.000E+00  0.000E+00  0.000E+00  0.000E+00  0.000E+00  0.000E+00  0.000E+00
  0.000E+00  0.000E+00  0.000E+00  0.000E+00  0.000E+00  0.000E+00  0.000E+00  0.000E+00  0.000E+00  0.000E+00
  0.000E+00  0.000E+00  0.000E+00  0.000E+00  0.000E+00

#------------------------------------------------------------------------------
z: xorg(1.03)
p: xfac[c2*0.05] form[c1/0.05] notc noxt noyt dmin(1)
p: ymin(0) ymax(1) xmin(0) xmax(1) cmin(1) cmax(100) nosp
hc: y= 0.005 to 0.995 by 0.01 ; x= 0.5 to 0.5 by 1 ;
 1  2  3  4  5  6  7  8  9 10 11 12 13 14 15 16 17 18 19 20
21 22 23 24 25 26 27 28 29 30 31 32 33 34 35 36 37 38 39 40
41 42 43 44 45 46 47 48 49 50 51 52 53 54 55 56 57 58 59 60
61 62 63 64 65 66 67 68 69 70 71 72 73 74 75 76 77 78 79 80
81 82 83 84 85 86 87 88 89 90 91 92 93 94 95 96 97 98 99 100
z: xorg(0.0)
p: xfac[c2*0.05] form[c1/0.05] nosp afac[c5*0.625] ymin[c3] ymax[c4]
p: noxt noxn ytxt(-1) ynum(-1) xltd(-1) xstd(-1) itic(1) ylog
y: Dose [Gy/source]      
#------------------------------------------------------------------------------

wt: s(0.7)
\vspace{-3}
  part. &=& all     
e:

#------------------------------------------------------------------------------
z: xorg[-1.03/0.05]
p: form[c1] xfac[c2] afac[c5] nosp notf
p: xmin( -15.00000    ) xmax(  35.00000    )
p: ymin(  0.000000    ) ymax(  3.000000    )

#------------------------------------------------------------------------------
 newpage:
#   no. =  2   part. = electron

'no. =  2'
msuc: {\huge [t-deposit] in r-z mesh}
msdr: {\it plotted by \ANGEL \version}
msdl: {\it calculated by \PHITS  3.24}

x: z [cm]
y: r [cm]
set: c1[ 0.060] c2[ 3.674] c5[ 0.800] c6[ 0.374] c7[ 0.000] c8[ 6.267]
p: h2fs form[c1] xfac[c2] afac[c5] scal[c6] xorg[c7] yorg[c8] nosp
set: c3[   8.927500E-05] c4[   3.770765E-03]
p: cmin[c3] cmax[c4]
p: dmin(1e-31)
p: zlog
p: xmin( -15.00000    ) xmax(  35.00000    )
p: ymin(  0.000000    ) ymax(  3.000000    )
#  nr =   1   nz = 225
# ( ( data(z,r), z = 1, nz ), r = nr, 1, -1 )

hc:  y =   1.500000     to   1.500000     by   3.000000     ; x =  -14.88889     to   34.88889     by  0.2222222     ;
  2.507E-04  5.081E-04  2.337E-04  2.164E-04  1.926E-04  2.776E-04  4.417E-04  3.541E-04  2.112E-04  3.628E-04
  3.624E-04  2.663E-04  1.925E-04  2.435E-04  2.997E-04  4.911E-04  6.369E-04  5.138E-04  4.774E-04  4.583E-04
  3.091E-04  5.847E-04  5.354E-04  2.440E-04  2.864E-04  4.284E-04  2.861E-04  6.101E-04  3.934E-04  3.964E-04
  4.690E-04  2.362E-04  4.842E-04  6.556E-04  2.080E-04  1.498E-04  3.621E-04  5.299E-04  4.344E-04  2.924E-04
  2.468E-04  2.521E-04  1.293E-04  8.928E-05  9.744E-05  3.361E-04  5.749E-04  6.823E-04  4.162E-04  2.475E-04
  5.217E-04  3.516E-04  3.318E-04  1.771E-04  6.879E-04  7.067E-04  4.649E-04  8.256E-04  5.952E-04  5.555E-04
  3.899E-04  3.712E-04  2.844E-04  3.822E-04  3.171E-04  5.675E-04  3.147E-04  2.711E-04  3.169E-04  2.250E-04
  2.310E-04  2.312E-04  3.866E-04  3.697E-04  2.811E-04  7.928E-04  6.364E-04  2.957E-04  2.201E-04  3.099E-04
  2.357E-04  3.162E-04  2.703E-04  5.978E-04  2.096E-04  2.224E-04  1.967E-04  2.121E-04  1.972E-04  2.059E-04
  3.483E-04  4.017E-04  4.128E-04  2.854E-04  4.074E-04  2.948E-04  3.005E-04  2.333E-04  3.362E-04  5.296E-04
  3.023E-04  2.804E-04  2.922E-04  2.659E-04  1.822E-04  2.049E-04  2.427E-04  3.468E-04  4.056E-04  2.051E-04
  2.456E-04  4.081E-04  1.988E-04  2.010E-04  2.543E-04  2.064E-04  2.498E-04  3.775E-04  3.157E-04  3.001E-04
  6.672E-04  5.030E-04  7.599E-04  7.788E-04  5.113E-04  5.093E-04  7.604E-04  4.935E-04  7.212E-04  7.142E-04
  4.380E-04  4.612E-04  3.980E-04  5.003E-04  7.218E-04  7.056E-04  3.012E-04  5.369E-04  4.471E-04  4.634E-04
  3.486E-04  3.267E-04  3.831E-04  5.625E-04  4.844E-04  3.914E-04  1.904E-04  2.720E-04  1.818E-04  1.718E-04
  1.874E-04  1.886E-04  3.387E-04  2.889E-04  9.974E-04  6.990E-04  4.928E-04  4.993E-04  5.501E-04  3.435E-04
  2.577E-04  2.563E-04  2.303E-04  2.256E-04  2.249E-04  2.349E-04  2.100E-04  3.388E-04  2.614E-04  2.514E-04
  5.322E-04  6.303E-04  6.497E-04  2.803E-04  2.558E-04  2.040E-04  2.479E-04  3.279E-04  3.956E-04  3.666E-04
  3.809E-04  2.006E-04  2.708E-04  2.196E-04  2.762E-04  2.426E-04  2.312E-04  2.117E-04  2.084E-04  1.973E-04
  2.717E-04  3.199E-04  3.032E-04  3.206E-04  2.048E-04  2.160E-04  1.616E-04  2.152E-04  3.543E-04  2.362E-04
  5.048E-04  1.946E-04  9.038E-05  0.000E+00  0.000E+00  0.000E+00  0.000E+00  0.000E+00  0.000E+00  0.000E+00
  0.000E+00  0.000E+00  0.000E+00  0.000E+00  0.000E+00  0.000E+00  0.000E+00  0.000E+00  0.000E+00  0.000E+00
  0.000E+00  0.000E+00  0.000E+00  0.000E+00  0.000E+00

#------------------------------------------------------------------------------
z: xorg(1.03)
p: xfac[c2*0.05] form[c1/0.05] notc noxt noyt dmin(1)
p: ymin(0) ymax(1) xmin(0) xmax(1) cmin(1) cmax(100) nosp
hc: y= 0.005 to 0.995 by 0.01 ; x= 0.5 to 0.5 by 1 ;
 1  2  3  4  5  6  7  8  9 10 11 12 13 14 15 16 17 18 19 20
21 22 23 24 25 26 27 28 29 30 31 32 33 34 35 36 37 38 39 40
41 42 43 44 45 46 47 48 49 50 51 52 53 54 55 56 57 58 59 60
61 62 63 64 65 66 67 68 69 70 71 72 73 74 75 76 77 78 79 80
81 82 83 84 85 86 87 88 89 90 91 92 93 94 95 96 97 98 99 100
z: xorg(0.0)
p: xfac[c2*0.05] form[c1/0.05] nosp afac[c5*0.625] ymin[c3] ymax[c4]
p: noxt noxn ytxt(-1) ynum(-1) xltd(-1) xstd(-1) itic(1) ylog
y: Dose [Gy/source]      
#------------------------------------------------------------------------------

wt: s(0.7)
\vspace{-3}
  part. &=& electron
e:

#------------------------------------------------------------------------------
z: xorg[-1.03/0.05]
p: form[c1] xfac[c2] afac[c5] nosp notf
p: xmin( -15.00000    ) xmax(  35.00000    )
p: ymin(  0.000000    ) ymax(  3.000000    )

#------------------------------------------------------------------------------
 newpage:
#   no. =  3   part. = photon  

'no. =  3'
msuc: {\huge [t-deposit] in r-z mesh}
msdr: {\it plotted by \ANGEL \version}
msdl: {\it calculated by \PHITS  3.24}

x: z [cm]
y: r [cm]
set: c1[ 0.060] c2[ 3.674] c5[ 0.800] c6[ 0.374] c7[ 0.000] c8[ 6.267]
p: h2fs form[c1] xfac[c2] afac[c5] scal[c6] xorg[c7] yorg[c8] nosp
set: c3[   8.927500E-05] c4[   3.770765E-03]
p: cmin[c3] cmax[c4]
p: dmin(1e-31)
p: zlog
p: xmin( -15.00000    ) xmax(  35.00000    )
p: ymin(  0.000000    ) ymax(  3.000000    )
#  nr =   1   nz = 225
# ( ( data(z,r), z = 1, nz ), r = nr, 1, -1 )

hc:  y =   1.500000     to   1.500000     by   3.000000     ; x =  -14.88889     to   34.88889     by  0.2222222     ;
  0.000E+00  0.000E+00  0.000E+00  0.000E+00  0.000E+00  0.000E+00  0.000E+00  0.000E+00  0.000E+00  0.000E+00
  0.000E+00  0.000E+00  0.000E+00  0.000E+00  0.000E+00  0.000E+00  0.000E+00  0.000E+00  0.000E+00  0.000E+00
  0.000E+00  0.000E+00  0.000E+00  0.000E+00  0.000E+00  0.000E+00  0.000E+00  0.000E+00  0.000E+00  0.000E+00
  0.000E+00  0.000E+00  0.000E+00  0.000E+00  0.000E+00  0.000E+00  0.000E+00  0.000E+00  0.000E+00  0.000E+00
  0.000E+00  0.000E+00  0.000E+00  0.000E+00  0.000E+00  0.000E+00  0.000E+00  0.000E+00  0.000E+00  0.000E+00
  0.000E+00  0.000E+00  0.000E+00  0.000E+00  0.000E+00  0.000E+00  0.000E+00  0.000E+00  0.000E+00  0.000E+00
  0.000E+00  0.000E+00  0.000E+00  0.000E+00  0.000E+00  0.000E+00  0.000E+00  0.000E+00  0.000E+00  0.000E+00
  0.000E+00  0.000E+00  0.000E+00  0.000E+00  0.000E+00  0.000E+00  0.000E+00  0.000E+00  0.000E+00  0.000E+00
  0.000E+00  0.000E+00  0.000E+00  0.000E+00  0.000E+00  0.000E+00  0.000E+00  0.000E+00  0.000E+00  0.000E+00
  0.000E+00  0.000E+00  0.000E+00  0.000E+00  0.000E+00  0.000E+00  0.000E+00  0.000E+00  0.000E+00  0.000E+00
  0.000E+00  0.000E+00  0.000E+00  0.000E+00  0.000E+00  0.000E+00  0.000E+00  0.000E+00  0.000E+00  0.000E+00
  0.000E+00  0.000E+00  0.000E+00  0.000E+00  0.000E+00  0.000E+00  0.000E+00  0.000E+00  0.000E+00  0.000E+00
  0.000E+00  0.000E+00  0.000E+00  0.000E+00  0.000E+00  0.000E+00  0.000E+00  0.000E+00  0.000E+00  0.000E+00
  0.000E+00  0.000E+00  0.000E+00  0.000E+00  0.000E+00  0.000E+00  0.000E+00  0.000E+00  0.000E+00  0.000E+00
  0.000E+00  0.000E+00  0.000E+00  0.000E+00  0.000E+00  0.000E+00  0.000E+00  0.000E+00  0.000E+00  0.000E+00
  0.000E+00  0.000E+00  0.000E+00  0.000E+00  0.000E+00  0.000E+00  0.000E+00  0.000E+00  0.000E+00  0.000E+00
  0.000E+00  0.000E+00  0.000E+00  0.000E+00  0.000E+00  0.000E+00  0.000E+00  0.000E+00  0.000E+00  0.000E+00
  0.000E+00  0.000E+00  0.000E+00  0.000E+00  0.000E+00  0.000E+00  0.000E+00  0.000E+00  0.000E+00  0.000E+00
  0.000E+00  0.000E+00  0.000E+00  0.000E+00  0.000E+00  0.000E+00  0.000E+00  0.000E+00  0.000E+00  0.000E+00
  0.000E+00  0.000E+00  0.000E+00  0.000E+00  0.000E+00  0.000E+00  0.000E+00  0.000E+00  0.000E+00  0.000E+00
  0.000E+00  0.000E+00  0.000E+00  0.000E+00  0.000E+00  0.000E+00  0.000E+00  0.000E+00  0.000E+00  0.000E+00
  0.000E+00  0.000E+00  0.000E+00  0.000E+00  0.000E+00  0.000E+00  0.000E+00  0.000E+00  0.000E+00  0.000E+00
  0.000E+00  0.000E+00  0.000E+00  0.000E+00  0.000E+00

#------------------------------------------------------------------------------
z: xorg(1.03)
p: xfac[c2*0.05] form[c1/0.05] notc noxt noyt dmin(1)
p: ymin(0) ymax(1) xmin(0) xmax(1) cmin(1) cmax(100) nosp
hc: y= 0.005 to 0.995 by 0.01 ; x= 0.5 to 0.5 by 1 ;
 1  2  3  4  5  6  7  8  9 10 11 12 13 14 15 16 17 18 19 20
21 22 23 24 25 26 27 28 29 30 31 32 33 34 35 36 37 38 39 40
41 42 43 44 45 46 47 48 49 50 51 52 53 54 55 56 57 58 59 60
61 62 63 64 65 66 67 68 69 70 71 72 73 74 75 76 77 78 79 80
81 82 83 84 85 86 87 88 89 90 91 92 93 94 95 96 97 98 99 100
z: xorg(0.0)
p: xfac[c2*0.05] form[c1/0.05] nosp afac[c5*0.625] ymin[c3] ymax[c4]
p: noxt noxn ytxt(-1) ynum(-1) xltd(-1) xstd(-1) itic(1) ylog
y: Dose [Gy/source]      
#------------------------------------------------------------------------------

wt: s(0.7)
\vspace{-3}
  part. &=& photon  
e:

#------------------------------------------------------------------------------
z: xorg[-1.03/0.05]
p: form[c1] xfac[c2] afac[c5] nosp notf
p: xmin( -15.00000    ) xmax(  35.00000    )
p: ymin(  0.000000    ) ymax(  3.000000    )

#------------------------------------------------------------------------------
 newpage:
#   no. =  4   part. = neutron 

'no. =  4'
msuc: {\huge [t-deposit] in r-z mesh}
msdr: {\it plotted by \ANGEL \version}
msdl: {\it calculated by \PHITS  3.24}

x: z [cm]
y: r [cm]
set: c1[ 0.060] c2[ 3.674] c5[ 0.800] c6[ 0.374] c7[ 0.000] c8[ 6.267]
p: h2fs form[c1] xfac[c2] afac[c5] scal[c6] xorg[c7] yorg[c8] nosp
set: c3[   8.927500E-05] c4[   3.770765E-03]
p: cmin[c3] cmax[c4]
p: dmin(1e-31)
p: zlog
p: xmin( -15.00000    ) xmax(  35.00000    )
p: ymin(  0.000000    ) ymax(  3.000000    )
#  nr =   1   nz = 225
# ( ( data(z,r), z = 1, nz ), r = nr, 1, -1 )

hc:  y =   1.500000     to   1.500000     by   3.000000     ; x =  -14.88889     to   34.88889     by  0.2222222     ;
  1.111E-03  1.121E-03  1.130E-03  1.133E-03  1.140E-03  1.142E-03  1.129E-03  1.142E-03  1.141E-03  1.137E-03
  1.145E-03  1.135E-03  1.145E-03  1.147E-03  1.136E-03  1.140E-03  1.114E-03  1.115E-03  3.293E-03  3.025E-03
  2.967E-03  2.909E-03  2.867E-03  2.867E-03  2.833E-03  2.797E-03  2.820E-03  2.778E-03  2.726E-03  2.747E-03
  2.748E-03  2.709E-03  2.738E-03  2.688E-03  2.710E-03  2.698E-03  2.699E-03  2.704E-03  2.691E-03  2.765E-03
  2.796E-03  2.769E-03  2.771E-03  2.759E-03  2.774E-03  2.734E-03  2.703E-03  2.763E-03  2.739E-03  2.732E-03
  2.700E-03  2.659E-03  2.681E-03  2.660E-03  2.643E-03  2.658E-03  2.677E-03  2.597E-03  2.545E-03  2.547E-03
  2.571E-03  2.543E-03  2.483E-03  2.458E-03  2.442E-03  2.384E-03  2.362E-03  2.338E-03  2.319E-03  2.285E-03
  2.246E-03  2.206E-03  2.164E-03  2.128E-03  2.085E-03  2.042E-03  2.010E-03  1.980E-03  1.943E-03  1.901E-03
  1.867E-03  1.827E-03  1.784E-03  1.745E-03  1.708E-03  1.675E-03  1.641E-03  1.604E-03  1.574E-03  1.547E-03
  1.515E-03  1.480E-03  1.446E-03  1.416E-03  1.381E-03  1.349E-03  1.320E-03  1.291E-03  1.264E-03  1.242E-03
  1.219E-03  1.194E-03  1.173E-03  1.151E-03  1.122E-03  1.099E-03  1.076E-03  1.055E-03  1.033E-03  1.016E-03
  9.999E-04  9.827E-04  9.640E-04  9.472E-04  9.290E-04  9.117E-04  8.973E-04  8.799E-04  8.660E-04  8.518E-04
  8.389E-04  8.241E-04  8.105E-04  7.972E-04  7.842E-04  7.730E-04  7.625E-04  7.509E-04  7.409E-04  7.280E-04
  7.169E-04  7.046E-04  6.949E-04  6.848E-04  6.748E-04  6.653E-04  6.567E-04  6.472E-04  6.380E-04  6.283E-04
  6.190E-04  6.131E-04  6.004E-04  5.924E-04  5.830E-04  5.750E-04  5.673E-04  5.603E-04  5.529E-04  5.460E-04
  5.385E-04  5.324E-04  5.255E-04  5.172E-04  5.109E-04  5.045E-04  4.969E-04  4.911E-04  4.842E-04  4.772E-04
  4.706E-04  4.644E-04  4.558E-04  4.493E-04  4.437E-04  4.380E-04  4.328E-04  4.269E-04  4.219E-04  4.155E-04
  4.121E-04  4.075E-04  4.020E-04  3.972E-04  3.926E-04  3.884E-04  3.840E-04  3.788E-04  3.736E-04  3.695E-04
  3.645E-04  3.586E-04  3.550E-04  3.517E-04  3.484E-04  3.444E-04  3.392E-04  3.357E-04  3.318E-04  3.281E-04
  3.247E-04  3.211E-04  3.178E-04  3.148E-04  3.112E-04  3.073E-04  3.036E-04  2.997E-04  2.968E-04  2.938E-04
  2.909E-04  2.873E-04  1.424E-04  0.000E+00  0.000E+00  0.000E+00  0.000E+00  0.000E+00  0.000E+00  0.000E+00
  0.000E+00  0.000E+00  0.000E+00  0.000E+00  0.000E+00  0.000E+00  0.000E+00  0.000E+00  0.000E+00  0.000E+00
  0.000E+00  0.000E+00  0.000E+00  0.000E+00  0.000E+00

#------------------------------------------------------------------------------
z: xorg(1.03)
p: xfac[c2*0.05] form[c1/0.05] notc noxt noyt dmin(1)
p: ymin(0) ymax(1) xmin(0) xmax(1) cmin(1) cmax(100) nosp
hc: y= 0.005 to 0.995 by 0.01 ; x= 0.5 to 0.5 by 1 ;
 1  2  3  4  5  6  7  8  9 10 11 12 13 14 15 16 17 18 19 20
21 22 23 24 25 26 27 28 29 30 31 32 33 34 35 36 37 38 39 40
41 42 43 44 45 46 47 48 49 50 51 52 53 54 55 56 57 58 59 60
61 62 63 64 65 66 67 68 69 70 71 72 73 74 75 76 77 78 79 80
81 82 83 84 85 86 87 88 89 90 91 92 93 94 95 96 97 98 99 100
z: xorg(0.0)
p: xfac[c2*0.05] form[c1/0.05] nosp afac[c5*0.625] ymin[c3] ymax[c4]
p: noxt noxn ytxt(-1) ynum(-1) xltd(-1) xstd(-1) itic(1) ylog
y: Dose [Gy/source]      
#------------------------------------------------------------------------------

wt: s(0.7)
\vspace{-3}
  part. &=& neutron 
e:

#------------------------------------------------------------------------------
z: xorg[-1.03/0.05]
p: form[c1] xfac[c2] afac[c5] nosp notf
p: xmin( -15.00000    ) xmax(  35.00000    )
p: ymin(  0.000000    ) ymax(  3.000000    )
 
# Information for Restart Calculation
# This calculation was newly started
# istdev =  2 # 1:Batch variance, 2:History variance
# resc2  = 1.00918122271111685E-06 # Total source weight or Total source weight / maxcas
# resc3  = 1.00000000000000000E+07 # Total history number or Total batch number
# maxcas =     1000000 # History / Batch, only used for istdev=1
# rijklst=  -1.0909668918764960E-250 # Next initial random number
# bitrseed = 1000110000001000111111101100101001110101110010000011011101101000
