[ T-Deposit ]
    title = [t-deposit] in r-z mesh
     mesh =  r-z            # mesh type is r-z scoring mesh
       x0 =   0.000000      # center x-position of r-z mesh
       y0 =   0.000000      # center y-position of r-z mesh
   r-type =    2            # r-mesh is linear given by rmin, rmax and nr
     rmin =   0.000000      # minimum value of r-mesh points
     rmax =   3.000000      # maximum value of r-mesh points
#    rdel =   3.000000      # mesh width of r-mesh points
       nr =      1          # number of r-mesh points
#    data = ( r(i), i = 1, nr + 1 )
#           0.00000E+00  3.00000E+00
   z-type =    2            # z-mesh is linear given by zmin, zmax and nz
     zmin =  -15.00000      # minimum value of z-mesh points
     zmax =   35.00000      # maximum value of z-mesh points
#    zdel =  0.2222222      # mesh width of z-mesh points
       nz =    225          # number of z-mesh points
#    data = ( z(i), i = 1, nz + 1 )
#          -1.50000E+01 -1.47778E+01 -1.45556E+01 -1.43333E+01 -1.41111E+01
#          -1.38889E+01 -1.36667E+01 -1.34444E+01 -1.32222E+01 -1.30000E+01
#          -1.27778E+01 -1.25556E+01 -1.23333E+01 -1.21111E+01 -1.18889E+01
#          -1.16667E+01 -1.14444E+01 -1.12222E+01 -1.10000E+01 -1.07778E+01
#          -1.05556E+01 -1.03333E+01 -1.01111E+01 -9.88889E+00 -9.66667E+00
#          -9.44444E+00 -9.22222E+00 -9.00000E+00 -8.77778E+00 -8.55556E+00
#          -8.33333E+00 -8.11111E+00 -7.88889E+00 -7.66667E+00 -7.44444E+00
#          -7.22222E+00 -7.00000E+00 -6.77778E+00 -6.55556E+00 -6.33333E+00
#          -6.11111E+00 -5.88889E+00 -5.66667E+00 -5.44444E+00 -5.22222E+00
#          -5.00000E+00 -4.77778E+00 -4.55556E+00 -4.33333E+00 -4.11111E+00
#          -3.88889E+00 -3.66667E+00 -3.44444E+00 -3.22222E+00 -3.00000E+00
#          -2.77778E+00 -2.55556E+00 -2.33333E+00 -2.11111E+00 -1.88889E+00
#          -1.66667E+00 -1.44444E+00 -1.22222E+00 -1.00000E+00 -7.77778E-01
#          -5.55556E-01 -3.33333E-01 -1.11111E-01  1.11111E-01  3.33333E-01
#           5.55556E-01  7.77778E-01  1.00000E+00  1.22222E+00  1.44444E+00
#           1.66667E+00  1.88889E+00  2.11111E+00  2.33333E+00  2.55556E+00
#           2.77778E+00  3.00000E+00  3.22222E+00  3.44444E+00  3.66667E+00
#           3.88889E+00  4.11111E+00  4.33333E+00  4.55556E+00  4.77778E+00
#           5.00000E+00  5.22222E+00  5.44444E+00  5.66667E+00  5.88889E+00
#           6.11111E+00  6.33333E+00  6.55556E+00  6.77778E+00  7.00000E+00
#           7.22222E+00  7.44444E+00  7.66667E+00  7.88889E+00  8.11111E+00
#           8.33333E+00  8.55556E+00  8.77778E+00  9.00000E+00  9.22222E+00
#           9.44444E+00  9.66667E+00  9.88889E+00  1.01111E+01  1.03333E+01
#           1.05556E+01  1.07778E+01  1.10000E+01  1.12222E+01  1.14444E+01
#           1.16667E+01  1.18889E+01  1.21111E+01  1.23333E+01  1.25556E+01
#           1.27778E+01  1.30000E+01  1.32222E+01  1.34444E+01  1.36667E+01
#           1.38889E+01  1.41111E+01  1.43333E+01  1.45556E+01  1.47778E+01
#           1.50000E+01  1.52222E+01  1.54444E+01  1.56667E+01  1.58889E+01
#           1.61111E+01  1.63333E+01  1.65556E+01  1.67778E+01  1.70000E+01
#           1.72222E+01  1.74444E+01  1.76667E+01  1.78889E+01  1.81111E+01
#           1.83333E+01  1.85556E+01  1.87778E+01  1.90000E+01  1.92222E+01
#           1.94444E+01  1.96667E+01  1.98889E+01  2.01111E+01  2.03333E+01
#           2.05556E+01  2.07778E+01  2.10000E+01  2.12222E+01  2.14444E+01
#           2.16667E+01  2.18889E+01  2.21111E+01  2.23333E+01  2.25556E+01
#           2.27778E+01  2.30000E+01  2.32222E+01  2.34444E+01  2.36667E+01
#           2.38889E+01  2.41111E+01  2.43333E+01  2.45556E+01  2.47778E+01
#           2.50000E+01  2.52222E+01  2.54444E+01  2.56667E+01  2.58889E+01
#           2.61111E+01  2.63333E+01  2.65556E+01  2.67778E+01  2.70000E+01
#           2.72222E+01  2.74444E+01  2.76667E+01  2.78889E+01  2.81111E+01
#           2.83333E+01  2.85556E+01  2.87778E+01  2.90000E+01  2.92222E+01
#           2.94444E+01  2.96667E+01  2.98889E+01  3.01111E+01  3.03333E+01
#           3.05556E+01  3.07778E+01  3.10000E+01  3.12222E+01  3.14444E+01
#           3.16667E+01  3.18889E+01  3.21111E+01  3.23333E+01  3.25556E+01
#           3.27778E+01  3.30000E+01  3.32222E+01  3.34444E+01  3.36667E+01
#           3.38889E+01  3.41111E+01  3.43333E+01  3.45556E+01  3.47778E+01
#           3.50000E+01
     unit =    0            # unit is [Gy/source]
   letmat =    0            # (D=0) mat ID for LET, 0:real mat, <0: electron for H2O
  dedxfnc =    0            # (D=0) user defined multiplier, 0(no), 1, 2
 material =  all            # (D=all) number of specific material
   output =  dose           # total deposit energy
  deposit =    0            # (D=0) 0-> total deposit dist, 1-> each process
  2D-type =    3            # 1:Cont, 2:Clust, 3:Color, 4:xyz, 5:mat, 6:Clust+Cont, 7:Col+Cont
     axis =    rz           # axis of output
     file = deposit_r_all.out  # file name of output for the above axis
     part =  all        electron   photon     neutron  
# kf/name :  0          11         22         2112     
    gshow =    1            # 0: no 1:bnd, 2:bnd+mat, 3:bnd+reg 4:bnd+lat 5:bmp style
    resol =    1            # (D=1) resolution of gshow or rshow
    width = 0.5000000       # (D=0.5) width of lines for gshow or rshow
   epsout =    1            # (D=0) generate eps file by ANGEL
#    used :        main (  %)        temp (  %)       total (  %)
#  memory :         231 (  0)           0 (  0)         231 (  0)

#------------------------------------------------------------------------------
#newpage:
#   no. =  1   part. = all     

'no. =  1'
msuc: {\huge [t-deposit] in r-z mesh}
msdr: {\it plotted by \ANGEL \version}
msdl: {\it calculated by \PHITS  3.24}

x: z [cm]
y: r [cm]
set: c1[ 0.060] c2[ 3.674] c5[ 0.800] c6[ 0.374] c7[ 0.000] c8[ 6.267]
p: h2fs form[c1] xfac[c2] afac[c5] scal[c6] xorg[c7] yorg[c8] nosp
set: c3[1.0e-4] c4[1.0]
p: cmin[c3] cmax[c4]
p: dmin(1e-31)
p: zlog
p: xmin( -15.00000    ) xmax(  35.00000    )
p: ymin(  0.000000    ) ymax(  3.000000    )
#  nr =   1   nz = 225
# ( ( data(z,r), z = 1, nz ), r = nr, 1, -1 )

hc:  y =   1.500000     to   1.500000     by   3.000000     ; x =  -14.88889     to   34.88889     by  0.2222222     ;
  6.723E-02  1.820E-01  5.920E-02  5.004E-02  4.215E-02  5.750E-02  1.071E-01  1.027E-01  6.742E-02  1.278E-01
  1.846E-01  1.141E-01  6.234E-02  6.199E-02  8.685E-02  1.056E-01  1.243E-01  9.090E-02  4.465E-02  5.227E-02
  3.229E-02  6.889E-02  5.767E-02  3.041E-02  3.719E-02  6.117E-02  3.408E-02  8.726E-02  5.539E-02  5.395E-02
  6.061E-02  3.596E-02  1.213E-01  1.237E-01  3.746E-02  2.775E-02  7.017E-02  1.084E-01  7.441E-02  5.603E-02
  4.057E-02  3.937E-02  2.085E-02  1.876E-02  1.978E-02  7.585E-02  1.220E-01  8.401E-02  6.513E-02  4.668E-02
  9.645E-02  6.350E-02  5.962E-02  2.198E-02  1.071E-01  9.820E-02  4.700E-02  1.553E-01  6.383E-02  7.739E-02
  4.436E-02  4.367E-02  3.344E-02  6.066E-02  3.839E-02  9.900E-02  4.012E-02  3.354E-02  4.372E-02  2.924E-02
  3.120E-02  3.309E-02  6.400E-02  5.609E-02  3.541E-02  1.454E-01  9.413E-02  4.064E-02  3.281E-02  6.479E-02
  4.243E-02  6.001E-02  4.760E-02  1.201E-01  3.352E-02  3.931E-02  3.008E-02  3.610E-02  3.135E-02  3.964E-02
  6.839E-02  6.950E-02  9.777E-02  5.265E-02  1.054E-01  6.018E-02  6.062E-02  4.637E-02  8.858E-02  1.169E-01
  6.165E-02  6.132E-02  6.898E-02  6.496E-02  4.794E-02  5.885E-02  7.118E-02  1.059E-01  1.467E-01  4.320E-02
  6.345E-02  1.470E-01  4.322E-02  4.363E-02  7.377E-02  5.117E-02  8.542E-02  1.561E-01  9.206E-02  6.783E-02
  1.951E-01  1.335E-01  2.135E-01  2.672E-01  1.307E-01  1.441E-01  2.764E-01  1.663E-01  2.048E-01  1.671E-01
  8.433E-02  1.186E-01  8.292E-02  1.438E-01  2.190E-01  1.892E-01  6.739E-02  1.694E-01  1.127E-01  1.816E-01
  1.054E-01  1.043E-01  1.232E-01  2.716E-01  2.089E-01  1.671E-01  5.564E-02  1.092E-01  5.482E-02  5.379E-02
  5.788E-02  5.736E-02  1.384E-01  9.860E-02  4.350E-01  3.456E-01  1.608E-01  2.688E-01  3.091E-01  1.217E-01
  7.936E-02  7.883E-02  6.976E-02  7.096E-02  7.105E-02  8.473E-02  6.715E-02  1.766E-01  1.049E-01  1.203E-01
  2.354E-01  3.197E-01  3.313E-01  1.255E-01  1.092E-01  7.848E-02  1.046E-01  1.664E-01  2.362E-01  1.948E-01
  2.189E-01  7.390E-02  1.426E-01  9.093E-02  1.334E-01  1.153E-01  1.147E-01  1.197E-01  1.148E-01  1.018E-01
  1.368E-01  2.534E-01  2.019E-01  1.889E-01  1.399E-01  1.431E-01  9.387E-02  1.206E-01  1.924E-01  1.233E-01
  4.082E-01  1.070E-01  8.565E-02  0.000E+00  0.000E+00  0.000E+00  0.000E+00  0.000E+00  0.000E+00  0.000E+00
  0.000E+00  0.000E+00  0.000E+00  0.000E+00  0.000E+00  0.000E+00  0.000E+00  0.000E+00  0.000E+00  0.000E+00
  0.000E+00  0.000E+00  0.000E+00  0.000E+00  0.000E+00

#------------------------------------------------------------------------------
z: xorg(1.03)
p: xfac[c2*0.05] form[c1/0.05] notc noxt noyt dmin(1)
p: ymin(0) ymax(1) xmin(0) xmax(1) cmin(1) cmax(100) nosp
hc: y= 0.005 to 0.995 by 0.01 ; x= 0.5 to 0.5 by 1 ;
 1  2  3  4  5  6  7  8  9 10 11 12 13 14 15 16 17 18 19 20
21 22 23 24 25 26 27 28 29 30 31 32 33 34 35 36 37 38 39 40
41 42 43 44 45 46 47 48 49 50 51 52 53 54 55 56 57 58 59 60
61 62 63 64 65 66 67 68 69 70 71 72 73 74 75 76 77 78 79 80
81 82 83 84 85 86 87 88 89 90 91 92 93 94 95 96 97 98 99 100
z: xorg(0.0)
p: xfac[c2*0.05] form[c1/0.05] nosp afac[c5*0.625] ymin[c3] ymax[c4]
p: noxt noxn ytxt(-1) ynum(-1) xltd(-1) xstd(-1) itic(1) ylog
y: Relative Error
#------------------------------------------------------------------------------

wt: s(0.7)
\vspace{-3}
  part. &=& all     
e:

#------------------------------------------------------------------------------
z: xorg[-1.03/0.05]
p: form[c1] xfac[c2] afac[c5] nosp notf
p: xmin( -15.00000    ) xmax(  35.00000    )
p: ymin(  0.000000    ) ymax(  3.000000    )

#------------------------------------------------------------------------------
 newpage:
#   no. =  2   part. = electron

'no. =  2'
msuc: {\huge [t-deposit] in r-z mesh}
msdr: {\it plotted by \ANGEL \version}
msdl: {\it calculated by \PHITS  3.24}

x: z [cm]
y: r [cm]
set: c1[ 0.060] c2[ 3.674] c5[ 0.800] c6[ 0.374] c7[ 0.000] c8[ 6.267]
p: h2fs form[c1] xfac[c2] afac[c5] scal[c6] xorg[c7] yorg[c8] nosp
set: c3[1.0e-4] c4[1.0]
p: cmin[c3] cmax[c4]
p: dmin(1e-31)
p: zlog
p: xmin( -15.00000    ) xmax(  35.00000    )
p: ymin(  0.000000    ) ymax(  3.000000    )
#  nr =   1   nz = 225
# ( ( data(z,r), z = 1, nz ), r = nr, 1, -1 )

hc:  y =   1.500000     to   1.500000     by   3.000000     ; x =  -14.88889     to   34.88889     by  0.2222222     ;
  3.584E-01  5.824E-01  3.364E-01  2.996E-01  2.745E-01  2.861E-01  3.783E-01  4.297E-01  4.208E-01  5.252E-01
  7.657E-01  5.954E-01  4.194E-01  3.430E-01  4.099E-01  3.478E-01  3.402E-01  2.850E-01  3.466E-01  3.932E-01
  3.298E-01  4.081E-01  3.625E-01  3.687E-01  3.904E-01  4.551E-01  3.511E-01  4.820E-01  4.330E-01  4.208E-01
  4.104E-01  4.269E-01  8.043E-01  6.295E-01  5.058E-01  4.879E-01  5.872E-01  6.590E-01  5.313E-01  5.743E-01
  4.801E-01  4.543E-01  4.001E-01  4.772E-01  4.451E-01  6.887E-01  6.936E-01  4.214E-01  4.873E-01  5.483E-01
  5.927E-01  5.373E-01  5.330E-01  3.068E-01  5.168E-01  4.654E-01  3.096E-01  6.425E-01  3.332E-01  4.291E-01
  3.287E-01  3.340E-01  3.117E-01  4.450E-01  3.219E-01  5.132E-01  3.328E-01  3.127E-01  3.574E-01  3.141E-01
  3.233E-01  3.391E-01  4.200E-01  3.764E-01  2.929E-01  5.198E-01  3.908E-01  3.090E-01  3.162E-01  4.602E-01
  3.743E-01  4.046E-01  3.587E-01  4.703E-01  3.012E-01  3.311E-01  2.746E-01  3.042E-01  2.755E-01  3.328E-01
  3.645E-01  3.244E-01  4.396E-01  3.117E-01  4.620E-01  3.339E-01  3.252E-01  3.001E-01  4.206E-01  3.906E-01
  3.086E-01  3.206E-01  3.443E-01  3.443E-01  3.396E-01  3.718E-01  3.850E-01  4.271E-01  5.197E-01  2.538E-01
  3.198E-01  5.005E-01  2.494E-01  2.459E-01  3.418E-01  2.744E-01  3.909E-01  5.196E-01  3.437E-01  2.590E-01
  4.403E-01  3.518E-01  4.411E-01  5.407E-01  3.308E-01  3.624E-01  5.535E-01  4.191E-01  4.150E-01  3.373E-01
  2.217E-01  2.995E-01  2.270E-01  3.403E-01  4.235E-01  3.674E-01  2.131E-01  3.734E-01  2.730E-01  4.275E-01
  2.920E-01  2.992E-01  3.158E-01  5.575E-01  4.602E-01  4.122E-01  2.187E-01  3.333E-01  2.186E-01  2.215E-01
  2.216E-01  2.165E-01  3.526E-01  2.742E-01  6.577E-01  5.949E-01  3.227E-01  5.331E-01  5.810E-01  2.902E-01
  2.230E-01  2.204E-01  2.062E-01  2.106E-01  2.095E-01  2.413E-01  2.035E-01  3.987E-01  2.733E-01  3.182E-01
  4.176E-01  5.262E-01  5.362E-01  3.027E-01  2.760E-01  2.260E-01  2.655E-01  3.582E-01  4.590E-01  3.909E-01
  4.282E-01  2.041E-01  3.288E-01  2.352E-01  3.010E-01  2.779E-01  2.820E-01  3.083E-01  2.964E-01  2.697E-01
  2.995E-01  5.074E-01  4.131E-01  3.740E-01  3.514E-01  3.458E-01  2.681E-01  2.875E-01  3.532E-01  2.758E-01
  6.433E-01  2.634E-01  2.185E-01  0.000E+00  0.000E+00  0.000E+00  0.000E+00  0.000E+00  0.000E+00  0.000E+00
  0.000E+00  0.000E+00  0.000E+00  0.000E+00  0.000E+00  0.000E+00  0.000E+00  0.000E+00  0.000E+00  0.000E+00
  0.000E+00  0.000E+00  0.000E+00  0.000E+00  0.000E+00

#------------------------------------------------------------------------------
z: xorg(1.03)
p: xfac[c2*0.05] form[c1/0.05] notc noxt noyt dmin(1)
p: ymin(0) ymax(1) xmin(0) xmax(1) cmin(1) cmax(100) nosp
hc: y= 0.005 to 0.995 by 0.01 ; x= 0.5 to 0.5 by 1 ;
 1  2  3  4  5  6  7  8  9 10 11 12 13 14 15 16 17 18 19 20
21 22 23 24 25 26 27 28 29 30 31 32 33 34 35 36 37 38 39 40
41 42 43 44 45 46 47 48 49 50 51 52 53 54 55 56 57 58 59 60
61 62 63 64 65 66 67 68 69 70 71 72 73 74 75 76 77 78 79 80
81 82 83 84 85 86 87 88 89 90 91 92 93 94 95 96 97 98 99 100
z: xorg(0.0)
p: xfac[c2*0.05] form[c1/0.05] nosp afac[c5*0.625] ymin[c3] ymax[c4]
p: noxt noxn ytxt(-1) ynum(-1) xltd(-1) xstd(-1) itic(1) ylog
y: Relative Error
#------------------------------------------------------------------------------

wt: s(0.7)
\vspace{-3}
  part. &=& electron
e:

#------------------------------------------------------------------------------
z: xorg[-1.03/0.05]
p: form[c1] xfac[c2] afac[c5] nosp notf
p: xmin( -15.00000    ) xmax(  35.00000    )
p: ymin(  0.000000    ) ymax(  3.000000    )

#------------------------------------------------------------------------------
 newpage:
#   no. =  3   part. = photon  

'no. =  3'
msuc: {\huge [t-deposit] in r-z mesh}
msdr: {\it plotted by \ANGEL \version}
msdl: {\it calculated by \PHITS  3.24}

x: z [cm]
y: r [cm]
set: c1[ 0.060] c2[ 3.674] c5[ 0.800] c6[ 0.374] c7[ 0.000] c8[ 6.267]
p: h2fs form[c1] xfac[c2] afac[c5] scal[c6] xorg[c7] yorg[c8] nosp
set: c3[1.0e-4] c4[1.0]
p: cmin[c3] cmax[c4]
p: dmin(1e-31)
p: zlog
p: xmin( -15.00000    ) xmax(  35.00000    )
p: ymin(  0.000000    ) ymax(  3.000000    )
#  nr =   1   nz = 225
# ( ( data(z,r), z = 1, nz ), r = nr, 1, -1 )

hc:  y =   1.500000     to   1.500000     by   3.000000     ; x =  -14.88889     to   34.88889     by  0.2222222     ;
  0.000E+00  0.000E+00  0.000E+00  0.000E+00  0.000E+00  0.000E+00  0.000E+00  0.000E+00  0.000E+00  0.000E+00
  0.000E+00  0.000E+00  0.000E+00  0.000E+00  0.000E+00  0.000E+00  0.000E+00  0.000E+00  0.000E+00  0.000E+00
  0.000E+00  0.000E+00  0.000E+00  0.000E+00  0.000E+00  0.000E+00  0.000E+00  0.000E+00  0.000E+00  0.000E+00
  0.000E+00  0.000E+00  0.000E+00  0.000E+00  0.000E+00  0.000E+00  0.000E+00  0.000E+00  0.000E+00  0.000E+00
  0.000E+00  0.000E+00  0.000E+00  0.000E+00  0.000E+00  0.000E+00  0.000E+00  0.000E+00  0.000E+00  0.000E+00
  0.000E+00  0.000E+00  0.000E+00  0.000E+00  0.000E+00  0.000E+00  0.000E+00  0.000E+00  0.000E+00  0.000E+00
  0.000E+00  0.000E+00  0.000E+00  0.000E+00  0.000E+00  0.000E+00  0.000E+00  0.000E+00  0.000E+00  0.000E+00
  0.000E+00  0.000E+00  0.000E+00  0.000E+00  0.000E+00  0.000E+00  0.000E+00  0.000E+00  0.000E+00  0.000E+00
  0.000E+00  0.000E+00  0.000E+00  0.000E+00  0.000E+00  0.000E+00  0.000E+00  0.000E+00  0.000E+00  0.000E+00
  0.000E+00  0.000E+00  0.000E+00  0.000E+00  0.000E+00  0.000E+00  0.000E+00  0.000E+00  0.000E+00  0.000E+00
  0.000E+00  0.000E+00  0.000E+00  0.000E+00  0.000E+00  0.000E+00  0.000E+00  0.000E+00  0.000E+00  0.000E+00
  0.000E+00  0.000E+00  0.000E+00  0.000E+00  0.000E+00  0.000E+00  0.000E+00  0.000E+00  0.000E+00  0.000E+00
  0.000E+00  0.000E+00  0.000E+00  0.000E+00  0.000E+00  0.000E+00  0.000E+00  0.000E+00  0.000E+00  0.000E+00
  0.000E+00  0.000E+00  0.000E+00  0.000E+00  0.000E+00  0.000E+00  0.000E+00  0.000E+00  0.000E+00  0.000E+00
  0.000E+00  0.000E+00  0.000E+00  0.000E+00  0.000E+00  0.000E+00  0.000E+00  0.000E+00  0.000E+00  0.000E+00
  0.000E+00  0.000E+00  0.000E+00  0.000E+00  0.000E+00  0.000E+00  0.000E+00  0.000E+00  0.000E+00  0.000E+00
  0.000E+00  0.000E+00  0.000E+00  0.000E+00  0.000E+00  0.000E+00  0.000E+00  0.000E+00  0.000E+00  0.000E+00
  0.000E+00  0.000E+00  0.000E+00  0.000E+00  0.000E+00  0.000E+00  0.000E+00  0.000E+00  0.000E+00  0.000E+00
  0.000E+00  0.000E+00  0.000E+00  0.000E+00  0.000E+00  0.000E+00  0.000E+00  0.000E+00  0.000E+00  0.000E+00
  0.000E+00  0.000E+00  0.000E+00  0.000E+00  0.000E+00  0.000E+00  0.000E+00  0.000E+00  0.000E+00  0.000E+00
  0.000E+00  0.000E+00  0.000E+00  0.000E+00  0.000E+00  0.000E+00  0.000E+00  0.000E+00  0.000E+00  0.000E+00
  0.000E+00  0.000E+00  0.000E+00  0.000E+00  0.000E+00  0.000E+00  0.000E+00  0.000E+00  0.000E+00  0.000E+00
  0.000E+00  0.000E+00  0.000E+00  0.000E+00  0.000E+00

#------------------------------------------------------------------------------
z: xorg(1.03)
p: xfac[c2*0.05] form[c1/0.05] notc noxt noyt dmin(1)
p: ymin(0) ymax(1) xmin(0) xmax(1) cmin(1) cmax(100) nosp
hc: y= 0.005 to 0.995 by 0.01 ; x= 0.5 to 0.5 by 1 ;
 1  2  3  4  5  6  7  8  9 10 11 12 13 14 15 16 17 18 19 20
21 22 23 24 25 26 27 28 29 30 31 32 33 34 35 36 37 38 39 40
41 42 43 44 45 46 47 48 49 50 51 52 53 54 55 56 57 58 59 60
61 62 63 64 65 66 67 68 69 70 71 72 73 74 75 76 77 78 79 80
81 82 83 84 85 86 87 88 89 90 91 92 93 94 95 96 97 98 99 100
z: xorg(0.0)
p: xfac[c2*0.05] form[c1/0.05] nosp afac[c5*0.625] ymin[c3] ymax[c4]
p: noxt noxn ytxt(-1) ynum(-1) xltd(-1) xstd(-1) itic(1) ylog
y: Relative Error
#------------------------------------------------------------------------------

wt: s(0.7)
\vspace{-3}
  part. &=& photon  
e:

#------------------------------------------------------------------------------
z: xorg[-1.03/0.05]
p: form[c1] xfac[c2] afac[c5] nosp notf
p: xmin( -15.00000    ) xmax(  35.00000    )
p: ymin(  0.000000    ) ymax(  3.000000    )

#------------------------------------------------------------------------------
 newpage:
#   no. =  4   part. = neutron 

'no. =  4'
msuc: {\huge [t-deposit] in r-z mesh}
msdr: {\it plotted by \ANGEL \version}
msdl: {\it calculated by \PHITS  3.24}

x: z [cm]
y: r [cm]
set: c1[ 0.060] c2[ 3.674] c5[ 0.800] c6[ 0.374] c7[ 0.000] c8[ 6.267]
p: h2fs form[c1] xfac[c2] afac[c5] scal[c6] xorg[c7] yorg[c8] nosp
set: c3[1.0e-4] c4[1.0]
p: cmin[c3] cmax[c4]
p: dmin(1e-31)
p: zlog
p: xmin( -15.00000    ) xmax(  35.00000    )
p: ymin(  0.000000    ) ymax(  3.000000    )
#  nr =   1   nz = 225
# ( ( data(z,r), z = 1, nz ), r = nr, 1, -1 )

hc:  y =   1.500000     to   1.500000     by   3.000000     ; x =  -14.88889     to   34.88889     by  0.2222222     ;
  1.574E-02  1.598E-02  1.628E-02  1.658E-02  1.664E-02  1.652E-02  1.650E-02  1.865E-02  1.787E-02  1.809E-02
  1.818E-02  1.810E-02  1.819E-02  1.844E-02  1.880E-02  1.909E-02  1.904E-02  1.941E-02  9.390E-03  8.617E-03
  9.514E-03  1.080E-02  1.009E-02  1.023E-02  1.090E-02  1.080E-02  1.181E-02  1.094E-02  1.063E-02  1.116E-02
  1.133E-02  1.197E-02  1.214E-02  1.078E-02  1.095E-02  1.112E-02  1.122E-02  1.106E-02  1.068E-02  1.221E-02
  1.237E-02  1.159E-02  1.131E-02  1.146E-02  1.151E-02  1.129E-02  1.100E-02  1.204E-02  1.215E-02  1.119E-02
  1.115E-02  1.092E-02  1.167E-02  1.151E-02  1.159E-02  1.174E-02  1.233E-02  1.284E-02  1.130E-02  1.149E-02
  1.118E-02  1.129E-02  1.070E-02  1.114E-02  1.161E-02  1.014E-02  9.982E-03  9.272E-03  9.190E-03  8.698E-03
  8.893E-03  8.558E-03  7.768E-03  7.501E-03  7.446E-03  7.360E-03  7.191E-03  7.186E-03  7.149E-03  7.162E-03
  7.161E-03  7.134E-03  7.126E-03  7.104E-03  7.113E-03  7.113E-03  7.179E-03  7.215E-03  7.326E-03  7.511E-03
  7.472E-03  7.399E-03  7.374E-03  7.448E-03  7.479E-03  7.587E-03  7.649E-03  7.629E-03  7.591E-03  7.702E-03
  7.775E-03  7.861E-03  7.957E-03  8.055E-03  8.081E-03  8.141E-03  8.196E-03  8.277E-03  8.342E-03  8.449E-03
  8.584E-03  8.648E-03  8.616E-03  8.694E-03  8.787E-03  8.844E-03  8.921E-03  8.968E-03  9.044E-03  9.126E-03
  9.177E-03  9.225E-03  9.331E-03  9.485E-03  9.569E-03  9.669E-03  9.793E-03  9.965E-03  1.010E-02  1.017E-02
  1.013E-02  1.022E-02  1.030E-02  1.038E-02  1.044E-02  1.056E-02  1.066E-02  1.071E-02  1.076E-02  1.085E-02
  1.096E-02  1.266E-02  1.113E-02  1.127E-02  1.133E-02  1.147E-02  1.156E-02  1.167E-02  1.178E-02  1.191E-02
  1.199E-02  1.244E-02  1.240E-02  1.227E-02  1.240E-02  1.252E-02  1.264E-02  1.280E-02  1.292E-02  1.305E-02
  1.320E-02  1.327E-02  1.336E-02  1.350E-02  1.366E-02  1.379E-02  1.391E-02  1.403E-02  1.413E-02  1.423E-02
  1.459E-02  1.477E-02  1.484E-02  1.497E-02  1.508E-02  1.528E-02  1.546E-02  1.552E-02  1.558E-02  1.577E-02
  1.582E-02  1.582E-02  1.595E-02  1.612E-02  1.642E-02  1.654E-02  1.667E-02  1.677E-02  1.699E-02  1.704E-02
  1.720E-02  1.732E-02  1.759E-02  1.783E-02  1.804E-02  1.821E-02  1.833E-02  1.846E-02  1.861E-02  1.881E-02
  1.896E-02  1.906E-02  1.918E-02  0.000E+00  0.000E+00  0.000E+00  0.000E+00  0.000E+00  0.000E+00  0.000E+00
  0.000E+00  0.000E+00  0.000E+00  0.000E+00  0.000E+00  0.000E+00  0.000E+00  0.000E+00  0.000E+00  0.000E+00
  0.000E+00  0.000E+00  0.000E+00  0.000E+00  0.000E+00

#------------------------------------------------------------------------------
z: xorg(1.03)
p: xfac[c2*0.05] form[c1/0.05] notc noxt noyt dmin(1)
p: ymin(0) ymax(1) xmin(0) xmax(1) cmin(1) cmax(100) nosp
hc: y= 0.005 to 0.995 by 0.01 ; x= 0.5 to 0.5 by 1 ;
 1  2  3  4  5  6  7  8  9 10 11 12 13 14 15 16 17 18 19 20
21 22 23 24 25 26 27 28 29 30 31 32 33 34 35 36 37 38 39 40
41 42 43 44 45 46 47 48 49 50 51 52 53 54 55 56 57 58 59 60
61 62 63 64 65 66 67 68 69 70 71 72 73 74 75 76 77 78 79 80
81 82 83 84 85 86 87 88 89 90 91 92 93 94 95 96 97 98 99 100
z: xorg(0.0)
p: xfac[c2*0.05] form[c1/0.05] nosp afac[c5*0.625] ymin[c3] ymax[c4]
p: noxt noxn ytxt(-1) ynum(-1) xltd(-1) xstd(-1) itic(1) ylog
y: Relative Error
#------------------------------------------------------------------------------

wt: s(0.7)
\vspace{-3}
  part. &=& neutron 
e:

#------------------------------------------------------------------------------
z: xorg[-1.03/0.05]
p: form[c1] xfac[c2] afac[c5] nosp notf
p: xmin( -15.00000    ) xmax(  35.00000    )
p: ymin(  0.000000    ) ymax(  3.000000    )
 
# Information for Restart Calculation
# This calculation was newly started
# istdev =  2 # 1:Batch variance, 2:History variance
# resc2  = 1.00918122271111685E-06 # Total source weight or Total source weight / maxcas
# resc3  = 1.00000000000000000E+07 # Total history number or Total batch number
# maxcas =     1000000 # History / Batch, only used for istdev=1
# rijklst=  -1.0909668918764960E-250 # Next initial random number
# bitrseed = 1000110000001000111111101100101001110101110010000011011101101000
