[ T-Deposit ]
    title = [t-deposit] in r-z mesh
     mesh =  r-z            # mesh type is r-z scoring mesh
       x0 =   0.000000      # center x-position of r-z mesh
       y0 =   0.000000      # center y-position of r-z mesh
   r-type =    2            # r-mesh is linear given by rmin, rmax and nr
     rmin =   0.000000      # minimum value of r-mesh points
     rmax =   3.000000      # maximum value of r-mesh points
#    rdel =   3.000000      # mesh width of r-mesh points
       nr =      1          # number of r-mesh points
#    data = ( r(i), i = 1, nr + 1 )
#           0.00000E+00  3.00000E+00
   z-type =    2            # z-mesh is linear given by zmin, zmax and nz
     zmin =  -15.00000      # minimum value of z-mesh points
     zmax =   35.00000      # maximum value of z-mesh points
#    zdel =  0.2222222      # mesh width of z-mesh points
       nz =    225          # number of z-mesh points
#    data = ( z(i), i = 1, nz + 1 )
#          -1.50000E+01 -1.47778E+01 -1.45556E+01 -1.43333E+01 -1.41111E+01
#          -1.38889E+01 -1.36667E+01 -1.34444E+01 -1.32222E+01 -1.30000E+01
#          -1.27778E+01 -1.25556E+01 -1.23333E+01 -1.21111E+01 -1.18889E+01
#          -1.16667E+01 -1.14444E+01 -1.12222E+01 -1.10000E+01 -1.07778E+01
#          -1.05556E+01 -1.03333E+01 -1.01111E+01 -9.88889E+00 -9.66667E+00
#          -9.44444E+00 -9.22222E+00 -9.00000E+00 -8.77778E+00 -8.55556E+00
#          -8.33333E+00 -8.11111E+00 -7.88889E+00 -7.66667E+00 -7.44444E+00
#          -7.22222E+00 -7.00000E+00 -6.77778E+00 -6.55556E+00 -6.33333E+00
#          -6.11111E+00 -5.88889E+00 -5.66667E+00 -5.44444E+00 -5.22222E+00
#          -5.00000E+00 -4.77778E+00 -4.55556E+00 -4.33333E+00 -4.11111E+00
#          -3.88889E+00 -3.66667E+00 -3.44444E+00 -3.22222E+00 -3.00000E+00
#          -2.77778E+00 -2.55556E+00 -2.33333E+00 -2.11111E+00 -1.88889E+00
#          -1.66667E+00 -1.44444E+00 -1.22222E+00 -1.00000E+00 -7.77778E-01
#          -5.55556E-01 -3.33333E-01 -1.11111E-01  1.11111E-01  3.33333E-01
#           5.55556E-01  7.77778E-01  1.00000E+00  1.22222E+00  1.44444E+00
#           1.66667E+00  1.88889E+00  2.11111E+00  2.33333E+00  2.55556E+00
#           2.77778E+00  3.00000E+00  3.22222E+00  3.44444E+00  3.66667E+00
#           3.88889E+00  4.11111E+00  4.33333E+00  4.55556E+00  4.77778E+00
#           5.00000E+00  5.22222E+00  5.44444E+00  5.66667E+00  5.88889E+00
#           6.11111E+00  6.33333E+00  6.55556E+00  6.77778E+00  7.00000E+00
#           7.22222E+00  7.44444E+00  7.66667E+00  7.88889E+00  8.11111E+00
#           8.33333E+00  8.55556E+00  8.77778E+00  9.00000E+00  9.22222E+00
#           9.44444E+00  9.66667E+00  9.88889E+00  1.01111E+01  1.03333E+01
#           1.05556E+01  1.07778E+01  1.10000E+01  1.12222E+01  1.14444E+01
#           1.16667E+01  1.18889E+01  1.21111E+01  1.23333E+01  1.25556E+01
#           1.27778E+01  1.30000E+01  1.32222E+01  1.34444E+01  1.36667E+01
#           1.38889E+01  1.41111E+01  1.43333E+01  1.45556E+01  1.47778E+01
#           1.50000E+01  1.52222E+01  1.54444E+01  1.56667E+01  1.58889E+01
#           1.61111E+01  1.63333E+01  1.65556E+01  1.67778E+01  1.70000E+01
#           1.72222E+01  1.74444E+01  1.76667E+01  1.78889E+01  1.81111E+01
#           1.83333E+01  1.85556E+01  1.87778E+01  1.90000E+01  1.92222E+01
#           1.94444E+01  1.96667E+01  1.98889E+01  2.01111E+01  2.03333E+01
#           2.05556E+01  2.07778E+01  2.10000E+01  2.12222E+01  2.14444E+01
#           2.16667E+01  2.18889E+01  2.21111E+01  2.23333E+01  2.25556E+01
#           2.27778E+01  2.30000E+01  2.32222E+01  2.34444E+01  2.36667E+01
#           2.38889E+01  2.41111E+01  2.43333E+01  2.45556E+01  2.47778E+01
#           2.50000E+01  2.52222E+01  2.54444E+01  2.56667E+01  2.58889E+01
#           2.61111E+01  2.63333E+01  2.65556E+01  2.67778E+01  2.70000E+01
#           2.72222E+01  2.74444E+01  2.76667E+01  2.78889E+01  2.81111E+01
#           2.83333E+01  2.85556E+01  2.87778E+01  2.90000E+01  2.92222E+01
#           2.94444E+01  2.96667E+01  2.98889E+01  3.01111E+01  3.03333E+01
#           3.05556E+01  3.07778E+01  3.10000E+01  3.12222E+01  3.14444E+01
#           3.16667E+01  3.18889E+01  3.21111E+01  3.23333E+01  3.25556E+01
#           3.27778E+01  3.30000E+01  3.32222E+01  3.34444E+01  3.36667E+01
#           3.38889E+01  3.41111E+01  3.43333E+01  3.45556E+01  3.47778E+01
#           3.50000E+01
     unit =    0            # unit is [Gy/source]
   letmat =    0            # (D=0) mat ID for LET, 0:real mat, <0: electron for H2O
  dedxfnc =    0            # (D=0) user defined multiplier, 0(no), 1, 2
 material =  all            # (D=all) number of specific material
   output =  dose           # total deposit energy
  deposit =    0            # (D=0) 0-> total deposit dist, 1-> each process
  2D-type =    3            # 1:Cont, 2:Clust, 3:Color, 4:xyz, 5:mat, 6:Clust+Cont, 7:Col+Cont
     axis =    rz           # axis of output
     file = deposit_r_all.out  # file name of output for the above axis
     part =  all        electron   photon     neutron  
# kf/name :  0          11         22         2112     
    gshow =    1            # 0: no 1:bnd, 2:bnd+mat, 3:bnd+reg 4:bnd+lat 5:bmp style
    resol =    1            # (D=1) resolution of gshow or rshow
    width = 0.5000000       # (D=0.5) width of lines for gshow or rshow
   epsout =    1            # (D=0) generate eps file by ANGEL
#    used :        main (  %)        temp (  %)       total (  %)
#  memory :         231 (  0)           0 (  0)         231 (  0)

#------------------------------------------------------------------------------
#newpage:
#   no. =  1   part. = all     

'no. =  1'
msuc: {\huge [t-deposit] in r-z mesh}
msdr: {\it plotted by \ANGEL \version}
msdl: {\it calculated by \PHITS  3.24}

x: z [cm]
y: r [cm]
set: c1[ 0.060] c2[ 3.674] c5[ 0.800] c6[ 0.374] c7[ 0.000] c8[ 6.267]
p: h2fs form[c1] xfac[c2] afac[c5] scal[c6] xorg[c7] yorg[c8] nosp
set: c3[   3.994653E-11] c4[   1.741950E-02]
p: cmin[c3] cmax[c4]
p: dmin(1e-31)
p: zlog
p: xmin( -15.00000    ) xmax(  35.00000    )
p: ymin(  0.000000    ) ymax(  3.000000    )
#  nr =   1   nz = 225
# ( ( data(z,r), z = 1, nz ), r = nr, 1, -1 )

hc:  y =   1.500000     to   1.500000     by   3.000000     ; x =  -14.88889     to   34.88889     by  0.2222222     ;
  2.791E-03  2.884E-03  2.927E-03  2.981E-03  3.044E-03  3.090E-03  3.166E-03  3.223E-03  3.267E-03  3.343E-03
  3.398E-03  3.465E-03  3.522E-03  3.581E-03  3.617E-03  3.688E-03  3.776E-03  3.850E-03  6.135E-03  6.014E-03
  6.051E-03  6.037E-03  6.079E-03  6.146E-03  6.274E-03  6.343E-03  6.423E-03  6.551E-03  6.614E-03  6.763E-03
  6.848E-03  6.908E-03  7.097E-03  7.249E-03  7.401E-03  7.516E-03  7.709E-03  7.857E-03  7.996E-03  8.130E-03
  8.382E-03  8.557E-03  8.756E-03  9.002E-03  9.201E-03  9.472E-03  9.734E-03  1.008E-02  1.031E-02  1.068E-02
  1.084E-02  1.122E-02  1.153E-02  1.189E-02  1.224E-02  1.260E-02  1.300E-02  1.340E-02  1.377E-02  1.416E-02
  1.467E-02  1.510E-02  1.546E-02  1.599E-02  1.645E-02  1.694E-02  1.742E-02  1.217E-02  7.782E-03  8.468E-03
  8.909E-03  9.194E-03  9.353E-03  9.551E-03  9.719E-03  9.723E-03  9.782E-03  9.797E-03  9.703E-03  9.581E-03
  9.447E-03  9.331E-03  9.206E-03  9.036E-03  8.769E-03  8.539E-03  8.368E-03  8.095E-03  7.916E-03  7.702E-03
  7.524E-03  7.196E-03  7.018E-03  6.777E-03  6.505E-03  6.300E-03  6.031E-03  5.819E-03  5.627E-03  5.382E-03
  5.259E-03  5.027E-03  4.843E-03  4.619E-03  4.469E-03  4.315E-03  4.166E-03  3.978E-03  3.854E-03  3.740E-03
  3.563E-03  3.456E-03  3.314E-03  3.198E-03  3.084E-03  2.955E-03  2.858E-03  2.789E-03  2.696E-03  2.657E-03
  2.562E-03  2.455E-03  2.374E-03  2.293E-03  2.183E-03  2.130E-03  2.086E-03  2.003E-03  1.960E-03  1.898E-03
  1.854E-03  1.779E-03  1.721E-03  1.699E-03  1.660E-03  1.597E-03  1.560E-03  1.521E-03  1.500E-03  1.448E-03
  1.396E-03  1.350E-03  1.316E-03  1.299E-03  1.255E-03  1.229E-03  1.204E-03  1.159E-03  1.126E-03  1.121E-03
  1.090E-03  1.074E-03  1.036E-03  1.018E-03  9.984E-04  9.462E-04  9.346E-04  9.263E-04  9.228E-04  8.816E-04
  8.652E-04  8.356E-04  8.132E-04  8.176E-04  7.946E-04  7.841E-04  7.552E-04  7.508E-04  7.207E-04  7.165E-04
  7.034E-04  6.893E-04  6.724E-04  6.653E-04  6.713E-04  6.502E-04  6.226E-04  6.113E-04  5.930E-04  5.772E-04
  5.683E-04  5.808E-04  5.707E-04  5.478E-04  5.295E-04  5.391E-04  5.102E-04  5.054E-04  4.837E-04  4.802E-04
  4.761E-04  4.648E-04  4.461E-04  4.571E-04  4.418E-04  4.474E-04  4.263E-04  4.138E-04  4.036E-04  4.009E-04
  3.909E-04  3.767E-04  1.815E-04  0.000E+00  0.000E+00  0.000E+00  0.000E+00  0.000E+00  0.000E+00  0.000E+00
  0.000E+00  0.000E+00  0.000E+00  0.000E+00  0.000E+00  0.000E+00  0.000E+00  0.000E+00  0.000E+00  0.000E+00
  0.000E+00  0.000E+00  0.000E+00  0.000E+00  0.000E+00

#------------------------------------------------------------------------------
z: xorg(1.03)
p: xfac[c2*0.05] form[c1/0.05] notc noxt noyt dmin(1)
p: ymin(0) ymax(1) xmin(0) xmax(1) cmin(1) cmax(100) nosp
hc: y= 0.005 to 0.995 by 0.01 ; x= 0.5 to 0.5 by 1 ;
 1  2  3  4  5  6  7  8  9 10 11 12 13 14 15 16 17 18 19 20
21 22 23 24 25 26 27 28 29 30 31 32 33 34 35 36 37 38 39 40
41 42 43 44 45 46 47 48 49 50 51 52 53 54 55 56 57 58 59 60
61 62 63 64 65 66 67 68 69 70 71 72 73 74 75 76 77 78 79 80
81 82 83 84 85 86 87 88 89 90 91 92 93 94 95 96 97 98 99 100
z: xorg(0.0)
p: xfac[c2*0.05] form[c1/0.05] nosp afac[c5*0.625] ymin[c3] ymax[c4]
p: noxt noxn ytxt(-1) ynum(-1) xltd(-1) xstd(-1) itic(1) ylog
y: Dose [Gy/source]      
#------------------------------------------------------------------------------

wt: s(0.7)
\vspace{-3}
  part. &=& all     
e:

#------------------------------------------------------------------------------
z: xorg[-1.03/0.05]
p: form[c1] xfac[c2] afac[c5] nosp notf
p: xmin( -15.00000    ) xmax(  35.00000    )
p: ymin(  0.000000    ) ymax(  3.000000    )

#------------------------------------------------------------------------------
 newpage:
#   no. =  2   part. = electron

'no. =  2'
msuc: {\huge [t-deposit] in r-z mesh}
msdr: {\it plotted by \ANGEL \version}
msdl: {\it calculated by \PHITS  3.24}

x: z [cm]
y: r [cm]
set: c1[ 0.060] c2[ 3.674] c5[ 0.800] c6[ 0.374] c7[ 0.000] c8[ 6.267]
p: h2fs form[c1] xfac[c2] afac[c5] scal[c6] xorg[c7] yorg[c8] nosp
set: c3[   3.994653E-11] c4[   1.741950E-02]
p: cmin[c3] cmax[c4]
p: dmin(1e-31)
p: zlog
p: xmin( -15.00000    ) xmax(  35.00000    )
p: ymin(  0.000000    ) ymax(  3.000000    )
#  nr =   1   nz = 225
# ( ( data(z,r), z = 1, nz ), r = nr, 1, -1 )

hc:  y =   1.500000     to   1.500000     by   3.000000     ; x =  -14.88889     to   34.88889     by  0.2222222     ;
  5.884E-04  6.482E-04  6.569E-04  6.763E-04  7.035E-04  7.110E-04  7.510E-04  7.712E-04  7.760E-04  8.085E-04
  8.214E-04  8.469E-04  8.581E-04  8.676E-04  8.556E-04  8.779E-04  9.138E-04  9.337E-04  9.436E-04  1.011E-03
  1.079E-03  1.064E-03  1.084E-03  1.100E-03  1.164E-03  1.170E-03  1.193E-03  1.256E-03  1.249E-03  1.321E-03
  1.318E-03  1.284E-03  1.366E-03  1.410E-03  1.449E-03  1.440E-03  1.505E-03  1.521E-03  1.516E-03  1.505E-03
  1.605E-03  1.611E-03  1.636E-03  1.711E-03  1.720E-03  1.790E-03  1.841E-03  1.962E-03  1.975E-03  1.968E-03
  2.009E-03  2.142E-03  2.181E-03  2.255E-03  2.296E-03  2.343E-03  2.425E-03  2.483E-03  2.499E-03  2.541E-03
  2.681E-03  2.734E-03  2.712E-03  2.853E-03  2.915E-03  3.012E-03  3.107E-03  3.940E-03  5.975E-03  6.768E-03
  7.308E-03  7.694E-03  7.942E-03  8.225E-03  8.477E-03  8.557E-03  8.682E-03  8.761E-03  8.734E-03  8.665E-03
  8.589E-03  8.515E-03  8.431E-03  8.309E-03  8.082E-03  7.886E-03  7.752E-03  7.509E-03  7.359E-03  7.168E-03
  7.020E-03  6.720E-03  6.560E-03  6.345E-03  6.097E-03  5.909E-03  5.658E-03  5.460E-03  5.285E-03  5.059E-03
  4.950E-03  4.732E-03  4.561E-03  4.351E-03  4.212E-03  4.069E-03  3.931E-03  3.752E-03  3.637E-03  3.533E-03
  3.365E-03  3.267E-03  3.133E-03  3.024E-03  2.918E-03  2.796E-03  2.706E-03  2.642E-03  2.554E-03  2.521E-03
  2.430E-03  2.330E-03  2.252E-03  2.177E-03  2.071E-03  2.022E-03  1.983E-03  1.904E-03  1.865E-03  1.805E-03
  1.765E-03  1.695E-03  1.639E-03  1.620E-03  1.582E-03  1.523E-03  1.488E-03  1.453E-03  1.435E-03  1.385E-03
  1.335E-03  1.291E-03  1.261E-03  1.244E-03  1.203E-03  1.178E-03  1.156E-03  1.112E-03  1.081E-03  1.076E-03
  1.046E-03  1.031E-03  9.957E-04  9.810E-04  9.621E-04  9.108E-04  9.009E-04  8.935E-04  8.907E-04  8.509E-04
  8.351E-04  8.065E-04  7.854E-04  7.912E-04  7.686E-04  7.586E-04  7.298E-04  7.272E-04  6.986E-04  6.943E-04
  6.818E-04  6.693E-04  6.520E-04  6.453E-04  6.528E-04  6.308E-04  6.039E-04  5.940E-04  5.753E-04  5.604E-04
  5.525E-04  5.653E-04  5.551E-04  5.330E-04  5.150E-04  5.243E-04  4.967E-04  4.928E-04  4.715E-04  4.688E-04
  4.646E-04  4.535E-04  4.352E-04  4.462E-04  4.315E-04  4.372E-04  4.159E-04  4.044E-04  3.947E-04  3.913E-04
  3.827E-04  3.681E-04  1.773E-04  0.000E+00  0.000E+00  0.000E+00  0.000E+00  0.000E+00  0.000E+00  0.000E+00
  0.000E+00  0.000E+00  0.000E+00  0.000E+00  0.000E+00  0.000E+00  0.000E+00  0.000E+00  0.000E+00  0.000E+00
  0.000E+00  0.000E+00  0.000E+00  0.000E+00  0.000E+00

#------------------------------------------------------------------------------
z: xorg(1.03)
p: xfac[c2*0.05] form[c1/0.05] notc noxt noyt dmin(1)
p: ymin(0) ymax(1) xmin(0) xmax(1) cmin(1) cmax(100) nosp
hc: y= 0.005 to 0.995 by 0.01 ; x= 0.5 to 0.5 by 1 ;
 1  2  3  4  5  6  7  8  9 10 11 12 13 14 15 16 17 18 19 20
21 22 23 24 25 26 27 28 29 30 31 32 33 34 35 36 37 38 39 40
41 42 43 44 45 46 47 48 49 50 51 52 53 54 55 56 57 58 59 60
61 62 63 64 65 66 67 68 69 70 71 72 73 74 75 76 77 78 79 80
81 82 83 84 85 86 87 88 89 90 91 92 93 94 95 96 97 98 99 100
z: xorg(0.0)
p: xfac[c2*0.05] form[c1/0.05] nosp afac[c5*0.625] ymin[c3] ymax[c4]
p: noxt noxn ytxt(-1) ynum(-1) xltd(-1) xstd(-1) itic(1) ylog
y: Dose [Gy/source]      
#------------------------------------------------------------------------------

wt: s(0.7)
\vspace{-3}
  part. &=& electron
e:

#------------------------------------------------------------------------------
z: xorg[-1.03/0.05]
p: form[c1] xfac[c2] afac[c5] nosp notf
p: xmin( -15.00000    ) xmax(  35.00000    )
p: ymin(  0.000000    ) ymax(  3.000000    )

#------------------------------------------------------------------------------
 newpage:
#   no. =  3   part. = photon  

'no. =  3'
msuc: {\huge [t-deposit] in r-z mesh}
msdr: {\it plotted by \ANGEL \version}
msdl: {\it calculated by \PHITS  3.24}

x: z [cm]
y: r [cm]
set: c1[ 0.060] c2[ 3.674] c5[ 0.800] c6[ 0.374] c7[ 0.000] c8[ 6.267]
p: h2fs form[c1] xfac[c2] afac[c5] scal[c6] xorg[c7] yorg[c8] nosp
set: c3[   3.994653E-11] c4[   1.741950E-02]
p: cmin[c3] cmax[c4]
p: dmin(1e-31)
p: zlog
p: xmin( -15.00000    ) xmax(  35.00000    )
p: ymin(  0.000000    ) ymax(  3.000000    )
#  nr =   1   nz = 225
# ( ( data(z,r), z = 1, nz ), r = nr, 1, -1 )

hc:  y =   1.500000     to   1.500000     by   3.000000     ; x =  -14.88889     to   34.88889     by  0.2222222     ;
  0.000E+00  0.000E+00  0.000E+00  0.000E+00  0.000E+00  0.000E+00  0.000E+00  0.000E+00  0.000E+00  0.000E+00
  0.000E+00  0.000E+00  0.000E+00  0.000E+00  0.000E+00  0.000E+00  0.000E+00  0.000E+00  0.000E+00  0.000E+00
  0.000E+00  0.000E+00  0.000E+00  0.000E+00  0.000E+00  0.000E+00  0.000E+00  0.000E+00  0.000E+00  0.000E+00
  0.000E+00  0.000E+00  0.000E+00  0.000E+00  0.000E+00  0.000E+00  0.000E+00  0.000E+00  0.000E+00  0.000E+00
  7.856E-08  0.000E+00  0.000E+00  0.000E+00  0.000E+00  0.000E+00  0.000E+00  0.000E+00  0.000E+00  0.000E+00
  0.000E+00  0.000E+00  0.000E+00  0.000E+00  0.000E+00  0.000E+00  0.000E+00  0.000E+00  0.000E+00  0.000E+00
  0.000E+00  0.000E+00  0.000E+00  0.000E+00  0.000E+00  0.000E+00  0.000E+00  1.145E-09  2.699E-09  2.734E-09
  2.171E-09  2.972E-09  2.802E-09  2.822E-09  3.359E-09  3.481E-09  3.620E-09  4.091E-09  3.794E-09  4.222E-09
  2.271E-09  3.266E-09  2.960E-09  3.706E-09  3.612E-09  3.197E-09  3.746E-09  2.722E-09  3.502E-09  2.201E-09
  2.107E-09  3.179E-09  2.636E-09  3.013E-09  3.045E-09  1.784E-09  2.695E-09  2.808E-09  2.675E-09  2.747E-09
  2.968E-09  2.954E-09  2.367E-09  2.453E-09  1.307E-09  1.534E-09  2.025E-09  1.529E-09  1.766E-09  1.937E-09
  2.179E-09  1.537E-09  2.087E-09  1.571E-09  1.908E-09  2.037E-09  1.464E-09  1.169E-09  2.226E-09  1.647E-09
  1.320E-09  7.647E-10  2.390E-09  1.053E-09  1.346E-09  1.740E-09  1.199E-09  1.322E-09  1.037E-09  1.428E-09
  1.405E-09  2.101E-09  1.271E-09  1.072E-09  1.690E-09  1.176E-09  1.196E-09  1.277E-09  1.279E-09  1.138E-09
  1.379E-09  1.213E-09  8.340E-10  1.467E-09  7.385E-10  1.149E-09  7.305E-10  8.658E-10  1.212E-09  1.364E-09
  1.268E-09  6.369E-10  1.036E-09  1.498E-09  9.401E-10  5.305E-10  5.633E-10  1.142E-09  1.363E-09  5.747E-10
  1.279E-09  5.657E-10  3.447E-10  4.222E-10  8.464E-10  8.414E-10  9.922E-10  4.234E-10  5.502E-10  1.381E-09
  6.034E-10  8.752E-10  4.904E-10  6.283E-10  8.024E-10  4.914E-10  3.979E-10  7.402E-10  7.844E-10  6.880E-10
  1.045E-09  2.559E-10  1.812E-10  3.868E-10  1.637E-10  6.337E-10  2.631E-10  6.687E-10  6.805E-10  4.917E-10
  0.000E+00  5.790E-10  2.977E-10  1.552E-10  3.995E-11  3.129E-10  2.388E-10  4.135E-10  6.898E-11  1.529E-10
  2.593E-10  4.215E-10  1.091E-10  0.000E+00  0.000E+00  0.000E+00  0.000E+00  0.000E+00  0.000E+00  0.000E+00
  0.000E+00  0.000E+00  0.000E+00  0.000E+00  0.000E+00  0.000E+00  0.000E+00  0.000E+00  0.000E+00  0.000E+00
  0.000E+00  0.000E+00  0.000E+00  0.000E+00  0.000E+00

#------------------------------------------------------------------------------
z: xorg(1.03)
p: xfac[c2*0.05] form[c1/0.05] notc noxt noyt dmin(1)
p: ymin(0) ymax(1) xmin(0) xmax(1) cmin(1) cmax(100) nosp
hc: y= 0.005 to 0.995 by 0.01 ; x= 0.5 to 0.5 by 1 ;
 1  2  3  4  5  6  7  8  9 10 11 12 13 14 15 16 17 18 19 20
21 22 23 24 25 26 27 28 29 30 31 32 33 34 35 36 37 38 39 40
41 42 43 44 45 46 47 48 49 50 51 52 53 54 55 56 57 58 59 60
61 62 63 64 65 66 67 68 69 70 71 72 73 74 75 76 77 78 79 80
81 82 83 84 85 86 87 88 89 90 91 92 93 94 95 96 97 98 99 100
z: xorg(0.0)
p: xfac[c2*0.05] form[c1/0.05] nosp afac[c5*0.625] ymin[c3] ymax[c4]
p: noxt noxn ytxt(-1) ynum(-1) xltd(-1) xstd(-1) itic(1) ylog
y: Dose [Gy/source]      
#------------------------------------------------------------------------------

wt: s(0.7)
\vspace{-3}
  part. &=& photon  
e:

#------------------------------------------------------------------------------
z: xorg[-1.03/0.05]
p: form[c1] xfac[c2] afac[c5] nosp notf
p: xmin( -15.00000    ) xmax(  35.00000    )
p: ymin(  0.000000    ) ymax(  3.000000    )

#------------------------------------------------------------------------------
 newpage:
#   no. =  4   part. = neutron 

'no. =  4'
msuc: {\huge [t-deposit] in r-z mesh}
msdr: {\it plotted by \ANGEL \version}
msdl: {\it calculated by \PHITS  3.24}

x: z [cm]
y: r [cm]
set: c1[ 0.060] c2[ 3.674] c5[ 0.800] c6[ 0.374] c7[ 0.000] c8[ 6.267]
p: h2fs form[c1] xfac[c2] afac[c5] scal[c6] xorg[c7] yorg[c8] nosp
set: c3[   3.994653E-11] c4[   1.741950E-02]
p: cmin[c3] cmax[c4]
p: dmin(1e-31)
p: zlog
p: xmin( -15.00000    ) xmax(  35.00000    )
p: ymin(  0.000000    ) ymax(  3.000000    )
#  nr =   1   nz = 225
# ( ( data(z,r), z = 1, nz ), r = nr, 1, -1 )

hc:  y =   1.500000     to   1.500000     by   3.000000     ; x =  -14.88889     to   34.88889     by  0.2222222     ;
  2.200E-03  2.233E-03  2.267E-03  2.302E-03  2.337E-03  2.375E-03  2.412E-03  2.449E-03  2.489E-03  2.531E-03
  2.574E-03  2.615E-03  2.661E-03  2.709E-03  2.757E-03  2.806E-03  2.858E-03  2.912E-03  5.187E-03  4.999E-03
  4.967E-03  4.969E-03  4.992E-03  5.042E-03  5.106E-03  5.171E-03  5.227E-03  5.291E-03  5.361E-03  5.439E-03
  5.527E-03  5.621E-03  5.727E-03  5.834E-03  5.947E-03  6.071E-03  6.198E-03  6.331E-03  6.474E-03  6.620E-03
  6.772E-03  6.940E-03  7.112E-03  7.285E-03  7.474E-03  7.674E-03  7.887E-03  8.109E-03  8.332E-03  8.567E-03
  8.819E-03  9.072E-03  9.346E-03  9.632E-03  9.936E-03  1.025E-02  1.057E-02  1.091E-02  1.126E-02  1.161E-02
  1.198E-02  1.235E-02  1.274E-02  1.313E-02  1.352E-02  1.392E-02  1.430E-02  8.217E-03  1.782E-03  1.674E-03
  1.573E-03  1.467E-03  1.379E-03  1.291E-03  1.207E-03  1.131E-03  1.063E-03  1.001E-03  9.347E-04  8.803E-04
  8.244E-04  7.800E-04  7.390E-04  6.951E-04  6.556E-04  6.209E-04  5.867E-04  5.562E-04  5.285E-04  5.008E-04
  4.739E-04  4.507E-04  4.302E-04  4.078E-04  3.876E-04  3.700E-04  3.497E-04  3.364E-04  3.210E-04  3.047E-04
  2.894E-04  2.751E-04  2.644E-04  2.526E-04  2.422E-04  2.314E-04  2.215E-04  2.120E-04  2.026E-04  1.938E-04
  1.844E-04  1.763E-04  1.682E-04  1.620E-04  1.549E-04  1.484E-04  1.420E-04  1.370E-04  1.318E-04  1.276E-04
  1.243E-04  1.178E-04  1.131E-04  1.094E-04  1.053E-04  1.011E-04  9.659E-05  9.347E-05  8.934E-05  8.611E-05
  8.271E-05  7.871E-05  7.706E-05  7.382E-05  7.179E-05  6.985E-05  6.751E-05  6.338E-05  6.080E-05  5.831E-05
  5.663E-05  5.484E-05  5.212E-05  5.138E-05  4.861E-05  4.709E-05  4.567E-05  4.323E-05  4.152E-05  4.054E-05
  3.960E-05  3.831E-05  3.676E-05  3.400E-05  3.314E-05  3.246E-05  2.998E-05  2.908E-05  2.927E-05  2.868E-05
  2.775E-05  2.638E-05  2.526E-05  2.445E-05  2.395E-05  2.370E-05  2.326E-05  2.184E-05  2.062E-05  2.042E-05
  1.963E-05  1.823E-05  1.844E-05  1.762E-05  1.716E-05  1.749E-05  1.708E-05  1.568E-05  1.577E-05  1.492E-05
  1.444E-05  1.373E-05  1.343E-05  1.324E-05  1.298E-05  1.265E-05  1.168E-05  1.134E-05  1.084E-05  1.012E-05
  1.023E-05  9.930E-06  9.705E-06  9.877E-06  9.522E-06  9.159E-06  8.597E-06  7.984E-06  8.093E-06  8.220E-06
  7.523E-06  7.442E-06  3.673E-06  0.000E+00  0.000E+00  0.000E+00  0.000E+00  0.000E+00  0.000E+00  0.000E+00
  0.000E+00  0.000E+00  0.000E+00  0.000E+00  0.000E+00  0.000E+00  0.000E+00  0.000E+00  0.000E+00  0.000E+00
  0.000E+00  0.000E+00  0.000E+00  0.000E+00  0.000E+00

#------------------------------------------------------------------------------
z: xorg(1.03)
p: xfac[c2*0.05] form[c1/0.05] notc noxt noyt dmin(1)
p: ymin(0) ymax(1) xmin(0) xmax(1) cmin(1) cmax(100) nosp
hc: y= 0.005 to 0.995 by 0.01 ; x= 0.5 to 0.5 by 1 ;
 1  2  3  4  5  6  7  8  9 10 11 12 13 14 15 16 17 18 19 20
21 22 23 24 25 26 27 28 29 30 31 32 33 34 35 36 37 38 39 40
41 42 43 44 45 46 47 48 49 50 51 52 53 54 55 56 57 58 59 60
61 62 63 64 65 66 67 68 69 70 71 72 73 74 75 76 77 78 79 80
81 82 83 84 85 86 87 88 89 90 91 92 93 94 95 96 97 98 99 100
z: xorg(0.0)
p: xfac[c2*0.05] form[c1/0.05] nosp afac[c5*0.625] ymin[c3] ymax[c4]
p: noxt noxn ytxt(-1) ynum(-1) xltd(-1) xstd(-1) itic(1) ylog
y: Dose [Gy/source]      
#------------------------------------------------------------------------------

wt: s(0.7)
\vspace{-3}
  part. &=& neutron 
e:

#------------------------------------------------------------------------------
z: xorg[-1.03/0.05]
p: form[c1] xfac[c2] afac[c5] nosp notf
p: xmin( -15.00000    ) xmax(  35.00000    )
p: ymin(  0.000000    ) ymax(  3.000000    )
 
# Information for Restart Calculation
# This calculation was newly started
# istdev =  2 # 1:Batch variance, 2:History variance
# resc2  = 1.00918122140393325E-04 # Total source weight or Total source weight / maxcas
# resc3  = 1.00000000000000000E+09 # Total history number or Total batch number
# maxcas =    10000000 # History / Batch, only used for istdev=1
# rijklst=   2.9185288031298021E-214 # Next initial random number
# bitrseed = 0001001110011001001001110000100100110111001111011100001000101100
